------------------------------
test was performed using the following parameters: --mps=100 --burst=1 --reply-every=1 --msg-size=14 --time=10
------------------------------
sockperf: [Total Run] RunTime=10.100 sec; SentMessages=1011; ReceivedMessages=1010
sockperf: ========= Printing statistics for Server No: 0
sockperf: [Valid Duration] RunTime=9.990 sec; SentMessages=1000; ReceivedMessages=1000
sockperf: [2;35m====> avg-lat=190.774 (std-dev=37.719)[0m
sockperf: # dropped messages = 0; # duplicated messages = 0; # out-of-order messages = 0
sockperf: [2;35mTotal 1000 observations[0m; each percentile contains 10.00 observations
sockperf: ---> <MAX> observation =  289.417
sockperf: ---> percentile 99.999 =  289.417
sockperf: ---> percentile 99.990 =  289.417
sockperf: ---> percentile 99.900 =  283.772
sockperf: ---> percentile 99.000 =  264.595
sockperf: ---> percentile 90.000 =  237.984
sockperf: ---> percentile 75.000 =  219.673
sockperf: ---> percentile 50.000 =  190.955
sockperf: ---> percentile 25.000 =  164.793
sockperf: ---> <MIN> observation =   72.431
------------------------------
txTime, rxTime
2.061917101, 2.062326059
2.071917094, 2.072424195
2.081917086, 2.082093303
2.091917084, 2.092304102
2.101917097, 2.102152431
2.111917078, 2.112316282
2.121917081, 2.122365933
2.131917088, 2.132366540
2.141917093, 2.142316733
2.151917078, 2.152258442
2.161922906, 2.162398670
2.171917097, 2.172323122
2.181917088, 2.182369377
2.191917082, 2.192329428
2.201917089, 2.202388086
2.211917083, 2.212295399
2.221917082, 2.222364455
2.231917086, 2.232320494
2.241917083, 2.242277137
2.251917087, 2.252309367
2.261917082, 2.262308217
2.271917084, 2.272257301
2.281917102, 2.282237469
2.291917098, 2.292215763
2.301917096, 2.302265517
2.311917101, 2.312346067
2.321917098, 2.322350974
2.331917099, 2.332273433
2.341917096, 2.342255492
2.351917097, 2.352228661
2.361917097, 2.362209166
2.371917102, 2.372351198
2.381917082, 2.382175496
2.391917086, 2.392266723
2.401917088, 2.402434105
2.411917081, 2.412106393
2.421917077, 2.422256682
2.431917096, 2.432336910
2.441917081, 2.442290735
2.451917081, 2.452204541
2.461917082, 2.462396566
2.471917121, 2.472329250
2.481917081, 2.482261890
2.491917141, 2.492227046
2.501917093, 2.502289998
2.511917083, 2.512302965
2.521917093, 2.522452290
2.531917081, 2.532414063
2.541917096, 2.542327523
2.551917081, 2.552331095
2.561917082, 2.562406402
2.571917078, 2.572297219
2.581917079, 2.582439108
2.591917083, 2.592365459
2.601917083, 2.602432402
2.611917086, 2.612448755
2.621917079, 2.622278423
2.631917087, 2.632302987
2.641917097, 2.642331975
2.651917083, 2.652418080
2.661917086, 2.662283857
2.671917087, 2.672271566
2.681917093, 2.682181323
2.691917081, 2.692356615
2.701917083, 2.702418757
2.711917078, 2.712249343
2.721917079, 2.722298860
2.731917096, 2.732308132
2.741917082, 2.742218973
2.751917094, 2.752216803
2.761917081, 2.762374052
2.771917088, 2.772366142
2.781917081, 2.782260247
2.791917086, 2.792418771
2.801917094, 2.802428345
2.811917093, 2.812454696
2.821917084, 2.822265851
2.831917082, 2.832328615
2.841917082, 2.842242831
2.851917086, 2.852306919
2.861917081, 2.862400950
2.871917078, 2.872245335
2.881917094, 2.882231981
2.891917096, 2.892328527
2.901917101, 2.902341617
2.911917098, 2.912383276
2.921917104, 2.922318655
2.931917102, 2.932211672
2.941925498, 2.942406110
2.951917087, 2.952222644
2.961917094, 2.962302116
2.971917097, 2.972191185
2.981917107, 2.982352203
2.991917102, 2.992291387
3.001917106, 3.002321474
3.011917102, 3.012172996
3.021917092, 3.022365815
3.031917103, 3.032396190
3.041917098, 3.042261972
3.051917097, 3.052322586
3.061917106, 3.062280112
3.071917116, 3.072153708
3.081917102, 3.082277512
3.091917096, 3.092244092
3.101917112, 3.102124937
3.111917102, 3.112157778
3.121917097, 3.122278356
3.131917096, 3.132276655
3.141917101, 3.142206221
3.151917083, 3.152202721
3.161917099, 3.162365720
3.171917103, 3.172074673
3.181917101, 3.182400830
3.191917096, 3.192289953
3.201917098, 3.202348125
3.211917096, 3.212345500
3.221917081, 3.222194202
3.231917078, 3.232262324
3.241917081, 3.242250104
3.251917084, 3.252219066
3.261917099, 3.262351024
3.271917097, 3.272341244
3.281917094, 3.282278239
3.291917101, 3.292403512
3.301917099, 3.302250878
3.311917086, 3.312361193
3.321917097, 3.322294713
3.331917097, 3.332388643
3.341917093, 3.342304867
3.351917096, 3.352330785
3.361917083, 3.362380569
3.371917086, 3.372428336
3.381917093, 3.382283553
3.391917096, 3.392340726
3.401917101, 3.402341312
3.411917096, 3.412259269
3.421917098, 3.422324667
3.431917097, 3.432088744
3.441917096, 3.442344008
3.451917109, 3.452195445
3.461917089, 3.462438520
3.471917106, 3.472208435
3.481917098, 3.482292571
3.491917084, 3.492212480
3.501917088, 3.502287317
3.511917081, 3.512306894
3.521917086, 3.522299526
3.531917086, 3.532254752
3.541917099, 3.542257551
3.551917099, 3.552322602
3.561917099, 3.562202659
3.571917097, 3.572375121
3.581917096, 3.582298639
3.591917103, 3.592412592
3.601917097, 3.602351170
3.611917082, 3.612333206
3.621917093, 3.622242148
3.631917117, 3.632211434
3.641917093, 3.642289523
3.651917097, 3.652331632
3.661917083, 3.662276268
3.671917088, 3.672184613
3.681917097, 3.682426146
3.691917113, 3.692366023
3.701917098, 3.702368149
3.711917096, 3.712313782
3.721917101, 3.722317995
3.731917113, 3.732279688
3.741918953, 3.742271823
3.751917112, 3.752390839
3.761917098, 3.762350423
3.771917099, 3.772420593
3.781917102, 3.782267615
3.791917096, 3.792296004
3.801917098, 3.802353464
3.811917098, 3.812213994
3.821917098, 3.822245946
3.831917094, 3.832168650
3.841917088, 3.842219581
3.851921181, 3.852395331
3.861917089, 3.862221338
3.871917088, 3.872098254
3.881917101, 3.882319476
3.891917099, 3.892401045
3.901917098, 3.902283994
3.911917083, 3.912434011
3.921917086, 3.922279135
3.931917081, 3.932477534
3.941917083, 3.942203454
3.951917088, 3.952377433
3.961917084, 3.962393770
3.971917086, 3.972178666
3.981917084, 3.982203710
3.991917078, 3.992446137
4.001917097, 4.002375235
4.011917106, 4.012323493
4.021917103, 4.022333196
4.031917108, 4.032344353
4.041917083, 4.042258621
4.051917088, 4.052279025
4.061917092, 4.062416636
4.071917082, 4.072322365
4.081933869, 4.082400079
4.091917086, 4.092195318
4.101917082, 4.102315976
4.111917084, 4.112332974
4.121917099, 4.122238914
4.131917084, 4.132183465
4.141917081, 4.142332298
4.151917082, 4.152247628
4.161917092, 4.162423851
4.171917093, 4.172155596
4.181917096, 4.182383201
4.191917097, 4.192342066
4.201917086, 4.202380415
4.211917084, 4.212296969
4.221917082, 4.222239663
4.231917081, 4.232202550
4.241917093, 4.242279394
4.251917078, 4.252265466
4.261917079, 4.262263752
4.271917081, 4.272432842
4.281917083, 4.282375444
4.291917098, 4.292415299
4.301917101, 4.302461526
4.311917083, 4.312295301
4.321917111, 4.322196696
4.331917082, 4.332354998
4.341917086, 4.342388701
4.351917081, 4.352225813
4.361917099, 4.362245829
4.371920751, 4.372247903
4.381917096, 4.382206866
4.391917077, 4.392336769
4.401917098, 4.402390015
4.411917081, 4.412124732
4.421917098, 4.422372581
4.431917093, 4.432185490
4.441917099, 4.442319124
4.451917094, 4.452294170
4.461917079, 4.462416445
4.471917101, 4.472253773
4.481917667, 4.482396787
4.491917096, 4.492247162
4.501921229, 4.502289076
4.511917082, 4.512382609
4.521917096, 4.522205754
4.531917098, 4.532393067
4.541917096, 4.542265583
4.551917098, 4.552260386
4.561917119, 4.562424641
4.571917078, 4.572176781
4.581917086, 4.582353461
4.591917099, 4.592239841
4.601917094, 4.602330015
4.611917093, 4.612368969
4.621917101, 4.622338266
4.631917078, 4.632265102
4.641917087, 4.642305014
4.651917081, 4.652348874
4.661917086, 4.662389914
4.671917084, 4.672379833
4.681917082, 4.682293311
4.691917078, 4.692217819
4.701917098, 4.702218415
4.711917081, 4.712261187
4.721917083, 4.722341731
4.731917083, 4.732263498
4.741917081, 4.742345402
4.751917087, 4.752279487
4.761917079, 4.762159280
4.771917097, 4.772390283
4.781917081, 4.782242487
4.791917081, 4.792269213
4.801917081, 4.802340927
4.811917084, 4.812412783
4.821917088, 4.822308849
4.831917082, 4.832347367
4.841917101, 4.842356697
4.851917082, 4.852355456
4.861917088, 4.862307665
4.871917091, 4.872331220
4.881923071, 4.882262841
4.891917083, 4.892342779
4.901917079, 4.902294354
4.911917086, 4.912386515
4.921917084, 4.922235026
4.931917091, 4.932181023
4.941917079, 4.942286925
4.951917083, 4.952128714
4.961917083, 4.962252600
4.971917079, 4.972413102
4.981917081, 4.982270797
4.991917089, 4.992221856
5.001917083, 5.002300123
5.011917083, 5.012401381
5.021917086, 5.022388811
5.031917099, 5.032291085
5.041917083, 5.042226931
5.051917083, 5.052213549
5.061917098, 5.062272614
5.071917096, 5.072367723
5.081917098, 5.082318837
5.091917152, 5.092374070
5.101917098, 5.102304897
5.111917082, 5.112285659
5.121923203, 5.122389161
5.131917087, 5.132218280
5.141917099, 5.142226351
5.151917094, 5.152184497
5.161917103, 5.162336576
5.171919336, 5.172404198
5.181917099, 5.182319016
5.191917097, 5.192295621
5.201917103, 5.202274377
5.211917097, 5.212274580
5.221917094, 5.222389975
5.231917101, 5.232215780
5.241917097, 5.242195226
5.251917093, 5.252323131
5.261917099, 5.262306473
5.271917153, 5.272399377
5.281917081, 5.282309296
5.291917099, 5.292390728
5.301917157, 5.302281752
5.311917096, 5.312195405
5.321917101, 5.322303198
5.331917082, 5.332271314
5.341917096, 5.342204467
5.351917272, 5.352363129
5.361917103, 5.362313393
5.371926417, 5.372347903
5.381917102, 5.382257313
5.391917143, 5.392232930
5.401917097, 5.402404888
5.411917098, 5.412298015
5.421917102, 5.422380964
5.431917161, 5.432312459
5.441917099, 5.442098148
5.451917096, 5.452305904
5.461917098, 5.462340924
5.471917099, 5.472300011
5.481917099, 5.482274906
5.491917077, 5.492147724
5.501917087, 5.502215283
5.511917083, 5.512181868
5.521917083, 5.522373279
5.531917098, 5.532365584
5.541917084, 5.542274288
5.551917079, 5.552400684
5.561917096, 5.562243496
5.571917094, 5.572375689
5.581917079, 5.582396117
5.591917078, 5.592409885
5.601917097, 5.602366868
5.611917118, 5.612321881
5.621917094, 5.622346201
5.631917081, 5.632330242
5.641917097, 5.642331125
5.651917086, 5.652278192
5.661917094, 5.662389427
5.671917101, 5.672362385
5.681917094, 5.682290899
5.691917097, 5.692278487
5.701917102, 5.702204630
5.711917084, 5.712370190
5.721917076, 5.722212604
5.731917084, 5.732240529
5.741917102, 5.742366450
5.751917098, 5.752214586
5.761917099, 5.762295188
5.771917097, 5.772279621
5.781917079, 5.782216540
5.791917086, 5.792284850
5.801917082, 5.802336878
5.811917078, 5.812387260
5.821917084, 5.822357251
5.831922734, 5.832314051
5.841917098, 5.842384782
5.851917101, 5.852215848
5.861917094, 5.862379611
5.871917098, 5.872443649
5.881917086, 5.882213064
5.891917086, 5.892182013
5.901917078, 5.902308847
5.911917082, 5.912289047
5.921917081, 5.922235906
5.931917087, 5.932269495
5.941917096, 5.942357812
5.951917079, 5.952375289
5.961917074, 5.962180574
5.971917077, 5.972364468
5.981917084, 5.982320924
5.991917079, 5.992184126
6.001917081, 6.002298199
6.011917081, 6.012254247
6.021917079, 6.022260526
6.031917082, 6.032279409
6.041917083, 6.042300170
6.051917084, 6.052226964
6.061917081, 6.062368425
6.071917079, 6.072408868
6.081917079, 6.082289325
6.091917078, 6.092328564
6.101917078, 6.102346264
6.111917084, 6.112484629
6.121917076, 6.122299418
6.131917081, 6.132191608
6.141917082, 6.142333211
6.151917086, 6.152344014
6.161921791, 6.162341302
6.171917082, 6.172361209
6.181917084, 6.182265535
6.191917079, 6.192277761
6.201917079, 6.202258926
6.211917077, 6.212284550
6.221917079, 6.222361387
6.231917082, 6.232267984
6.241917081, 6.242252771
6.251917082, 6.252185512
6.261917116, 6.262233709
6.271917087, 6.272309023
6.281917097, 6.282256684
6.291917079, 6.292225475
6.301917086, 6.302133631
6.311917099, 6.312310161
6.321917086, 6.322263473
6.331917114, 6.332333827
6.341917088, 6.342321930
6.351917093, 6.352270554
6.361917087, 6.362320699
6.371917117, 6.372280157
6.381917098, 6.382260923
6.391917099, 6.392252428
6.401917086, 6.402247409
6.411917077, 6.412114879
6.421917092, 6.422294791
6.431917086, 6.432151075
6.441917089, 6.442401928
6.451917084, 6.452303374
6.461917102, 6.462231582
6.471917093, 6.472307824
6.481917094, 6.482276171
6.491917097, 6.492206715
6.501917078, 6.502224471
6.511917084, 6.512175879
6.521917087, 6.522322544
6.531917093, 6.532372095
6.541917093, 6.542384545
6.551917211, 6.552281053
6.561917092, 6.562347904
6.571917096, 6.572264291
6.581917084, 6.582421353
6.591917086, 6.592224950
6.601917086, 6.602342743
6.611917086, 6.612134896
6.621917082, 6.622137286
6.631917102, 6.632386426
6.641917081, 6.642194208
6.651917088, 6.652319790
6.661917099, 6.662322390
6.671917082, 6.672256970
6.681917082, 6.682266978
6.691917099, 6.692281906
6.701917094, 6.702227350
6.711917097, 6.712295874
6.721917079, 6.722272808
6.731917098, 6.732334686
6.741917087, 6.742389184
6.751917082, 6.752334846
6.761917082, 6.762406160
6.771917078, 6.772382390
6.781917078, 6.782446270
6.791917094, 6.792343162
6.801917084, 6.802346099
6.811917084, 6.812191665
6.821917102, 6.822366515
6.831917083, 6.832378845
6.841917087, 6.842354058
6.851917083, 6.852356307
6.861917079, 6.862249354
6.871917083, 6.872253287
6.881917101, 6.882273549
6.891917081, 6.892296315
6.901917103, 6.902222149
6.911917099, 6.912162444
6.921917094, 6.922238331
6.931917101, 6.932260063
6.941917094, 6.942355723
6.951917083, 6.952307670
6.961917087, 6.962288062
6.971917084, 6.972306295
6.981917099, 6.982275728
6.991917086, 6.992225627
7.001917079, 7.002341876
7.011917099, 7.012311659
7.021917086, 7.022258854
7.031917104, 7.032401058
7.041917257, 7.042314559
7.051917098, 7.052172934
7.061917098, 7.062223443
7.071917093, 7.072413738
7.081917077, 7.082437569
7.091917083, 7.092422394
7.101917082, 7.102227328
7.111917086, 7.112225447
7.121917084, 7.122369148
7.131917084, 7.132180617
7.141917076, 7.142319833
7.151917091, 7.152313125
7.161917084, 7.162425443
7.171917082, 7.172366061
7.181917084, 7.182389819
7.191917083, 7.192334626
7.201917088, 7.202365534
7.211917079, 7.212345386
7.221917097, 7.222299009
7.231917078, 7.232319939
7.241917083, 7.242360646
7.251917082, 7.252164330
7.261917096, 7.262243290
7.271917076, 7.272290006
7.281917103, 7.282353322
7.291917076, 7.292361508
7.301917082, 7.302361478
7.311917084, 7.312351281
7.321917083, 7.322222713
7.331924179, 7.332302815
7.341917079, 7.342266167
7.351917083, 7.352345843
7.361917078, 7.362214958
7.371917082, 7.372341069
7.381917101, 7.382135492
7.391917082, 7.392310188
7.401917087, 7.402214388
7.411917082, 7.412380845
7.421917083, 7.422320102
7.431917086, 7.432395013
7.441917106, 7.442356167
7.451917097, 7.452219318
7.461917083, 7.462452047
7.471917083, 7.472417699
7.481917081, 7.482285203
7.491917084, 7.492406917
7.501917086, 7.502356962
7.511917086, 7.512374735
7.521917084, 7.522293810
7.531917083, 7.532129358
7.541917082, 7.542135146
7.551917094, 7.552354818
7.561917099, 7.562370831
7.571917081, 7.572212030
7.581918401, 7.582285573
7.591917083, 7.592325516
7.601917084, 7.602260448
7.611917076, 7.612386635
7.621917092, 7.622279329
7.631917096, 7.632315609
7.641917099, 7.642234346
7.651917226, 7.652223108
7.661917081, 7.662266393
7.671917083, 7.672375756
7.681917096, 7.682409746
7.691917167, 7.692343254
7.701917084, 7.702326901
7.711917083, 7.712176365
7.721917079, 7.722307883
7.731917081, 7.732363105
7.741917078, 7.742213303
7.751917076, 7.752246525
7.761917088, 7.762242893
7.771917088, 7.772381613
7.781917094, 7.782295603
7.791917079, 7.792305508
7.801917082, 7.802290209
7.811917084, 7.812256859
7.821917089, 7.822308345
7.831917081, 7.832375312
7.841917078, 7.842283600
7.851917087, 7.852376545
7.861917082, 7.862379448
7.871917086, 7.872323633
7.881917087, 7.882409782
7.891917088, 7.892290575
7.901917084, 7.902383638
7.911917082, 7.912335118
7.921917089, 7.922281860
7.931917087, 7.932356793
7.941917108, 7.942309864
7.951917087, 7.952397929
7.961917082, 7.962314525
7.971917087, 7.972261754
7.981917081, 7.982219979
7.991917097, 7.992389471
8.001917086, 8.002374725
8.011917087, 8.012391661
8.021917084, 8.022258289
8.031917079, 8.032233828
8.041917083, 8.042241481
8.051917082, 8.052249933
8.061917084, 8.062274530
8.071917084, 8.072139543
8.081917086, 8.082128468
8.091925790, 8.092277675
8.101917081, 8.102273500
8.111917088, 8.112390763
8.121917099, 8.122382208
8.131917096, 8.132388197
8.141917102, 8.142286541
8.151917097, 8.152256687
8.161917098, 8.162277257
8.171917097, 8.172344784
8.181917094, 8.182239177
8.191917097, 8.192399724
8.201917099, 8.202276227
8.211917102, 8.212392314
8.221917096, 8.222194879
8.231917093, 8.232289161
8.241917099, 8.242360104
8.251917101, 8.252297630
8.261917083, 8.262319793
8.271917083, 8.272234485
8.281917101, 8.282142892
8.291917087, 8.292297390
8.301917081, 8.302266678
8.311917083, 8.312184891
8.321917077, 8.322208988
8.331917086, 8.332339450
8.341917082, 8.342373171
8.351917086, 8.352315228
8.361917098, 8.362292646
8.371917086, 8.372276719
8.381917152, 8.382106489
8.391917097, 8.392213708
8.401917097, 8.402361952
8.411917163, 8.412321524
8.421917094, 8.422246681
8.431917099, 8.432317496
8.441917094, 8.442317072
8.451917103, 8.452324137
8.461917098, 8.462276372
8.471917106, 8.472410681
8.481917104, 8.482387322
8.491917101, 8.492384339
8.501917082, 8.502290397
8.511917079, 8.512284311
8.521917087, 8.522415961
8.531917079, 8.532393939
8.541917101, 8.542314124
8.551917083, 8.552391057
8.561917084, 8.562181044
8.571917079, 8.572389640
8.581917094, 8.582297935
8.591917082, 8.592394939
8.601917094, 8.602252880
8.611917086, 8.612235044
8.621917094, 8.622237661
8.631917087, 8.632284331
8.641917097, 8.642162538
8.651917101, 8.652293573
8.661917092, 8.662347911
8.671925035, 8.672272296
8.681917096, 8.682318208
8.691917087, 8.692183178
8.701917081, 8.702218944
8.711917082, 8.712416849
8.721917088, 8.722265540
8.731917084, 8.732110860
8.741917088, 8.742213000
8.751917082, 8.752353257
8.761917101, 8.762264213
8.771917097, 8.772311327
8.781917094, 8.782283395
8.791917097, 8.792172807
8.801917094, 8.802363719
8.811917093, 8.812236079
8.821917101, 8.822214912
8.831917099, 8.832262918
8.841917083, 8.842374565
8.851917087, 8.852366847
8.861917096, 8.862385930
8.871917099, 8.872325948
8.881917086, 8.882236726
8.891917089, 8.892186893
8.901917087, 8.902218551
8.911917102, 8.912230307
8.921917083, 8.922314710
8.931917091, 8.932232354
8.941917096, 8.942358491
8.951917087, 8.952243072
8.961917084, 8.962426280
8.971917079, 8.972403530
8.981917078, 8.982299732
8.991917076, 8.992390778
9.001917083, 9.002249237
9.011917083, 9.012288055
9.021924666, 9.022300301
9.031917102, 9.032416739
9.041917088, 9.042182751
9.051917102, 9.052329786
9.061917082, 9.062413924
9.071917082, 9.072339101
9.081917084, 9.082430086
9.091917083, 9.092303226
9.101917082, 9.102233774
9.111917084, 9.112398351
9.121917081, 9.122280461
9.131917082, 9.132256539
9.141917088, 9.142328712
9.151917084, 9.152412493
9.161917088, 9.162277395
9.171917087, 9.172309121
9.181917079, 9.182309441
9.191917093, 9.192311359
9.201917084, 9.202327469
9.211917081, 9.212361367
9.221917076, 9.222207505
9.231917088, 9.232275506
9.241917084, 9.242235183
9.251917098, 9.252197435
9.261917101, 9.262301780
9.271917098, 9.272378110
9.281917097, 9.282061960
9.291917097, 9.292240283
9.301917087, 9.302331957
9.311917104, 9.312227242
9.321917083, 9.322181090
9.331917096, 9.332384704
9.341917096, 9.342252465
9.351917096, 9.352349872
9.361917101, 9.362203853
9.371917097, 9.372262115
9.381917114, 9.382257462
9.391917099, 9.392299784
9.401917099, 9.402302916
9.411917104, 9.412237133
9.421917096, 9.422142490
9.431917101, 9.432283501
9.441917097, 9.442249232
9.451917099, 9.452246235
9.461917082, 9.462314913
9.471917088, 9.472200595
9.481917108, 9.482412613
9.491917098, 9.492269399
9.501917102, 9.502249267
9.511917172, 9.512201287
9.521917103, 9.522208752
9.531917101, 9.532220052
9.541917094, 9.542175487
9.551917083, 9.552282519
9.561917079, 9.562296050
9.571917088, 9.572245995
9.581917094, 9.582232612
9.591917099, 9.592385855
9.601917096, 9.602106895
9.611917081, 9.612368891
9.621917098, 9.622259542
9.631917089, 9.632381523
9.641917097, 9.642334929
9.651917099, 9.652337216
9.661917087, 9.662241873
9.671917081, 9.672283276
9.681917098, 9.682242120
9.691917101, 9.692324153
9.701917098, 9.702349390
9.711917087, 9.712349692
9.721917082, 9.722310986
9.731917086, 9.732392011
9.741917082, 9.742280592
9.751917079, 9.752360951
9.761917094, 9.762213869
9.771917098, 9.772269694
9.781917097, 9.782283244
9.791917102, 9.792239227
9.801917094, 9.802188191
9.811917096, 9.812346641
9.821917082, 9.822329074
9.831917082, 9.832306987
9.841917088, 9.842395225
9.851917084, 9.852302230
9.861917088, 9.862357609
9.871917088, 9.872277358
9.881917101, 9.882265573
9.891917097, 9.892268156
9.901917099, 9.902301468
9.911917097, 9.912284840
9.921917104, 9.922366048
9.931917096, 9.932383479
9.941917093, 9.942307843
9.951917093, 9.952298835
9.961917102, 9.962347931
9.971917097, 9.972244789
9.981917099, 9.982444116
9.991917099, 9.992189127
10.001917097, 10.002326130
10.011917098, 10.012282171
10.021917099, 10.022268119
10.031917077, 10.032222178
10.041917088, 10.042375961
10.051917083, 10.052278141
10.061917084, 10.062319659
10.071917081, 10.072388110
10.081917083, 10.082299819
10.091917079, 10.092335303
10.101917086, 10.102294064
10.111917083, 10.112428113
10.121917084, 10.122375467
10.131917077, 10.132139734
10.141917082, 10.142361769
10.151917086, 10.152280627
10.161917103, 10.162390209
10.171917097, 10.172351529
10.181917097, 10.182277249
10.191917098, 10.192325518
10.201917084, 10.202391281
10.211917078, 10.212495914
10.221917088, 10.222398651
10.231917088, 10.232247122
10.241917103, 10.242338312
10.251917082, 10.252237575
10.261917078, 10.262230461
10.271917084, 10.272279020
10.281917082, 10.282233678
10.291919881, 10.292412172
10.301917081, 10.302460270
10.311917094, 10.312239464
10.321921219, 10.322342892
10.331917097, 10.332322354
10.341917091, 10.342388854
10.351917236, 10.352437745
10.361917099, 10.362271806
10.371917098, 10.372206168
10.381917083, 10.382356429
10.391917079, 10.392297956
10.401917081, 10.402295243
10.411917081, 10.412262915
10.421917078, 10.422315161
10.431917099, 10.432231769
10.441917103, 10.442212293
10.451917094, 10.452192462
10.461917091, 10.462300296
10.471928570, 10.472397560
10.481917099, 10.482238710
10.491917098, 10.492191597
10.501917076, 10.502164502
10.511917079, 10.512295867
10.521917107, 10.522150648
10.531917098, 10.532303357
10.541917096, 10.542247301
10.551917094, 10.552355391
10.561917094, 10.562247319
10.571917099, 10.572296023
10.581917098, 10.582266103
10.591917082, 10.592259704
10.601926461, 10.602175511
10.611917094, 10.612270778
10.621917094, 10.622122856
10.631917093, 10.632212981
10.641917097, 10.642412404
10.651917098, 10.652308713
10.661917083, 10.662252489
10.671917084, 10.672193420
10.681917096, 10.682225607
10.691917088, 10.692263036
10.701917098, 10.702142317
10.711917098, 10.712294076
10.721917098, 10.722183995
10.731917101, 10.732366921
10.741917108, 10.742208607
10.751917099, 10.752280420
10.761917097, 10.762420621
10.771917099, 10.772244006
10.781917089, 10.782141090
10.791917079, 10.792375506
10.801917098, 10.802338292
10.811917097, 10.812389734
10.821917094, 10.822243267
10.831917087, 10.832233612
10.841917088, 10.842223153
10.851917094, 10.852279840
10.861917083, 10.862325656
10.871917086, 10.872300968
10.881917086, 10.882307613
10.891917084, 10.892346485
10.901917082, 10.902318378
10.911923514, 10.912268634
10.921917076, 10.922286620
10.931917086, 10.932291755
10.941917088, 10.942310246
10.951917083, 10.952389932
10.961917083, 10.962407072
10.971917083, 10.972309577
10.981917081, 10.982264894
10.991917083, 10.992416482
11.001917083, 11.002359504
11.011917087, 11.012319388
11.021917096, 11.022453621
11.031917082, 11.032213333
11.041917082, 11.042178698
11.051917083, 11.052250401
11.061917098, 11.062282272
11.071917097, 11.072293546
11.081917098, 11.082305705
11.091917096, 11.092226289
11.101917088, 11.102366777
11.111917082, 11.112288829
11.121917078, 11.122268836
11.131917081, 11.132340367
11.141917078, 11.142214748
11.151917079, 11.152367854
11.161917081, 11.162357843
11.171917082, 11.172312589
11.181917078, 11.182380454
11.191917082, 11.192352307
11.201917084, 11.202361112
11.211917083, 11.212275834
11.221917083, 11.222422259
11.231917076, 11.232300876
11.241917081, 11.242196394
11.251917077, 11.252319323
11.261917081, 11.262285229
11.271917082, 11.272342618
11.281917078, 11.282319028
11.291917084, 11.292385471
11.301917076, 11.302289577
11.311917084, 11.312367137
11.321917081, 11.322343925
11.331917088, 11.332348146
11.341917092, 11.342261763
11.351917097, 11.352423557
11.361917098, 11.362374481
11.371917099, 11.372245695
11.381917081, 11.382272824
11.391917089, 11.392415373
11.401917104, 11.402392216
11.411917086, 11.412256299
11.421917102, 11.422332771
11.431917098, 11.432326430
11.441917103, 11.442338136
11.451917084, 11.452403757
11.461917084, 11.462294138
11.471917083, 11.472247110
11.481917096, 11.482320580
11.491917102, 11.492348790
11.501917097, 11.502344998
11.511917088, 11.512256155
11.521917086, 11.522157130
11.531917087, 11.532194563
11.541917098, 11.542439797
11.551917103, 11.552204265
11.561917083, 11.562407920
11.571917104, 11.572310504
11.581917101, 11.582297381
11.591917098, 11.592231936
11.601917099, 11.602115525
11.611917098, 11.612321293
11.621917089, 11.622296377
11.631917087, 11.632384669
11.641917077, 11.642241834
11.651917088, 11.652289556
11.661917082, 11.662365188
11.671917084, 11.672376984
11.681917083, 11.682424665
11.691917087, 11.692206807
11.701917087, 11.702338492
11.711917078, 11.712371657
11.721917087, 11.722238768
11.731917078, 11.732257838
11.741917078, 11.742278084
11.751917078, 11.752090044
11.761917083, 11.762309707
11.771917082, 11.772170159
11.781917088, 11.782385519
11.791917082, 11.792272942
11.801917104, 11.802315901
11.811917101, 11.812301897
11.821917102, 11.822395999
11.831917101, 11.832239526
11.841917104, 11.842288473
11.851917094, 11.852260566
11.861917098, 11.862277326
11.871917079, 11.872320596
11.881917087, 11.882337680
11.891917082, 11.892184066
11.901917081, 11.902261783
11.911917083, 11.912187323
11.921917093, 11.922215039
11.931917087, 11.932348493
11.941917081, 11.942180564
11.951917092, 11.952216552
11.961917084, 11.962294327
11.971917102, 11.972328880
11.981917083, 11.982326058
11.991917096, 11.992205136
12.001917098, 12.002308002
12.011917086, 12.012381081
12.021917096, 12.022237033
12.031917087, 12.032218428
12.041917099, 12.042318578
12.051917103, 12.052329700
------------------------------
