------------------------------
test was performed using the following parameters: --mps=100 --burst=1 --reply-every=1 --msg-size=14 --time=10
------------------------------
sockperf: [Total Run] RunTime=10.100 sec; SentMessages=1011; ReceivedMessages=1010
sockperf: ========= Printing statistics for Server No: 0
sockperf: [Valid Duration] RunTime=9.990 sec; SentMessages=1000; ReceivedMessages=1000
sockperf: [2;35m====> avg-lat= 77.141 (std-dev=20.442)[0m
sockperf: # dropped messages = 0; # duplicated messages = 0; # out-of-order messages = 0
sockperf: [2;35mTotal 1000 observations[0m; each percentile contains 10.00 observations
sockperf: ---> <MAX> observation =  158.540
sockperf: ---> percentile 99.999 =  158.540
sockperf: ---> percentile 99.990 =  158.540
sockperf: ---> percentile 99.900 =  141.869
sockperf: ---> percentile 99.000 =  127.695
sockperf: ---> percentile 90.000 =  105.497
sockperf: ---> percentile 75.000 =   91.209
sockperf: ---> percentile 50.000 =   75.507
sockperf: ---> percentile 25.000 =   61.417
sockperf: ---> <MIN> observation =   33.255
------------------------------
txTime, rxTime
2.139251333, 2.139484132
2.149245790, 2.149352591
2.159245789, 2.159404936
2.169245781, 2.169370274
2.179245788, 2.179354997
2.189245789, 2.189471884
2.199245767, 2.199417492
2.209245772, 2.209345873
2.219245770, 2.219469827
2.229245771, 2.229384067
2.239245785, 2.239372196
2.249245782, 2.249350384
2.259245787, 2.259358517
2.269245784, 2.269477141
2.279245792, 2.279370886
2.289245788, 2.289379516
2.299245798, 2.299396437
2.309245785, 2.309484884
2.319245768, 2.319433241
2.329245782, 2.329352932
2.339245789, 2.339347249
2.349245787, 2.349378113
2.359245770, 2.359421679
2.369245774, 2.369418856
2.379245781, 2.379387600
2.389245777, 2.389379175
2.399245775, 2.399343700
2.409245763, 2.409363513
2.419245785, 2.419434678
2.429245791, 2.429453850
2.439245783, 2.439400541
2.449245788, 2.449431250
2.459245784, 2.459422192
2.469245787, 2.469502382
2.479245785, 2.479453154
2.489245776, 2.489428447
2.499245786, 2.499461783
2.509245799, 2.509448848
2.519245770, 2.519365329
2.529245772, 2.529376057
2.539245769, 2.539423051
2.549245786, 2.549405676
2.559245767, 2.559371723
2.569245789, 2.569326607
2.579250580, 2.579394272
2.589245763, 2.589377179
2.599245787, 2.599457892
2.609245770, 2.609401561
2.619245766, 2.619401018
2.629245784, 2.629388509
2.639245785, 2.639391769
2.649245786, 2.649386127
2.659245784, 2.659378020
2.669245787, 2.669426745
2.679245788, 2.679443956
2.689245783, 2.689457902
2.699245787, 2.699484459
2.709245781, 2.709448584
2.719245788, 2.719396627
2.729245786, 2.729350280
2.739245788, 2.739394365
2.749245795, 2.749400829
2.759245795, 2.759399386
2.769245791, 2.769362816
2.779245783, 2.779361035
2.789245787, 2.789433788
2.799245782, 2.799378729
2.809245775, 2.809400279
2.819245792, 2.819352108
2.829245781, 2.829392027
2.839245788, 2.839396502
2.849245787, 2.849384233
2.859245786, 2.859464924
2.869245784, 2.869388640
2.879245782, 2.879383837
2.889245787, 2.889361710
2.899245788, 2.899381431
2.909245790, 2.909400154
2.919245785, 2.919415685
2.929245787, 2.929393481
2.939245784, 2.939370159
2.949245785, 2.949347370
2.959245785, 2.959462323
2.969245785, 2.969395048
2.979245788, 2.979380301
2.989245785, 2.989427301
2.999245787, 2.999448290
3.009245787, 3.009414547
3.019245784, 3.019325802
3.029245775, 3.029389815
3.039245782, 3.039384344
3.049245784, 3.049390272
3.059245782, 3.059397882
3.069245791, 3.069450588
3.079245788, 3.079394745
3.089245784, 3.089408269
3.099245783, 3.099426565
3.109245769, 3.109387199
3.119245784, 3.119374060
3.129245787, 3.129389845
3.139245768, 3.139355306
3.149245771, 3.149355059
3.159245771, 3.159435360
3.169245770, 3.169445112
3.179245774, 3.179408204
3.189245767, 3.189418448
3.199245768, 3.199395070
3.209245764, 3.209352618
3.219245772, 3.219402727
3.229245770, 3.229387392
3.239245765, 3.239467444
3.249245778, 3.249431924
3.259245785, 3.259391624
3.269245769, 3.269346335
3.279245767, 3.279392887
3.289245774, 3.289408846
3.299245787, 3.299368622
3.309245762, 3.309401504
3.319245765, 3.319417540
3.329245765, 3.329470515
3.339252469, 3.339408634
3.349245765, 3.349410902
3.359245771, 3.359463007
3.369245771, 3.369414119
3.379245767, 3.379392260
3.389245772, 3.389383311
3.399245767, 3.399412093
3.409245774, 3.409359639
3.419245769, 3.419421335
3.429245771, 3.429367411
3.439245780, 3.439368989
3.449245796, 3.449432441
3.459245780, 3.459347248
3.469245780, 3.469424417
3.479245780, 3.479432703
3.489245778, 3.489416880
3.499245780, 3.499396517
3.509245779, 3.509372288
3.519245778, 3.519429550
3.529245789, 3.529350696
3.539245792, 3.539390389
3.549245783, 3.549441943
3.559245782, 3.559396924
3.569245797, 3.569453019
3.579245783, 3.579359044
3.589253513, 3.589469032
3.599251782, 3.599440267
3.609245786, 3.609443819
3.619245784, 3.619336982
3.629245787, 3.629407557
3.639245793, 3.639430853
3.649245785, 3.649375376
3.659245770, 3.659361156
3.669245768, 3.669344108
3.679245769, 3.679340239
3.689245765, 3.689371393
3.699245767, 3.699413382
3.709245780, 3.709459599
3.719245780, 3.719439513
3.729245778, 3.729456334
3.739245782, 3.739432331
3.749245766, 3.749376186
3.759245771, 3.759478752
3.769245772, 3.769370743
3.779245767, 3.779386365
3.789245763, 3.789363037
3.799245767, 3.799381433
3.809245762, 3.809368540
3.819245787, 3.819444030
3.829245770, 3.829380119
3.839245764, 3.839378360
3.849254611, 3.849377141
3.859245767, 3.859401461
3.869245772, 3.869421340
3.879245767, 3.879371905
3.889245774, 3.889338316
3.899245774, 3.899445416
3.909245771, 3.909401464
3.919245769, 3.919418666
3.929245769, 3.929382059
3.939245791, 3.939464364
3.949245789, 3.949419766
3.959245764, 3.959399748
3.969245759, 3.969415117
3.979245769, 3.979431173
3.989245764, 3.989358214
3.999245775, 3.999350882
4.009245772, 4.009515592
4.019245765, 4.019367994
4.029245759, 4.029394843
4.039245760, 4.039318847
4.049245772, 4.049395963
4.059245771, 4.059373625
4.069245773, 4.069471528
4.079245769, 4.079384330
4.089245767, 4.089364454
4.099255424, 4.099440900
4.109256860, 4.109404966
4.119245776, 4.119318146
4.129245764, 4.129413309
4.139245770, 4.139381683
4.149245773, 4.149402438
4.159245777, 4.159421980
4.169245772, 4.169483424
4.179245764, 4.179451958
4.189245793, 4.189416980
4.199245774, 4.199444813
4.209245772, 4.209389378
4.219245772, 4.219408492
4.229245766, 4.229345744
4.239248450, 4.239389205
4.249245769, 4.249362824
4.259245770, 4.259385589
4.269245797, 4.269376302
4.279245770, 4.279341538
4.289245766, 4.289345798
4.299245768, 4.299484951
4.309245764, 4.309453344
4.319245764, 4.319483593
4.329245781, 4.329362192
4.339245783, 4.339483754
4.349245765, 4.349437929
4.359245771, 4.359372389
4.369245780, 4.369359009
4.379245780, 4.379356823
4.389245788, 4.389393978
4.399245778, 4.399471844
4.409245787, 4.409408770
4.419245791, 4.419433047
4.429245785, 4.429407269
4.439245782, 4.439364217
4.449245778, 4.449360839
4.459245783, 4.459453549
4.469245781, 4.469400540
4.479245780, 4.479402803
4.489245782, 4.489374771
4.499245811, 4.499398070
4.509245797, 4.509493442
4.519245782, 4.519330822
4.529245780, 4.529430650
4.539245780, 4.539397367
4.549245770, 4.549432798
4.559245770, 4.559365280
4.569245762, 4.569338055
4.579250719, 4.579410008
4.589245764, 4.589411262
4.599245766, 4.599465063
4.609245783, 4.609409723
4.619245765, 4.619411088
4.629245768, 4.629350051
4.639245770, 4.639337472
4.649245766, 4.649375734
4.659245768, 4.659363786
4.669245765, 4.669404764
4.679245764, 4.679390258
4.689245768, 4.689368006
4.699245762, 4.699430553
4.709245781, 4.709392503
4.719245768, 4.719359741
4.729245772, 4.729380436
4.739245764, 4.739525337
4.749245771, 4.749416705
4.759245790, 4.759392605
4.769245767, 4.769374913
4.779245776, 4.779352893
4.789245785, 4.789425937
4.799245790, 4.799379132
4.809245790, 4.809346012
4.819245772, 4.819387699
4.829245787, 4.829325583
4.839245792, 4.839375346
4.849245789, 4.849346253
4.859245791, 4.859370930
4.869245787, 4.869392995
4.879245784, 4.879365413
4.889245785, 4.889426572
4.899245786, 4.899351642
4.909245785, 4.909456288
4.919245792, 4.919347519
4.929245782, 4.929394571
4.939245787, 4.939381758
4.949245771, 4.949419803
4.959245783, 4.959363653
4.969245792, 4.969438921
4.979245790, 4.979396134
4.989245767, 4.989476869
4.999245770, 4.999429579
5.009245770, 5.009410280
5.019245771, 5.019409203
5.029245767, 5.029427895
5.039245780, 5.039395183
5.049245773, 5.049402652
5.059245789, 5.059368232
5.069245770, 5.069399861
5.079245766, 5.079399305
5.089245767, 5.089359702
5.099245770, 5.099371626
5.109245772, 5.109394872
5.119245767, 5.119354304
5.129245767, 5.129478165
5.139246601, 5.139351722
5.149245764, 5.149428430
5.159245761, 5.159441955
5.169245763, 5.169412957
5.179246180, 5.179390267
5.189245767, 5.189409057
5.199245764, 5.199404761
5.209248927, 5.209368348
5.219245764, 5.219378452
5.229245762, 5.229389475
5.239245768, 5.239411810
5.249245767, 5.249370520
5.259245763, 5.259349548
5.269245765, 5.269405967
5.279245781, 5.279432212
5.289245764, 5.289443054
5.299245770, 5.299421415
5.309245771, 5.309448389
5.319245768, 5.319357635
5.329245765, 5.329484107
5.339245791, 5.339351706
5.349245786, 5.349381600
5.359245784, 5.359421063
5.369245766, 5.369403878
5.379245781, 5.379389962
5.389245787, 5.389403174
5.399245784, 5.399329532
5.409245793, 5.409449004
5.419245779, 5.419398942
5.429245805, 5.429376641
5.439245763, 5.439424997
5.449245773, 5.449376605
5.459245765, 5.459429153
5.469245772, 5.469356231
5.479245788, 5.479379926
5.489245781, 5.489389388
5.499245780, 5.499333812
5.509245785, 5.509331990
5.519245774, 5.519396844
5.529245769, 5.529437360
5.539245769, 5.539435066
5.549245775, 5.549372921
5.559245768, 5.559436949
5.569245774, 5.569328701
5.579245770, 5.579436002
5.589245790, 5.589452549
5.599245782, 5.599448618
5.609245774, 5.609322329
5.619245788, 5.619412962
5.629245770, 5.629419073
5.639245787, 5.639429603
5.649245788, 5.649330453
5.659245788, 5.659476248
5.669245784, 5.669435913
5.679245769, 5.679358105
5.689245768, 5.689445106
5.699245772, 5.699479283
5.709245769, 5.709355007
5.719245765, 5.719418570
5.729245767, 5.729387312
5.739245761, 5.739321212
5.749245770, 5.749419664
5.759245767, 5.759336376
5.769245762, 5.769362352
5.779245767, 5.779408839
5.789245772, 5.789394893
5.799245773, 5.799409208
5.809245767, 5.809529506
5.819245787, 5.819562868
5.829245775, 5.829401697
5.839245772, 5.839444671
5.849245762, 5.849353485
5.859245766, 5.859417388
5.869245770, 5.869353790
5.879245765, 5.879403203
5.889245769, 5.889356145
5.899248407, 5.899359604
5.909245786, 5.909350784
5.919245783, 5.919369892
5.929245767, 5.929401354
5.939245794, 5.939328758
5.949245790, 5.949375883
5.959245782, 5.959367823
5.969245792, 5.969391065
5.979245786, 5.979507810
5.989247266, 5.989394580
5.999245782, 5.999352241
6.009245782, 6.009349910
6.019245785, 6.019377890
6.029250138, 6.029361839
6.039245780, 6.039392040
6.049245774, 6.049385733
6.059245781, 6.059440015
6.069245778, 6.069412403
6.079245824, 6.079471384
6.089245780, 6.089423001
6.099245793, 6.099375244
6.109245790, 6.109422496
6.119245790, 6.119440177
6.129245787, 6.129375098
6.139245788, 6.139466042
6.149253120, 6.149396102
6.159245764, 6.159351442
6.169245773, 6.169382294
6.179245790, 6.179424143
6.189245768, 6.189382189
6.199245767, 6.199382977
6.209245775, 6.209381522
6.219245776, 6.219416385
6.229245775, 6.229411200
6.239245775, 6.239355866
6.249245781, 6.249316474
6.259245790, 6.259427070
6.269245767, 6.269416601
6.279245764, 6.279443738
6.289245770, 6.289425977
6.299245767, 6.299438741
6.309245762, 6.309382986
6.319245765, 6.319414359
6.329245789, 6.329322278
6.339245782, 6.339362087
6.349245784, 6.349366216
6.359245770, 6.359384850
6.369245761, 6.369384992
6.379245775, 6.379381447
6.389245774, 6.389334732
6.399245773, 6.399433658
6.409245764, 6.409430319
6.419245770, 6.419331763
6.429245766, 6.429425018
6.439245773, 6.439366318
6.449245770, 6.449413559
6.459245771, 6.459489843
6.469245765, 6.469448516
6.479245770, 6.479388417
6.489245773, 6.489371114
6.499245770, 6.499440530
6.509245771, 6.509344859
6.519245771, 6.519345416
6.529245794, 6.529515598
6.539245775, 6.539429388
6.549245772, 6.549402969
6.559245768, 6.559417807
6.569245776, 6.569431757
6.579245785, 6.579417179
6.589245778, 6.589432937
6.599245779, 6.599406789
6.609245787, 6.609362299
6.619245804, 6.619457273
6.629245791, 6.629396121
6.639245791, 6.639441659
6.649245961, 6.649385242
6.659245774, 6.659391194
6.669245776, 6.669403653
6.679245785, 6.679443858
6.689245786, 6.689412300
6.699245785, 6.699320789
6.709245788, 6.709404153
6.719245784, 6.719446131
6.729245783, 6.729400734
6.739245785, 6.739360341
6.749245784, 6.749470325
6.759245786, 6.759389044
6.769245785, 6.769407740
6.779245792, 6.779456089
6.789245782, 6.789352376
6.799245788, 6.799352969
6.809245784, 6.809363704
6.819245786, 6.819447650
6.829245793, 6.829391007
6.839245791, 6.839455037
6.849245781, 6.849393546
6.859245787, 6.859375744
6.869245784, 6.869382829
6.879245786, 6.879438134
6.889245785, 6.889371787
6.899245794, 6.899383042
6.909245793, 6.909405379
6.919245788, 6.919422599
6.929245782, 6.929487763
6.939245763, 6.939394858
6.949245775, 6.949379881
6.959245774, 6.959459437
6.969245771, 6.969416546
6.979245770, 6.979374177
6.989245774, 6.989452177
6.999245771, 6.999400106
7.009245789, 7.009355108
7.019245774, 7.019340110
7.029245773, 7.029409625
7.039245769, 7.039333428
7.049245786, 7.049403859
7.059245786, 7.059370312
7.069245783, 7.069312294
7.079245789, 7.079360409
7.089245782, 7.089362659
7.099245785, 7.099413611
7.109245782, 7.109345852
7.119245783, 7.119349945
7.129245783, 7.129347154
7.139245787, 7.139473261
7.149245771, 7.149503040
7.159245774, 7.159356777
7.169245767, 7.169399897
7.179245771, 7.179425657
7.189245775, 7.189443953
7.199245770, 7.199402242
7.209245773, 7.209339377
7.219245782, 7.219387319
7.229245785, 7.229353750
7.239245773, 7.239363861
7.249245769, 7.249318618
7.259245769, 7.259347576
7.269245782, 7.269463385
7.279245782, 7.279404353
7.289245782, 7.289444787
7.299245787, 7.299443329
7.309245764, 7.309388285
7.319245787, 7.319377556
7.329245780, 7.329349664
7.339245767, 7.339363333
7.349245782, 7.349419047
7.359245766, 7.359427873
7.369245769, 7.369389894
7.379245787, 7.379337038
7.389245780, 7.389463348
7.399245792, 7.399373463
7.409245772, 7.409394087
7.419245768, 7.419340542
7.429245775, 7.429385010
7.439245775, 7.439409373
7.449245781, 7.449369074
7.459245770, 7.459372297
7.469245769, 7.469373238
7.479245768, 7.479448506
7.489245783, 7.489368185
7.499245784, 7.499359205
7.509245787, 7.509390260
7.519245783, 7.519351457
7.529245777, 7.529390173
7.539245783, 7.539415396
7.549245782, 7.549401682
7.559245781, 7.559425657
7.569245787, 7.569372077
7.579245783, 7.579359088
7.589245782, 7.589399237
7.599245783, 7.599360358
7.609245772, 7.609520641
7.619245772, 7.619403935
7.629245771, 7.629372618
7.639245774, 7.639474548
7.649245770, 7.649445729
7.659245764, 7.659473168
7.669245773, 7.669356973
7.679245784, 7.679415392
7.689245790, 7.689362668
7.699245789, 7.699389335
7.709245785, 7.709457167
7.719245791, 7.719415456
7.729245792, 7.729441695
7.739245784, 7.739386834
7.749245787, 7.749411326
7.759245789, 7.759415969
7.769245791, 7.769348623
7.779245791, 7.779355171
7.789245790, 7.789409408
7.799245792, 7.799413008
7.809245788, 7.809475087
7.819245812, 7.819491281
7.829245784, 7.829448505
7.839245786, 7.839356591
7.849245787, 7.849405362
7.859245794, 7.859396765
7.869245783, 7.869377277
7.879245790, 7.879368013
7.889245790, 7.889426410
7.899245790, 7.899494711
7.909245804, 7.909456800
7.919245794, 7.919415060
7.929245780, 7.929413413
7.939245789, 7.939458054
7.949245784, 7.949417477
7.959245786, 7.959392451
7.969245792, 7.969414287
7.979245785, 7.979362953
7.989245783, 7.989362976
7.999245792, 7.999419192
8.009245791, 8.009374839
8.019245788, 8.019432917
8.029245792, 8.029396528
8.039245787, 8.039415140
8.049245790, 8.049410258
8.059245787, 8.059365250
8.069245785, 8.069407696
8.079245788, 8.079442354
8.089245792, 8.089400751
8.099245794, 8.099377012
8.109245793, 8.109349751
8.119245793, 8.119399727
8.129245787, 8.129373635
8.139245788, 8.139436839
8.149245792, 8.149368038
8.159245787, 8.159371244
8.169245791, 8.169436379
8.179245789, 8.179354635
8.189250238, 8.189410722
8.199245800, 8.199401390
8.209245792, 8.209415676
8.219245792, 8.219422080
8.229245795, 8.229382569
8.239245795, 8.239373589
8.249245790, 8.249419348
8.259245790, 8.259381645
8.269245793, 8.269384557
8.279245790, 8.279412387
8.289245788, 8.289393604
8.299245784, 8.299371220
8.309245786, 8.309468786
8.319245788, 8.319463404
8.329245793, 8.329478181
8.339245791, 8.339345173
8.349245796, 8.349448841
8.359245789, 8.359403760
8.369245805, 8.369441862
8.379245787, 8.379451953
8.389245790, 8.389405269
8.399245790, 8.399450929
8.409245791, 8.409454331
8.419245785, 8.419398092
8.429245784, 8.429411508
8.439245793, 8.439357734
8.449245785, 8.449466912
8.459245790, 8.459411362
8.469245790, 8.469327690
8.479245790, 8.479411879
8.489245794, 8.489367829
8.499245787, 8.499462126
8.509245773, 8.509376482
8.519245800, 8.519467264
8.529245792, 8.529348689
8.539245789, 8.539414651
8.549245782, 8.549336984
8.559245805, 8.559464607
8.569245784, 8.569422483
8.579245792, 8.579382629
8.589245790, 8.589470866
8.599245793, 8.599470672
8.609245789, 8.609397933
8.619245790, 8.619411386
8.629245794, 8.629382784
8.639245791, 8.639402608
8.649245768, 8.649350475
8.659245790, 8.659428844
8.669245786, 8.669396801
8.679245783, 8.679332996
8.689245793, 8.689363605
8.699245782, 8.699439252
8.709245792, 8.709367891
8.719245792, 8.719405033
8.729245772, 8.729459254
8.739245787, 8.739376173
8.749245789, 8.749394229
8.759245791, 8.759347954
8.769245786, 8.769394558
8.779245784, 8.779403169
8.789245781, 8.789458543
8.799245786, 8.799393902
8.809245787, 8.809407783
8.819245790, 8.819470816
8.829245783, 8.829431464
8.839245787, 8.839355903
8.849245790, 8.849407563
8.859245767, 8.859374958
8.869245793, 8.869375227
8.879245790, 8.879385736
8.889245790, 8.889418227
8.899245790, 8.899417513
8.909245792, 8.909444059
8.919245791, 8.919330489
8.929245807, 8.929469074
8.939245787, 8.939415541
8.949245792, 8.949344569
8.959245784, 8.959404881
8.969245789, 8.969423399
8.979245788, 8.979398229
8.989245784, 8.989378245
8.999245791, 8.999348746
9.009245791, 9.009367569
9.019245794, 9.019346918
9.029245789, 9.029429383
9.039245790, 9.039413852
9.049245788, 9.049397458
9.059245789, 9.059356401
9.069245790, 9.069427490
9.079245789, 9.079401292
9.089245790, 9.089383069
9.099245787, 9.099327977
9.109245804, 9.109358706
9.119245785, 9.119430550
9.129245791, 9.129360326
9.139245790, 9.139409515
9.149245791, 9.149350905
9.159245791, 9.159422238
9.169245789, 9.169480682
9.179245787, 9.179454197
9.189245792, 9.189490521
9.199245788, 9.199414492
9.209245784, 9.209383154
9.219245802, 9.219366640
9.229245794, 9.229353121
9.239245765, 9.239361776
9.249245792, 9.249339118
9.259245794, 9.259360404
9.269245796, 9.269378949
9.279245793, 9.279355371
9.289245794, 9.289489119
9.299245792, 9.299381137
9.309245788, 9.309371238
9.319245784, 9.319397296
9.329245786, 9.329476440
9.339245798, 9.339452516
9.349245774, 9.349370978
9.359245782, 9.359421294
9.369245773, 9.369443909
9.379245770, 9.379345793
9.389245780, 9.389435627
9.399245771, 9.399434360
9.409249518, 9.409463590
9.419245781, 9.419380878
9.429245768, 9.429380851
9.439245769, 9.439460128
9.449245767, 9.449423885
9.459245785, 9.459457690
9.469245773, 9.469360192
9.479245775, 9.479397384
9.489245790, 9.489396412
9.499245780, 9.499390168
9.509245772, 9.509383486
9.519245790, 9.519372310
9.529245773, 9.529431162
9.539245784, 9.539409645
9.549245786, 9.549331777
9.559245788, 9.559406011
9.569245786, 9.569345662
9.579245798, 9.579363639
9.589245774, 9.589399073
9.599245790, 9.599377664
9.609245788, 9.609335949
9.619245790, 9.619404986
9.629245780, 9.629457181
9.639245791, 9.639418349
9.649245770, 9.649386015
9.659245790, 9.659426783
9.669245785, 9.669434746
9.679245792, 9.679423200
9.689245786, 9.689404107
9.699245791, 9.699435572
9.709245793, 9.709416311
9.719245797, 9.719387352
9.729245782, 9.729398249
9.739245783, 9.739365020
9.749245784, 9.749401863
9.759245790, 9.759358979
9.769245790, 9.769446975
9.779245794, 9.779364635
9.789245791, 9.789386276
9.799245787, 9.799383444
9.809245784, 9.809398272
9.819245783, 9.819421847
9.829245787, 9.829385781
9.839245790, 9.839417739
9.849245781, 9.849367710
9.859245789, 9.859353709
9.869245791, 9.869394994
9.879245791, 9.879360066
9.889245787, 9.889377501
9.899245786, 9.899499257
9.909245798, 9.909431859
9.919245839, 9.919429848
9.929245785, 9.929444687
9.939245787, 9.939428525
9.949245765, 9.949406865
9.959245790, 9.959452483
9.969245790, 9.969404642
9.979245788, 9.979434049
9.989245790, 9.989520020
9.999245786, 9.999356740
10.009245792, 10.009386673
10.019245786, 10.019425857
10.029245785, 10.029416738
10.039245788, 10.039387906
10.049245785, 10.049339427
10.059245782, 10.059401263
10.069245792, 10.069385335
10.079245792, 10.079428463
10.089245788, 10.089421518
10.099245788, 10.099359734
10.109245791, 10.109348541
10.119245787, 10.119462592
10.129245788, 10.129407759
10.139245771, 10.139350193
10.149245792, 10.149462341
10.159245787, 10.159375201
10.169245787, 10.169379413
10.179245787, 10.179434864
10.189245783, 10.189332935
10.199245782, 10.199392009
10.209245791, 10.209357032
10.219245792, 10.219371941
10.229245787, 10.229457443
10.239245786, 10.239418007
10.249245793, 10.249430632
10.259245786, 10.259446646
10.269245790, 10.269355892
10.279245784, 10.279366644
10.289245786, 10.289403517
10.299245783, 10.299372563
10.309245783, 10.309357012
10.319245790, 10.319369578
10.329245790, 10.329332473
10.339245788, 10.339363363
10.349245806, 10.349448871
10.359245796, 10.359380584
10.369245787, 10.369438498
10.379245786, 10.379352118
10.389245786, 10.389457214
10.399245787, 10.399378903
10.409245785, 10.409441832
10.419245783, 10.419395479
10.429245787, 10.429410056
10.439245782, 10.439324995
10.449245782, 10.449411139
10.459245793, 10.459404301
10.469245789, 10.469428208
10.479245787, 10.479384151
10.489245790, 10.489432464
10.499245790, 10.499403204
10.509245786, 10.509408619
10.519245787, 10.519365094
10.529245786, 10.529391459
10.539245787, 10.539444883
10.549245787, 10.549420559
10.559245790, 10.559445823
10.569245783, 10.569360930
10.579245790, 10.579397060
10.589245787, 10.589371692
10.599245791, 10.599379649
10.609245790, 10.609400686
10.619245787, 10.619380547
10.629245790, 10.629330826
10.639245788, 10.639396355
10.649245785, 10.649402047
10.659245867, 10.659378778
10.669245793, 10.669452803
10.679245786, 10.679437865
10.689245792, 10.689410616
10.699245788, 10.699399979
10.709245786, 10.709373062
10.719245782, 10.719367549
10.729245785, 10.729382195
10.739245782, 10.739358985
10.749245788, 10.749456366
10.759245787, 10.759409364
10.769245796, 10.769415401
10.779245786, 10.779371789
10.789245785, 10.789439972
10.799245790, 10.799387694
10.809245785, 10.809409655
10.819245790, 10.819425822
10.829245843, 10.829372282
10.839245785, 10.839463193
10.849245792, 10.849347847
10.859245791, 10.859334477
10.869245782, 10.869333230
10.879245797, 10.879406619
10.889245786, 10.889362494
10.899245797, 10.899374557
10.909245788, 10.909386241
10.919245787, 10.919441023
10.929245788, 10.929413896
10.939245765, 10.939359112
10.949245781, 10.949377248
10.959245783, 10.959327763
10.969245783, 10.969433365
10.979245791, 10.979395376
10.989245792, 10.989362322
10.999249617, 10.999489158
11.009245787, 11.009387809
11.019245791, 11.019392986
11.029245790, 11.029429314
11.039245789, 11.039482522
11.049245785, 11.049349945
11.059245790, 11.059458745
11.069245784, 11.069451801
11.079245798, 11.079402320
11.089245784, 11.089405590
11.099245799, 11.099434716
11.109245783, 11.109381380
11.119245790, 11.119467133
11.129245791, 11.129323884
11.139245786, 11.139417486
11.149245803, 11.149474443
11.159245795, 11.159370263
11.169245791, 11.169450726
11.179245783, 11.179371554
11.189245786, 11.189372283
11.199245787, 11.199325095
11.209245792, 11.209394292
11.219245784, 11.219344151
11.229245791, 11.229343979
11.239245787, 11.239326252
11.249245785, 11.249384407
11.259245791, 11.259370650
11.269245793, 11.269345407
11.279245792, 11.279418709
11.289245788, 11.289436906
11.299245788, 11.299426264
11.309245767, 11.309379350
11.319245787, 11.319359918
11.329245782, 11.329498555
11.339245784, 11.339433125
11.349245783, 11.349346944
11.359245790, 11.359463327
11.369245789, 11.369467192
11.379245792, 11.379382915
11.389245790, 11.389425189
11.399245790, 11.399389869
11.409245792, 11.409324554
11.419245782, 11.419404421
11.429245784, 11.429353057
11.439245787, 11.439466118
11.449245793, 11.449365055
11.459245784, 11.459351619
11.469245791, 11.469403830
11.479245789, 11.479352345
11.489245791, 11.489431277
11.499245798, 11.499501190
11.509245787, 11.509364329
11.519245787, 11.519404112
11.529245787, 11.529390152
11.539245787, 11.539365446
11.549245782, 11.549352886
11.559245783, 11.559376355
11.569245784, 11.569396981
11.579245790, 11.579377814
11.589246098, 11.589405862
11.599245787, 11.599454472
11.609245789, 11.609352737
11.619245791, 11.619430035
11.629245792, 11.629328409
11.639245790, 11.639431871
11.649245785, 11.649402329
11.659245793, 11.659450730
11.669245787, 11.669427384
11.679245792, 11.679434858
11.689245785, 11.689360742
11.699245785, 11.699482251
11.709245790, 11.709455698
11.719245785, 11.719480076
11.729245769, 11.729389738
11.739245786, 11.739442654
11.749245775, 11.749355210
11.759245789, 11.759363834
11.769245787, 11.769362707
11.779245784, 11.779358099
11.789245789, 11.789401346
11.799245787, 11.799437780
11.809245785, 11.809356044
11.819245791, 11.819392552
11.829245790, 11.829392525
11.839245789, 11.839371879
11.849245790, 11.849393022
11.859245790, 11.859338115
11.869245792, 11.869469805
11.879245786, 11.879399638
11.889245788, 11.889366482
11.899245787, 11.899365205
11.909245789, 11.909321272
11.919245787, 11.919382639
11.929245783, 11.929407009
11.939245784, 11.939356759
11.949245782, 11.949391409
11.959245793, 11.959411493
11.969245790, 11.969429237
11.979245790, 11.979451248
11.989245792, 11.989352501
11.999245786, 11.999423082
12.009245783, 12.009402484
12.019245809, 12.019491029
12.029247785, 12.029400098
12.039245806, 12.039353649
12.049245790, 12.049366799
12.059245791, 12.059330229
12.069245786, 12.069420092
12.079245784, 12.079466524
12.089245787, 12.089394602
12.099245786, 12.099442738
12.109245784, 12.109373141
12.119245785, 12.119394977
12.129245783, 12.129385115
------------------------------
