------------------------------
test was performed using the following parameters: --mps=100 --burst=1 --reply-every=1 --msg-size=14 --time=10
------------------------------
sockperf: [Total Run] RunTime=10.100 sec; SentMessages=1011; ReceivedMessages=1010
sockperf: ========= Printing statistics for Server No: 0
sockperf: [Valid Duration] RunTime=9.991 sec; SentMessages=1000; ReceivedMessages=1000
sockperf: [2;35m====> avg-lat=345.797 (std-dev=68.775)[0m
sockperf: # dropped messages = 0; # duplicated messages = 0; # out-of-order messages = 0
sockperf: [2;35mTotal 1000 observations[0m; each percentile contains 10.00 observations
sockperf: ---> <MAX> observation =  541.410
sockperf: ---> percentile 99.999 =  541.410
sockperf: ---> percentile 99.990 =  541.410
sockperf: ---> percentile 99.900 =  515.041
sockperf: ---> percentile 99.000 =  477.242
sockperf: ---> percentile 90.000 =  427.539
sockperf: ---> percentile 75.000 =  392.086
sockperf: ---> percentile 50.000 =  352.603
sockperf: ---> percentile 25.000 =  305.288
sockperf: ---> <MIN> observation =   75.730
------------------------------
txTime, rxTime
2.062528793, 2.063153347
2.072528805, 2.073218467
2.082528812, 2.082949836
2.092528817, 2.093284695
2.102528797, 2.103235186
2.112528794, 2.113081247
2.122528798, 2.123352656
2.132528797, 2.133178213
2.142528793, 2.143415430
2.152528793, 2.153279695
2.162528794, 2.163349490
2.172528807, 2.173365215
2.182528810, 2.183156255
2.192528810, 2.193234644
2.202528800, 2.203374579
2.212528798, 2.213415317
2.222528795, 2.223172918
2.232528798, 2.233160691
2.242528810, 2.243012017
2.252528794, 2.253262587
2.262528795, 2.262961199
2.272533032, 2.273333033
2.282528794, 2.283133095
2.292528795, 2.293169308
2.302528810, 2.303221985
2.312528812, 2.313223556
2.322528807, 2.323165096
2.332528810, 2.333170096
2.342528800, 2.343265896
2.352528794, 2.353400355
2.362528808, 2.363014920
2.372528808, 2.372772594
2.382528797, 2.383257558
2.392528813, 2.393327729
2.402528792, 2.403275830
2.412528815, 2.413087021
2.422528795, 2.423312146
2.432528805, 2.433203775
2.442528814, 2.443308392
2.452528814, 2.453207842
2.462528814, 2.463182035
2.472528809, 2.473131095
2.482528794, 2.483157205
2.492528807, 2.493237031
2.502528804, 2.503469024
2.512528808, 2.513376638
2.522528814, 2.523338389
2.532528810, 2.533172820
2.542528812, 2.543207345
2.552528808, 2.553245602
2.562528797, 2.563273846
2.572528795, 2.573105018
2.582528794, 2.583256685
2.592531113, 2.593312533
2.602528814, 2.603115254
2.612528814, 2.613015951
2.622528794, 2.623273720
2.632528800, 2.633084668
2.642528809, 2.643184488
2.652528810, 2.653420593
2.662528802, 2.663151464
2.672528798, 2.673295137
2.682528799, 2.683146071
2.692528798, 2.693054192
2.702528810, 2.703269966
2.712528792, 2.713126560
2.722528799, 2.723406174
2.732528812, 2.733279737
2.742528798, 2.743162265
2.752528799, 2.753482912
2.762528804, 2.763117367
2.772528813, 2.773103656
2.782528802, 2.782983281
2.792528799, 2.793139932
2.802528800, 2.803216338
2.812528798, 2.813302272
2.822528793, 2.823272429
2.832528798, 2.833214224
2.842528800, 2.843395349
2.852528814, 2.853307306
2.862528808, 2.863461141
2.872528795, 2.873176953
2.882528789, 2.882999401
2.892528798, 2.893177765
2.902528798, 2.903543986
2.912528798, 2.913286136
2.922528794, 2.923347734
2.932528795, 2.933480507
2.942528807, 2.943299702
2.952528814, 2.952865534
2.962528799, 2.963300094
2.972528809, 2.973343327
2.982528799, 2.983070598
2.992528797, 2.993376525
3.002528815, 3.003299495
3.012528797, 3.013492621
3.022528798, 3.023521752
3.032528792, 3.033233960
3.042528798, 3.043332147
3.052528799, 3.053279162
3.062530333, 3.063148572
3.072528810, 3.073297423
3.082528800, 3.083451304
3.092528795, 3.093240105
3.102528798, 3.103281607
3.112528790, 3.113253711
3.122528794, 3.123068781
3.132528804, 3.132923466
3.142528810, 3.143336929
3.152528813, 3.153181781
3.162533175, 3.163388253
3.172528812, 3.173047232
3.182528813, 3.183450061
3.192528797, 3.193367692
3.202528798, 3.203293210
3.212528794, 3.213237464
3.222528795, 3.223215362
3.232528794, 3.233345546
3.242528793, 3.243449187
3.252528809, 3.253304519
3.262528797, 3.263251520
3.272528794, 3.273291241
3.282528798, 3.283146161
3.292528795, 3.293283779
3.302528795, 3.303343425
3.312528794, 3.313396940
3.322528817, 3.323178842
3.332528815, 3.333387994
3.342528792, 3.343269179
3.352528797, 3.353294540
3.362528799, 3.362976662
3.372528798, 3.373081469
3.382528798, 3.383175122
3.392528810, 3.393240047
3.402528794, 3.402981999
3.412528807, 3.413157358
3.422528808, 3.423064275
3.432540069, 3.433313237
3.442528813, 3.443173916
3.452528809, 3.453276628
3.462528813, 3.463223489
3.472528815, 3.473382131
3.482528800, 3.483105704
3.492528792, 3.493254660
3.502536372, 3.503158644
3.512528804, 3.513081805
3.522528807, 3.523214087
3.532528795, 3.533143729
3.542528807, 3.543262702
3.552530982, 3.553234698
3.562528799, 3.563244884
3.572537548, 3.573142091
3.582528810, 3.582863413
3.592528812, 3.593174508
3.602528810, 3.603233737
3.612528794, 3.613052864
3.622528809, 3.623444123
3.632528804, 3.633116961
3.642528810, 3.643116417
3.652528810, 3.653264813
3.662528809, 3.663076277
3.672528812, 3.673156301
3.682528854, 3.683405461
3.692528793, 3.693271606
3.702528807, 3.703150762
3.712528813, 3.713334496
3.722528799, 3.723250798
3.732528812, 3.733038364
3.742528807, 3.743393206
3.752528805, 3.753110228
3.762528792, 3.763154862
3.772528797, 3.773189922
3.782528797, 3.783267695
3.792528795, 3.793080524
3.802528798, 3.803226030
3.812528794, 3.813153629
3.822528793, 3.823345603
3.832528794, 3.833243204
3.842528797, 3.843259153
3.852528797, 3.853371984
3.862528789, 3.863131877
3.872528792, 3.873282193
3.882528797, 3.883270004
3.892528795, 3.893320839
3.902528795, 3.903214348
3.912528807, 3.913297224
3.922528790, 3.923154822
3.932528793, 3.933118622
3.942528799, 3.943268922
3.952528794, 3.953345237
3.962528800, 3.963133238
3.972528795, 3.973207203
3.982528797, 3.983233830
3.992528812, 3.993141218
4.002528794, 4.003392076
4.012528799, 4.013269603
4.022528795, 4.022939374
4.032528795, 4.033326205
4.042528799, 4.043207270
4.052528795, 4.053118382
4.062528793, 4.063334050
4.072528798, 4.073312215
4.082528799, 4.083363186
4.092528790, 4.093349953
4.102528794, 4.103271551
4.112528800, 4.113123252
4.122528795, 4.123277530
4.132528795, 4.133148120
4.142528792, 4.143052668
4.152530664, 4.153126855
4.162528798, 4.163292828
4.172528790, 4.173383587
4.182528795, 4.183278560
4.192528795, 4.193156634
4.202537317, 4.203220250
4.212528794, 4.213376422
4.222528797, 4.223221229
4.232528798, 4.232967606
4.242528799, 4.243217504
4.252528789, 4.253298280
4.262528798, 4.263308567
4.272528790, 4.273188313
4.282528798, 4.283074945
4.292528809, 4.293350189
4.302528795, 4.303175988
4.312528810, 4.313081009
4.322528797, 4.323144617
4.332528792, 4.333370740
4.342528792, 4.343195325
4.352528810, 4.353300754
4.362528813, 4.363202816
4.372528814, 4.373075848
4.382528793, 4.383166896
4.392528799, 4.393314345
4.402528792, 4.403114178
4.412528798, 4.413218124
4.422528812, 4.423401601
4.432528794, 4.433394702
4.442528798, 4.443280856
4.452528814, 4.453138176
4.462528790, 4.463217822
4.472528793, 4.473307609
4.482528798, 4.483127627
4.492528798, 4.493398626
4.502528795, 4.503462311
4.512528797, 4.513237128
4.522528795, 4.523261723
4.532528797, 4.533282639
4.542528802, 4.543141705
4.552528813, 4.553276464
4.562528797, 4.563401046
4.572528792, 4.572976634
4.582528794, 4.583343451
4.592528797, 4.593275944
4.602528798, 4.603449343
4.612528812, 4.613138917
4.622528807, 4.623112221
4.632528807, 4.632948332
4.642528795, 4.643166924
4.652528795, 4.653237506
4.662528809, 4.663209746
4.672528794, 4.673395883
4.682528799, 4.683329870
4.692528794, 4.693319540
4.702528790, 4.703132696
4.712528799, 4.713342767
4.722528799, 4.723233645
4.732528808, 4.733427754
4.742528810, 4.743063132
4.752528809, 4.753282338
4.762528800, 4.763340726
4.772528799, 4.773279513
4.782528798, 4.783322024
4.792528797, 4.793272947
4.802528793, 4.803241721
4.812528793, 4.813249331
4.822528794, 4.823356753
4.832528792, 4.833360717
4.842528799, 4.843291638
4.852528794, 4.853396214
4.862528795, 4.862923131
4.872528804, 4.873357387
4.882528799, 4.883372627
4.892528797, 4.893104917
4.902528794, 4.903250318
4.912528793, 4.912925830
4.922528809, 4.922998339
4.932535523, 4.933395608
4.942528794, 4.943295085
4.952528813, 4.953112437
4.962528798, 4.963229626
4.972528793, 4.973208182
4.982528792, 4.983176805
4.992528805, 4.993188553
5.002528798, 5.003218332
5.012528799, 5.013291543
5.022528794, 5.023116634
5.032528795, 5.033304987
5.042528797, 5.043246883
5.052536052, 5.053205233
5.062528799, 5.063152976
5.072528813, 5.073320667
5.082528792, 5.083000126
5.092528799, 5.093021090
5.102528794, 5.102980049
5.112528794, 5.112871480
5.122528807, 5.123411814
5.132528792, 5.133263595
5.142528798, 5.143137127
5.152534985, 5.153065205
5.162528797, 5.163138569
5.172528797, 5.173324635
5.182528797, 5.183275493
5.192528794, 5.193319875
5.202528793, 5.202895374
5.212528797, 5.213458997
5.222528799, 5.223116407
5.232528797, 5.233207065
5.242528795, 5.243093775
5.252528795, 5.253209808
5.262528797, 5.263074684
5.272528793, 5.273076650
5.282528794, 5.283495269
5.292528798, 5.293227362
5.302528794, 5.303432021
5.312528794, 5.313260462
5.322528795, 5.323234001
5.332528797, 5.333310714
5.342528797, 5.343345575
5.352528813, 5.353179958
5.362528798, 5.363337469
5.372528792, 5.372870371
5.382528800, 5.383011795
5.392528799, 5.393309621
5.402537875, 5.403363545
5.412528814, 5.413171817
5.422528793, 5.423375867
5.432528797, 5.433231701
5.442528795, 5.443138331
5.452528813, 5.452680274
5.462528800, 5.463279090
5.472528799, 5.473127759
5.482528799, 5.483218223
5.492528795, 5.493061545
5.502528812, 5.503206174
5.512528812, 5.513188360
5.522528799, 5.523220781
5.532528800, 5.533087761
5.542528795, 5.543246494
5.552528794, 5.553186032
5.562528799, 5.563269288
5.572528797, 5.573236914
5.582528795, 5.583181228
5.592528792, 5.593135246
5.602528798, 5.603089230
5.612528814, 5.613053128
5.622528799, 5.623352212
5.632528797, 5.633253422
5.642528792, 5.643411414
5.652528797, 5.653244980
5.662528802, 5.663087039
5.672528797, 5.673237908
5.682528794, 5.683184407
5.692528790, 5.693300088
5.702528792, 5.703128037
5.712528790, 5.713308688
5.722528798, 5.723259519
5.732528794, 5.733375037
5.742528798, 5.743269538
5.752537024, 5.753273728
5.762528792, 5.763063729
5.772528799, 5.773249394
5.782528797, 5.783325291
5.792528797, 5.792916305
5.802528798, 5.803486645
5.812528795, 5.813215172
5.822528798, 5.823070092
5.832528808, 5.833168064
5.842528800, 5.843184819
5.852528792, 5.853224948
5.862528798, 5.863259736
5.872528797, 5.873237724
5.882528797, 5.883346243
5.892528795, 5.893173815
5.902528793, 5.903053379
5.912528793, 5.913351769
5.922531048, 5.923262962
5.932528795, 5.933148120
5.942528795, 5.943217444
5.952528812, 5.953030432
5.962528798, 5.963229621
5.972528798, 5.973044396
5.982536052, 5.983292991
5.992528810, 5.993255679
6.002528799, 6.003241454
6.012536795, 6.013137748
6.022528794, 6.023191869
6.032528800, 6.032910552
6.042528799, 6.043388762
6.052528792, 6.053084677
6.062528793, 6.063458348
6.072528813, 6.072865478
6.082528807, 6.083163650
6.092528817, 6.093268176
6.102528800, 6.103234796
6.112528973, 6.113064370
6.122528797, 6.123053947
6.132528797, 6.133009572
6.142528797, 6.143339315
6.152528795, 6.153164633
6.162528799, 6.163279467
6.172528792, 6.173306817
6.182528798, 6.183239278
6.192528799, 6.193130107
6.202528802, 6.203421920
6.212528797, 6.213058311
6.222528792, 6.223337521
6.232528797, 6.233071647
6.242528790, 6.243108769
6.252528795, 6.253123748
6.262528792, 6.263297991
6.272528792, 6.273196938
6.282528798, 6.283247287
6.292530607, 6.293358333
6.302528793, 6.303436876
6.312528799, 6.313246939
6.322528799, 6.323263358
6.332529057, 6.333212555
6.342528797, 6.343106681
6.352528797, 6.353237070
6.362528799, 6.362851884
6.372528792, 6.372784871
6.382528808, 6.383228051
6.392528812, 6.393255861
6.402528813, 6.402851541
6.412539574, 6.413539504
6.422528813, 6.423134999
6.432528793, 6.433454184
6.442528798, 6.443426463
6.452528797, 6.453181348
6.462528793, 6.463315203
6.472528793, 6.473168152
6.482528798, 6.483285588
6.492528793, 6.493351503
6.502528794, 6.503284340
6.512528805, 6.513249251
6.522528794, 6.523036349
6.532528794, 6.533406350
6.542528798, 6.543220615
6.552528802, 6.553260512
6.562528798, 6.563348747
6.572528802, 6.573122831
6.582528792, 6.583171634
6.592528805, 6.593071774
6.602528798, 6.603157968
6.612528797, 6.613109560
6.622528798, 6.623278572
6.632528805, 6.633106819
6.642528797, 6.643224486
6.652528794, 6.653344677
6.662528807, 6.663467520
6.672528798, 6.673023776
6.682528794, 6.683208004
6.692528814, 6.693396639
6.702528792, 6.703159704
6.712528792, 6.712991152
6.722528792, 6.723400099
6.732528793, 6.732968894
6.742528795, 6.743191121
6.752528802, 6.753435798
6.762537153, 6.763371945
6.772528799, 6.773164322
6.782528797, 6.782798718
6.792528797, 6.793381444
6.802528797, 6.803150737
6.812528813, 6.813270397
6.822528792, 6.823211420
6.832528794, 6.833037850
6.842528802, 6.843447684
6.852528799, 6.853284284
6.862528815, 6.863089854
6.872528812, 6.873230346
6.882528793, 6.883039287
6.892528797, 6.893232139
6.902528799, 6.903275415
6.912528799, 6.913340716
6.922528789, 6.923089535
6.932528798, 6.933206934
6.942528797, 6.943165339
6.952528792, 6.953168551
6.962528794, 6.963442771
6.972528794, 6.973294316
6.982528794, 6.983041574
6.992528797, 6.993310790
7.002528798, 7.003329930
7.012528798, 7.013365061
7.022528798, 7.023172790
7.032528813, 7.033339402
7.042528794, 7.043374808
7.052528795, 7.053149460
7.062528799, 7.063256266
7.072528797, 7.073193407
7.082528813, 7.083334940
7.092528812, 7.093172802
7.102528808, 7.103288166
7.112528797, 7.113212560
7.122528794, 7.123100879
7.132528812, 7.133467997
7.142528808, 7.143317444
7.152528827, 7.153080346
7.162528793, 7.163221566
7.172528807, 7.173051100
7.182528799, 7.183030867
7.192528809, 7.193030876
7.202528805, 7.203086833
7.212528818, 7.213406248
7.222528799, 7.223201060
7.232528794, 7.233065640
7.242528798, 7.243338349
7.252536917, 7.253344333
7.262528808, 7.263230082
7.272528844, 7.273196610
7.282528808, 7.283054238
7.292528808, 7.293314140
7.302536926, 7.303411575
7.312528810, 7.313150815
7.322528799, 7.323167513
7.332528792, 7.333374970
7.342528809, 7.343057435
7.352528807, 7.353202940
7.362528840, 7.363203600
7.372528812, 7.373344464
7.382528793, 7.383470559
7.392528792, 7.393220751
7.402528794, 7.403312432
7.412528799, 7.413076480
7.422528805, 7.423417710
7.432528793, 7.433430967
7.442528805, 7.443105008
7.452528792, 7.453083725
7.462528797, 7.463332922
7.472528812, 7.473519085
7.482528792, 7.483289389
7.492528799, 7.493236823
7.502528809, 7.503472428
7.512528794, 7.513392537
7.522528798, 7.523224515
7.532528797, 7.532990053
7.542528813, 7.543145738
7.552528805, 7.553231064
7.562528799, 7.563270342
7.572528792, 7.573008596
7.582528793, 7.582962207
7.592528805, 7.593316826
7.602528799, 7.603377170
7.612528798, 7.613184420
7.622528797, 7.623357621
7.632528807, 7.633262149
7.642528793, 7.643024403
7.652528807, 7.653067553
7.662528799, 7.663365341
7.672528809, 7.673346406
7.682528813, 7.683161879
7.692528809, 7.693074783
7.702528812, 7.702926226
7.712528797, 7.713039661
7.722528812, 7.723357413
7.732528819, 7.733109193
7.742528808, 7.743119154
7.752528809, 7.753118152
7.762528810, 7.762835638
7.772528867, 7.773299144
7.782528792, 7.783238690
7.792528808, 7.793340706
7.802528812, 7.803193955
7.812528810, 7.813125445
7.822528807, 7.823163508
7.832528795, 7.833345698
7.842528793, 7.843247158
7.852528812, 7.853354911
7.862528794, 7.862967476
7.872528813, 7.873248446
7.882528799, 7.883241671
7.892528815, 7.892976615
7.902528813, 7.903161449
7.912528812, 7.913235229
7.922528793, 7.922998295
7.932528807, 7.933282810
7.942528797, 7.943020000
7.952528815, 7.953295760
7.962528794, 7.963135399
7.972528799, 7.973200246
7.982528805, 7.983387291
7.992528808, 7.993156933
8.002528812, 8.003357706
8.012528794, 8.013252019
8.022528792, 8.023404395
8.032528797, 8.033079717
8.042528807, 8.043152711
8.052528859, 8.053251219
8.062528795, 8.063012192
8.072528812, 8.072951524
8.082528799, 8.083303831
8.092528813, 8.093221617
8.102528793, 8.103350351
8.112528808, 8.113106864
8.122528813, 8.123219104
8.132528792, 8.133218228
8.142528814, 8.143361309
8.152528810, 8.153285192
8.162528793, 8.162803819
8.172528804, 8.173398524
8.182528814, 8.183246136
8.192528805, 8.193248435
8.202528809, 8.203203929
8.212528815, 8.213323235
8.222528790, 8.223103302
8.232528798, 8.233208368
8.242528792, 8.243337505
8.252528813, 8.253320294
8.262528797, 8.263558879
8.272528795, 8.273129227
8.282528809, 8.282950501
8.292528809, 8.293293095
8.302528798, 8.303221380
8.312528805, 8.313112078
8.322528808, 8.323074672
8.332528794, 8.333217320
8.342528810, 8.343349640
8.352528795, 8.353188877
8.362528797, 8.363278523
8.372528824, 8.373042823
8.382528812, 8.383457386
8.392528792, 8.392882106
8.402528797, 8.403181698
8.412528809, 8.413476965
8.422528807, 8.423329023
8.432528809, 8.433312160
8.442528809, 8.443234451
8.452528810, 8.452838356
8.462528802, 8.463314812
8.472528813, 8.473356798
8.482528794, 8.483323582
8.492534850, 8.493344990
8.502528808, 8.503162905
8.512528809, 8.513207983
8.522528817, 8.523141603
8.532528814, 8.533058825
8.542528800, 8.543118313
8.552528795, 8.553212654
8.562528798, 8.562877191
8.572528799, 8.573073803
8.582528815, 8.582887626
8.592528810, 8.593298060
8.602528814, 8.603428158
8.612528810, 8.613237943
8.622528799, 8.622874197
8.632528807, 8.633403665
8.642528814, 8.643185864
8.652528799, 8.653054935
8.662528799, 8.663073986
8.672528802, 8.673193989
8.682528799, 8.683357786
8.692528814, 8.692906840
8.702528807, 8.702930133
8.712528803, 8.712982078
8.722528812, 8.723121589
8.732528799, 8.733291315
8.742528789, 8.743224604
8.752528815, 8.753156940
8.762528808, 8.763354833
8.772528809, 8.773183798
8.782528794, 8.783180286
8.792528798, 8.793419919
8.802528807, 8.803277506
8.812528793, 8.813214107
8.822528794, 8.823349743
8.832528800, 8.833289478
8.842528812, 8.843219913
8.852528798, 8.852904262
8.862528797, 8.863186833
8.872528795, 8.873246951
8.882528809, 8.883255608
8.892528797, 8.893329653
8.902528809, 8.902953407
8.912528808, 8.913068396
8.922528805, 8.923194197
8.932528808, 8.933283499
8.942528809, 8.943254527
8.952528797, 8.953339145
8.962528798, 8.963110151
8.972528807, 8.973168005
8.982528809, 8.983181504
8.992528812, 8.993267998
9.002528822, 9.003284370
9.012528814, 9.013451244
9.022528817, 9.023260713
9.032528808, 9.033018540
9.042528805, 9.043259701
9.052528808, 9.053229927
9.062528809, 9.062822657
9.072528810, 9.073173562
9.082528793, 9.083051072
9.092530645, 9.093205185
9.102528794, 9.103380061
9.112535557, 9.113296307
9.122528809, 9.123216626
9.132528807, 9.133205802
9.142528809, 9.143256255
9.152528808, 9.153200137
9.162528803, 9.163283017
9.172528817, 9.173305974
9.182528799, 9.183301814
9.192528808, 9.193247839
9.202528809, 9.203330800
9.212528808, 9.213374695
9.222528814, 9.223161472
9.232528813, 9.233312987
9.242528793, 9.243044797
9.252528794, 9.253363446
9.262528813, 9.263307462
9.272528790, 9.273092030
9.282528807, 9.283406174
9.292528809, 9.293219993
9.302528813, 9.303229051
9.312528800, 9.313142039
9.322528804, 9.323243509
9.332528813, 9.333350629
9.342528818, 9.343208133
9.352528815, 9.353232839
9.362528812, 9.363267436
9.372528792, 9.373145050
9.382528807, 9.383105291
9.392528805, 9.393240615
9.402532470, 9.403315933
9.412528797, 9.412977459
9.422528790, 9.423247153
9.432528809, 9.432936263
9.442528804, 9.442926330
9.452528809, 9.453277472
9.462528812, 9.463347351
9.472528807, 9.473117338
9.482528809, 9.483206871
9.492528807, 9.493240980
9.502528805, 9.503116669
9.512528810, 9.513306816
9.522528810, 9.523385564
9.532528807, 9.533024466
9.542528812, 9.543183303
9.552528809, 9.552894091
9.562528807, 9.563418361
9.572528807, 9.573261293
9.582528790, 9.583365704
9.592528814, 9.593054905
9.602528812, 9.603103224
9.612528809, 9.613068241
9.622528809, 9.623344263
9.632528797, 9.633347511
9.642528793, 9.643298320
9.652528810, 9.653266059
9.662528805, 9.663185674
9.672528813, 9.672948597
9.682528805, 9.683189216
9.692528792, 9.693284429
9.702528805, 9.703378101
9.712528799, 9.713138726
9.722528792, 9.723115511
9.732528794, 9.733226943
9.742528793, 9.743364703
9.752528799, 9.753341661
9.762528793, 9.763127076
9.772528790, 9.773232770
9.782528790, 9.783362920
9.792528799, 9.793177058
9.802528800, 9.803611622
9.812528800, 9.813300704
9.822528798, 9.823202885
9.832528795, 9.833000787
9.842528797, 9.842789966
9.852528810, 9.853304649
9.862528795, 9.863243273
9.872528797, 9.873191548
9.882528795, 9.883334550
9.892528797, 9.893193038
9.902528795, 9.903282112
9.912528795, 9.913316906
9.922531448, 9.923199894
9.932528812, 9.933139389
9.942528797, 9.943376615
9.952528795, 9.953271486
9.962528799, 9.963160364
9.972528799, 9.973249561
9.982535879, 9.983123832
9.992528813, 9.993097431
10.002528795, 10.003264484
10.012528798, 10.013337946
10.022528797, 10.023180243
10.032528797, 10.033299711
10.042528793, 10.043216469
10.052528795, 10.053097033
10.062528795, 10.063309409
10.072528797, 10.073303302
10.082528794, 10.083329548
10.092528794, 10.093294262
10.102528797, 10.103208604
10.112528809, 10.113061546
10.122528798, 10.123426922
10.132528800, 10.133220040
10.142528799, 10.143458374
10.152528800, 10.153365665
10.162528800, 10.163229957
10.172528794, 10.173352631
10.182528798, 10.183381266
10.192528798, 10.193129644
10.202528793, 10.203160735
10.212528794, 10.213326076
10.222528798, 10.223317536
10.232528793, 10.233085515
10.242535261, 10.243272248
10.252528812, 10.253267630
10.262528790, 10.263353977
10.272528793, 10.273132739
10.282528798, 10.283110765
10.292531080, 10.293362035
10.302528797, 10.303339696
10.312528795, 10.313206801
10.322528798, 10.323312820
10.332528794, 10.333276894
10.342528803, 10.343088618
10.352528795, 10.353214760
10.362528793, 10.363285086
10.372528798, 10.373187419
10.382528797, 10.383253963
10.392528798, 10.393244895
10.402528793, 10.403316315
10.412528795, 10.413164122
10.422528792, 10.422858493
10.432528790, 10.433391951
10.442528797, 10.442899382
10.452528794, 10.453243595
10.462528797, 10.462974463
10.472528793, 10.473344966
10.482528797, 10.482818630
10.492528792, 10.493426618
10.502528797, 10.503195439
10.512528800, 10.513488446
10.522528793, 10.523038739
10.532528793, 10.533128164
10.542528808, 10.543007087
10.552528810, 10.553289990
10.562528797, 10.563096420
10.572528800, 10.573102968
10.582528795, 10.583113929
10.592528795, 10.593308653
10.602528799, 10.603153646
10.612531147, 10.613200931
10.622528793, 10.623107276
10.632528799, 10.633248634
10.642528793, 10.643081748
10.652528792, 10.652913791
10.662528794, 10.663354176
10.672528794, 10.673466507
10.682528799, 10.683199145
10.692528798, 10.693241636
10.702528795, 10.703253615
10.712528792, 10.713277594
10.722528792, 10.723457329
10.732528795, 10.733170471
10.742528797, 10.743199377
10.752528812, 10.753283385
10.762528788, 10.762998091
10.772528812, 10.773241713
10.782539791, 10.783273533
10.792528795, 10.792897188
10.802528800, 10.803111572
10.812528797, 10.813269610
10.822528794, 10.823076857
10.832528807, 10.833121143
10.842528797, 10.843400531
10.852528795, 10.853200312
10.862528798, 10.863083247
10.872528789, 10.873235995
10.882528798, 10.883113000
10.892528795, 10.893430006
10.902528792, 10.903263855
10.912528807, 10.913253456
10.922528790, 10.923208094
10.932528798, 10.933234686
10.942528799, 10.943157189
10.952528795, 10.953184874
10.962528794, 10.963283521
10.972528813, 10.973226832
10.982528795, 10.983341831
10.992528792, 10.993394835
11.002528793, 11.003350964
11.012528814, 11.013321986
11.022528797, 11.023401411
11.032528793, 11.033176398
11.042528792, 11.043277804
11.052528794, 11.053168192
11.062528792, 11.063184141
11.072534555, 11.073316938
11.082528792, 11.083430212
11.092528798, 11.093149037
11.102528798, 11.103420809
11.112528795, 11.113237677
11.122528798, 11.123180703
11.132528813, 11.133359633
11.142528790, 11.143318842
11.152528794, 11.153086980
11.162528793, 11.163167911
11.172528798, 11.173052908
11.182528798, 11.183470815
11.192528790, 11.193236170
11.202528794, 11.203355508
11.212528793, 11.213406753
11.222528799, 11.222846759
11.232528789, 11.233242933
11.242528799, 11.243395396
11.252528793, 11.253168923
11.262528795, 11.263291389
11.272528798, 11.273333923
11.282528794, 11.283166146
11.292528787, 11.292972379
11.302528809, 11.303278335
11.312528812, 11.313290365
11.322528794, 11.323171341
11.332528790, 11.333241604
11.342528795, 11.343230706
11.352528793, 11.352973327
11.362528812, 11.363176577
11.372528790, 11.373338511
11.382528793, 11.383148435
11.392528794, 11.393189498
11.402528793, 11.403289222
11.412528794, 11.413099232
11.422528797, 11.423210759
11.432528800, 11.433256791
11.442528794, 11.443371691
11.452528795, 11.453217017
11.462528798, 11.463359066
11.472528795, 11.473318318
11.482528795, 11.482984108
11.492528797, 11.493254226
11.502528794, 11.503376772
11.512528795, 11.513272277
11.522528793, 11.523123889
11.532528790, 11.533221751
11.542528790, 11.543207846
11.552528797, 11.553218805
11.562528790, 11.563252377
11.572528797, 11.573209073
11.582528797, 11.583268969
11.592528810, 11.593358749
11.602528797, 11.603256712
11.612528799, 11.613288307
11.622536557, 11.623243731
11.632528810, 11.633016675
11.642528793, 11.643180139
11.652528794, 11.653265800
11.662528798, 11.663169505
11.672528812, 11.673158160
11.682528793, 11.683343446
11.692528792, 11.693188661
11.702528792, 11.703232533
11.712528797, 11.713385430
11.722528789, 11.723429678
11.732528795, 11.733243501
11.742528793, 11.743317790
11.752528794, 11.753405174
11.762528795, 11.763478919
11.772528795, 11.773483281
11.782528794, 11.783340972
11.792528792, 11.793268117
11.802528793, 11.803183772
11.812528799, 11.813290392
11.822528795, 11.823435494
11.832528792, 11.833248668
11.842537376, 11.843217543
11.852528817, 11.852891161
11.862528789, 11.863411687
11.872528789, 11.873141322
11.882528794, 11.883420656
11.892528793, 11.893262600
11.902528809, 11.903242378
11.912528795, 11.913347936
11.922528795, 11.923087022
11.932528795, 11.933188738
11.942528794, 11.943325889
11.952528793, 11.953262708
11.962535376, 11.963297325
11.972528797, 11.973253237
11.982528795, 11.983366804
11.992528794, 11.993180013
12.002528798, 12.003220994
12.012528797, 12.013289507
12.022528795, 12.023293681
12.032528795, 12.033449209
12.042528799, 12.043094830
12.052528798, 12.053201166
------------------------------
