------------------------------
test was performed using the following parameters: --mps=100 --burst=1 --reply-every=1 --msg-size=14 --time=10
------------------------------
sockperf: [Total Run] RunTime=10.100 sec; SentMessages=1011; ReceivedMessages=1010
sockperf: ========= Printing statistics for Server No: 0
sockperf: [Valid Duration] RunTime=9.991 sec; SentMessages=1000; ReceivedMessages=1000
sockperf: [2;35m====> avg-lat=341.296 (std-dev=74.063)[0m
sockperf: # dropped messages = 0; # duplicated messages = 0; # out-of-order messages = 0
sockperf: [2;35mTotal 1000 observations[0m; each percentile contains 10.00 observations
sockperf: ---> <MAX> observation =  514.823
sockperf: ---> percentile 99.999 =  514.823
sockperf: ---> percentile 99.990 =  514.823
sockperf: ---> percentile 99.900 =  514.636
sockperf: ---> percentile 99.000 =  489.537
sockperf: ---> percentile 90.000 =  433.825
sockperf: ---> percentile 75.000 =  395.695
sockperf: ---> percentile 50.000 =  344.558
sockperf: ---> percentile 25.000 =  294.515
sockperf: ---> <MIN> observation =   99.177
------------------------------
txTime, rxTime
2.062218645, 2.062542036
2.072218660, 2.072884636
2.082218657, 2.083009247
2.092218643, 2.092816339
2.102218662, 2.102882064
2.112218660, 2.112755794
2.122218662, 2.122440496
2.132218657, 2.133111304
2.142218647, 2.142748956
2.152218662, 2.153039907
2.162218647, 2.162966858
2.172218650, 2.172772391
2.182218661, 2.182777993
2.192218660, 2.193074569
2.202218645, 2.202965232
2.212224093, 2.212984839
2.222218660, 2.222817371
2.232218655, 2.232834512
2.242218643, 2.242860571
2.252218641, 2.252892774
2.262218655, 2.262939993
2.272218655, 2.272722716
2.282218663, 2.282721504
2.292218643, 2.292738328
2.302218655, 2.303005978
2.312218667, 2.313050193
2.322218662, 2.322858778
2.332218656, 2.332764353
2.342218657, 2.342868114
2.352218641, 2.352856528
2.362218646, 2.363184139
2.372218663, 2.372649699
2.382218646, 2.382869028
2.392218660, 2.393110726
2.402218647, 2.402823486
2.412218647, 2.412823829
2.422218643, 2.423013309
2.432218657, 2.432860549
2.442218648, 2.443213985
2.452218660, 2.452695001
2.462218657, 2.462744804
2.472218662, 2.472808669
2.482218643, 2.483084430
2.492218650, 2.492697371
2.502218662, 2.503117677
2.512218641, 2.512899013
2.522218661, 2.523038838
2.532218663, 2.532892764
2.542218646, 2.543057954
2.552218656, 2.552935150
2.562218660, 2.562709936
2.572218652, 2.572763668
2.582218657, 2.582558727
2.592218656, 2.593009969
2.602219340, 2.603109028
2.612218648, 2.612861811
2.622218645, 2.622994727
2.632218830, 2.632739677
2.642218660, 2.642868521
2.652218647, 2.652778341
2.662218660, 2.663016950
2.672218663, 2.672899343
2.682218640, 2.683012454
2.692218647, 2.692916067
2.702218657, 2.702831217
2.712218663, 2.712890220
2.722218665, 2.723058064
2.732218660, 2.732789112
2.742218662, 2.742962999
2.752218641, 2.752967353
2.762218657, 2.762609531
2.772218643, 2.772719775
2.782218660, 2.783119556
2.792218645, 2.792788579
2.802218657, 2.802761430
2.812218660, 2.812589959
2.822218645, 2.823008521
2.832218647, 2.833172908
2.842218656, 2.842901341
2.852218670, 2.853014872
2.862218641, 2.863041354
2.872218647, 2.872627753
2.882218660, 2.883025472
2.892218666, 2.892906297
2.902218662, 2.902863476
2.912218662, 2.912883984
2.922218662, 2.922744449
2.932218660, 2.932568964
2.942218650, 2.943086950
2.952218662, 2.953099857
2.962218660, 2.962725258
2.972218657, 2.972820212
2.982218660, 2.982713076
2.992218663, 2.992928086
3.002218652, 3.003175502
3.012218650, 3.012811338
3.022218641, 3.022833253
3.032218656, 3.032948021
3.042218656, 3.043150627
3.052218648, 3.053045592
3.062218646, 3.063075370
3.072218655, 3.072788066
3.082218661, 3.082850237
3.092218648, 3.092789907
3.102218642, 3.102752588
3.112218648, 3.112792586
3.122218657, 3.123051675
3.132218650, 3.132904458
3.142218645, 3.143125246
3.152218641, 3.152856315
3.162218647, 3.163041962
3.172218647, 3.172982442
3.182218656, 3.182836407
3.192218655, 3.192902780
3.202218657, 3.203013839
3.212218650, 3.212719931
3.222218663, 3.222910959
3.232218643, 3.232989133
3.242218643, 3.242814735
3.252218643, 3.252671428
3.262218646, 3.262995801
3.272218643, 3.273018950
3.282218902, 3.282767047
3.292218642, 3.292892774
3.302218646, 3.303014476
3.312218660, 3.312782616
3.322218643, 3.322954321
3.332218657, 3.332815628
3.342218650, 3.342722178
3.352218648, 3.352992260
3.362218653, 3.362791125
3.372218658, 3.372629888
3.382218642, 3.382892853
3.392218642, 3.392786081
3.402218660, 3.402822056
3.412218660, 3.412791586
3.422218667, 3.422906638
3.432218650, 3.433058909
3.442218657, 3.442862059
3.452218661, 3.452541209
3.462218655, 3.462999035
3.472222225, 3.472894883
3.482218663, 3.482845803
3.492218663, 3.492917247
3.502218660, 3.503090362
3.512218643, 3.512888484
3.522218660, 3.522517375
3.532218665, 3.532955331
3.542218647, 3.542859075
3.552218647, 3.552901457
3.562218658, 3.563132656
3.572218643, 3.572907760
3.582218642, 3.582618321
3.592218661, 3.592908190
3.602218657, 3.602795756
3.612218647, 3.612964688
3.622218662, 3.623055732
3.632218645, 3.633247061
3.642218663, 3.642553173
3.652218646, 3.652995335
3.662218651, 3.662938493
3.672218661, 3.672794818
3.682218648, 3.682927540
3.692218650, 3.692789711
3.702218642, 3.703076388
3.712218657, 3.712966994
3.722218645, 3.722752010
3.732218642, 3.733068646
3.742218645, 3.742671543
3.752218667, 3.753173577
3.762218656, 3.762871104
3.772218660, 3.772857565
3.782218650, 3.783155318
3.792218642, 3.792799751
3.802218647, 3.802947969
3.812218662, 3.812793992
3.822218643, 3.823212001
3.832218650, 3.832967412
3.842218663, 3.843080095
3.852218642, 3.852672757
3.862218647, 3.862869504
3.872218661, 3.872852233
3.882218661, 3.882898727
3.892218646, 3.892637988
3.902218660, 3.903042286
3.912218662, 3.912882028
3.922218663, 3.922891299
3.932218663, 3.932632501
3.942218662, 3.943007950
3.952218660, 3.952837154
3.962218663, 3.962898199
3.972218646, 3.973058901
3.982218641, 3.983160949
3.992218645, 3.992612320
4.002218658, 4.002954143
4.012218643, 4.012836476
4.022218662, 4.022993234
4.032218663, 4.032625951
4.042218658, 4.043014102
4.052218641, 4.052796908
4.062218645, 4.062836424
4.072218660, 4.072701927
4.082218658, 4.082841141
4.092218648, 4.092830986
4.102218658, 4.103058528
4.112218646, 4.113130136
4.122218648, 4.122824662
4.132218656, 4.133108601
4.142244908, 4.142880571
4.152218641, 4.152764498
4.162218660, 4.162986275
4.172229380, 4.172982058
4.182218655, 4.183102087
4.192218641, 4.193064297
4.202218641, 4.203002534
4.212218643, 4.212807413
4.222218641, 4.222802797
4.232218645, 4.232996928
4.242218646, 4.242742026
4.252218645, 4.252978187
4.262218645, 4.262585145
4.272218647, 4.273090266
4.282218642, 4.282849195
4.292218647, 4.293132829
4.302218645, 4.302727080
4.312218643, 4.312842487
4.322218640, 4.322478193
4.332218645, 4.332947964
4.342218645, 4.342915838
4.352218641, 4.353205083
4.362218645, 4.363018823
4.372218641, 4.372906864
4.382218643, 4.382776950
4.392218642, 4.392988274
4.402218647, 4.402821237
4.412218637, 4.412973422
4.422218643, 4.422909941
4.432218643, 4.432807830
4.442218640, 4.442806981
4.452218637, 4.452747022
4.462218642, 4.462966224
4.472218650, 4.472903782
4.482218656, 4.483112167
4.492218648, 4.493038848
4.502218647, 4.502872456
4.512218645, 4.512993192
4.522218650, 4.522928459
4.532218666, 4.532733150
4.542218663, 4.542854526
4.552218645, 4.552911867
4.562218648, 4.563029917
4.572218645, 4.572921463
4.582218661, 4.582704798
4.592218647, 4.593064033
4.602218640, 4.602705662
4.612218645, 4.612650578
4.622218643, 4.622902307
4.632218658, 4.632805590
4.642218648, 4.642900486
4.652218646, 4.652877177
4.662218652, 4.663171224
4.672218643, 4.672931414
4.682218638, 4.682442099
4.692220603, 4.693036507
4.702218655, 4.702858013
4.712218645, 4.712827255
4.722218641, 4.722817388
4.732218648, 4.732831035
4.742218650, 4.742915412
4.752218645, 4.752995788
4.762218645, 4.763112722
4.772218643, 4.773187181
4.782218640, 4.782613931
4.792218658, 4.792911680
4.802218655, 4.803034258
4.812218643, 4.812927822
4.822218650, 4.822955170
4.832218645, 4.832764954
4.842218645, 4.842900638
4.852218642, 4.852796917
4.862218648, 4.862785440
4.872218643, 4.872888402
4.882218662, 4.883036788
4.892218641, 4.892845875
4.902218643, 4.902934658
4.912218647, 4.913053469
4.922218660, 4.922802555
4.932218650, 4.932640701
4.942218643, 4.943148872
4.952218660, 4.952674790
4.962218645, 4.962810311
4.972218662, 4.972660485
4.982218660, 4.983086311
4.992218650, 4.992826933
5.002218650, 5.002893478
5.012218648, 5.012926435
5.022218647, 5.022789711
5.032218642, 5.033019216
5.042218658, 5.042939191
5.052218645, 5.052865587
5.062218650, 5.062876089
5.072218650, 5.072906662
5.082218642, 5.083085995
5.092218650, 5.092912979
5.102218648, 5.102938966
5.112218643, 5.112864032
5.122218645, 5.122963961
5.132218647, 5.132556333
5.142218646, 5.143116340
5.152218647, 5.153161023
5.162218653, 5.162928203
5.172218648, 5.172907667
5.182218643, 5.182856674
5.192218645, 5.192967167
5.202218660, 5.202996315
5.212228299, 5.213207766
5.222218657, 5.223049248
5.232218648, 5.232991946
5.242218642, 5.242817569
5.252218657, 5.252840662
5.262218648, 5.263111760
5.272218645, 5.272997685
5.282218646, 5.283010339
5.292218651, 5.292839306
5.302218640, 5.302748225
5.312218646, 5.312888903
5.322218658, 5.323132066
5.332218641, 5.332937954
5.342218648, 5.342781973
5.352218643, 5.352912400
5.362218641, 5.363014115
5.372218645, 5.373049751
5.382218647, 5.383070690
5.392218648, 5.393197724
5.402218648, 5.402737612
5.412218643, 5.412821098
5.422218640, 5.422797370
5.432218645, 5.433215074
5.442218640, 5.443097459
5.452218645, 5.452890354
5.462218646, 5.462895401
5.472218652, 5.472667469
5.482218652, 5.482812689
5.492218645, 5.492930388
5.502218662, 5.502915838
5.512218648, 5.513010792
5.522218643, 5.522648845
5.532218648, 5.532804980
5.542218660, 5.542890007
5.552218648, 5.552989454
5.562218647, 5.562959884
5.572218650, 5.572793864
5.582218645, 5.582814747
5.592218645, 5.592896158
5.602218656, 5.602874649
5.612218647, 5.612922158
5.622218648, 5.622890574
5.632218647, 5.633051145
5.642218648, 5.643098906
5.652218643, 5.652983383
5.662218647, 5.663136131
5.672218642, 5.672961949
5.682218647, 5.682939455
5.692218650, 5.693044350
5.702218651, 5.703048850
5.712218643, 5.713024128
5.722218648, 5.723086770
5.732218645, 5.732773326
5.742218650, 5.742949404
5.752218646, 5.752969375
5.762218645, 5.762731738
5.772218641, 5.772945467
5.782218645, 5.783010713
5.792218645, 5.793055613
5.802218651, 5.802838285
5.812218641, 5.812662273
5.822218648, 5.822669633
5.832218651, 5.832770396
5.842218657, 5.843015720
5.852218647, 5.852899602
5.862218646, 5.863102757
5.872218642, 5.872781797
5.882218642, 5.883092664
5.892218641, 5.892699542
5.902218638, 5.902886608
5.912218651, 5.912972016
5.922218652, 5.923091670
5.932218641, 5.932784771
5.942218647, 5.943006639
5.952218646, 5.952864582
5.962218645, 5.963079863
5.972218648, 5.973064110
5.982218662, 5.983069387
5.992218643, 5.992867296
6.002218646, 6.002624855
6.012218642, 6.012703125
6.022218662, 6.023070225
6.032218648, 6.032874387
6.042218641, 6.042952871
6.052218643, 6.052849440
6.062218647, 6.062903432
6.072218643, 6.073075267
6.082220766, 6.083049393
6.092218642, 6.092703375
6.102218646, 6.102858340
6.112218648, 6.112970215
6.122218643, 6.122817749
6.132218642, 6.132830090
6.142227451, 6.142864156
6.152218645, 6.152890228
6.162218643, 6.162846799
6.172218647, 6.172807679
6.182218643, 6.182824874
6.192218650, 6.193008773
6.202218648, 6.202664192
6.212218651, 6.212540172
6.222218651, 6.222970175
6.232218645, 6.232984585
6.242218642, 6.243126014
6.252218645, 6.252973452
6.262218645, 6.263105244
6.272218651, 6.272661579
6.282218642, 6.282902837
6.292220599, 6.292750676
6.302218646, 6.302833179
6.312219294, 6.313041793
6.322218646, 6.322905390
6.332218643, 6.332493241
6.342218643, 6.342979381
6.352218651, 6.352930602
6.362218656, 6.363099958
6.372218651, 6.373119612
6.382218647, 6.382866336
6.392218648, 6.393003057
6.402218645, 6.403063123
6.412218643, 6.412644906
6.422218651, 6.422969316
6.432218648, 6.432809236
6.442218660, 6.443140105
6.452218643, 6.452821255
6.462218646, 6.462752054
6.472218647, 6.472785533
6.482218645, 6.482992083
6.492218656, 6.492935529
6.502218648, 6.502768506
6.512218648, 6.512917576
6.522218650, 6.522887222
6.532218648, 6.532775940
6.542218643, 6.542969013
6.552218641, 6.552908277
6.562218656, 6.562876268
6.572218645, 6.572835594
6.582218646, 6.582997143
6.592218642, 6.592789621
6.602218646, 6.603002467
6.612218643, 6.612910602
6.622218647, 6.622742237
6.632218646, 6.633079206
6.642218662, 6.642911191
6.652222146, 6.652864819
6.662218643, 6.662906830
6.672218647, 6.672819598
6.682218645, 6.682967815
6.692218642, 6.692788206
6.702218656, 6.702874818
6.712218646, 6.713043633
6.722218648, 6.722732527
6.732218650, 6.733007768
6.742218656, 6.743100973
6.752218643, 6.752963010
6.762218641, 6.762879805
6.772218643, 6.772718558
6.782218650, 6.782950751
6.792218647, 6.792860219
6.802218646, 6.802948995
6.812218646, 6.813038114
6.822218643, 6.822804083
6.832218646, 6.833009232
6.842218643, 6.843033702
6.852218643, 6.853085497
6.862218647, 6.862887116
6.872218647, 6.872926295
6.882221172, 6.882697560
6.892218650, 6.892839805
6.902218643, 6.903000660
6.912218646, 6.912680673
6.922218642, 6.922806316
6.932218648, 6.932996765
6.942218647, 6.943019943
6.952218647, 6.952898829
6.962218642, 6.962831660
6.972218650, 6.972938728
6.982218650, 6.982958010
6.992218646, 6.992853510
7.002218641, 7.002733170
7.012218645, 7.012883329
7.022218650, 7.022923681
7.032218648, 7.032922736
7.042218641, 7.042670193
7.052218643, 7.052761997
7.062218645, 7.063066553
7.072218647, 7.072798340
7.082218643, 7.082928385
7.092218647, 7.092903488
7.102218647, 7.102590807
7.112218646, 7.113000494
7.122218646, 7.123215449
7.132218645, 7.132613163
7.142218645, 7.143151656
7.152218660, 7.152770031
7.162218660, 7.163026875
7.172218651, 7.173071505
7.182218650, 7.182934600
7.192218643, 7.192838768
7.202218647, 7.203030622
7.212218643, 7.212706725
7.222218646, 7.222868810
7.232218646, 7.233023188
7.242218648, 7.243028704
7.252218650, 7.252819035
7.262218646, 7.263101468
7.272218645, 7.272820412
7.282218647, 7.283111518
7.292218648, 7.293045846
7.302218645, 7.302667627
7.312218652, 7.313087891
7.322218658, 7.322987316
7.332218651, 7.333042853
7.342218647, 7.343095825
7.352218650, 7.353145208
7.362218648, 7.362763146
7.372224692, 7.372751477
7.382218645, 7.382905873
7.392218650, 7.393068956
7.402218646, 7.402705943
7.412218647, 7.412648114
7.422218655, 7.422907663
7.432218647, 7.433013852
7.442218646, 7.442981318
7.452218643, 7.453000838
7.462218643, 7.462830227
7.472218647, 7.473096564
7.482218643, 7.483016473
7.492218645, 7.492708199
7.502218650, 7.502699055
7.512218648, 7.512828958
7.522218645, 7.523013833
7.532219355, 7.532773182
7.542218648, 7.542794774
7.552218661, 7.552949914
7.562218660, 7.562931011
7.572218645, 7.572666529
7.582218645, 7.583002539
7.592218645, 7.592655039
7.602218642, 7.602949957
7.612218648, 7.612829311
7.622218646, 7.623066691
7.632218647, 7.633167937
7.642218651, 7.642925647
7.652218647, 7.652973208
7.662225816, 7.663096894
7.672218650, 7.672870880
7.682218645, 7.682566239
7.692218661, 7.692718929
7.702218645, 7.702617163
7.712218662, 7.713019068
7.722218662, 7.722905841
7.732218661, 7.732828850
7.742218658, 7.743016571
7.752218646, 7.752920709
7.762218650, 7.763114009
7.772218645, 7.772872937
7.782218655, 7.782682774
7.792218651, 7.793158678
7.802218650, 7.802820803
7.812218651, 7.812904553
7.822218651, 7.822865171
7.832218643, 7.832834232
7.842218646, 7.842943886
7.852218643, 7.853045210
7.862218643, 7.862877853
7.872224162, 7.873182666
7.882229152, 7.882977891
7.892218650, 7.892800470
7.902218668, 7.902932214
7.912218645, 7.912780222
7.922218645, 7.922467655
7.932218646, 7.933020179
7.942218645, 7.942952213
7.952218650, 7.952738014
7.962224590, 7.962953656
7.972218660, 7.973020619
7.982218643, 7.983011724
7.992218648, 7.992923088
8.002218643, 8.003013319
8.012218641, 8.012677437
8.022218648, 8.022960429
8.032218647, 8.032958739
8.042218645, 8.042548240
8.052218648, 8.052959982
8.062218830, 8.062933689
8.072218648, 8.072453372
8.082218643, 8.082771145
8.092218653, 8.092897509
8.102218646, 8.103050967
8.112218661, 8.112969519
8.122218661, 8.123031757
8.132218660, 8.132766356
8.142218662, 8.143119275
8.152218645, 8.152814974
8.162218648, 8.162878885
8.172218650, 8.173061044
8.182218645, 8.182629474
8.192218642, 8.192784519
8.202218643, 8.202939836
8.212218645, 8.213014494
8.222218642, 8.222986090
8.232218647, 8.233044122
8.242218647, 8.242736493
8.252218641, 8.252897877
8.262218643, 8.263026810
8.272218660, 8.273087824
8.282218642, 8.282716535
8.292218645, 8.293017551
8.302218646, 8.303016113
8.312218647, 8.312852775
8.322218657, 8.322835882
8.332218647, 8.332993362
8.342218646, 8.343055657
8.352218645, 8.352882840
8.362218657, 8.362992162
8.372226952, 8.373120630
8.382218642, 8.382779342
8.392218650, 8.393044037
8.402218648, 8.403034821
8.412218643, 8.412825864
8.422218642, 8.422926558
8.432218657, 8.432683527
8.442218650, 8.442836892
8.452218643, 8.453028422
8.462218646, 8.462967927
8.472218645, 8.472914876
8.482218648, 8.482884927
8.492218658, 8.492736407
8.502218647, 8.502886289
8.512218651, 8.512944868
8.522218657, 8.523030364
8.532218657, 8.532920120
8.542218652, 8.542885351
8.552218645, 8.552938825
8.562218648, 8.562564718
8.572218641, 8.572911827
8.582218652, 8.582902202
8.592218655, 8.592824863
8.602218645, 8.603086910
8.612218648, 8.613019188
8.622218653, 8.623060525
8.632218662, 8.632918265
8.642223490, 8.643195999
8.652218643, 8.652988314
8.662218647, 8.662670456
8.672218646, 8.672800074
8.682218655, 8.682958361
8.692218651, 8.693044797
8.702218645, 8.703028378
8.712218658, 8.712970111
8.722218646, 8.723039546
8.732218648, 8.733021290
8.742218642, 8.743112077
8.752218648, 8.753072547
8.762218648, 8.763072616
8.772218647, 8.772881203
8.782218645, 8.783061718
8.792218650, 8.792808713
8.802218646, 8.802938029
8.812218643, 8.812911500
8.822218646, 8.823104099
8.832218646, 8.832675030
8.842218646, 8.842705990
8.852218648, 8.852785787
8.862218647, 8.862910428
8.872218645, 8.872896350
8.882218657, 8.882932855
8.892218646, 8.892877568
8.902218638, 8.902909388
8.912218647, 8.912417002
8.922218647, 8.923082156
8.932218645, 8.932837339
8.942218648, 8.942733104
8.952218661, 8.952743655
8.962218658, 8.962889888
8.972218648, 8.972987895
8.982218643, 8.982873357
8.992218655, 8.992977048
9.002218647, 9.002596729
9.012218648, 9.012803256
9.022218657, 9.022856054
9.032218642, 9.033006274
9.042218650, 9.042949757
9.052218646, 9.053104053
9.062218658, 9.062966395
9.072218661, 9.072984612
9.082218658, 9.083037204
9.092218658, 9.092961212
9.102218647, 9.102881697
9.112218647, 9.112833444
9.122218662, 9.123051027
9.132218647, 9.132584188
9.142218646, 9.142982638
9.152218645, 9.152956106
9.162218658, 9.163050341
9.172218647, 9.172900174
9.182218645, 9.182867239
9.192218643, 9.193010362
9.202218655, 9.202866041
9.212218661, 9.212865051
9.222218666, 9.222807723
9.232218655, 9.232981175
9.242218662, 9.242663735
9.252218704, 9.253215949
9.262218656, 9.262554739
9.272218656, 9.272899103
9.282218657, 9.282986796
9.292218651, 9.292911172
9.302218660, 9.302597576
9.312218645, 9.312873368
9.322218662, 9.323138009
9.332218662, 9.332847007
9.342218647, 9.342816512
9.352218657, 9.352899670
9.362218650, 9.362942576
9.372218660, 9.372907580
9.382218656, 9.382972799
9.392218645, 9.392941326
9.402218653, 9.403027504
9.412218663, 9.412903684
9.422218658, 9.422855530
9.432218662, 9.433068624
9.442218660, 9.442786244
9.452218647, 9.452907156
9.462218658, 9.462944850
9.472218642, 9.472793489
9.482218647, 9.482968657
9.492218647, 9.492931925
9.502218645, 9.503054820
9.512218645, 9.512822967
9.522218646, 9.522956821
9.532218646, 9.532893972
9.542218642, 9.542740391
9.552218657, 9.552662630
9.562218662, 9.562989087
9.572218660, 9.572774370
9.582218658, 9.582983488
9.592218657, 9.592627529
9.602218662, 9.603064759
9.612218662, 9.612911454
9.622218663, 9.623115536
9.632218658, 9.633021331
9.642218658, 9.642715839
9.652218657, 9.652920259
9.662218657, 9.663194507
9.672218663, 9.672995876
9.682218662, 9.683013781
9.692218648, 9.693000337
9.702218650, 9.703151125
9.712218655, 9.712738749
9.722218650, 9.723018935
9.732218646, 9.733038966
9.742218647, 9.742904183
9.752218661, 9.752966746
9.762219185, 9.762747777
9.772218643, 9.772948959
9.782218657, 9.783104486
9.792218643, 9.792846341
9.802218660, 9.802918367
9.812218665, 9.812976656
9.822227718, 9.822962380
9.832218655, 9.832765057
9.842218658, 9.843006756
9.852230184, 9.853170827
9.862218660, 9.862777004
9.872218660, 9.872843061
9.882218650, 9.883053493
9.892218660, 9.893154278
9.902218646, 9.902717534
9.912218660, 9.912839938
9.922218657, 9.922860009
9.932218643, 9.932713957
9.942218657, 9.942652929
9.952218658, 9.953140509
9.962218658, 9.963182078
9.972218661, 9.972910875
9.982218655, 9.983140866
9.992218642, 9.992819692
10.002222050, 10.002880242
10.012218648, 10.012992598
10.022218663, 10.022719473
10.032218643, 10.032920196
10.042218650, 10.043024594
10.052218645, 10.052936874
10.062221829, 10.062797567
10.072218658, 10.072973686
10.082218657, 10.082941660
10.092219294, 10.092915678
10.102218663, 10.102977552
10.112218660, 10.112661625
10.122218652, 10.122815517
10.132218657, 10.133021736
10.142218657, 10.143000202
10.152218641, 10.152882607
10.162218662, 10.163031704
10.172218643, 10.172867404
10.182218641, 10.182820610
10.192218657, 10.192953995
10.202218642, 10.203170682
10.212218645, 10.212744372
10.222218661, 10.222549113
10.232218668, 10.232637754
10.242218658, 10.243034191
10.252218648, 10.252896333
10.262218665, 10.263168376
10.272218643, 10.272850902
10.282218647, 10.283119244
10.292218658, 10.292735534
10.302218663, 10.302800459
10.312218645, 10.313128937
10.322218655, 10.323059426
10.332218646, 10.333028200
10.342218647, 10.342773854
10.352218660, 10.352869088
10.362218646, 10.362975174
10.372218645, 10.372756790
10.382218643, 10.382824134
10.392218658, 10.392997019
10.402218656, 10.403066027
10.412218650, 10.412850228
10.422218662, 10.423023089
10.432218661, 10.433051669
10.442218656, 10.442780041
10.452218657, 10.452928792
10.462218660, 10.463025866
10.472218657, 10.472993613
10.482218662, 10.482940629
10.492218661, 10.493169815
10.502218665, 10.503248311
10.512218660, 10.512867965
10.522218645, 10.522985714
10.532218645, 10.532853453
10.542218643, 10.543106763
10.552218640, 10.552938820
10.562218642, 10.563247916
10.572218647, 10.572758727
10.582229349, 10.582884069
10.592218648, 10.592606095
10.602218642, 10.602669172
10.612218648, 10.612936790
10.622218648, 10.622860710
10.632218646, 10.633114247
10.642218647, 10.642730068
10.652218642, 10.652698943
10.662218645, 10.663046886
10.672218642, 10.672781042
10.682218646, 10.683010037
10.692218645, 10.692867146
10.702218640, 10.703019100
10.712218642, 10.713018230
10.722218641, 10.722978558
10.732218642, 10.733066863
10.742218643, 10.742785812
10.752218642, 10.752600584
10.762218645, 10.762855602
10.772218641, 10.772715216
10.782218640, 10.782684219
10.792218645, 10.792729982
10.802218641, 10.802844846
10.812218640, 10.812999190
10.822218640, 10.822865281
10.832218646, 10.832749167
10.842218655, 10.842867100
10.852218663, 10.853019387
10.862218662, 10.862859760
10.872218657, 10.872934687
10.882218666, 10.882943711
10.892218651, 10.893014483
10.902218651, 10.902860913
10.912218663, 10.912919839
10.922218642, 10.922666732
10.932218643, 10.932893559
10.942218663, 10.942514682
10.952218663, 10.953000293
10.962218660, 10.963061566
10.972218647, 10.973069221
10.982218650, 10.982766667
10.992218646, 10.992786413
11.002218648, 11.003000152
11.012229174, 11.013144410
11.022218648, 11.022928227
11.032218648, 11.032957119
11.042218642, 11.043033115
11.052218641, 11.053178128
11.062218660, 11.062890852
11.072218657, 11.073033360
11.082218640, 11.082709018
11.092218650, 11.092896033
11.102218658, 11.102855697
11.112218643, 11.112927625
11.122218647, 11.122795311
11.132218647, 11.132731522
11.142218642, 11.142988767
11.152218643, 11.152977104
11.162218647, 11.162961682
11.172218641, 11.172706249
11.182218646, 11.182794960
11.192218646, 11.192828406
11.202218640, 11.202654825
11.212218646, 11.212934016
11.222218640, 11.222973627
11.232218661, 11.232713382
11.242218643, 11.243020886
11.252218645, 11.252870391
11.262218643, 11.262960154
11.272218643, 11.272748792
11.282218642, 11.282902823
11.292218645, 11.293129682
11.302218640, 11.302906997
11.312218645, 11.313095036
11.322218640, 11.322651637
11.332218641, 11.332933139
11.342218638, 11.342879051
11.352218641, 11.352878659
11.362218645, 11.362917497
11.372218651, 11.372878543
11.382218637, 11.382818610
11.392218646, 11.392562222
11.402218645, 11.403000365
11.412218641, 11.412844675
11.422218658, 11.422862343
11.432218660, 11.433018885
11.442218657, 11.442746522
11.452218642, 11.452916555
11.462218646, 11.462823139
11.472218663, 11.473003181
11.482218665, 11.482855389
11.492218647, 11.492632879
11.502218642, 11.502610972
11.512218658, 11.512876279
11.522218642, 11.523092741
11.532218657, 11.532649489
11.542218653, 11.542843220
11.552218646, 11.552935775
11.562218647, 11.562630949
11.572218643, 11.572814761
11.582218656, 11.582996479
11.592218663, 11.592748060
11.602218646, 11.602821212
11.612218645, 11.612951185
11.622218656, 11.622679637
11.632218662, 11.632909405
11.642218643, 11.642865905
11.652218647, 11.652512530
11.662218645, 11.663089197
11.672218647, 11.672761876
11.682218642, 11.682590528
11.692218658, 11.692790402
11.702218646, 11.702993798
11.712218650, 11.712839034
11.722218660, 11.722926877
11.732218647, 11.732686595
11.742218655, 11.742785984
11.752218655, 11.753078693
11.762218657, 11.762996756
11.772218660, 11.772974732
11.782218660, 11.782951401
11.792218657, 11.793006555
11.802218648, 11.802925584
11.812218651, 11.812968311
11.822218642, 11.822975234
11.832224469, 11.832534624
11.842218640, 11.842955192
11.852218657, 11.852759336
11.862218657, 11.862672646
11.872218648, 11.872909845
11.882218647, 11.882596813
11.892218643, 11.893049635
11.902218657, 11.902872236
11.912218657, 11.912689082
11.922218662, 11.923079620
11.932218660, 11.932910258
11.942218660, 11.942893962
11.952218656, 11.952949920
11.962218665, 11.962915384
11.972218647, 11.972991532
11.982218650, 11.983113874
11.992218648, 11.992846870
12.002218645, 12.002850075
12.012218658, 12.013004634
12.022218657, 12.023093656
12.032218640, 12.032803369
12.042218646, 12.043012433
12.052218643, 12.052985774
------------------------------
