------------------------------
test was performed using the following parameters: --mps=100 --burst=1 --reply-every=1 --msg-size=14 --time=10
------------------------------
sockperf: [Total Run] RunTime=10.100 sec; SentMessages=1011; ReceivedMessages=1010
sockperf: ========= Printing statistics for Server No: 0
sockperf: [Valid Duration] RunTime=9.990 sec; SentMessages=1000; ReceivedMessages=1000
sockperf: [2;35m====> avg-lat= 50.609 (std-dev=12.830)[0m
sockperf: # dropped messages = 0; # duplicated messages = 0; # out-of-order messages = 0
sockperf: [2;35mTotal 1000 observations[0m; each percentile contains 10.00 observations
sockperf: ---> <MAX> observation =   97.206
sockperf: ---> percentile 99.999 =   97.206
sockperf: ---> percentile 99.990 =   97.206
sockperf: ---> percentile 99.900 =   92.352
sockperf: ---> percentile 99.000 =   85.697
sockperf: ---> percentile 90.000 =   67.742
sockperf: ---> percentile 75.000 =   58.332
sockperf: ---> percentile 50.000 =   49.748
sockperf: ---> percentile 25.000 =   38.860
sockperf: ---> <MIN> observation =   30.432
------------------------------
txTime, rxTime
2.061818858, 2.061923996
2.071817199, 2.071913892
2.081817200, 2.081921240
2.091817192, 2.091980708
2.101817194, 2.101903215
2.111817191, 2.111925514
2.121817202, 2.121928650
2.131817179, 2.131900361
2.141817192, 2.141932946
2.151817194, 2.151909012
2.161817181, 2.161966300
2.171817192, 2.171902563
2.181817194, 2.181899470
2.191817195, 2.191891967
2.201817199, 2.201953796
2.211817210, 2.211900311
2.221817204, 2.221914452
2.231817197, 2.231915650
2.241817199, 2.241894777
2.251817194, 2.251924879
2.261817209, 2.261932281
2.271817194, 2.271925905
2.281817182, 2.281898793
2.291817195, 2.291905653
2.301817176, 2.301968011
2.311817201, 2.311924287
2.321817217, 2.321892219
2.331817179, 2.331959784
2.341817200, 2.341928510
2.351817200, 2.351902901
2.361817177, 2.361894148
2.371817191, 2.371950573
2.381817192, 2.381901856
2.391817195, 2.391899832
2.401817200, 2.401894815
2.411817204, 2.411942650
2.421817184, 2.421903494
2.431817177, 2.431903243
2.441817179, 2.441887783
2.451817176, 2.451902674
2.461817175, 2.461886911
2.471817180, 2.471922358
2.481817210, 2.481924926
2.491817176, 2.491948775
2.501817180, 2.501923251
2.511817184, 2.511988110
2.521817180, 2.521928882
2.531817191, 2.531909830
2.541817187, 2.541974072
2.551817181, 2.551943293
2.561817184, 2.561971900
2.571817189, 2.571926882
2.581817202, 2.581925093
2.591817205, 2.591913351
2.601817194, 2.601923991
2.611817197, 2.611925509
2.621817192, 2.622011605
2.631817184, 2.631938043
2.641817180, 2.641882125
2.651817181, 2.651880904
2.661817185, 2.661891656
2.671817185, 2.671903307
2.681817195, 2.681903825
2.691817180, 2.691937748
2.701817175, 2.701887166
2.711817194, 2.711883882
2.721817190, 2.721880273
2.731817196, 2.731926404
2.741817176, 2.741910679
2.751817187, 2.751909325
2.761817191, 2.761891990
2.771817186, 2.771912284
2.781817186, 2.781900531
2.791817192, 2.791926293
2.801817177, 2.801894418
2.811817187, 2.811894497
2.821817191, 2.821903005
2.831817200, 2.831891680
2.841817187, 2.841996341
2.851817176, 2.851948734
2.861817172, 2.861947670
2.871817179, 2.871956386
2.881817187, 2.881913269
2.891817185, 2.891923766
2.901817175, 2.901881402
2.911817175, 2.911885813
2.921817185, 2.921921403
2.931817180, 2.931894433
2.941817184, 2.941913980
2.951817182, 2.951944165
2.961817194, 2.961961206
2.971817175, 2.971920569
2.981817184, 2.981914337
2.991817181, 2.991928108
3.001817197, 3.001905300
3.011817189, 3.011931064
3.021817179, 3.021890191
3.031817181, 3.031882975
3.041817181, 3.041881533
3.051817177, 3.051910301
3.061817182, 3.061956068
3.071817182, 3.071893073
3.081817182, 3.081934965
3.091817179, 3.091930990
3.101817180, 3.101942154
3.111817182, 3.111897609
3.121817189, 3.121911401
3.131817186, 3.131919820
3.141817177, 3.141935463
3.151817184, 3.151936136
3.161817181, 3.161934910
3.171817181, 3.171889885
3.181817184, 3.181910142
3.191817180, 3.191906597
3.201817169, 3.201907548
3.211817185, 3.211938092
3.221817172, 3.221890560
3.231817185, 3.231955695
3.241817185, 3.241961072
3.251817180, 3.251946582
3.261817182, 3.261947783
3.271817177, 3.271938272
3.281817180, 3.281888022
3.291817176, 3.291915996
3.301817175, 3.301936893
3.311817180, 3.311906766
3.321817179, 3.321944778
3.331817179, 3.331920376
3.341817182, 3.341901922
3.351817182, 3.351918374
3.361817184, 3.361888077
3.371817180, 3.371917989
3.381817180, 3.381893091
3.391817179, 3.391920507
3.401817182, 3.401889190
3.411817175, 3.411952661
3.421817182, 3.421919402
3.431817174, 3.431904816
3.441817191, 3.441945958
3.451817201, 3.451889773
3.461817207, 3.461939679
3.471817197, 3.471904045
3.481817205, 3.481933037
3.491817189, 3.491957250
3.501817192, 3.501959234
3.511817214, 3.511913195
3.521817171, 3.521927880
3.531817182, 3.531928951
3.541817176, 3.541903195
3.551817196, 3.551935582
3.561817209, 3.561909641
3.571817172, 3.571924430
3.581817206, 3.581910317
3.591817195, 3.591913856
3.601817177, 3.601886446
3.611817197, 3.611935083
3.621817189, 3.621931043
3.631817201, 3.631887349
3.641817189, 3.641890418
3.651817204, 3.651897717
3.661817177, 3.661928852
3.671817176, 3.671917897
3.681817209, 3.681928801
3.691817192, 3.691933968
3.701817191, 3.701898138
3.711817175, 3.711909643
3.721817200, 3.721907960
3.731817195, 3.731925207
3.741817204, 3.741890452
3.751817196, 3.751907678
3.761817197, 3.761913866
3.771817176, 3.771900597
3.781817202, 3.781930597
3.791817184, 3.791915799
3.801817199, 3.801891518
3.811817181, 3.811951223
3.821817212, 3.821912355
3.831817199, 3.831942392
3.841817177, 3.841915332
3.851817225, 3.851924499
3.861817212, 3.861904342
3.871817206, 3.871915290
3.881817202, 3.881942653
3.891817177, 3.891904236
3.901817202, 3.901937667
3.911817177, 3.911921969
3.921817197, 3.921905692
3.931817192, 3.931901112
3.941817175, 3.941889368
3.951817182, 3.951990443
3.961817179, 3.961927030
3.971817179, 3.971897482
3.981817210, 3.981947885
3.991817190, 3.991941555
4.001825011, 4.001968164
4.011817205, 4.011899881
4.021839702, 4.021977865
4.031817190, 4.031890627
4.041817192, 4.041928170
4.051817195, 4.051915125
4.061817196, 4.061915733
4.071817194, 4.071879456
4.081817192, 4.081972460
4.091817196, 4.091913050
4.101817197, 4.101960621
4.111817196, 4.111879028
4.121822542, 4.121994249
4.131817195, 4.131935031
4.141817195, 4.141908770
4.151817194, 4.151879072
4.161817199, 4.161881117
4.171817195, 4.171934031
4.181817196, 4.181889100
4.191818402, 4.191932964
4.201817194, 4.201978157
4.211817194, 4.211919942
4.221817194, 4.221909075
4.231817190, 4.231953874
4.241817189, 4.241892832
4.251818983, 4.251996111
4.261817923, 4.261918243
4.271817177, 4.271900297
4.281817197, 4.281923753
4.291817192, 4.291922349
4.301817194, 4.301884258
4.311817194, 4.311948201
4.321817190, 4.321878911
4.331817196, 4.331911073
4.341817196, 4.341935168
4.351817202, 4.351907320
4.361826595, 4.361903010
4.371817192, 4.371914739
4.381817191, 4.381917488
4.391817194, 4.391987755
4.401817190, 4.401920628
4.411817200, 4.411933729
4.421817195, 4.421911358
4.431817195, 4.431884120
4.441817197, 4.441905712
4.451817195, 4.451881894
4.461817501, 4.461942749
4.471818710, 4.471952584
4.481817199, 4.481881538
4.491817195, 4.491946373
4.501822895, 4.501913375
4.511817200, 4.511885883
4.521817196, 4.521910505
4.531817192, 4.531918780
4.541817190, 4.541891121
4.551817194, 4.551911558
4.561817195, 4.561950934
4.571817196, 4.571883510
4.581817194, 4.581927336
4.591817191, 4.591932547
4.601817200, 4.601922337
4.611817200, 4.611916548
4.621817195, 4.621915507
4.631817195, 4.631913628
4.641817200, 4.641919273
4.651817200, 4.651929198
4.661817181, 4.661925173
4.671817199, 4.671885284
4.681817200, 4.681946948
4.691817197, 4.691895885
4.701817195, 4.701935712
4.711817191, 4.711913645
4.721817199, 4.721918154
4.731817201, 4.731920127
4.741817200, 4.741912823
4.751817194, 4.751911308
4.761817201, 4.761884470
4.771817194, 4.771904586
4.781817191, 4.781938040
4.791817200, 4.791911089
4.801817190, 4.801893584
4.811817179, 4.811884542
4.821817176, 4.821884749
4.831817184, 4.831913064
4.841817189, 4.841937881
4.851817195, 4.851893131
4.861817197, 4.861945592
4.871817200, 4.871941917
4.881817199, 4.881881505
4.891817196, 4.891885323
4.901817195, 4.901944817
4.911817192, 4.911923731
4.921817182, 4.921910365
4.931817195, 4.931915308
4.941817207, 4.941917580
4.951817182, 4.951933290
4.961823782, 4.961929897
4.971817194, 4.971935242
4.981817200, 4.981919707
4.991817194, 4.991927798
5.001817195, 5.001913175
5.011817192, 5.011928373
5.021817194, 5.021879342
5.031817194, 5.031924540
5.041817199, 5.041925788
5.051817195, 5.051886274
5.061817195, 5.061944663
5.071817196, 5.071880365
5.081817199, 5.081910995
5.091817191, 5.091943814
5.101817192, 5.101882267
5.111817190, 5.111888104
5.121817190, 5.121917169
5.131817195, 5.131899223
5.141817199, 5.141909597
5.151817197, 5.151879123
5.161817195, 5.161880053
5.171817192, 5.171901862
5.181817194, 5.181896236
5.191817190, 5.191909874
5.201817201, 5.201923502
5.211817200, 5.211889992
5.221817200, 5.221927147
5.231817195, 5.231929601
5.241817199, 5.241895931
5.251817190, 5.251932022
5.261817192, 5.261891895
5.271817190, 5.271925345
5.281817192, 5.281908022
5.291817196, 5.291943471
5.301817185, 5.301950034
5.311817192, 5.311878533
5.321817201, 5.321935306
5.331817194, 5.331914252
5.341817194, 5.341916616
5.351817191, 5.351907222
5.361817199, 5.361953240
5.371817200, 5.371979500
5.381817197, 5.381913527
5.391817196, 5.391972233
5.401817889, 5.401903562
5.411817197, 5.411959428
5.421817190, 5.421926836
5.431817190, 5.431927198
5.441817190, 5.441951073
5.451817200, 5.451973036
5.461817200, 5.461901627
5.471817181, 5.471950725
5.481817181, 5.481925539
5.491824934, 5.492002358
5.501817172, 5.501961907
5.511817194, 5.511878058
5.521817185, 5.521971563
5.531817199, 5.531982624
5.541818068, 5.541980146
5.551817191, 5.551924890
5.561817197, 5.561981037
5.571817197, 5.571966428
5.581817185, 5.581966698
5.591817184, 5.591988579
5.601817181, 5.601980391
5.611817184, 5.611905090
5.621817184, 5.621938012
5.631817181, 5.631972457
5.641817180, 5.641919848
5.651817192, 5.651936153
5.661817194, 5.661918129
5.671817192, 5.671951900
5.681817239, 5.681958500
5.691817190, 5.691934598
5.701817195, 5.702001733
5.711817199, 5.711987130
5.721817195, 5.721941356
5.731817195, 5.731935296
5.741817191, 5.741919736
5.751817191, 5.751907509
5.761817199, 5.761944480
5.771817199, 5.771936647
5.781817196, 5.781891695
5.791817199, 5.791916143
5.801817199, 5.801911670
5.811817192, 5.811887561
5.821817189, 5.821919290
5.831817195, 5.831903374
5.841817192, 5.841887110
5.851817200, 5.851889231
5.861817195, 5.861908474
5.871817196, 5.871965319
5.881817197, 5.881912341
5.891817197, 5.891905100
5.901817186, 5.901887688
5.911817192, 5.911894913
5.921817190, 5.921892130
5.931817197, 5.931924890
5.941817195, 5.941918586
5.951817184, 5.951891096
5.961817197, 5.961892576
5.971817187, 5.971892385
5.981817194, 5.981934181
5.991817189, 5.991892863
6.001817195, 6.001914217
6.011817195, 6.011948591
6.021817195, 6.021890869
6.031817195, 6.031957289
6.041817197, 6.041899707
6.051821894, 6.051933283
6.061817201, 6.061916179
6.071817195, 6.071890630
6.081817194, 6.081942871
6.091817175, 6.091894519
6.101817194, 6.101932295
6.111817195, 6.111948097
6.121817199, 6.121919474
6.131817197, 6.131890819
6.141817186, 6.141898502
6.151817194, 6.151917739
6.161817195, 6.161922236
6.171817206, 6.171968356
6.181817194, 6.181888199
6.191817195, 6.191925033
6.201817197, 6.201891412
6.211817199, 6.211910901
6.221817174, 6.221932543
6.231817180, 6.231900349
6.241817192, 6.241924532
6.251817180, 6.251908550
6.261817204, 6.261945670
6.271817186, 6.271941544
6.281817194, 6.281908289
6.291817176, 6.291935613
6.301825996, 6.301935118
6.311817197, 6.311886975
6.321817200, 6.321929604
6.331820987, 6.331922004
6.341817200, 6.341891690
6.351817190, 6.351903189
6.361817192, 6.361924998
6.371817207, 6.371951092
6.381817195, 6.381889488
6.391817197, 6.391888944
6.401817200, 6.401921038
6.411817200, 6.411893867
6.421817196, 6.421927638
6.431817195, 6.431910971
6.441817224, 6.441940538
6.451817177, 6.451890960
6.461817196, 6.461913598
6.471817200, 6.471930012
6.481817181, 6.481911268
6.491817177, 6.491890517
6.501817205, 6.501949145
6.511817177, 6.511935376
6.521817177, 6.521888803
6.531817179, 6.531918939
6.541817191, 6.541936721
6.551817180, 6.551920324
6.561817205, 6.561891587
6.571817199, 6.571893910
6.581817200, 6.581932216
6.591817200, 6.591915075
6.601817210, 6.601957160
6.611817197, 6.611890850
6.621817187, 6.621977263
6.631817204, 6.631953068
6.641817181, 6.641891398
6.651817179, 6.651890339
6.661817182, 6.661895743
6.671817199, 6.671922385
6.681817181, 6.681892321
6.691817174, 6.691949170
6.701817192, 6.701887948
6.711817202, 6.711919963
6.721817197, 6.721888736
6.731817184, 6.731902021
6.741817181, 6.741892467
6.751817180, 6.751916195
6.761817217, 6.761956548
6.771817175, 6.771906553
6.781817171, 6.781917299
6.791817211, 6.791926744
6.801817181, 6.801897480
6.811817205, 6.811904660
6.821817212, 6.821933945
6.831817200, 6.831932169
6.841817200, 6.841895084
6.851817200, 6.851908617
6.861817192, 6.861905716
6.871817181, 6.871947360
6.881817201, 6.881914624
6.891817179, 6.891905621
6.901817177, 6.901916565
6.911817196, 6.911913373
6.921817181, 6.921889185
6.931817196, 6.931886420
6.941817171, 6.941913160
6.951817181, 6.951897563
6.961817181, 6.961919725
6.971817196, 6.971947550
6.981817192, 6.981922956
6.991817176, 6.991889344
7.001817176, 7.001891690
7.011817199, 7.011904295
7.021817236, 7.021933601
7.031817179, 7.031908195
7.041817197, 7.041893013
7.051817196, 7.051891508
7.061817195, 7.061920182
7.071817202, 7.071928709
7.081817177, 7.081948514
7.091817189, 7.091919373
7.101817207, 7.101890210
7.111817197, 7.111923460
7.121817195, 7.121913149
7.131817176, 7.131889711
7.141817177, 7.141976897
7.151817187, 7.151937018
7.161817258, 7.161896034
7.171817184, 7.171890101
7.181817179, 7.181887585
7.191817370, 7.191893269
7.201817176, 7.201942373
7.211817191, 7.211887124
7.221817189, 7.221909410
7.231817200, 7.231920412
7.241817182, 7.241909725
7.251817181, 7.251921200
7.261817177, 7.261945343
7.271817694, 7.271937091
7.281817209, 7.281891960
7.291817196, 7.291934904
7.301817196, 7.301914060
7.311817200, 7.311891767
7.321817200, 7.321890801
7.331817195, 7.331895974
7.341817199, 7.341918924
7.351817204, 7.351928564
7.361817196, 7.361920893
7.371817176, 7.371930814
7.381817194, 7.381900154
7.391817192, 7.391926833
7.401817192, 7.401929980
7.411817195, 7.411951274
7.421817199, 7.421917467
7.431817210, 7.431936483
7.441817199, 7.441900810
7.451817206, 7.451950454
7.461817195, 7.461947210
7.471817209, 7.471979987
7.481817191, 7.481932837
7.491817200, 7.491924142
7.501817197, 7.501903162
7.511817181, 7.511904051
7.521817199, 7.521888271
7.531817179, 7.531946543
7.541817201, 7.541892943
7.551817200, 7.551932654
7.561817202, 7.561893505
7.571817179, 7.571951675
7.581817195, 7.581930923
7.591817201, 7.591915510
7.601817181, 7.601910053
7.611817201, 7.611901914
7.621817176, 7.621910130
7.631817199, 7.631911184
7.641817194, 7.641932395
7.651817176, 7.651920417
7.661817190, 7.661886551
7.671817175, 7.671957382
7.681817204, 7.681922839
7.691817175, 7.691890652
7.701817179, 7.701956876
7.711817200, 7.711939169
7.721817210, 7.721917597
7.731817177, 7.731886354
7.741817195, 7.741929359
7.751817190, 7.751912094
7.761817199, 7.761916833
7.771817195, 7.771893107
7.781817195, 7.781963290
7.791817212, 7.791941966
7.801817212, 7.801887511
7.811817195, 7.811937846
7.821817176, 7.821934359
7.831817191, 7.831918013
7.841817199, 7.841966870
7.851817196, 7.851893574
7.861817206, 7.861930634
7.871817195, 7.871899803
7.881817175, 7.881891275
7.891817192, 7.891923944
7.901817194, 7.901916926
7.911817182, 7.911888788
7.921817202, 7.921921116
7.931817177, 7.931888921
7.941817200, 7.941909124
7.951817177, 7.951914095
7.961823836, 7.961942697
7.971817205, 7.971914014
7.981817190, 7.981955206
7.991817190, 7.991920833
8.001817200, 8.001930767
8.011817181, 8.011922820
8.021817200, 8.021901200
8.031817179, 8.031937008
8.041817200, 8.041945277
8.051817195, 8.051932745
8.061817192, 8.061895841
8.071817184, 8.071929299
8.081817191, 8.081891933
8.091817181, 8.091895305
8.101817201, 8.101924281
8.111817382, 8.111892905
8.121817211, 8.121940256
8.131817211, 8.131952486
8.141817196, 8.141951012
8.151817202, 8.151925469
8.161817172, 8.161892711
8.171817205, 8.171925679
8.181817206, 8.181919927
8.191817175, 8.191956897
8.201817181, 8.201941276
8.211817207, 8.211902543
8.221817171, 8.221898289
8.231817200, 8.231941710
8.241817199, 8.241903947
8.251817195, 8.251921667
8.261817211, 8.261970363
8.271817174, 8.271922150
8.281817197, 8.281923097
8.291817175, 8.291890270
8.301817194, 8.301900094
8.311817202, 8.311891523
8.321817199, 8.321952928
8.331817201, 8.331925271
8.341817180, 8.341955491
8.351817179, 8.351889909
8.361817179, 8.361910087
8.371817190, 8.371920905
8.381817192, 8.381960551
8.391817195, 8.391926375
8.401817185, 8.401975330
8.411817192, 8.411924978
8.421817481, 8.421905824
8.431817182, 8.431919166
8.441817195, 8.441917000
8.451817195, 8.451921577
8.461817177, 8.461889780
8.471817192, 8.471892905
8.481817201, 8.481993368
8.491817197, 8.491940597
8.501817176, 8.501887799
8.511817202, 8.511921673
8.521817184, 8.521918711
8.531817180, 8.531892834
8.541817210, 8.541918439
8.551817194, 8.551920632
8.561817220, 8.561907539
8.571817197, 8.571887284
8.581817207, 8.581941593
8.591817201, 8.591886988
8.601817200, 8.601917219
8.611817179, 8.611920978
8.621817190, 8.621894629
8.631817190, 8.631895713
8.641817200, 8.641901785
8.651817200, 8.651894364
8.661817180, 8.661888527
8.671817185, 8.671898558
8.681817180, 8.681888206
8.691817176, 8.691923294
8.701817209, 8.701985159
8.711817180, 8.711886571
8.721817199, 8.721905744
8.731817179, 8.731888718
8.741817633, 8.741955366
8.751817180, 8.751888548
8.761817192, 8.761890945
8.771817194, 8.771918259
8.781817184, 8.781916215
8.791817190, 8.791887241
8.801817201, 8.801890958
8.811817181, 8.811950851
8.821817180, 8.821908901
8.831817200, 8.831913314
8.841817179, 8.841886919
8.851817214, 8.851894052
8.861817197, 8.861921063
8.871817194, 8.871909910
8.881817179, 8.881935469
8.891817177, 8.891889343
8.901817200, 8.901933453
8.911817194, 8.911969441
8.921817177, 8.921918507
8.931817197, 8.931904542
8.941817172, 8.941917808
8.951817187, 8.951897264
8.961817179, 8.961932740
8.971817177, 8.971898903
8.981817197, 8.981906569
8.991817206, 8.991935751
9.001817201, 9.001923993
9.011817202, 9.011895409
9.021817189, 9.021890645
9.031817195, 9.031893945
9.041817202, 9.041981682
9.051817179, 9.051887817
9.061817192, 9.061985626
9.071817180, 9.071890236
9.081817201, 9.081918925
9.091817199, 9.091890750
9.101817192, 9.101920759
9.111817195, 9.111943709
9.121817204, 9.121916310
9.131817204, 9.131952064
9.141817180, 9.141889286
9.151817201, 9.151919400
9.161817200, 9.161898937
9.171817179, 9.171893814
9.181817196, 9.181905148
9.191817202, 9.191887704
9.201817264, 9.201910242
9.211817187, 9.211911097
9.221817197, 9.221953990
9.231817196, 9.231920501
9.241817202, 9.241905365
9.251817179, 9.251908180
9.261817192, 9.261919443
9.271817195, 9.271943069
9.281817181, 9.281919848
9.291817201, 9.291934423
9.301817192, 9.301890290
9.311817197, 9.311893547
9.321817177, 9.321927885
9.331817192, 9.331927819
9.341817177, 9.341889930
9.351817192, 9.351921687
9.361817200, 9.361920034
9.371817189, 9.371893782
9.381817207, 9.381903523
9.391817194, 9.391920638
9.401817179, 9.401916817
9.411817175, 9.411959422
9.421817170, 9.421915010
9.431817180, 9.431916070
9.441817191, 9.441899593
9.451817190, 9.451884175
9.461817176, 9.461910530
9.471817204, 9.471937538
9.481817190, 9.481915332
9.491817177, 9.491932922
9.501817177, 9.501887485
9.511817192, 9.511888973
9.521817199, 9.521925887
9.531817200, 9.531907607
9.541817179, 9.541893766
9.551817180, 9.551929970
9.561817201, 9.561956996
9.571817192, 9.571915978
9.581817207, 9.581943901
9.591817181, 9.591889467
9.601817190, 9.601941974
9.611817196, 9.611913831
9.621817180, 9.621885618
9.631817182, 9.631903984
9.641817210, 9.641935378
9.651817180, 9.651890230
9.661817195, 9.661891429
9.671817174, 9.671888355
9.681817182, 9.681889667
9.691817181, 9.691925588
9.701817186, 9.701931482
9.711817174, 9.711916495
9.721817180, 9.721915549
9.731817185, 9.731885075
9.741817169, 9.741890167
9.751817195, 9.751885495
9.761817171, 9.761916835
9.771817187, 9.771919653
9.781817197, 9.781894409
9.791817202, 9.791885014
9.801817195, 9.801914467
9.811817175, 9.811893746
9.821817189, 9.821883913
9.831817194, 9.831888825
9.841817200, 9.841883903
9.851817196, 9.851890861
9.861817204, 9.861909919
9.871817191, 9.871914948
9.881817174, 9.881986506
9.891817181, 9.891906921
9.901817195, 9.901940530
9.911817186, 9.911886493
9.921817191, 9.921918672
9.931817176, 9.931888295
9.941817192, 9.941956303
9.951817202, 9.951884496
9.961817196, 9.961932065
9.971817179, 9.971967179
9.981817186, 9.981921875
9.991817192, 9.991887632
10.001817190, 10.001896904
10.011817170, 10.011886425
10.021817194, 10.021931860
10.031817197, 10.031890231
10.041817177, 10.041945463
10.051817194, 10.051920225
10.061817195, 10.061917528
10.071817204, 10.071938706
10.081817204, 10.081918050
10.091820314, 10.091896340
10.101817248, 10.101942500
10.111817210, 10.111918364
10.121817197, 10.121925543
10.131817207, 10.131942958
10.141817192, 10.141906027
10.151817180, 10.151961738
10.161817180, 10.161917189
10.171817179, 10.171935848
10.181817180, 10.181932656
10.191817182, 10.191916149
10.201817174, 10.201889778
10.211817209, 10.211892940
10.221817175, 10.221932402
10.231817181, 10.231891379
10.241817191, 10.241886190
10.251817181, 10.251981672
10.261817179, 10.261889979
10.271817181, 10.271899324
10.281817195, 10.281893093
10.291817194, 10.291942703
10.301817192, 10.301912203
10.311817169, 10.311915407
10.321817200, 10.321890676
10.331817196, 10.331944670
10.341817200, 10.341942329
10.351817190, 10.351918567
10.361817201, 10.361950475
10.371817186, 10.371924287
10.381817190, 10.381891341
10.391817176, 10.391891678
10.401817187, 10.401919631
10.411817191, 10.411884948
10.421817189, 10.421893592
10.431817176, 10.431901610
10.441817195, 10.441891511
10.451817175, 10.451891105
10.461817196, 10.461930209
10.471817191, 10.471913487
10.481817206, 10.481894367
10.491817195, 10.491983677
10.501817175, 10.501929287
10.511817196, 10.511915859
10.521817181, 10.521888654
10.531817191, 10.531941292
10.541817209, 10.541941748
10.551817175, 10.551926147
10.561817199, 10.561919174
10.571817189, 10.571928128
10.581817205, 10.581921533
10.591817210, 10.591890820
10.601817187, 10.601915071
10.611817200, 10.611936237
10.621817177, 10.621895513
10.631817180, 10.631911070
10.641817184, 10.641948982
10.651817200, 10.651915164
10.661817196, 10.661893429
10.671817184, 10.671948133
10.681817196, 10.681915589
10.691817179, 10.691919615
10.701817174, 10.701927159
10.711817174, 10.711886248
10.721817171, 10.721896598
10.731817197, 10.731900076
10.741817200, 10.741942322
10.751817180, 10.751888513
10.761817196, 10.761888319
10.771817192, 10.771888349
10.781817205, 10.781922423
10.791817194, 10.791954526
10.801817211, 10.801908500
10.811817177, 10.811931938
10.821817180, 10.821886744
10.831817196, 10.831923426
10.841817190, 10.841926804
10.851817207, 10.851915025
10.861817190, 10.861934730
10.871817207, 10.871940269
10.881817199, 10.881945179
10.891817204, 10.891923973
10.901817175, 10.901898476
10.911817184, 10.911888872
10.921817180, 10.921954322
10.931817179, 10.931904398
10.941817176, 10.941888446
10.951817207, 10.951908854
10.961817191, 10.961941383
10.971817190, 10.971958851
10.981817200, 10.981938628
10.991817194, 10.991956100
11.001817195, 11.001917302
11.011817191, 11.011888744
11.021817190, 11.021907928
11.031817181, 11.031887592
11.041817191, 11.041918904
11.051817196, 11.051947920
11.061817192, 11.061909485
11.071817196, 11.071888929
11.081817200, 11.081923796
11.091817194, 11.091955514
11.101817196, 11.101931389
11.111817211, 11.111891343
11.121817206, 11.121949577
11.131817190, 11.131932542
11.141817196, 11.141933862
11.151817195, 11.151878999
11.161817202, 11.161920922
11.171817192, 11.171882632
11.181817195, 11.181909172
11.191817191, 11.191879430
11.201817199, 11.201899852
11.211817200, 11.211927871
11.221817200, 11.221891019
11.231817196, 11.231880123
11.241817197, 11.241920720
11.251817194, 11.251879926
11.261817192, 11.261916690
11.271820257, 11.271931106
11.281817200, 11.281923786
11.291817191, 11.291879035
11.301817197, 11.301879151
11.311817191, 11.311907449
11.321817199, 11.321878756
11.331817197, 11.331927532
11.341817195, 11.341904240
11.351817200, 11.351900425
11.361817192, 11.361956162
11.371817192, 11.371930847
11.381817197, 11.381952227
11.391817201, 11.391885487
11.401817196, 11.401928268
11.411817194, 11.411967341
11.421817191, 11.421912414
11.431817191, 11.431957421
11.441825610, 11.441904894
11.451827552, 11.451940999
11.461824820, 11.461951144
11.471817196, 11.471907395
11.481817189, 11.481911905
11.491817196, 11.491895114
11.501817191, 11.501957950
11.511817195, 11.511912660
11.521817199, 11.521885937
11.531817197, 11.531932848
11.541817201, 11.541888713
11.551817195, 11.551945026
11.561817200, 11.561931429
11.571817197, 11.571881676
11.581817182, 11.581882008
11.591817195, 11.591909366
11.601817190, 11.601925454
11.611817197, 11.611958862
11.621817196, 11.621938446
11.631817200, 11.631892432
11.641817195, 11.641881966
11.651817196, 11.651929037
11.661827943, 11.661956251
11.671817195, 11.671880528
11.681817190, 11.681918348
11.691817201, 11.691893532
11.701817199, 11.701942520
11.711817195, 11.711889256
11.721817675, 11.721882345
11.731825445, 11.731947769
11.741817177, 11.741881991
11.751817195, 11.751919034
11.761818395, 11.761914276
11.771817201, 11.771956212
11.781817185, 11.781885083
11.791817197, 11.791886308
11.801817199, 11.801918200
11.811817197, 11.811946799
11.821817194, 11.821909218
11.831817200, 11.831926296
11.841817192, 11.841901595
11.851817200, 11.851880020
11.861817199, 11.861883257
11.871819001, 11.871935657
11.881817199, 11.881910777
11.891817199, 11.891920508
11.901817197, 11.901895406
11.911817195, 11.911910648
11.921817181, 11.921928113
11.931817199, 11.931966116
11.941817180, 11.942001886
11.951817201, 11.951943527
11.961817200, 11.961945323
11.971817180, 11.971961948
11.981817195, 11.981924295
11.991817195, 11.991939437
12.001817201, 12.001927896
12.011817195, 12.011981861
12.021817200, 12.021978113
12.031818205, 12.031986440
12.041817196, 12.041983590
12.051817176, 12.051992880
------------------------------
