------------------------------
test was performed using the following parameters: --mps=100 --burst=1 --reply-every=1 --msg-size=14 --time=10
------------------------------
sockperf: [Total Run] RunTime=10.100 sec; SentMessages=1011; ReceivedMessages=1010
sockperf: ========= Printing statistics for Server No: 0
sockperf: [Valid Duration] RunTime=9.990 sec; SentMessages=1000; ReceivedMessages=1000
sockperf: [2;35m====> avg-lat= 71.373 (std-dev=21.951)[0m
sockperf: # dropped messages = 0; # duplicated messages = 0; # out-of-order messages = 0
sockperf: [2;35mTotal 1000 observations[0m; each percentile contains 10.00 observations
sockperf: ---> <MAX> observation =  142.697
sockperf: ---> percentile 99.999 =  142.697
sockperf: ---> percentile 99.990 =  142.697
sockperf: ---> percentile 99.900 =  134.492
sockperf: ---> percentile 99.000 =  123.086
sockperf: ---> percentile 90.000 =  102.682
sockperf: ---> percentile 75.000 =   84.789
sockperf: ---> percentile 50.000 =   69.809
sockperf: ---> percentile 25.000 =   53.985
sockperf: ---> <MIN> observation =   30.416
------------------------------
txTime, rxTime
2.061865120, 2.061983651
2.071865119, 2.072061155
2.081865112, 2.082091413
2.091865113, 2.092012325
2.101865120, 2.102075207
2.111865118, 2.111980723
2.121865095, 2.121980112
2.131865106, 2.132047039
2.141865103, 2.141991190
2.151865102, 2.151993382
2.161865129, 2.161992899
2.171865113, 2.172030487
2.181865105, 2.182022502
2.191865121, 2.191954365
2.201865113, 2.202101124
2.211865117, 2.212014307
2.221865099, 2.222018275
2.231865106, 2.231977804
2.241865112, 2.241964812
2.251865103, 2.251966465
2.261865105, 2.261969723
2.271865097, 2.272004657
2.281865109, 2.281997112
2.291865105, 2.291996060
2.301865098, 2.301999241
2.311865114, 2.312070432
2.321865103, 2.322006032
2.331865105, 2.332009748
2.341865105, 2.341986895
2.351865103, 2.352019696
2.361865102, 2.362018598
2.371865121, 2.371977701
2.381865101, 2.381993389
2.391865103, 2.392034683
2.401865104, 2.401955078
2.411865111, 2.412013292
2.421865169, 2.422003066
2.431865116, 2.432001993
2.441865113, 2.442028625
2.451865115, 2.452007461
2.461865100, 2.462015719
2.471865102, 2.472028353
2.481865100, 2.481955702
2.491868818, 2.491991185
2.501865125, 2.501997173
2.511865105, 2.512009001
2.521865105, 2.522006167
2.531873323, 2.531975315
2.541865095, 2.542061802
2.551865108, 2.552054942
2.561865107, 2.561982073
2.571865117, 2.572001657
2.581865095, 2.581941441
2.591865101, 2.591939897
2.601865097, 2.601979007
2.611865103, 2.612010057
2.621865103, 2.621992605
2.631865099, 2.632030186
2.641865099, 2.641992759
2.651865097, 2.652068132
2.661865105, 2.662041960
2.671865119, 2.672063657
2.681865098, 2.681967709
2.691865102, 2.692041830
2.701865116, 2.701960792
2.711865095, 2.712067909
2.721865108, 2.722063758
2.731865109, 2.732053302
2.741865113, 2.742020455
2.751865107, 2.751965455
2.761865101, 2.762020216
2.771865102, 2.771975217
2.781865108, 2.782105623
2.791865105, 2.791937722
2.801865101, 2.802111274
2.811865105, 2.812018757
2.821865104, 2.821957840
2.831865103, 2.832049484
2.841865107, 2.842028222
2.851865098, 2.851990277
2.861865105, 2.861981868
2.871865120, 2.872100343
2.881865106, 2.881974012
2.891865107, 2.892103860
2.901865103, 2.901964877
2.911865130, 2.912020648
2.921865122, 2.922080934
2.931865102, 2.932071170
2.941865101, 2.941981058
2.951865103, 2.952027515
2.961865098, 2.961942413
2.971865105, 2.971977773
2.981865103, 2.982058345
2.991865098, 2.991954526
3.001865106, 3.001977672
3.011865106, 3.012006172
3.021865104, 3.021962129
3.031865108, 3.031995425
3.041865105, 3.042081472
3.051865102, 3.051965124
3.061865105, 3.062015022
3.071865107, 3.071950880
3.081865108, 3.082005415
3.091865108, 3.091951266
3.101865100, 3.102023828
3.111865102, 3.112001910
3.121865105, 3.122064956
3.131865100, 3.131954153
3.141865122, 3.141944648
3.151865108, 3.152068834
3.161865103, 3.162089718
3.171865114, 3.171970480
3.181865144, 3.181991473
3.191865110, 3.192007386
3.201865105, 3.202054632
3.211865121, 3.211970337
3.221865122, 3.222032597
3.231865122, 3.232020625
3.241865101, 3.242009839
3.251865100, 3.251975316
3.261865107, 3.262016587
3.271865120, 3.272010772
3.281865122, 3.281940442
3.291865119, 3.291995572
3.301865104, 3.302023058
3.311865105, 3.311969138
3.321865097, 3.322018464
3.331865101, 3.332025115
3.341865102, 3.342075617
3.351865102, 3.351936976
3.361865108, 3.362083779
3.371865118, 3.371948275
3.381865123, 3.381952674
3.391865113, 3.391976669
3.401865120, 3.401950981
3.411865104, 3.411996592
3.421865109, 3.421998342
3.431865113, 3.431994607
3.441865126, 3.442013559
3.451865106, 3.451936635
3.461865117, 3.461998536
3.471865132, 3.471955991
3.481865135, 3.482015936
3.491865125, 3.491965146
3.501865110, 3.502023096
3.511865139, 3.512077109
3.521865111, 3.522010975
3.531865122, 3.531974397
3.541865116, 3.541978509
3.551865115, 3.552026099
3.561865124, 3.561972965
3.571865100, 3.572022827
3.581865116, 3.582042063
3.591865129, 3.592027185
3.601865119, 3.601990479
3.611865125, 3.612104520
3.621865105, 3.622054941
3.631865108, 3.632014099
3.641865102, 3.642051258
3.651865108, 3.652009616
3.661865119, 3.662021598
3.671865101, 3.672039084
3.681865104, 3.682012915
3.691865109, 3.691937479
3.701865105, 3.701992951
3.711865102, 3.711995375
3.721865120, 3.722003382
3.731865107, 3.732046091
3.741865103, 3.742018615
3.751865106, 3.752011130
3.761865131, 3.761991070
3.771865098, 3.771999014
3.781865108, 3.781995124
3.791865103, 3.791952976
3.801865102, 3.801966216
3.811865100, 3.812026381
3.821865102, 3.821945525
3.831865103, 3.831992539
3.841865109, 3.842070932
3.851865101, 3.852106346
3.861865102, 3.862040626
3.871865118, 3.872078996
3.881865101, 3.882031052
3.891865104, 3.892078414
3.901865106, 3.901968656
3.911865102, 3.911968960
3.921865098, 3.922011618
3.931865109, 3.931946387
3.941865102, 3.942009620
3.951865102, 3.951980344
3.961865101, 3.962055876
3.971865103, 3.971986733
3.981865104, 3.981997751
3.991865101, 3.991967205
4.001865101, 4.002021340
4.011865103, 4.011953180
4.021865109, 4.021995832
4.031880789, 4.032034900
4.041865120, 4.042073723
4.051865150, 4.052023907
4.061865118, 4.062077111
4.071865108, 4.071982068
4.081865116, 4.081964917
4.091865128, 4.092064530
4.101865118, 4.102063795
4.111865116, 4.112081507
4.121865116, 4.121946611
4.131865122, 4.132076654
4.141865130, 4.142004956
4.151865107, 4.151958696
4.161865108, 4.162000013
4.171865099, 4.171936883
4.181865120, 4.182073762
4.191865118, 4.192110653
4.201865120, 4.202008611
4.211865122, 4.211940262
4.221865103, 4.221950613
4.231865108, 4.231963780
4.241865121, 4.241969645
4.251865098, 4.252016407
4.261865114, 4.261925947
4.271865106, 4.271952048
4.281865113, 4.281944024
4.291865106, 4.292017612
4.301865100, 4.302001568
4.311865113, 4.311995736
4.321865101, 4.322031507
4.331865103, 4.332039011
4.341865099, 4.341963866
4.351865096, 4.352084790
4.361865098, 4.361929977
4.371865100, 4.372022998
4.381865099, 4.382003808
4.391865100, 4.391998095
4.401865100, 4.402099323
4.411865093, 4.411946898
4.421865123, 4.421970195
4.431865098, 4.431930125
4.441865103, 4.441988728
4.451865103, 4.452065594
4.461865094, 4.461937348
4.471865096, 4.471947829
4.481865121, 4.482076251
4.491865114, 4.492031243
4.501865106, 4.501946104
4.511865091, 4.511943229
4.521865098, 4.521983563
4.531865098, 4.532019318
4.541865103, 4.542027507
4.551865102, 4.551993527
4.561865128, 4.562006965
4.571875001, 4.571980503
4.581865095, 4.582065043
4.591865116, 4.591991100
4.601865101, 4.602066740
4.611865099, 4.612075343
4.621865098, 4.621955760
4.631865102, 4.631961765
4.641865098, 4.641989941
4.651865104, 4.651962561
4.661865102, 4.661958511
4.671865105, 4.671993670
4.681865099, 4.681968608
4.691865102, 4.692037188
4.701865108, 4.702001292
4.711865104, 4.712025405
4.721865103, 4.722049045
4.731865112, 4.731981817
4.741865103, 4.741989867
4.751865102, 4.752036444
4.761865100, 4.762034163
4.771865098, 4.772069016
4.781865106, 4.782005247
4.791865146, 4.791995552
4.801865106, 4.802044147
4.811865103, 4.812044692
4.821865102, 4.821942372
4.831865108, 4.831990288
4.841865135, 4.841959001
4.851865100, 4.851986074
4.861865106, 4.861950412
4.871865105, 4.872063381
4.881865112, 4.881979894
4.891865101, 4.892070219
4.901865100, 4.902065015
4.911865103, 4.911958132
4.921865099, 4.921942010
4.931865102, 4.932012209
4.941865102, 4.941971175
4.951865101, 4.951952488
4.961865102, 4.962049140
4.971865098, 4.971952015
4.981865105, 4.982045829
4.991865102, 4.991964963
5.001865098, 5.001978193
5.011865101, 5.012052871
5.021865103, 5.022010483
5.031865108, 5.031954219
5.041865103, 5.041971941
5.051865101, 5.052041357
5.061865105, 5.062013639
5.071865101, 5.072020945
5.081865097, 5.081930852
5.091865100, 5.091949575
5.101865105, 5.102015316
5.111865113, 5.112037159
5.121865117, 5.122013488
5.131872185, 5.132033661
5.141865113, 5.141987804
5.151865118, 5.152072118
5.161865116, 5.162035990
5.171865111, 5.171963513
5.181865122, 5.181995422
5.191865116, 5.192022137
5.201865112, 5.202023032
5.211865127, 5.211981793
5.221865123, 5.222038836
5.231865311, 5.232037596
5.241865098, 5.242052189
5.251865119, 5.251985217
5.261865097, 5.262013959
5.271865119, 5.271939174
5.281865124, 5.282040835
5.291865111, 5.292024713
5.301865113, 5.302021262
5.311865116, 5.311980518
5.321865116, 5.322032956
5.331865109, 5.331981506
5.341865138, 5.342021104
5.351865120, 5.351958909
5.361865113, 5.362004631
5.371865113, 5.371958804
5.381865115, 5.381976408
5.391865115, 5.392072051
5.401865118, 5.402019598
5.411865113, 5.411965575
5.421865118, 5.421970299
5.431865124, 5.431988054
5.441865148, 5.442106022
5.451865105, 5.452033428
5.461865131, 5.461995721
5.471865116, 5.471985448
5.481865124, 5.482060134
5.491867997, 5.491968456
5.501865127, 5.501972862
5.511865128, 5.512029711
5.521865129, 5.521987064
5.531865130, 5.532008254
5.541865129, 5.541950769
5.551865129, 5.552008890
5.561865101, 5.561946667
5.571865119, 5.571965490
5.581865115, 5.582059517
5.591865115, 5.592024036
5.601865103, 5.601990996
5.611865109, 5.611967383
5.621865102, 5.622043459
5.631865104, 5.631961425
5.641865119, 5.641980997
5.651865100, 5.652011062
5.661867693, 5.662093667
5.671865108, 5.672010771
5.681865112, 5.681933860
5.691865108, 5.692091951
5.701865106, 5.701949403
5.711865105, 5.711990653
5.721865103, 5.722026802
5.731865106, 5.732089306
5.741865105, 5.742071889
5.751865103, 5.752097450
5.761865104, 5.762010869
5.771865105, 5.771987904
5.781865107, 5.782058915
5.791865101, 5.791954247
5.801865103, 5.802093971
5.811865107, 5.812019995
5.821865104, 5.822001133
5.831865101, 5.831982844
5.841865103, 5.842018975
5.851865101, 5.852083843
5.861865112, 5.861972710
5.871865104, 5.872059565
5.881865104, 5.881949605
5.891865113, 5.891988813
5.901865104, 5.902002697
5.911865099, 5.911942849
5.921865105, 5.921936988
5.931865102, 5.931972004
5.941865108, 5.941984298
5.951865105, 5.952083774
5.961865108, 5.962008052
5.971865100, 5.972025536
5.981865101, 5.981984119
5.991865105, 5.992014542
6.001865103, 6.002054804
6.011865103, 6.012064564
6.021865098, 6.022010116
6.031865100, 6.032003199
6.041865111, 6.042034521
6.051865104, 6.052009025
6.061865103, 6.062021167
6.071868520, 6.071995464
6.081865114, 6.081967946
6.091865109, 6.092012188
6.101865111, 6.102006351
6.111865107, 6.112007547
6.121865106, 6.122036555
6.131865102, 6.132107447
6.141865107, 6.141989744
6.151865108, 6.152001215
6.161865110, 6.161999423
6.171865103, 6.171970300
6.181865108, 6.181999484
6.191865107, 6.191933912
6.201865107, 6.202016429
6.211865108, 6.212022411
6.221865105, 6.222013531
6.231865108, 6.232044997
6.241865104, 6.241939626
6.251865105, 6.251955110
6.261865108, 6.262107640
6.271865119, 6.272048566
6.281865128, 6.281998889
6.291865113, 6.291990517
6.301865118, 6.301987986
6.311865133, 6.312022757
6.321865127, 6.322108706
6.331865125, 6.331995270
6.341865113, 6.342066085
6.351865103, 6.352032570
6.361865119, 6.362042267
6.371865121, 6.372071879
6.381865123, 6.382106349
6.391865121, 6.392091857
6.401865120, 6.401993267
6.411865115, 6.411977099
6.421865108, 6.422091053
6.431865108, 6.432029442
6.441865103, 6.442042510
6.451865109, 6.452029377
6.461865105, 6.461967985
6.471865108, 6.472039443
6.481865119, 6.481995781
6.491865120, 6.492049573
6.501865118, 6.502051534
6.511865118, 6.512031501
6.521865121, 6.522037252
6.531865107, 6.532003278
6.541865130, 6.541993864
6.551865121, 6.552007370
6.561865113, 6.562029934
6.571865219, 6.571969508
6.581865115, 6.582010138
6.591865117, 6.592024770
6.601865126, 6.602015783
6.611865120, 6.611938191
6.621865124, 6.621957556
6.631865131, 6.632017525
6.641865117, 6.642108531
6.651865115, 6.651966011
6.661865128, 6.661983802
6.671865121, 6.672067667
6.681865120, 6.682047302
6.691865159, 6.692069238
6.701865120, 6.702039768
6.711865123, 6.711982275
6.721865120, 6.722022815
6.731865116, 6.732088702
6.741865129, 6.742050379
6.751865116, 6.751957761
6.761865136, 6.762029612
6.771865117, 6.771939777
6.781865114, 6.782035394
6.791865116, 6.792006212
6.801865117, 6.802023823
6.811865125, 6.812010721
6.821865112, 6.822012154
6.831865120, 6.831983152
6.841865121, 6.842014828
6.851865121, 6.851998768
6.861865117, 6.862006204
6.871865115, 6.872001308
6.881865130, 6.881991484
6.891865115, 6.891976188
6.901865134, 6.901982589
6.911865132, 6.912049962
6.921865104, 6.921993427
6.931865105, 6.931966237
6.941865107, 6.942024072
6.951865112, 6.951961379
6.961865114, 6.961967662
6.971865113, 6.972121112
6.981871696, 6.981954090
6.991865118, 6.992004575
7.001865102, 7.001965303
7.011865120, 7.012007939
7.021865119, 7.022018910
7.031865098, 7.032062199
7.041865117, 7.041948939
7.051865120, 7.051951179
7.061865127, 7.061988663
7.071865128, 7.071997107
7.081865115, 7.081968535
7.091865121, 7.091980855
7.101865119, 7.101951184
7.111865126, 7.112034760
7.121865111, 7.121989953
7.131865099, 7.131937848
7.141865101, 7.141956159
7.151865121, 7.152001958
7.161865113, 7.161998191
7.171865113, 7.172044501
7.181865113, 7.181998505
7.191865115, 7.191946394
7.201865101, 7.202022831
7.211865120, 7.212053077
7.221865114, 7.221994715
7.231865119, 7.232049743
7.241865120, 7.242020422
7.251865127, 7.252150522
7.261865139, 7.262024241
7.271865117, 7.272079708
7.281865128, 7.281975901
7.291865106, 7.292074076
7.301865101, 7.302054013
7.311865099, 7.311946377
7.321865118, 7.322017317
7.331865120, 7.332070484
7.341865114, 7.341989691
7.351865115, 7.351976480
7.361865121, 7.362029413
7.371865123, 7.371979960
7.381865119, 7.381953361
7.391865121, 7.392120450
7.401865126, 7.401977801
7.411865119, 7.412000802
7.421865122, 7.422054294
7.431865119, 7.431973426
7.441865119, 7.441973263
7.451865122, 7.452034079
7.461865114, 7.461969217
7.471865123, 7.471939736
7.481865209, 7.481983466
7.491865127, 7.491969400
7.501865125, 7.501995421
7.511865131, 7.511980863
7.521865117, 7.521971998
7.531865129, 7.531997919
7.541865118, 7.542039976
7.551865114, 7.552030630
7.561865126, 7.561953967
7.571865126, 7.572046638
7.581865124, 7.582005844
7.591865116, 7.591988861
7.601865120, 7.602063076
7.611865132, 7.612075711
7.621865119, 7.621938729
7.631865125, 7.632055843
7.641865126, 7.642046670
7.651865126, 7.651953869
7.661865122, 7.661962765
7.671865113, 7.672123217
7.681865120, 7.682079531
7.691865120, 7.692072231
7.701865118, 7.702023618
7.711865124, 7.711937846
7.721865125, 7.721978032
7.731865126, 7.732077137
7.741865115, 7.741994180
7.751865113, 7.751997399
7.761865132, 7.761950828
7.771865119, 7.772060631
7.781865117, 7.782005060
7.791865114, 7.791941050
7.801865123, 7.802010494
7.811865113, 7.812008056
7.821865113, 7.822048231
7.831865123, 7.831998935
7.841865125, 7.841996155
7.851865118, 7.851968988
7.861865119, 7.862002539
7.871865127, 7.872057092
7.881865120, 7.881949277
7.891865118, 7.892011441
7.901865117, 7.901964762
7.911865118, 7.911993941
7.921865116, 7.921977625
7.931865123, 7.932025030
7.941865118, 7.941976818
7.951865116, 7.952036403
7.961865120, 7.962015437
7.971865115, 7.972074433
7.981865115, 7.981978239
7.991865127, 7.992032969
8.001874254, 8.001997959
8.011865119, 8.011989872
8.021865113, 8.022024125
8.031865127, 8.031973986
8.041865130, 8.042045655
8.051865120, 8.052039658
8.061865113, 8.062023546
8.071865115, 8.071968381
8.081865118, 8.081994416
8.091865117, 8.092014578
8.101865123, 8.101972429
8.111865113, 8.112026818
8.121865114, 8.122018386
8.131865120, 8.131965904
8.141865102, 8.141944802
8.151865104, 8.151999030
8.161865106, 8.161983344
8.171865098, 8.172039839
8.181865097, 8.182080096
8.191865119, 8.192009859
8.201865115, 8.201935539
8.211865115, 8.212006834
8.221866012, 8.222017877
8.231865117, 8.232023395
8.241865102, 8.241961904
8.251865100, 8.251976496
8.261868287, 8.262053046
8.271865118, 8.272011323
8.281865116, 8.282057839
8.291865117, 8.292018163
8.301865549, 8.302067448
8.311865115, 8.311998043
8.321865125, 8.322005443
8.331865113, 8.332101245
8.341865120, 8.342034121
8.351865100, 8.352043282
8.361865103, 8.361956673
8.371865101, 8.372015151
8.381865097, 8.381958686
8.391865097, 8.391966917
8.401865099, 8.401960040
8.411865100, 8.411980187
8.421865099, 8.421964897
8.431865098, 8.431927487
8.441865102, 8.442097744
8.451865115, 8.452026953
8.461865115, 8.462014435
8.471865111, 8.472098603
8.481865113, 8.482039581
8.491865116, 8.491989339
8.501865115, 8.501984441
8.511865094, 8.511974550
8.521865100, 8.522082794
8.531865101, 8.532107843
8.541865097, 8.541927675
8.551865095, 8.551990531
8.561865098, 8.562070532
8.571865097, 8.571993482
8.581865109, 8.581953905
8.591865103, 8.592000637
8.601865103, 8.601938480
8.611865110, 8.612134095
8.621865113, 8.621998106
8.631865105, 8.632020570
8.641865101, 8.641998380
8.651865102, 8.651987199
8.661865102, 8.661943100
8.671865099, 8.672047963
8.681865103, 8.682062515
8.691865117, 8.692077917
8.701865119, 8.701986564
8.711865100, 8.712067761
8.721865102, 8.721951491
8.731865103, 8.731978348
8.741865115, 8.742090104
8.751865120, 8.751972108
8.761865111, 8.762031997
8.771865112, 8.772002632
8.781865119, 8.782054871
8.791865124, 8.791997448
8.801865098, 8.802037638
8.811865102, 8.811970444
8.821865098, 8.822016248
8.831865101, 8.832031988
8.841865098, 8.841942793
8.851865121, 8.852033635
8.861865105, 8.862012452
8.871865119, 8.872023867
8.881865116, 8.882111282
8.891865121, 8.892024031
8.901865105, 8.901966209
8.911865104, 8.912014169
8.921865101, 8.921994758
8.931865097, 8.931965450
8.941865100, 8.941962267
8.951865101, 8.952031380
8.961865102, 8.961942029
8.971865104, 8.971942290
8.981865093, 8.982018663
8.991865095, 8.992037348
9.001865095, 9.002025967
9.011865098, 9.012043319
9.021865098, 9.021972033
9.031865098, 9.032005489
9.041865097, 9.041995415
9.051865102, 9.051996185
9.061865099, 9.062090758
9.071865112, 9.072028263
9.081865118, 9.081971766
9.091866739, 9.091976173
9.101865101, 9.101977642
9.111865115, 9.111931434
9.121865108, 9.121937032
9.131865117, 9.132010268
9.141865115, 9.142095099
9.151865104, 9.152004724
9.161865107, 9.162045554
9.171865103, 9.171970346
9.181865099, 9.181994785
9.191865101, 9.191947874
9.201865100, 9.201940458
9.211865105, 9.211965524
9.221865103, 9.221968946
9.231865105, 9.232042387
9.241865141, 9.242065836
9.251865103, 9.251991206
9.261865126, 9.261990986
9.271865106, 9.271960744
9.281865098, 9.281962432
9.291865115, 9.292002658
9.301865098, 9.301950496
9.311865103, 9.311998716
9.321865103, 9.322038553
9.331865108, 9.332005586
9.341865107, 9.341967381
9.351865118, 9.352068993
9.361865120, 9.361967078
9.371865100, 9.371988880
9.381865100, 9.382068463
9.391865105, 9.391970866
9.401865101, 9.401960902
9.411865104, 9.411948895
9.421865108, 9.421955082
9.431865103, 9.431996970
9.441865102, 9.442028702
9.451865103, 9.452068333
9.461865103, 9.461984209
9.471865097, 9.472061190
9.481865106, 9.482009465
9.491865120, 9.491951168
9.501865117, 9.501940114
9.511865115, 9.512004297
9.521865118, 9.522027050
9.531865115, 9.531948822
9.541865108, 9.541985213
9.551865095, 9.552100406
9.561865117, 9.561981814
9.571865130, 9.572007239
9.581865118, 9.582059171
9.591865119, 9.591959792
9.601865104, 9.602031637
9.611865120, 9.611951250
9.621865114, 9.622008268
9.631865118, 9.632054695
9.641865113, 9.642006192
9.651865114, 9.651985101
9.661865118, 9.662007358
9.671865135, 9.671953272
9.681865104, 9.682006616
9.691865106, 9.691986735
9.701865103, 9.702008499
9.711873248, 9.712010110
9.721865099, 9.721993711
9.731865106, 9.731985793
9.741865127, 9.741949287
9.751865119, 9.752062827
9.761865106, 9.761984019
9.771865114, 9.772111437
9.781865104, 9.782004870
9.791865110, 9.792014276
9.801865104, 9.801934934
9.811865106, 9.812038288
9.821865117, 9.822029990
9.831865115, 9.832069870
9.841865114, 9.841978593
9.851865115, 9.852032360
9.861865151, 9.862002564
9.871865115, 9.871935080
9.881865122, 9.882039790
9.891865100, 9.891948941
9.901865099, 9.902007292
9.911865105, 9.911991757
9.921865107, 9.921959084
9.931865113, 9.931950070
9.941865112, 9.941959328
9.951865112, 9.951973082
9.961865119, 9.962074496
9.971865115, 9.972032064
9.981865114, 9.981937703
9.991865118, 9.991976099
10.001865107, 10.001937712
10.011865112, 10.012013781
10.021865115, 10.021994287
10.031865116, 10.031941757
10.041865114, 10.041962259
10.051865116, 10.051975800
10.061865112, 10.062065488
10.071865118, 10.071939044
10.081865121, 10.081978755
10.091865121, 10.092025245
10.101865099, 10.101951351
10.111865125, 10.112029871
10.121865107, 10.121962990
10.131868733, 10.132003999
10.141865100, 10.141944622
10.151865100, 10.152076603
10.161865118, 10.161976303
10.171865118, 10.172043040
10.181865135, 10.181941890
10.191865120, 10.192054842
10.201865118, 10.201935526
10.211865123, 10.211978153
10.221865123, 10.222007174
10.231865119, 10.232063468
10.241865117, 10.241986531
10.251865113, 10.252026326
10.261865121, 10.261945620
10.271865118, 10.271987957
10.281865118, 10.282012325
10.291865099, 10.291951617
10.301865117, 10.302020579
10.311865115, 10.312003165
10.321865108, 10.321957130
10.331865102, 10.331940101
10.341865095, 10.341945217
10.351865126, 10.352010149
10.361865123, 10.361992845
10.371865108, 10.371986074
10.381865118, 10.382026400
10.391865101, 10.392057489
10.401865119, 10.402004501
10.411865111, 10.411971599
10.421865117, 10.421970133
10.431865118, 10.431958127
10.441865114, 10.442034023
10.451865121, 10.451965261
10.461865129, 10.461974785
10.471865120, 10.471946254
10.481865112, 10.482053547
10.491865103, 10.492012191
10.501865118, 10.502078585
10.511865112, 10.512011987
10.521865113, 10.521942696
10.531865113, 10.531937334
10.541865103, 10.541996725
10.551865095, 10.552016150
10.561865096, 10.562011169
10.571865122, 10.572032366
10.581865097, 10.582010526
10.591865119, 10.591953271
10.601865127, 10.602006187
10.611865119, 10.611976452
10.621865119, 10.621966009
10.631865118, 10.632008128
10.641865127, 10.641985977
10.651865128, 10.651948947
10.661865122, 10.661962810
10.671865115, 10.671970211
10.681865115, 10.681984193
10.691865113, 10.691936822
10.701865127, 10.701991002
10.711865105, 10.711953846
10.721865117, 10.722029512
10.731867421, 10.731971295
10.741865126, 10.742028838
10.751865112, 10.752041714
10.761865124, 10.761947884
10.771865124, 10.771960108
10.781865133, 10.782000185
10.791865113, 10.791940077
10.801865116, 10.802064327
10.811865115, 10.812118091
10.821865118, 10.822056574
10.831865095, 10.831966433
10.841865103, 10.841952463
10.851865103, 10.851929746
10.861865101, 10.862018060
10.871865102, 10.872115697
10.881865123, 10.881966377
10.891865123, 10.891997229
10.901865112, 10.902079298
10.911865104, 10.911980349
10.921869264, 10.921937105
10.931865097, 10.932005124
10.941865100, 10.941996487
10.951865095, 10.952013573
10.961865095, 10.962031277
10.971865095, 10.972025389
10.981865098, 10.981983176
10.991865097, 10.992004112
11.001865100, 11.002084182
11.011865119, 11.011937300
11.021865101, 11.022003869
11.031865098, 11.032072971
11.041865099, 11.042021427
11.051865093, 11.052036471
11.061865100, 11.062036291
11.071865098, 11.072003434
11.081865098, 11.082056583
11.091865098, 11.091989015
11.101865100, 11.102053559
11.111871653, 11.112016527
11.121865114, 11.121955451
11.131865121, 11.132030576
11.141865122, 11.142022623
11.151865104, 11.151981463
11.161865106, 11.161994711
11.171865115, 11.172108968
11.181865114, 11.182030104
11.191865106, 11.191981388
11.201865117, 11.201984026
11.211865126, 11.211998355
11.221865100, 11.222017798
11.231865118, 11.232070458
11.241865118, 11.241987920
11.251865119, 11.252050731
11.261865118, 11.262031051
11.271865113, 11.272052184
11.281865118, 11.281966769
11.291865117, 11.292035153
11.301865115, 11.301989214
11.311865120, 11.312008677
11.321865115, 11.322046544
11.331868101, 11.332048374
11.341865115, 11.342027254
11.351865117, 11.352096730
11.361865112, 11.361974055
11.371865872, 11.371993276
11.381865860, 11.382044796
11.391865120, 11.392090854
11.401865118, 11.402045833
11.411865113, 11.412016630
11.421865103, 11.422023075
11.431865120, 11.432087816
11.441865105, 11.442046331
11.451867060, 11.452043090
11.461865119, 11.462003759
11.471866231, 11.472000259
11.481865118, 11.482044177
11.491865114, 11.492086616
11.501865122, 11.502059121
11.511865119, 11.512080292
11.521865118, 11.522039955
11.531873458, 11.532123640
11.541865115, 11.542105958
11.551865114, 11.552045028
11.561865118, 11.562018300
11.571865118, 11.572098633
11.581865116, 11.582092563
11.591865101, 11.592096314
11.601865100, 11.601996506
11.611865100, 11.612000471
11.621865101, 11.622015301
11.631865102, 11.632055141
11.641865111, 11.642077149
11.651865101, 11.652002712
11.661865105, 11.662023746
11.671865179, 11.672022826
11.681865107, 11.681956462
11.691865108, 11.692054467
11.701865104, 11.701986259
11.711865111, 11.712021207
11.721865138, 11.722082601
11.731865109, 11.732014329
11.741865108, 11.742020094
11.751865112, 11.752028974
11.761865119, 11.762031659
11.771865112, 11.772026590
11.781865117, 11.782005985
11.791865119, 11.791958497
11.801865116, 11.802074974
11.811865107, 11.812029818
11.821865114, 11.821969119
11.831865115, 11.832060812
11.841865115, 11.841991570
11.851865119, 11.852015834
11.861869404, 11.862097903
11.871865107, 11.872028334
11.881868506, 11.881999051
11.891878697, 11.892126013
11.901865119, 11.901990229
11.911865118, 11.911948649
11.921865111, 11.921990309
11.931868411, 11.932088996
11.941865109, 11.941962855
11.951865122, 11.952026166
11.961865113, 11.961990774
11.971865118, 11.972028590
11.981865113, 11.982017647
11.991865124, 11.991964511
12.001865128, 12.001993265
12.011865112, 12.012032058
12.021865122, 12.021972517
12.031865130, 12.031981091
12.041865113, 12.042065311
12.051865112, 12.051969717
------------------------------
