------------------------------
test was performed using the following parameters: --mps=100 --burst=1 --reply-every=1 --msg-size=14 --time=10
------------------------------
sockperf: [Total Run] RunTime=10.100 sec; SentMessages=1011; ReceivedMessages=1010
sockperf: ========= Printing statistics for Server No: 0
sockperf: [Valid Duration] RunTime=9.990 sec; SentMessages=1000; ReceivedMessages=1000
sockperf: [2;35m====> avg-lat= 79.446 (std-dev=21.560)[0m
sockperf: # dropped messages = 0; # duplicated messages = 0; # out-of-order messages = 0
sockperf: [2;35mTotal 1000 observations[0m; each percentile contains 10.00 observations
sockperf: ---> <MAX> observation =  159.677
sockperf: ---> percentile 99.999 =  159.677
sockperf: ---> percentile 99.990 =  159.677
sockperf: ---> percentile 99.900 =  142.793
sockperf: ---> percentile 99.000 =  127.648
sockperf: ---> percentile 90.000 =  108.620
sockperf: ---> percentile 75.000 =   94.784
sockperf: ---> percentile 50.000 =   77.674
sockperf: ---> percentile 25.000 =   63.028
sockperf: ---> <MIN> observation =   27.111
------------------------------
txTime, rxTime
2.061757428, 2.061908256
2.071757430, 2.071890072
2.081757433, 2.081901134
2.091757482, 2.091989533
2.101757409, 2.101940661
2.111757429, 2.111900962
2.121757412, 2.121931396
2.131757411, 2.131952090
2.141757413, 2.141921597
2.151757416, 2.151948153
2.161757456, 2.161918914
2.171757417, 2.171870873
2.181757407, 2.181914750
2.191757413, 2.191950305
2.201757412, 2.201860357
2.211757415, 2.211985147
2.221757411, 2.221910938
2.231757468, 2.231890370
2.241757432, 2.241903309
2.251757415, 2.251931697
2.261757407, 2.261917562
2.271757450, 2.271852587
2.281757420, 2.281857615
2.291757416, 2.291972754
2.301757417, 2.301837468
2.311757424, 2.311990003
2.321757414, 2.321821278
2.331757430, 2.331865563
2.341757413, 2.341877376
2.351757416, 2.351857883
2.361757421, 2.361837185
2.371757404, 2.371980200
2.381757421, 2.381917006
2.391757412, 2.391993290
2.401757424, 2.401867027
2.411757422, 2.412024735
2.421757412, 2.422005317
2.431757423, 2.431968739
2.441757413, 2.441898863
2.451757417, 2.451896354
2.461757423, 2.461929610
2.471757413, 2.471882400
2.481757421, 2.481914079
2.491757429, 2.491909492
2.501757422, 2.501887855
2.511757423, 2.511882865
2.521757423, 2.521960616
2.531757427, 2.531946479
2.541757431, 2.541930315
2.551757421, 2.551859390
2.561757426, 2.561963274
2.571757403, 2.571937261
2.581757421, 2.581953057
2.591757433, 2.591996504
2.601757427, 2.601928916
2.611757421, 2.611889995
2.621757426, 2.621883937
2.631757425, 2.631950664
2.641765398, 2.641926918
2.651757422, 2.651910718
2.661757422, 2.661944964
2.671757433, 2.671880952
2.681757423, 2.681889458
2.691761365, 2.691939672
2.701757431, 2.701973176
2.711757434, 2.711968785
2.721757430, 2.721867627
2.731757421, 2.731951010
2.741757424, 2.741897569
2.751757426, 2.751861244
2.761757430, 2.761918846
2.771757433, 2.771904372
2.781757407, 2.781933303
2.791757414, 2.791842557
2.801757413, 2.801951784
2.811757446, 2.811838632
2.821757426, 2.821980002
2.831757426, 2.831988869
2.841757411, 2.841880336
2.851757424, 2.851936685
2.861757424, 2.861877012
2.871757412, 2.872008699
2.881757423, 2.881885231
2.891757423, 2.891909327
2.901757427, 2.901983294
2.911757430, 2.911834575
2.921757428, 2.921952567
2.931757433, 2.931904747
2.941757428, 2.941953129
2.951757432, 2.951870387
2.961757422, 2.961869410
2.971757413, 2.971923408
2.981757411, 2.981957527
2.991757442, 2.991902502
3.001757406, 3.001894116
3.011757423, 3.011880410
3.021757431, 3.021937383
3.031757423, 3.031910109
3.041757431, 3.041879029
3.051757426, 3.051891166
3.061757429, 3.061973168
3.071757422, 3.071902433
3.081757427, 3.081878843
3.091757423, 3.091865420
3.101757413, 3.101930481
3.111757413, 3.111860104
3.121757426, 3.121882314
3.131757427, 3.131983275
3.141757427, 3.141858713
3.151757425, 3.151929870
3.161757432, 3.161912229
3.171757431, 3.171917081
3.181757413, 3.181913209
3.191757431, 3.191856209
3.201757432, 3.201906739
3.211757431, 3.211923562
3.221757433, 3.221939683
3.231757416, 3.231868856
3.241757425, 3.241967671
3.251757423, 3.251941271
3.261757428, 3.261856533
3.271757443, 3.271941368
3.281757431, 3.281873763
3.291757423, 3.291907463
3.301757429, 3.301875481
3.311757789, 3.311995332
3.321757422, 3.321871910
3.331757416, 3.331906186
3.341757429, 3.341944247
3.351757428, 3.351891977
3.361757428, 3.361863466
3.371757429, 3.371932483
3.381757430, 3.381883488
3.391757431, 3.391931685
3.401757428, 3.401941420
3.411757427, 3.411948750
3.421757436, 3.421899091
3.431757427, 3.431899946
3.441757427, 3.441865184
3.451757429, 3.451907041
3.461757426, 3.461889897
3.471757423, 3.471918707
3.481757423, 3.481949603
3.491757426, 3.491901087
3.501757428, 3.501878636
3.511757430, 3.511931871
3.521757429, 3.521824427
3.531757431, 3.531916679
3.541757430, 3.541883551
3.551757408, 3.551932783
3.561757430, 3.561910222
3.571757430, 3.571936256
3.581757412, 3.581933586
3.591757410, 3.591830408
3.601757413, 3.601907278
3.611757447, 3.611940004
3.621757413, 3.621972855
3.631757429, 3.631880893
3.641757423, 3.641835781
3.651757456, 3.651998548
3.661757425, 3.661936180
3.671757458, 3.671939257
3.681757421, 3.681903487
3.691757441, 3.691974464
3.701757429, 3.701867581
3.711757427, 3.711881370
3.721757428, 3.721974047
3.731757426, 3.731932022
3.741757417, 3.741929202
3.751757411, 3.751892272
3.761757427, 3.761980871
3.771757431, 3.771892859
3.781757433, 3.781963843
3.791757426, 3.791962656
3.801757432, 3.801980384
3.811757429, 3.811959279
3.821757412, 3.821840482
3.831757410, 3.831896417
3.841757429, 3.841971664
3.851757426, 3.851859845
3.861757426, 3.861983276
3.871757441, 3.871939120
3.881757432, 3.881912781
3.891757426, 3.891913398
3.901757439, 3.901853620
3.911757421, 3.911835747
3.921757428, 3.921997049
3.931757425, 3.931875949
3.941757431, 3.941957263
3.951757425, 3.951868002
3.961757425, 3.961962922
3.971757427, 3.971878678
3.981757433, 3.981971208
3.991757428, 3.991897396
4.001757416, 4.001860925
4.011757441, 4.011937372
4.021757450, 4.021961824
4.031757431, 4.031887896
4.041779212, 4.041962334
4.051757429, 4.051863917
4.061757427, 4.061970665
4.071757426, 4.071892992
4.081757430, 4.081837408
4.091757432, 4.091909402
4.101757439, 4.101862789
4.111757429, 4.111936382
4.121757427, 4.121898669
4.131757432, 4.131936570
4.141757425, 4.142000390
4.151757423, 4.151901584
4.161757422, 4.161984507
4.171757429, 4.171898593
4.181757431, 4.181872325
4.191757430, 4.191967051
4.201757431, 4.201878210
4.211757431, 4.211966564
4.221757428, 4.221940602
4.231757431, 4.231917899
4.241757424, 4.241924405
4.251757445, 4.251836927
4.261757429, 4.261949079
4.271757428, 4.271976706
4.281757635, 4.281874402
4.291757431, 4.291918406
4.301757428, 4.301877681
4.311757442, 4.311859842
4.321757430, 4.321945051
4.331757427, 4.331906812
4.341757428, 4.341962242
4.351757429, 4.351929835
4.361757439, 4.361942752
4.371757426, 4.371944667
4.381757421, 4.381887400
4.391757428, 4.391886226
4.401757427, 4.401864520
4.411757421, 4.411871013
4.421757422, 4.421864956
4.431757423, 4.431879883
4.441757426, 4.441859716
4.451757427, 4.451968176
4.461757427, 4.461923139
4.471757429, 4.471890391
4.481757434, 4.481904972
4.491757427, 4.491964805
4.501757426, 4.501886028
4.511757423, 4.511948300
4.521757445, 4.521927890
4.531757440, 4.531930118
4.541757428, 4.542014425
4.551757432, 4.551842613
4.561757428, 4.561900662
4.571757432, 4.571879869
4.581757432, 4.581868710
4.591757430, 4.592005499
4.601757431, 4.601854737
4.611757433, 4.611971776
4.621757430, 4.621836495
4.631757427, 4.631958935
4.641757428, 4.641952285
4.651757431, 4.651928128
4.661757417, 4.661908069
4.671757413, 4.671906566
4.681757428, 4.681961599
4.691757422, 4.692021363
4.701757427, 4.701987960
4.711757429, 4.711963521
4.721757431, 4.721901057
4.731757426, 4.731862114
4.741757408, 4.741880856
4.751757426, 4.751980559
4.761757430, 4.761907482
4.771757424, 4.771900475
4.781757424, 4.781934244
4.791757431, 4.791891148
4.801757424, 4.801811647
4.811757422, 4.811875816
4.821757423, 4.821961725
4.831757429, 4.831937977
4.841757452, 4.841917146
4.851757428, 4.851898277
4.861757428, 4.861877564
4.871757427, 4.871872308
4.881757431, 4.881924180
4.891757428, 4.891939506
4.901757426, 4.901885326
4.911757423, 4.911871896
4.921757425, 4.921861107
4.931757426, 4.931860746
4.941757428, 4.941943756
4.951757439, 4.951889559
4.961757423, 4.961861975
4.971757427, 4.971959000
4.981757425, 4.981985492
4.991757426, 4.991896232
5.001757432, 5.001873241
5.011757430, 5.011874063
5.021757426, 5.021894822
5.031757431, 5.031929633
5.041757425, 5.041857979
5.051757426, 5.051900401
5.061757427, 5.061908722
5.071757428, 5.071899714
5.081757426, 5.081849502
5.091757425, 5.091849246
5.101757409, 5.101856620
5.111757427, 5.111951004
5.121757430, 5.121932085
5.131757512, 5.131868315
5.141757427, 5.141907296
5.151757425, 5.151960555
5.161757428, 5.161903518
5.171757423, 5.171982790
5.181757425, 5.181924103
5.191757426, 5.191913839
5.201757431, 5.201927912
5.211757426, 5.211908740
5.221757430, 5.221872722
5.231757432, 5.231905667
5.241757413, 5.241902402
5.251757413, 5.251911581
5.261757418, 5.261909417
5.271757427, 5.271827301
5.281757426, 5.281919554
5.291757426, 5.291853109
5.301757425, 5.301823884
5.311757430, 5.311886518
5.321757428, 5.321865484
5.331757431, 5.331984741
5.341757428, 5.341929829
5.351757433, 5.351902938
5.361757431, 5.361986846
5.371757431, 5.371981594
5.381757433, 5.381920908
5.391757426, 5.391952303
5.401757423, 5.401902490
5.411757423, 5.411903156
5.421757428, 5.421887722
5.431757428, 5.431971129
5.441757429, 5.441883194
5.451757427, 5.451857756
5.461757430, 5.461855682
5.471757417, 5.471930536
5.481757418, 5.481966858
5.491757429, 5.491891026
5.501757433, 5.501933845
5.511757426, 5.511949527
5.521757425, 5.521823299
5.531757431, 5.531901010
5.541757428, 5.541929978
5.551757420, 5.551929454
5.561757427, 5.561874652
5.571757411, 5.571832737
5.581757426, 5.581896956
5.591757412, 5.591974403
5.601757427, 5.601879734
5.611757416, 5.611864035
5.621757421, 5.621881744
5.631757412, 5.631855282
5.641757420, 5.641923828
5.651757423, 5.651907025
5.661757426, 5.661883034
5.671757426, 5.671871640
5.681757411, 5.681941959
5.691757585, 5.691976712
5.701757416, 5.701913090
5.711757431, 5.711866754
5.721757410, 5.721890532
5.731757423, 5.731871235
5.741757426, 5.741973260
5.751757406, 5.751939554
5.761757408, 5.761941186
5.771757421, 5.771915973
5.781757427, 5.781898257
5.791757433, 5.791862798
5.801757428, 5.801836073
5.811757432, 5.811924714
5.821757416, 5.821853887
5.831757426, 5.831903582
5.841757422, 5.841933566
5.851757423, 5.851967645
5.861757431, 5.861966157
5.871757426, 5.871907459
5.881757425, 5.881912189
5.891757431, 5.891875606
5.901757423, 5.901915548
5.911757411, 5.911839344
5.921757427, 5.921939872
5.931757430, 5.931948535
5.941757430, 5.941990534
5.951757429, 5.951856838
5.961757431, 5.961956829
5.971757429, 5.971837001
5.981757434, 5.981897293
5.991757413, 5.991888549
6.001757423, 6.001924983
6.011760234, 6.011962763
6.021757426, 6.021868373
6.031757428, 6.031888905
6.041757427, 6.041908078
6.051757428, 6.051876174
6.061757429, 6.061912562
6.071761175, 6.071883158
6.081757428, 6.081960743
6.091757415, 6.091912022
6.101757426, 6.101956425
6.111757427, 6.111914701
6.121757426, 6.121891689
6.131757423, 6.131893473
6.141757425, 6.141900108
6.151757426, 6.151864705
6.161757421, 6.161900580
6.171757432, 6.171915084
6.181757429, 6.181909040
6.191757413, 6.191885539
6.201760280, 6.201889710
6.211757429, 6.211909077
6.221757414, 6.221921076
6.231757415, 6.231985023
6.241757426, 6.241924180
6.251757427, 6.251892236
6.261757423, 6.261872006
6.271757425, 6.271865567
6.281757434, 6.281944196
6.291757430, 6.291915305
6.301757428, 6.301869999
6.311757434, 6.311935701
6.321757410, 6.321920822
6.331757430, 6.331955798
6.341757432, 6.341954657
6.351757422, 6.351925472
6.361757409, 6.361973997
6.371757423, 6.371912491
6.381757430, 6.381869297
6.391757424, 6.391920637
6.401757412, 6.401856580
6.411757415, 6.412007210
6.421757410, 6.422017843
6.431757421, 6.431917794
6.441757430, 6.441946134
6.451757424, 6.451968143
6.461757414, 6.461882039
6.471757422, 6.471949862
6.481757423, 6.481978207
6.491757411, 6.491862370
6.501757410, 6.501894013
6.511757428, 6.511907713
6.521757408, 6.521865266
6.531757432, 6.531861521
6.541757431, 6.541929491
6.551757428, 6.551900797
6.561757422, 6.561920849
6.571757429, 6.571954972
6.581757423, 6.581897637
6.591757406, 6.591928055
6.601757424, 6.601966469
6.611757421, 6.611900150
6.621757430, 6.621927533
6.631757428, 6.631986848
6.641757428, 6.641980721
6.651757430, 6.651970227
6.661757428, 6.661886350
6.671757412, 6.671938575
6.681757416, 6.681860199
6.691757415, 6.691851576
6.701757424, 6.701898031
6.711757433, 6.711955736
6.721757429, 6.721838096
6.731757424, 6.731864555
6.741757406, 6.741942969
6.751757430, 6.751927733
6.761757432, 6.761899808
6.771757432, 6.771880460
6.781757429, 6.781918367
6.791757417, 6.791892542
6.801757428, 6.801865088
6.811757430, 6.811852151
6.821757431, 6.821865943
6.831757427, 6.831935104
6.841757409, 6.841909309
6.851757416, 6.851954221
6.861757408, 6.861980483
6.871757431, 6.871989765
6.881757413, 6.881865488
6.891757427, 6.891858360
6.901757413, 6.901943538
6.911757416, 6.911896394
6.921757431, 6.921985589
6.931757413, 6.931946347
6.941757422, 6.941957819
6.951757417, 6.951852048
6.961757423, 6.961884561
6.971757424, 6.971934978
6.981757420, 6.981937759
6.991757430, 6.991869429
7.001757428, 7.001973288
7.011757428, 7.011927776
7.021757426, 7.021977681
7.031757421, 7.031959847
7.041757413, 7.041934705
7.051757418, 7.051875985
7.061757421, 7.061919086
7.071757426, 7.071891828
7.081757415, 7.081881259
7.091757431, 7.091932269
7.101757430, 7.101922338
7.111770292, 7.112055879
7.121757432, 7.121963022
7.131757428, 7.131964878
7.141757428, 7.142076784
7.151757433, 7.151857409
7.161757428, 7.161934648
7.171757431, 7.171976961
7.181757433, 7.181888614
7.191757432, 7.191886338
7.201757423, 7.201940907
7.211757426, 7.211911637
7.221757412, 7.222009515
7.231757426, 7.231905478
7.241757432, 7.241884868
7.251757415, 7.251920116
7.261757425, 7.261920247
7.271757426, 7.271977969
7.281757410, 7.281998893
7.291757430, 7.291935008
7.301757414, 7.301907504
7.311757416, 7.311960944
7.321757415, 7.321890021
7.331757416, 7.331961776
7.341757411, 7.341882168
7.351757408, 7.351927121
7.361757422, 7.361899140
7.371757412, 7.371921449
7.381757411, 7.381832158
7.391757423, 7.391889055
7.401757430, 7.402000578
7.411757463, 7.411870024
7.421757414, 7.421871302
7.431757417, 7.431932119
7.441757411, 7.441877821
7.451757428, 7.451859085
7.461757431, 7.461911306
7.471757413, 7.471949271
7.481757433, 7.481897752
7.491757425, 7.491885538
7.501757428, 7.501973904
7.511757428, 7.511997212
7.521757432, 7.521873878
7.531757430, 7.531867368
7.541757438, 7.541955974
7.551757435, 7.551903070
7.561757429, 7.561867439
7.571757443, 7.571917730
7.581757445, 7.581920313
7.591757426, 7.591948560
7.601757414, 7.601951885
7.611757430, 7.611934813
7.621757428, 7.621969176
7.631757431, 7.631910298
7.641757411, 7.641924358
7.651757404, 7.651852663
7.661757413, 7.661896579
7.671757413, 7.671921684
7.681757426, 7.681828414
7.691757424, 7.691896776
7.701757430, 7.701855008
7.711757413, 7.711902611
7.721757431, 7.721969937
7.731757425, 7.731883212
7.741757428, 7.741914755
7.751757428, 7.751955598
7.761757428, 7.761827285
7.771757419, 7.771882363
7.781757424, 7.781847220
7.791757423, 7.791925542
7.801757424, 7.802002117
7.811757423, 7.811883987
7.821757407, 7.821892804
7.831757413, 7.831868670
7.841757426, 7.841942574
7.851757432, 7.851895244
7.861757429, 7.861956669
7.871757433, 7.871998335
7.881757431, 7.882005606
7.891757423, 7.891925891
7.901757414, 7.901884710
7.911757411, 7.911981988
7.921757416, 7.921925451
7.931757408, 7.931893013
7.941757435, 7.941940490
7.951757413, 7.951915810
7.961757413, 7.961896465
7.971757411, 7.971930424
7.981757405, 7.981943900
7.991757413, 7.991944047
8.001757405, 8.001843597
8.011757426, 8.012001989
8.021757422, 8.021870289
8.031759892, 8.031963658
8.041757415, 8.041868061
8.051757414, 8.051974581
8.061757410, 8.061943228
8.071757403, 8.071919864
8.081757426, 8.081948778
8.091757413, 8.091982150
8.101757409, 8.101891201
8.111757406, 8.112003307
8.121757410, 8.121949721
8.131757430, 8.131863382
8.141757414, 8.141886423
8.151757408, 8.151901484
8.161757416, 8.161880269
8.171757417, 8.171880682
8.181757413, 8.181885238
8.191757413, 8.191864039
8.201757428, 8.201899173
8.211757428, 8.211898004
8.221757424, 8.221900363
8.231757418, 8.231942697
8.241757423, 8.241942706
8.251757429, 8.251914707
8.261757424, 8.261978407
8.271757430, 8.271844134
8.281757429, 8.281892430
8.291757427, 8.291944978
8.301757432, 8.301990256
8.311757414, 8.311996268
8.321757421, 8.321883653
8.331757416, 8.331925383
8.341757414, 8.341941370
8.351757428, 8.351944030
8.361757430, 8.361899805
8.371757460, 8.371983076
8.381757426, 8.381881217
8.391757426, 8.391915242
8.401757408, 8.401920872
8.411757408, 8.411938300
8.421757427, 8.421906759
8.431757429, 8.431965862
8.441757429, 8.441873510
8.451757425, 8.451929628
8.461757433, 8.461897642
8.471757433, 8.471948509
8.481757430, 8.481874863
8.491757413, 8.492027506
8.501757424, 8.501964533
8.511757422, 8.511948024
8.521757415, 8.521881388
8.531757424, 8.531921809
8.541757411, 8.541966733
8.551757420, 8.551912398
8.561757414, 8.561899888
8.571757427, 8.571895041
8.581757428, 8.581958641
8.591757414, 8.591918885
8.601757415, 8.601951620
8.611757424, 8.611913348
8.621757412, 8.621912969
8.631757407, 8.631862868
8.641757408, 8.641888925
8.651757416, 8.651874764
8.661757418, 8.661909209
8.671757413, 8.671885232
8.681757427, 8.681877700
8.691757407, 8.691906824
8.701757429, 8.701970130
8.711757473, 8.711895261
8.721757412, 8.721881731
8.731757424, 8.731931197
8.741757424, 8.741862510
8.751757425, 8.751989578
8.761757429, 8.761883503
8.771757427, 8.771906299
8.781757427, 8.781930719
8.791757430, 8.791904983
8.801757432, 8.801878560
8.811757431, 8.811894253
8.821757426, 8.821933474
8.831757429, 8.831932353
8.841757430, 8.841954148
8.851757435, 8.851955160
8.861757517, 8.861884287
8.871757423, 8.871860262
8.881757426, 8.881985077
8.891757423, 8.891993400
8.901757426, 8.901938216
8.911757431, 8.911962177
8.921757448, 8.921912685
8.931757431, 8.931966279
8.941757428, 8.941885414
8.951757446, 8.951910326
8.961757430, 8.961890930
8.971757429, 8.971913917
8.981757423, 8.981863791
8.991757440, 8.991938552
9.001757428, 9.001959833
9.011757449, 9.011882758
9.021757430, 9.021892561
9.031757439, 9.031902755
9.041757436, 9.041922043
9.051757432, 9.051885831
9.061757444, 9.061968858
9.071757424, 9.071948336
9.081757423, 9.081849512
9.091757431, 9.091944751
9.101757453, 9.101911798
9.111757677, 9.111920025
9.121757433, 9.121938804
9.131757441, 9.131942980
9.141757431, 9.141995162
9.151757431, 9.151896847
9.161757451, 9.161928410
9.171757426, 9.172009536
9.181757439, 9.181895055
9.191757464, 9.191883207
9.201757444, 9.201896727
9.211757429, 9.211956302
9.221757464, 9.221949408
9.231757444, 9.231895843
9.241757430, 9.241961925
9.251757433, 9.251887146
9.261757422, 9.261895200
9.271757424, 9.271910747
9.281757433, 9.281864153
9.291757432, 9.291872767
9.301757429, 9.301906277
9.311757433, 9.311947476
9.321757422, 9.321948576
9.331757438, 9.331846392
9.341757417, 9.341960854
9.351757407, 9.351921511
9.361757428, 9.361917088
9.371757408, 9.372007062
9.381757426, 9.381843194
9.391757425, 9.391951556
9.401757414, 9.401974656
9.411757416, 9.411960835
9.421757425, 9.421916984
9.431757428, 9.431909633
9.441757411, 9.442008228
9.451757443, 9.451919060
9.461757423, 9.461890621
9.471757413, 9.471897566
9.481757424, 9.481978414
9.491757424, 9.491902631
9.501757423, 9.501923820
9.511757431, 9.511920227
9.521757429, 9.521965675
9.531757426, 9.532019828
9.541757415, 9.541873236
9.551757454, 9.551865191
9.561757411, 9.561949579
9.571757415, 9.571881196
9.581757412, 9.581931184
9.591757426, 9.591916099
9.601757415, 9.601997257
9.611757408, 9.611976194
9.621757406, 9.621908294
9.631757411, 9.631889585
9.641757412, 9.641900037
9.651757415, 9.651884376
9.661757415, 9.661950303
9.671757432, 9.671933764
9.681757430, 9.681962878
9.691757404, 9.691857741
9.701757431, 9.701852956
9.711757426, 9.711978758
9.721757428, 9.721932438
9.731757422, 9.731907738
9.741757430, 9.741964199
9.751757429, 9.751925166
9.761757429, 9.761899707
9.771757411, 9.772012707
9.781757408, 9.781885393
9.791757411, 9.791893157
9.801757408, 9.801948863
9.811757409, 9.811862134
9.821757432, 9.821902479
9.831757413, 9.831921829
9.841757413, 9.841899820
9.851757427, 9.851862562
9.861757428, 9.861930807
9.871757406, 9.871925252
9.881757428, 9.881940431
9.891757432, 9.891911728
9.901757429, 9.901968522
9.911757429, 9.911915516
9.921757421, 9.921941517
9.931757409, 9.931965390
9.941757422, 9.941874116
9.951757423, 9.951919874
9.961757413, 9.961920249
9.971757426, 9.971889885
9.981757412, 9.981976738
9.991757409, 9.991940863
10.001757427, 10.001872319
10.011757413, 10.011879100
10.021757406, 10.021936331
10.031757411, 10.031927254
10.041757412, 10.041888774
10.051757411, 10.051966145
10.061757413, 10.061956028
10.071757417, 10.071872174
10.081757415, 10.081920901
10.091757409, 10.091927094
10.101757406, 10.101834451
10.111757429, 10.111929110
10.121757416, 10.121985202
10.131757403, 10.131945749
10.141762348, 10.141960463
10.151757433, 10.151915843
10.161757415, 10.161881529
10.171757413, 10.171981757
10.181757418, 10.181948523
10.191757412, 10.191899415
10.201757406, 10.201890909
10.211757408, 10.211927799
10.221757407, 10.221987095
10.231757431, 10.231844109
10.241757428, 10.241887382
10.251757426, 10.251931583
10.261757411, 10.261965451
10.271757417, 10.271870025
10.281757413, 10.281916184
10.291757414, 10.291946807
10.301757423, 10.301920473
10.311757425, 10.311915916
10.321757423, 10.321863162
10.331757408, 10.331875050
10.341757410, 10.341860848
10.351757414, 10.351946420
10.361757429, 10.361909471
10.371757430, 10.371893264
10.381757458, 10.381939551
10.391757416, 10.391926216
10.401757411, 10.401903615
10.411757416, 10.412004012
10.421757412, 10.421859650
10.431757417, 10.431837453
10.441757420, 10.441931527
10.451757451, 10.451886240
10.461757422, 10.461901474
10.471757410, 10.471899184
10.481757424, 10.481857815
10.491757422, 10.491905051
10.501757408, 10.501868332
10.511757413, 10.511926294
10.521757410, 10.521973432
10.531757413, 10.531957037
10.541757408, 10.541913799
10.551757410, 10.551948527
10.561757405, 10.561883711
10.571757416, 10.571891781
10.581757408, 10.581836905
10.591757411, 10.591908208
10.601757431, 10.601963123
10.611757423, 10.611929946
10.621757428, 10.621957447
10.631757426, 10.631895242
10.641757410, 10.641876184
10.651757423, 10.651873855
10.661757431, 10.661927953
10.671757425, 10.671975530
10.681757415, 10.681929924
10.691757409, 10.691868657
10.701757431, 10.701963285
10.711757429, 10.711903065
10.721757432, 10.721843903
10.731757426, 10.731910211
10.741757433, 10.741884642
10.751757432, 10.751912165
10.761757422, 10.761858244
10.771757423, 10.771930943
10.781757423, 10.782003911
10.791757426, 10.791887140
10.801757431, 10.801971897
10.811757446, 10.811918923
10.821757428, 10.821879281
10.831757431, 10.831901396
10.841757431, 10.841962755
10.851757432, 10.851932308
10.861757423, 10.861904133
10.871757424, 10.871974581
10.881757423, 10.881877792
10.891757428, 10.891904173
10.901757444, 10.901903741
10.911757436, 10.911942297
10.921757429, 10.921865293
10.931757428, 10.931967726
10.941757428, 10.941903561
10.951757423, 10.951938421
10.961757441, 10.961954774
10.971757435, 10.971863282
10.981757424, 10.981873226
10.991757426, 10.991988253
11.001757426, 11.001878819
11.011757429, 11.011851435
11.021757449, 11.021954357
11.031757431, 11.031880167
11.041757429, 11.041886958
11.051757428, 11.051912684
11.061757411, 11.061917227
11.071757408, 11.071964807
11.081757431, 11.081968877
11.091757430, 11.091898976
11.101757430, 11.101886904
11.111757412, 11.111888562
11.121757415, 11.121922590
11.131757416, 11.131985710
11.141757426, 11.141946994
11.151757416, 11.151993983
11.161757426, 11.161971444
11.171757428, 11.171889095
11.181757425, 11.181882324
11.191757421, 11.191913076
11.201757427, 11.201849898
11.211757426, 11.211892537
11.221757430, 11.221967834
11.231757423, 11.231890761
11.241757420, 11.241938037
11.251757420, 11.251878154
11.261757413, 11.261881300
11.271757413, 11.271866186
11.281757428, 11.281883338
11.291757427, 11.291841326
11.301757501, 11.302003157
11.311757500, 11.312010550
11.321757489, 11.321874372
11.331757427, 11.332036604
11.341757430, 11.341934037
11.351757431, 11.351851702
11.361757421, 11.361935570
11.371757463, 11.371935514
11.381757424, 11.381876066
11.391757423, 11.391891050
11.401757414, 11.401865960
11.411757497, 11.411915417
11.421757433, 11.421985312
11.431757414, 11.431878075
11.441757413, 11.442005303
11.451757403, 11.451970800
11.461757408, 11.461939315
11.471757456, 11.471885793
11.481757417, 11.481994860
11.491757429, 11.491875297
11.501757431, 11.501880466
11.511757421, 11.511881967
11.521757428, 11.521868245
11.531757412, 11.532024008
11.541757427, 11.541931073
11.551757436, 11.551996228
11.561757433, 11.561899110
11.571757422, 11.571885917
11.581757424, 11.581912882
11.591757428, 11.591977551
11.601757491, 11.601863031
11.611757498, 11.611936915
11.621757431, 11.621917526
11.631757497, 11.631947976
11.641757430, 11.641885206
11.651757409, 11.651932570
11.661757428, 11.661905191
11.671757428, 11.671834216
11.681764434, 11.681917324
11.691757495, 11.691901074
11.701757428, 11.701902083
11.711757426, 11.711884997
11.721757428, 11.721922095
11.731757440, 11.731971890
11.741757429, 11.741938126
11.751757490, 11.751858633
11.761757429, 11.761933953
11.771757432, 11.771910525
11.781757427, 11.781942434
11.791757414, 11.791935882
11.801757416, 11.801922208
11.811757433, 11.811873129
11.821757431, 11.821910708
11.831757433, 11.831873258
11.841757422, 11.841970934
11.851757429, 11.851915945
11.861757413, 11.861927821
11.871757455, 11.871841673
11.881757431, 11.881889282
11.891757414, 11.891915120
11.901757408, 11.901890540
11.911757413, 11.911986953
11.921757427, 11.921866676
11.931757421, 11.931988089
11.941757425, 11.941958273
11.951757426, 11.951919408
11.961757423, 11.961929113
11.971757433, 11.971957948
11.981757431, 11.981926316
11.991757433, 11.991933923
12.001757424, 12.001908141
12.011757472, 12.011864453
12.021757430, 12.021902623
12.031757429, 12.031980591
12.041757497, 12.041865141
12.051757432, 12.051978495
------------------------------
