------------------------------
test was performed using the following parameters: --mps=100 --burst=1 --reply-every=1 --msg-size=14 --time=10
------------------------------
sockperf: [Total Run] RunTime=10.100 sec; SentMessages=1011; ReceivedMessages=1010
sockperf: ========= Printing statistics for Server No: 0
sockperf: [Valid Duration] RunTime=9.990 sec; SentMessages=1000; ReceivedMessages=1000
sockperf: [2;35m====> avg-lat=121.228 (std-dev=29.294)[0m
sockperf: # dropped messages = 0; # duplicated messages = 0; # out-of-order messages = 0
sockperf: [2;35mTotal 1000 observations[0m; each percentile contains 10.00 observations
sockperf: ---> <MAX> observation =  206.879
sockperf: ---> percentile 99.999 =  206.879
sockperf: ---> percentile 99.990 =  206.879
sockperf: ---> percentile 99.900 =  202.911
sockperf: ---> percentile 99.000 =  186.782
sockperf: ---> percentile 90.000 =  158.989
sockperf: ---> percentile 75.000 =  140.877
sockperf: ---> percentile 50.000 =  120.960
sockperf: ---> percentile 25.000 =  101.475
sockperf: ---> <MIN> observation =   30.231
------------------------------
txTime, rxTime
2.062024595, 2.062150927
2.072024599, 2.072230620
2.082024599, 2.082285902
2.092024603, 2.092223855
2.102024610, 2.102218332
2.112024616, 2.112204302
2.122024616, 2.122155995
2.132024613, 2.132137967
2.142024599, 2.142249141
2.152024605, 2.152262678
2.162024604, 2.162302261
2.172024599, 2.172256114
2.182024600, 2.182171564
2.192024618, 2.192153162
2.202024608, 2.202164213
2.212024613, 2.212244431
2.222024598, 2.222298839
2.232024592, 2.232157166
2.242024596, 2.242221547
2.252024601, 2.252250967
2.262024589, 2.262141363
2.272024611, 2.272254202
2.282024616, 2.282216970
2.292024613, 2.292302855
2.302024610, 2.302210901
2.312024618, 2.312286590
2.322024606, 2.322286189
2.332024610, 2.332278146
2.342024615, 2.342316851
2.352024615, 2.352311777
2.362024591, 2.362144965
2.372024613, 2.372246996
2.382024606, 2.382225265
2.392024614, 2.392337203
2.402024610, 2.402363657
2.412024610, 2.412260458
2.422024614, 2.422196533
2.432024619, 2.432276767
2.442024609, 2.442139904
2.452024609, 2.452285996
2.462024610, 2.462150882
2.472024610, 2.472273823
2.482024611, 2.482284962
2.492024606, 2.492223727
2.502024619, 2.502340980
2.512024608, 2.512219811
2.522024611, 2.522248155
2.532024601, 2.532176392
2.542024626, 2.542230690
2.552024610, 2.552377969
2.562024614, 2.562217135
2.572024611, 2.572225042
2.582024609, 2.582262975
2.592024633, 2.592293702
2.602024618, 2.602309934
2.612024614, 2.612230777
2.622024618, 2.622264319
2.632024628, 2.632311088
2.642024613, 2.642284618
2.652030106, 2.652358796
2.662024618, 2.662276211
2.672024614, 2.672236107
2.682024596, 2.682277672
2.692024690, 2.692339501
2.702024613, 2.702324860
2.712025482, 2.712342333
2.722024633, 2.722338091
2.732024613, 2.732352081
2.742024613, 2.742307810
2.752024614, 2.752277618
2.762024619, 2.762249182
2.772024609, 2.772329878
2.782024616, 2.782332029
2.792024609, 2.792198198
2.802024615, 2.802305693
2.812024618, 2.812302662
2.822024595, 2.822262091
2.832024609, 2.832293703
2.842024611, 2.842223527
2.852024613, 2.852353983
2.862024609, 2.862337926
2.872024610, 2.872195051
2.882024611, 2.882296957
2.892034887, 2.892408453
2.902024616, 2.902199073
2.912025046, 2.912347598
2.922024611, 2.922320931
2.932024683, 2.932265582
2.942024609, 2.942307965
2.952025450, 2.952335410
2.962024619, 2.962211617
2.972025155, 2.972235463
2.982024608, 2.982225519
2.992024606, 2.992363201
3.002024616, 3.002207209
3.012024616, 3.012243611
3.022024609, 3.022232626
3.032024616, 3.032246505
3.042024608, 3.042297411
3.052024611, 3.052345572
3.062024608, 3.062295711
3.072024618, 3.072264254
3.082030592, 3.082269283
3.092024608, 3.092227097
3.102024611, 3.102393685
3.112024610, 3.112374449
3.122024594, 3.122135451
3.132024621, 3.132245907
3.142024592, 3.142320803
3.152024618, 3.152335161
3.162024604, 3.162290059
3.172024599, 3.172369952
3.182024608, 3.182306850
3.192024615, 3.192361126
3.202024606, 3.202255312
3.212024611, 3.212256673
3.222024620, 3.222154686
3.232024600, 3.232344210
3.242024610, 3.242308850
3.252024611, 3.252251226
3.262024623, 3.262366859
3.272024609, 3.272234666
3.282024611, 3.282321288
3.292024614, 3.292268900
3.302024609, 3.302130219
3.312024616, 3.312320785
3.322024606, 3.322302552
3.332024610, 3.332307672
3.342024616, 3.342333113
3.352025767, 3.352318230
3.362024608, 3.362240673
3.372024615, 3.372224451
3.382024599, 3.382220841
3.392024611, 3.392321781
3.402024598, 3.402195058
3.412024613, 3.412223784
3.422024614, 3.422225417
3.432024615, 3.432263858
3.442031571, 3.442392149
3.452024611, 3.452380957
3.462024606, 3.462305755
3.472024611, 3.472170830
3.482024606, 3.482294567
3.492024613, 3.492263809
3.502024613, 3.502213330
3.512024624, 3.512260124
3.522024611, 3.522332627
3.532024611, 3.532282685
3.542024606, 3.542230676
3.552024614, 3.552234211
3.562024618, 3.562430440
3.572024623, 3.572321638
3.582024616, 3.582301627
3.592024618, 3.592198300
3.602024613, 3.602221168
3.612024614, 3.612232075
3.622024618, 3.622265646
3.632024618, 3.632189596
3.642024615, 3.642276607
3.652024609, 3.652217376
3.662030403, 3.662322837
3.672024608, 3.672174339
3.682024615, 3.682296949
3.692024618, 3.692171806
3.702024618, 3.702280667
3.712024616, 3.712257037
3.722024620, 3.722239743
3.732024614, 3.732230990
3.742024616, 3.742194824
3.752026293, 3.752273809
3.762024609, 3.762319042
3.772024616, 3.772314298
3.782024618, 3.782170884
3.792024616, 3.792134690
3.802024608, 3.802232734
3.812024613, 3.812190001
3.822024613, 3.822258290
3.832024646, 3.832316141
3.842024638, 3.842214355
3.852024615, 3.852193050
3.862024601, 3.862294881
3.872031835, 3.872287660
3.882024608, 3.882235173
3.892024614, 3.892260964
3.902024623, 3.902256868
3.912024618, 3.912342650
3.922024611, 3.922278317
3.932024618, 3.932164556
3.942024618, 3.942228551
3.952024615, 3.952276354
3.962024618, 3.962361565
3.972024611, 3.972170854
3.982024639, 3.982260088
3.992024610, 3.992201996
4.002024613, 4.002233073
4.012024618, 4.012298490
4.022024609, 4.022211875
4.032024634, 4.032266191
4.042024616, 4.042263959
4.052028484, 4.052236180
4.062024613, 4.062340615
4.072024610, 4.072287456
4.082024609, 4.082263814
4.092024611, 4.092245290
4.102024609, 4.102198771
4.112024616, 4.112237671
4.122024616, 4.122288477
4.132024610, 4.132333144
4.142024619, 4.142384207
4.152024610, 4.152362550
4.162024610, 4.162198608
4.172024618, 4.172269685
4.182024611, 4.182352035
4.192024609, 4.192330051
4.202024614, 4.202294945
4.212024609, 4.212130036
4.222024616, 4.222235469
4.232024609, 4.232342588
4.242024613, 4.242173147
4.252024616, 4.252205047
4.262024618, 4.262265282
4.272024618, 4.272233348
4.282024615, 4.282393544
4.292024628, 4.292247528
4.302024618, 4.302386865
4.312024615, 4.312260149
4.322024609, 4.322258694
4.332024618, 4.332280640
4.342028058, 4.342360320
4.352024631, 4.352294688
4.362024608, 4.362341027
4.372024613, 4.372319058
4.382024611, 4.382274201
4.392024596, 4.392250103
4.402024616, 4.402307530
4.412030244, 4.412286837
4.422024613, 4.422347451
4.432024615, 4.432255327
4.442024591, 4.442236583
4.452024608, 4.452277746
4.462024609, 4.462270854
4.472024608, 4.472223658
4.482028583, 4.482341971
4.492024613, 4.492249394
4.502024618, 4.502367966
4.512024609, 4.512305758
4.522024611, 4.522292782
4.532024611, 4.532308135
4.542024610, 4.542337439
4.552024619, 4.552397055
4.562024614, 4.562242232
4.572024618, 4.572320577
4.582024610, 4.582328290
4.592032375, 4.592292578
4.602024615, 4.602211202
4.612024614, 4.612271831
4.622024614, 4.622340749
4.632024615, 4.632217001
4.642024613, 4.642327719
4.652024616, 4.652254386
4.662024598, 4.662214135
4.672024613, 4.672279852
4.682024600, 4.682391701
4.692024601, 4.692283897
4.702024613, 4.702315056
4.712024618, 4.712265146
4.722024615, 4.722238678
4.732024616, 4.732352856
4.742024618, 4.742248176
4.752024618, 4.752286510
4.762024618, 4.762289737
4.772024611, 4.772277875
4.782024618, 4.782331112
4.792024608, 4.792221078
4.802024613, 4.802281704
4.812024616, 4.812213645
4.822028667, 4.822406071
4.832024615, 4.832279265
4.842024618, 4.842338351
4.852024609, 4.852249895
4.862029568, 4.862335231
4.872024616, 4.872255396
4.882024609, 4.882254652
4.892024616, 4.892229292
4.902024610, 4.902381206
4.912024614, 4.912265580
4.922024615, 4.922388137
4.932024606, 4.932306923
4.942024613, 4.942267343
4.952024611, 4.952227563
4.962024608, 4.962215431
4.972024610, 4.972311428
4.982024614, 4.982301870
4.992024609, 4.992235984
5.002030469, 5.002411259
5.012024611, 5.012344538
5.022024599, 5.022300439
5.032024598, 5.032369477
5.042024592, 5.042256836
5.052024613, 5.052269163
5.062024616, 5.062279577
5.072024609, 5.072245436
5.082024610, 5.082299496
5.092024615, 5.092265594
5.102024613, 5.102227059
5.112024686, 5.112224091
5.122024613, 5.122248065
5.132024610, 5.132261250
5.142024618, 5.142224271
5.152024615, 5.152302499
5.162024613, 5.162222732
5.172024613, 5.172312971
5.182024606, 5.182226635
5.192024615, 5.192298277
5.202024616, 5.202261704
5.212024611, 5.212241252
5.222024611, 5.222183750
5.232024611, 5.232265601
5.242024614, 5.242207042
5.252024613, 5.252166166
5.262024614, 5.262180369
5.272024610, 5.272189888
5.282024609, 5.282221820
5.292024613, 5.292226447
5.302024611, 5.302306246
5.312024613, 5.312229501
5.322024615, 5.322341140
5.332024609, 5.332233101
5.342024599, 5.342239206
5.352024610, 5.352303680
5.362024600, 5.362125800
5.372024613, 5.372179994
5.382024610, 5.382298220
5.392024618, 5.392234435
5.402024614, 5.402239882
5.412024611, 5.412277294
5.422024618, 5.422250186
5.432024608, 5.432328018
5.442024615, 5.442362572
5.452024613, 5.452210017
5.462024611, 5.462363501
5.472024611, 5.472384096
5.482024614, 5.482332396
5.492024611, 5.492266329
5.502024613, 5.502206306
5.512024681, 5.512269069
5.522024615, 5.522200797
5.532024614, 5.532185442
5.542024611, 5.542331643
5.552024615, 5.552295951
5.562024618, 5.562416780
5.572024614, 5.572395516
5.582024613, 5.582236167
5.592024618, 5.592134614
5.602033564, 5.602335734
5.612024613, 5.612327705
5.622024592, 5.622239523
5.632024596, 5.632236406
5.642024596, 5.642188703
5.652024603, 5.652232106
5.662024618, 5.662210686
5.672024616, 5.672263772
5.682024611, 5.682298006
5.692024619, 5.692293075
5.702024609, 5.702381233
5.712024618, 5.712339457
5.722024614, 5.722293626
5.732024619, 5.732257575
5.742024606, 5.742306723
5.752024620, 5.752320166
5.762024611, 5.762343222
5.772024615, 5.772299169
5.782024623, 5.782283905
5.792024610, 5.792365767
5.802024616, 5.802264554
5.812024610, 5.812342540
5.822024618, 5.822324532
5.832024620, 5.832354428
5.842027023, 5.842305162
5.852024615, 5.852280607
5.862024623, 5.862306587
5.872030497, 5.872277760
5.882024616, 5.882194833
5.892024618, 5.892267305
5.902026457, 5.902414469
5.912024620, 5.912277835
5.922024616, 5.922236926
5.932024611, 5.932220040
5.942024610, 5.942298064
5.952024589, 5.952263021
5.962024595, 5.962268485
5.972024610, 5.972183808
5.982024609, 5.982205874
5.992024606, 5.992337734
6.002024610, 6.002289625
6.012024610, 6.012272045
6.022024606, 6.022300574
6.032024610, 6.032312303
6.042024611, 6.042234298
6.052024611, 6.052290820
6.062024613, 6.062326287
6.072024618, 6.072203626
6.082024613, 6.082094619
6.092024614, 6.092121243
6.102024608, 6.102277816
6.112027962, 6.112264111
6.122024619, 6.122246260
6.132024611, 6.132199664
6.142024616, 6.142200743
6.152025228, 6.152188520
6.162024615, 6.162280689
6.172024615, 6.172085078
6.182031223, 6.182375626
6.192024611, 6.192369963
6.202024615, 6.202283967
6.212024608, 6.212211296
6.222024616, 6.222277405
6.232024615, 6.232118287
6.242024609, 6.242267069
6.252024611, 6.252299813
6.262024611, 6.262239640
6.272024618, 6.272286788
6.282024606, 6.282206222
6.292024614, 6.292288100
6.302024614, 6.302261612
6.312024615, 6.312228715
6.322024610, 6.322284073
6.332024611, 6.332242058
6.342024610, 6.342214388
6.352024614, 6.352311668
6.362024618, 6.362207127
6.372024614, 6.372286002
6.382024618, 6.382184476
6.392024609, 6.392280718
6.402028894, 6.402292171
6.412024615, 6.412272976
6.422024613, 6.422172180
6.432024611, 6.432247625
6.442024608, 6.442194631
6.452024609, 6.452178040
6.462024618, 6.462239701
6.472024610, 6.472381321
6.482024613, 6.482270086
6.492024618, 6.492277364
6.502024610, 6.502306365
6.512024615, 6.512269387
6.522024616, 6.522259611
6.532024595, 6.532209815
6.542024615, 6.542268420
6.552024616, 6.552222839
6.562024615, 6.562246329
6.572024614, 6.572316226
6.582024610, 6.582294011
6.592024610, 6.592199466
6.602025413, 6.602274830
6.612024614, 6.612228896
6.622024595, 6.622211184
6.632024614, 6.632219228
6.642024619, 6.642297125
6.652024606, 6.652086816
6.662024606, 6.662202208
6.672024613, 6.672275202
6.682024614, 6.682355472
6.692024614, 6.692300998
6.702024613, 6.702199768
6.712024608, 6.712229455
6.722024609, 6.722275136
6.732024610, 6.732259709
6.742024606, 6.742183098
6.752024609, 6.752250271
6.762024610, 6.762282465
6.772024606, 6.772183456
6.782024606, 6.782283326
6.792024618, 6.792277885
6.802024610, 6.802325357
6.812024611, 6.812223748
6.822024601, 6.822255247
6.832024605, 6.832164820
6.842024610, 6.842248521
6.852024618, 6.852332019
6.862024611, 6.862195891
6.872024608, 6.872201534
6.882024595, 6.882142621
6.892024611, 6.892369333
6.902024615, 6.902241102
6.912024610, 6.912286280
6.922024608, 6.922243443
6.932024610, 6.932205528
6.942024608, 6.942256618
6.952024615, 6.952191585
6.962024606, 6.962186705
6.972024610, 6.972241071
6.982024600, 6.982262767
6.992024608, 6.992235962
7.002024616, 7.002197747
7.012024618, 7.012228395
7.022024982, 7.022250391
7.032024608, 7.032382089
7.042024606, 7.042232375
7.052024613, 7.052239756
7.062024611, 7.062280577
7.072024613, 7.072224139
7.082024613, 7.082210854
7.092024608, 7.092292013
7.102024614, 7.102197356
7.112024609, 7.112354441
7.122024611, 7.122342250
7.132024611, 7.132288894
7.142024609, 7.142236683
7.152024616, 7.152358502
7.162024613, 7.162211724
7.172024613, 7.172182824
7.182024615, 7.182198231
7.192024609, 7.192283288
7.202024611, 7.202420905
7.212024615, 7.212307886
7.222024618, 7.222295274
7.232024611, 7.232341353
7.242024615, 7.242368353
7.252024608, 7.252329078
7.262024615, 7.262249999
7.272024615, 7.272263396
7.282024613, 7.282265332
7.292024616, 7.292138145
7.302024618, 7.302309632
7.312024611, 7.312181533
7.322024606, 7.322270219
7.332024610, 7.332371118
7.342024618, 7.342259657
7.352024610, 7.352276293
7.362024610, 7.362249526
7.372024613, 7.372426070
7.382024611, 7.382350326
7.392026360, 7.392346424
7.402032933, 7.402232115
7.412024609, 7.412294986
7.422024611, 7.422323648
7.432024609, 7.432335275
7.442024609, 7.442204028
7.452024613, 7.452193202
7.462026748, 7.462329429
7.472024613, 7.472312191
7.482024613, 7.482281114
7.492024614, 7.492202542
7.502024608, 7.502301468
7.512024611, 7.512199267
7.522024610, 7.522284212
7.532024609, 7.532254147
7.542024611, 7.542214439
7.552024610, 7.552301281
7.562024613, 7.562317850
7.572024611, 7.572241546
7.582024608, 7.582351317
7.592024616, 7.592231530
7.602024606, 7.602267021
7.612024606, 7.612151650
7.622024608, 7.622221890
7.632024608, 7.632269620
7.642024614, 7.642239204
7.652024619, 7.652329920
7.662024611, 7.662286627
7.672024613, 7.672375583
7.682024608, 7.682251756
7.692024614, 7.692341992
7.702024618, 7.702350177
7.712024618, 7.712177028
7.722024608, 7.722274098
7.732024608, 7.732361806
7.742024611, 7.742264464
7.752024614, 7.752271873
7.762024616, 7.762406941
7.772024611, 7.772158749
7.782024609, 7.782265831
7.792024611, 7.792269948
7.802024611, 7.802227600
7.812024619, 7.812292449
7.822024609, 7.822346786
7.832027892, 7.832297871
7.842024611, 7.842215806
7.852024610, 7.852291449
7.862024619, 7.862271663
7.872024608, 7.872213112
7.882024611, 7.882256888
7.892024610, 7.892201985
7.902024609, 7.902311772
7.912028514, 7.912295528
7.922024606, 7.922209190
7.932024611, 7.932279038
7.942024614, 7.942131947
7.952024610, 7.952224706
7.962024613, 7.962355293
7.972024619, 7.972287634
7.982024606, 7.982298727
7.992024609, 7.992274197
8.002024613, 8.002352311
8.012024610, 8.012218780
8.022024614, 8.022259443
8.032025526, 8.032367174
8.042024610, 8.042276724
8.052024610, 8.052291005
8.062024615, 8.062284664
8.072024609, 8.072294148
8.082024615, 8.082211178
8.092024616, 8.092165443
8.102024613, 8.102233535
8.112024618, 8.112314677
8.122024614, 8.122279228
8.132024610, 8.132368753
8.142032048, 8.142332638
8.152024609, 8.152287007
8.162024615, 8.162277304
8.172024611, 8.172297308
8.182024610, 8.182311029
8.192024615, 8.192232271
8.202024613, 8.202283257
8.212024610, 8.212182913
8.222024614, 8.222214184
8.232024615, 8.232246604
8.242024614, 8.242327987
8.252024616, 8.252161104
8.262024592, 8.262132610
8.272024611, 8.272223968
8.282024618, 8.282228870
8.292024611, 8.292278781
8.302024616, 8.302295893
8.312024606, 8.312307737
8.322024615, 8.322352536
8.332024615, 8.332274284
8.342024618, 8.342307793
8.352024615, 8.352299961
8.362029130, 8.362272141
8.372030038, 8.372230780
8.382024614, 8.382391922
8.392024609, 8.392345429
8.402024613, 8.402329721
8.412024613, 8.412201742
8.422024592, 8.422204401
8.432024599, 8.432372672
8.442024613, 8.442273953
8.452024606, 8.452329469
8.462024614, 8.462159259
8.472024615, 8.472237994
8.482024613, 8.482305984
8.492024618, 8.492262927
8.502024611, 8.502250725
8.512024618, 8.512220196
8.522024863, 8.522329259
8.532024610, 8.532258447
8.542024613, 8.542242963
8.552024606, 8.552325505
8.562024609, 8.562280484
8.572024615, 8.572254629
8.582024587, 8.582235551
8.592024613, 8.592281326
8.602024610, 8.602207790
8.612024618, 8.612359346
8.622024613, 8.622216644
8.632024610, 8.632297677
8.642024799, 8.642129258
8.652024609, 8.652354047
8.662024615, 8.662345950
8.672024608, 8.672233266
8.682024608, 8.682335183
8.692024610, 8.692391117
8.702024611, 8.702244214
8.712024615, 8.712175740
8.722024601, 8.722215359
8.732024606, 8.732230302
8.742024608, 8.742288845
8.752024606, 8.752152007
8.762024614, 8.762292151
8.772024613, 8.772235628
8.782029974, 8.782163243
8.792024613, 8.792265360
8.802024608, 8.802227431
8.812024611, 8.812270817
8.822024668, 8.822305304
8.832024613, 8.832199823
8.842024975, 8.842254669
8.852024683, 8.852320131
8.862024614, 8.862138507
8.872029508, 8.872260501
8.882024619, 8.882224841
8.892024613, 8.892295098
8.902024613, 8.902276963
8.912024608, 8.912218371
8.922024613, 8.922263564
8.932024615, 8.932167444
8.942024609, 8.942153395
8.952024608, 8.952238926
8.962024595, 8.962282569
8.972024610, 8.972326773
8.982024606, 8.982189477
8.992024609, 8.992321656
9.002024596, 9.002226014
9.012024590, 9.012190121
9.022024610, 9.022251029
9.032024619, 9.032266684
9.042024618, 9.042243522
9.052024611, 9.052198757
9.062024611, 9.062218591
9.072024608, 9.072269400
9.082024610, 9.082197780
9.092024616, 9.092261875
9.102025602, 9.102341416
9.112024610, 9.112197651
9.122024610, 9.122252357
9.132024616, 9.132307996
9.142024608, 9.142345064
9.152024619, 9.152381965
9.162024609, 9.162355436
9.172024613, 9.172199145
9.182024606, 9.182272725
9.192025490, 9.192322885
9.202024619, 9.202311802
9.212024614, 9.212266860
9.222024613, 9.222262765
9.232024613, 9.232314363
9.242024616, 9.242352252
9.252024616, 9.252242831
9.262024609, 9.262199888
9.272024610, 9.272236029
9.282024613, 9.282200060
9.292024614, 9.292262828
9.302024606, 9.302262335
9.312024608, 9.312328726
9.322024619, 9.322298179
9.332024606, 9.332237879
9.342024609, 9.342337261
9.352024615, 9.352289206
9.362027240, 9.362307965
9.372024609, 9.372208319
9.382024606, 9.382268272
9.392024611, 9.392326600
9.402024614, 9.402258760
9.412024613, 9.412292233
9.422024615, 9.422305339
9.432024611, 9.432284798
9.442024613, 9.442194547
9.452024609, 9.452212723
9.462024619, 9.462237949
9.472024618, 9.472246979
9.482024606, 9.482301562
9.492024609, 9.492267763
9.502024611, 9.502244853
9.512024608, 9.512242490
9.522024615, 9.522349463
9.532024614, 9.532236700
9.542024609, 9.542286104
9.552024633, 9.552324154
9.562024600, 9.562265380
9.572024619, 9.572182721
9.582024609, 9.582265408
9.592024613, 9.592256413
9.602024620, 9.602272976
9.612024613, 9.612263519
9.622024613, 9.622275346
9.632024611, 9.632280189
9.642024608, 9.642242150
9.652024613, 9.652250567
9.662024611, 9.662325314
9.672024822, 9.672202572
9.682024631, 9.682329741
9.692024615, 9.692341782
9.702024618, 9.702261539
9.712024613, 9.712239612
9.722024613, 9.722266758
9.732024609, 9.732208403
9.742024611, 9.742299643
9.752024608, 9.752198133
9.762024610, 9.762279768
9.772024613, 9.772265012
9.782024611, 9.782308431
9.792024598, 9.792231314
9.802024614, 9.802382165
9.812024614, 9.812240589
9.822024618, 9.822244309
9.832024608, 9.832285777
9.842024615, 9.842173893
9.852027649, 9.852367417
9.862024605, 9.862307806
9.872024614, 9.872308023
9.882029512, 9.882237435
9.892024613, 9.892325999
9.902024611, 9.902252737
9.912024608, 9.912278191
9.922024609, 9.922297646
9.932024600, 9.932249596
9.942024609, 9.942290170
9.952024616, 9.952226434
9.962024611, 9.962310771
9.972024610, 9.972263147
9.982024606, 9.982168534
9.992024618, 9.992277568
10.002024619, 10.002178585
10.012024608, 10.012342120
10.022024610, 10.022306218
10.032024608, 10.032332883
10.042024613, 10.042285819
10.052024611, 10.052343040
10.062024618, 10.062213130
10.072024618, 10.072438378
10.082024613, 10.082263299
10.092024599, 10.092274968
10.102024618, 10.102229274
10.112024616, 10.112264626
10.122024613, 10.122331920
10.132024613, 10.132276653
10.142024601, 10.142243455
10.152024608, 10.152235092
10.162024611, 10.162220241
10.172024618, 10.172262409
10.182024610, 10.182232461
10.192024615, 10.192203779
10.202024614, 10.202231986
10.212024613, 10.212212702
10.222024615, 10.222277423
10.232024616, 10.232230002
10.242024615, 10.242243822
10.252024611, 10.252261454
10.262024618, 10.262308311
10.272024613, 10.272244129
10.282024614, 10.282251272
10.292024621, 10.292170302
10.302024611, 10.302311634
10.312024608, 10.312329672
10.322024615, 10.322277602
10.332024615, 10.332229287
10.342024633, 10.342186107
10.352024618, 10.352308003
10.362024608, 10.362350167
10.372024614, 10.372287285
10.382024603, 10.382306377
10.392024618, 10.392287591
10.402024604, 10.402196520
10.412024610, 10.412317370
10.422024609, 10.422256284
10.432024600, 10.432352666
10.442024684, 10.442224648
10.452024613, 10.452192974
10.462024616, 10.462144569
10.472024590, 10.472295400
10.482024609, 10.482260605
10.492024618, 10.492278608
10.502024609, 10.502287715
10.512024610, 10.512319383
10.522024606, 10.522207032
10.532025274, 10.532249894
10.542024609, 10.542266529
10.552024616, 10.552277920
10.562024615, 10.562282787
10.572024618, 10.572270732
10.582024610, 10.582323332
10.592024616, 10.592266082
10.602024608, 10.602274999
10.612024631, 10.612324286
10.622024615, 10.622160135
10.632024618, 10.632246299
10.642024615, 10.642358001
10.652024618, 10.652232591
10.662024609, 10.662242215
10.672024628, 10.672368203
10.682024616, 10.682225458
10.692024614, 10.692294169
10.702024613, 10.702323954
10.712024609, 10.712231559
10.722024613, 10.722243430
10.732024615, 10.732344295
10.742024611, 10.742227835
10.752024618, 10.752259953
10.762024606, 10.762247592
10.772024610, 10.772326635
10.782024613, 10.782305712
10.792024609, 10.792268447
10.802024611, 10.802294143
10.812024595, 10.812318046
10.822024618, 10.822341432
10.832024614, 10.832281990
10.842024615, 10.842256867
10.852024609, 10.852284992
10.862024611, 10.862276969
10.872024615, 10.872281887
10.882024618, 10.882325133
10.892024611, 10.892330108
10.902024618, 10.902349159
10.912024626, 10.912307416
10.922024621, 10.922285888
10.932024624, 10.932226752
10.942024618, 10.942288142
10.952024609, 10.952235031
10.962024611, 10.962265337
10.972024616, 10.972221546
10.982024610, 10.982304795
10.992024618, 10.992256724
11.002024615, 11.002219204
11.012024610, 11.012338769
11.022024608, 11.022145851
11.032024599, 11.032246962
11.042024614, 11.042237505
11.052024615, 11.052293524
11.062024614, 11.062244631
11.072024599, 11.072239374
11.082024596, 11.082284440
11.092024600, 11.092178305
11.102024601, 11.102308286
11.112024615, 11.112308533
11.122024598, 11.122325727
11.132024600, 11.132288478
11.142024598, 11.142145233
11.152024601, 11.152280138
11.162024604, 11.162266290
11.172024598, 11.172267767
11.182024600, 11.182257491
11.192024626, 11.192359925
11.202024616, 11.202212850
11.212024594, 11.212268150
11.222024601, 11.222245807
11.232024595, 11.232170633
11.242024618, 11.242360761
11.252024722, 11.252268229
11.262024600, 11.262255517
11.272024596, 11.272272337
11.282024598, 11.282216714
11.292024620, 11.292347257
11.302024599, 11.302244059
11.312024827, 11.312208475
11.322024595, 11.322225731
11.332024592, 11.332171910
11.342024608, 11.342392279
11.352024596, 11.352235031
11.362024603, 11.362291879
11.372024618, 11.372213875
11.382024626, 11.382259734
11.392024605, 11.392196691
11.402024613, 11.402183268
11.412024616, 11.412297883
11.422024608, 11.422244614
11.432024614, 11.432271666
11.442024606, 11.442209908
11.452024614, 11.452178043
11.462024611, 11.462229747
11.472024613, 11.472242935
11.482024615, 11.482402468
11.492024609, 11.492187525
11.502024614, 11.502240977
11.512024609, 11.512225146
11.522024611, 11.522196524
11.532024613, 11.532246595
11.542024613, 11.542316413
11.552024619, 11.552207930
11.562024613, 11.562228335
11.572024614, 11.572131882
11.582024614, 11.582192196
11.592024618, 11.592297031
11.602024599, 11.602331787
11.612024611, 11.612265174
11.622024619, 11.622254904
11.632024614, 11.632228138
11.642024644, 11.642237205
11.652024605, 11.652297105
11.662024614, 11.662219769
11.672024616, 11.672268472
11.682024613, 11.682227165
11.692024618, 11.692332304
11.702024611, 11.702290933
11.712024613, 11.712280454
11.722024615, 11.722234562
11.732024611, 11.732301035
11.742024611, 11.742300883
11.752024609, 11.752201575
11.762024634, 11.762218872
11.772024614, 11.772284064
11.782024611, 11.782319571
11.792024613, 11.792246547
11.802024613, 11.802156938
11.812024619, 11.812354555
11.822024613, 11.822218008
11.832024591, 11.832275120
11.842037205, 11.842347602
11.852024680, 11.852324236
11.862024613, 11.862340512
11.872024613, 11.872284313
11.882024609, 11.882218057
11.892024613, 11.892234060
11.902024606, 11.902275537
11.912024619, 11.912327758
11.922024618, 11.922301189
11.932024613, 11.932307044
11.942024621, 11.942243564
11.952024609, 11.952274200
11.962024614, 11.962334945
11.972024613, 11.972224707
11.982024610, 11.982285481
11.992024608, 11.992143273
12.002024614, 12.002222812
12.012024608, 12.012274438
12.022024611, 12.022276653
12.032024611, 12.032186657
12.042024619, 12.042266991
12.052024610, 12.052295080
------------------------------
