------------------------------
test was performed using the following parameters: --mps=100 --burst=1 --reply-every=1 --msg-size=14 --time=30
------------------------------
sockperf: [Total Run] RunTime=30.100 sec; SentMessages=3011; ReceivedMessages=3010
sockperf: ========= Printing statistics for Server No: 0
sockperf: [Valid Duration] RunTime=29.981 sec; SentMessages=2999; ReceivedMessages=2999
sockperf: [2;35m====> avg-lat=458.091 (std-dev=80.301)[0m
sockperf: # dropped messages = 0; # duplicated messages = 0; # out-of-order messages = 0
sockperf: [2;35mTotal 2999 observations[0m; each percentile contains 29.99 observations
sockperf: ---> <MAX> observation =  750.782
sockperf: ---> percentile 99.999 =  750.782
sockperf: ---> percentile 99.990 =  750.782
sockperf: ---> percentile 99.900 =  736.682
sockperf: ---> percentile 99.000 =  689.724
sockperf: ---> percentile 90.000 =  530.840
sockperf: ---> percentile 75.000 =  499.516
sockperf: ---> percentile 50.000 =  458.215
sockperf: ---> percentile 25.000 =  391.752
sockperf: ---> <MIN> observation =  309.828
------------------------------
txTime, rxTime
2.072477438, 2.073612210
2.082477849, 2.083560015
2.092476691, 2.093559157
2.102476678, 2.103554999
2.112476671, 2.113674227
2.122476685, 2.123541352
2.132476691, 2.133531816
2.142476672, 2.143530073
2.152476666, 2.153645403
2.162476682, 2.163572104
2.172476666, 2.173507757
2.182476668, 2.183569098
2.192476686, 2.193651800
2.202481496, 2.203623028
2.212476661, 2.213542577
2.222476678, 2.223782386
2.232476674, 2.233724119
2.242476682, 2.243653804
2.252476669, 2.253616923
2.262476667, 2.263584559
2.272476666, 2.273703648
2.282476662, 2.283570655
2.292476677, 2.293587871
2.302476672, 2.303623350
2.312476666, 2.313736226
2.322476668, 2.323550074
2.332476681, 2.333544662
2.342476662, 2.343538869
2.352476669, 2.353715663
2.362476673, 2.363527831
2.372476671, 2.373522858
2.382476670, 2.383572042
2.392476672, 2.393662273
2.402476670, 2.403564360
2.412476664, 2.413630181
2.422476723, 2.423821026
2.432476687, 2.433932668
2.442476682, 2.443802471
2.452476686, 2.453796028
2.462476690, 2.463793269
2.472476682, 2.473783652
2.482476697, 2.483780655
2.492476687, 2.493776987
2.502476685, 2.503767928
2.512476692, 2.513762107
2.522476690, 2.523755420
2.532476682, 2.533749361
2.542476687, 2.543745377
2.552482348, 2.553738620
2.562478242, 2.563863165
2.572476662, 2.573479482
2.582476683, 2.583845707
2.592476686, 2.593842276
2.602476697, 2.603836324
2.612476686, 2.613841750
2.622476737, 2.623461673
2.632476692, 2.633695744
2.642476685, 2.643846352
2.652476711, 2.653434245
2.662477278, 2.663811012
2.672476689, 2.673830742
2.682476702, 2.683551631
2.692476686, 2.693787255
2.702476680, 2.703812278
2.712476699, 2.713399214
2.722476725, 2.723776474
2.732476694, 2.733765353
2.742476685, 2.743754409
2.752476691, 2.753750549
2.762476687, 2.763746054
2.772482475, 2.773859563
2.782476680, 2.783732864
2.792476697, 2.793850496
2.802476692, 2.803721735
2.812476689, 2.813836552
2.822476692, 2.823958831
2.832476686, 2.833825842
2.842476697, 2.843826091
2.852476694, 2.853814772
2.862476685, 2.863937155
2.872476682, 2.873803703
2.882476687, 2.883801781
2.892476684, 2.893791374
2.902476692, 2.903916601
2.912476696, 2.913782128
2.922476685, 2.923780553
2.932476681, 2.933768667
2.942476692, 2.943891138
2.952476684, 2.953757912
2.962476688, 2.963757847
2.972476694, 2.973746526
2.982476690, 2.983746410
2.992482075, 2.993860044
3.002476685, 3.003734227
3.012476746, 3.013978312
3.022476698, 3.023847267
3.032476689, 3.033841511
3.042476688, 3.043833979
3.052476684, 3.053829368
3.062476688, 3.063823645
3.072476692, 3.073818056
3.082476683, 3.083844414
3.092476704, 3.093436158
3.102476683, 3.103803327
3.112476687, 3.113829786
3.122476662, 3.123553090
3.132476741, 3.133794282
3.142476697, 3.143781755
3.152476697, 3.153772744
3.162476685, 3.163768109
3.172476681, 3.173760067
3.182476692, 3.183755535
3.192476687, 3.193748950
3.202476688, 3.203744539
3.212482690, 3.213863420
3.222476773, 3.223858020
3.232476687, 3.233857932
3.242476683, 3.243845237
3.252476686, 3.253842000
3.262476683, 3.263834288
3.272478981, 3.273829943
3.282476695, 3.283823102
3.292476694, 3.293819849
3.302476692, 3.303842417
3.312476696, 3.313560367
3.322476732, 3.323810990
3.332476691, 3.333796970
3.342476687, 3.343788755
3.352476681, 3.353910642
3.362476688, 3.363777683
3.372476684, 3.373773701
3.382476687, 3.383765312
3.392476689, 3.393762558
3.402476695, 3.403757189
3.412476684, 3.413780883
3.422476662, 3.423495473
3.432491000, 3.433876388
3.442478255, 3.443857704
3.452476694, 3.453852918
3.462476687, 3.463973728
3.472476686, 3.473841726
3.482476687, 3.483833890
3.492476687, 3.493828416
3.502476690, 3.503950054
3.512476691, 3.513818704
3.522476683, 3.523812063
3.532477068, 3.533806012
3.542476682, 3.543925520
3.552476682, 3.553795549
3.562476695, 3.563791080
3.572476689, 3.573784023
3.582476688, 3.583903944
3.592476684, 3.593774390
3.602476688, 3.603769205
3.612476686, 3.613762092
3.622476692, 3.623758255
3.632476684, 3.633769885
3.642476698, 3.643389501
3.652485128, 3.653865955
3.662477778, 3.663861146
3.672476776, 3.673851655
3.682476695, 3.683848094
3.692476682, 3.693841521
3.702476687, 3.703869710
3.712476661, 3.713458752
3.722476683, 3.723823046
3.732476686, 3.733817488
3.742476690, 3.743831758
3.752476709, 3.753559296
3.762476683, 3.763802049
3.772476684, 3.773825725
3.782476662, 3.783428158
3.792476733, 3.793795066
3.802476685, 3.803779905
3.812476691, 3.813773571
3.822476690, 3.823797446
3.832476657, 3.833512186
3.842476687, 3.843755236
3.852476687, 3.853754077
3.862476682, 3.863749474
3.872483123, 3.873867447
3.882477928, 3.883861369
3.892476687, 3.893849143
3.902476685, 3.903848059
3.912476691, 3.913843400
3.922476695, 3.923836416
3.932476696, 3.933829896
3.942476685, 3.943823702
3.952476682, 3.953815640
3.962476687, 3.963816604
3.972476692, 3.973806893
3.982476687, 3.983802144
3.992476689, 3.993794336
4.002476685, 4.003790521
4.012476687, 4.013804966
4.022476665, 4.023540418
4.032476729, 4.033661007
4.042476698, 4.043769131
4.052476684, 4.053763248
4.062476685, 4.063755679
4.072476686, 4.073750251
4.082476685, 4.083745797
4.092483328, 4.093863729
4.102477689, 4.103857091
4.112476692, 4.113853974
4.122476690, 4.123844611
4.132476694, 4.133840838
4.142476687, 4.143833511
4.152476686, 4.153832653
4.162476683, 4.163822240
4.172476686, 4.173821606
4.182476693, 4.183939095
4.192476687, 4.193843001
4.202476667, 4.203563772
4.212476738, 4.213806014
4.222476695, 4.223795150
4.232476687, 4.233785259
4.242476692, 4.243776450
4.252476684, 4.253776333
4.262476693, 4.263768272
4.272476687, 4.273764803
4.282476692, 4.283884094
4.292476684, 4.293751585
4.302479675, 4.303875206
4.312483820, 4.313896647
4.322476662, 4.323609962
4.332476738, 4.333868073
4.342476687, 4.343844970
4.352476694, 4.353842712
4.362476688, 4.363838182
4.372476687, 4.373831041
4.382476690, 4.383824780
4.392476686, 4.393821100
4.402476683, 4.403814480
4.412476692, 4.413807112
4.422476693, 4.423803033
4.432476686, 4.433795966
4.442476685, 4.443795972
4.452476689, 4.453910462
4.462476695, 4.463781943
4.472476694, 4.473773723
4.482476690, 4.483772143
4.492476682, 4.493763089
4.502476683, 4.503758407
4.512476681, 4.513751531
4.522476688, 4.523748177
4.532485639, 4.533865291
4.542478797, 4.543860496
4.552476691, 4.553850397
4.562476688, 4.563847274
4.572476687, 4.573841772
4.582476690, 4.583836012
4.592476692, 4.593827586
4.602476693, 4.603826223
4.612476691, 4.613819563
4.622476693, 4.623813857
4.632476691, 4.633804051
4.642476688, 4.643804185
4.652476691, 4.653799381
4.662476693, 4.663790938
4.672476692, 4.673782392
4.682476695, 4.683779521
4.692476689, 4.693774157
4.702476695, 4.703797987
4.712476706, 4.713460398
4.722476667, 4.723420277
4.732476662, 4.733402564
4.742476663, 4.743425655
4.752476669, 4.753439539
4.762476675, 4.763480950
4.772476671, 4.773429539
4.782476656, 4.783460417
4.792476669, 4.793481330
4.802476665, 4.803436366
4.812476664, 4.813399857
4.822476673, 4.823437467
4.832476662, 4.833450360
4.842476668, 4.843462759
4.852476666, 4.853429599
4.862476663, 4.863509423
4.872476661, 4.873471648
4.882476668, 4.883430691
4.892476666, 4.893406425
4.902476670, 4.903493050
4.912476666, 4.913449759
4.922476667, 4.923399070
4.932476669, 4.933390341
4.942476673, 4.943473610
4.952476657, 4.953415583
4.962476667, 4.963387144
4.972476659, 4.973360593
4.982476670, 4.983443044
4.992476686, 4.993471498
5.002476667, 5.003410771
5.012476666, 5.013470801
5.022476667, 5.023493411
5.032476687, 5.033448372
5.042476662, 5.043397686
5.052476667, 5.053451996
5.062476665, 5.063466283
5.072476666, 5.073473970
5.082476663, 5.083433001
5.092476666, 5.093476177
5.102476687, 5.103471395
5.112476671, 5.113441512
5.122476688, 5.123406289
5.132476657, 5.133443425
5.142476660, 5.143444911
5.152476666, 5.153426570
5.162476667, 5.163412955
5.172476664, 5.173421904
5.182476672, 5.183432779
5.192476669, 5.193377769
5.202476663, 5.203362000
5.212476667, 5.213439204
5.222476665, 5.223397716
5.232476666, 5.233411641
5.242476663, 5.243461398
5.252476664, 5.253426451
5.262476662, 5.263439970
5.272476666, 5.273390470
5.282476662, 5.283444155
5.292476661, 5.293506490
5.302476672, 5.303479107
5.312476667, 5.313430620
5.322476660, 5.323468219
5.332476669, 5.333479751
5.342476667, 5.343448747
5.352476666, 5.353418440
5.362476656, 5.363445072
5.372476662, 5.373466815
5.382476667, 5.383439341
5.392476656, 5.393389596
5.402476672, 5.403417337
5.412476667, 5.413437164
5.422476672, 5.423434095
5.432476662, 5.433419378
5.442476663, 5.443463845
5.452476662, 5.453472823
5.462476670, 5.463435275
5.472476662, 5.473402529
5.482476672, 5.483431095
5.492476664, 5.493453349
5.502476673, 5.503482513
5.512476664, 5.513437673
5.522476662, 5.523497707
5.532476669, 5.533476615
5.542476672, 5.543446201
5.552476662, 5.553415657
5.562476667, 5.563491136
5.572476657, 5.573456791
5.582476662, 5.583411215
5.592476669, 5.593388867
5.602476675, 5.603469424
5.612476687, 5.613454632
5.622476693, 5.623409713
5.632476667, 5.633376708
5.642476667, 5.643462225
5.652476661, 5.653477955
5.662476668, 5.663431513
5.672476672, 5.673469851
5.682476662, 5.683487452
5.692476672, 5.693458609
5.702476668, 5.703396333
5.712476666, 5.713453672
5.722476672, 5.723526122
5.732476664, 5.733479699
5.742476670, 5.743431596
5.752476657, 5.753461679
5.762476668, 5.763485925
5.772476662, 5.773459347
5.782476673, 5.783409326
5.792476666, 5.793447891
5.802476663, 5.803460805
5.812476666, 5.813422375
5.822476662, 5.823404792
5.832476662, 5.833437097
5.842476656, 5.843429974
5.852476669, 5.853392087
5.862476662, 5.863378268
5.872476664, 5.873394610
5.882476670, 5.883461444
5.892476672, 5.893427069
5.902476667, 5.903344958
5.912476667, 5.913486778
5.922476665, 5.923456294
5.932476661, 5.933390615
5.942476662, 5.943439133
5.952476664, 5.953395370
5.962476668, 5.963478636
5.972476671, 5.973440732
5.982476672, 5.983467915
5.992476659, 5.993483985
6.002476667, 6.003462566
6.012476661, 6.013417129
6.022476675, 6.023452996
6.032476669, 6.033461278
6.042476668, 6.043440462
6.052476662, 6.053397702
6.062476665, 6.063414340
6.072476664, 6.073376154
6.082476678, 6.083411493
6.092476671, 6.093366382
6.102476658, 6.103438102
6.112476662, 6.113477128
6.122476670, 6.123427404
6.132476666, 6.133468987
6.142476667, 6.143417088
6.152476664, 6.153443160
6.162476667, 6.163407597
6.172476691, 6.173499059
6.182476663, 6.183459027
6.192476664, 6.193471889
6.202476663, 6.203434660
6.212476664, 6.213468175
6.222476668, 6.223453066
6.232476662, 6.233455058
6.242476672, 6.243419479
6.252476666, 6.253441046
6.262476663, 6.263419738
6.272476667, 6.273429074
6.282476668, 6.283394116
6.292476672, 6.293420270
6.302479094, 6.303400581
6.312476664, 6.313411096
6.322476668, 6.323366227
6.332476667, 6.333459818
6.342476658, 6.343419560
6.352476666, 6.353429425
6.362476662, 6.363398067
6.372476664, 6.373421603
6.382476668, 6.383386093
6.392476669, 6.393472818
6.402476668, 6.403432914
6.412476664, 6.413470952
6.422476672, 6.423475488
6.432476662, 6.433468718
6.442476675, 6.443410006
6.452476667, 6.453447550
6.462476667, 6.463461598
6.472476662, 6.473419257
6.482476672, 6.483388379
6.492476662, 6.493417795
6.502476673, 6.503432547
6.512476662, 6.513395096
6.522476667, 6.523370845
6.532476662, 6.533400105
6.542476672, 6.543471001
6.552476669, 6.553425942
6.562476662, 6.563457702
6.572476662, 6.573419418
6.582476662, 6.583441244
6.592476666, 6.593400557
6.602476665, 6.603432289
6.612476667, 6.613453907
6.622476673, 6.623481097
6.632476669, 6.633438666
6.642476683, 6.643440274
6.652476689, 6.653413485
6.662476670, 6.663434259
6.672476681, 6.673402365
6.682476670, 6.683428337
6.692476662, 6.693561108
6.702476662, 6.703537183
6.712476666, 6.713484135
6.722476690, 6.723384167
6.732476687, 6.733357831
6.742476677, 6.743383059
6.752476666, 6.753349964
6.762476663, 6.763426049
6.772476691, 6.773406924
6.782476662, 6.783406131
6.792476662, 6.793454240
6.802476662, 6.803405020
6.812476687, 6.813380831
6.822476658, 6.823392332
6.832476662, 6.833487610
6.842476668, 6.843435133
6.852476669, 6.853466344
6.862476668, 6.863432782
6.872476664, 6.873450561
6.882476663, 6.883421270
6.892476666, 6.893437755
6.902476665, 6.903402214
6.912476686, 6.913434639
6.922476670, 6.923401475
6.932476666, 6.933429418
6.942476667, 6.943384449
6.952476662, 6.953400716
6.962476665, 6.963368177
6.972476671, 6.973390271
6.982476667, 6.983412012
6.992476664, 6.993385043
7.002476660, 7.003403051
7.012476666, 7.013435284
7.022476668, 7.023396097
7.032476671, 7.033424010
7.042476668, 7.043376839
7.052476657, 7.053445499
7.062476672, 7.063420346
7.072476667, 7.073451824
7.082476668, 7.083465153
7.092476664, 7.093426872
7.102476667, 7.103387799
7.112476706, 7.113451426
7.122476674, 7.123439039
7.132476662, 7.133394700
7.142476665, 7.143374024
7.152476661, 7.153392057
7.162476670, 7.163427373
7.172476666, 7.173384061
7.182476670, 7.183342938
7.192476667, 7.193374050
7.202476668, 7.203458923
7.212476671, 7.213352216
7.222476667, 7.223454411
7.232476667, 7.233411225
7.242476668, 7.243426519
7.252476669, 7.253385092
7.262476665, 7.263422805
7.272476669, 7.273446575
7.282476678, 7.283454651
7.292476666, 7.293421045
7.302476665, 7.303453627
7.312476667, 7.313419279
7.322476662, 7.323433952
7.332476669, 7.333389417
7.342476663, 7.343434695
7.352476664, 7.353403782
7.362476658, 7.363410190
7.372476662, 7.373371659
7.382476668, 7.383400328
7.392476661, 7.393374780
7.402476670, 7.403397546
7.412476669, 7.413350701
7.422476667, 7.423433180
7.432476669, 7.433417104
7.442476667, 7.443420441
7.452476666, 7.453437372
7.462476675, 7.463404225
7.472476662, 7.473381288
7.482476667, 7.483391433
7.492476662, 7.493478262
7.502476667, 7.503443785
7.512476667, 7.513457406
7.522476662, 7.523430552
7.532476667, 7.533449568
7.542476668, 7.543418665
7.552476669, 7.553446772
7.562476665, 7.563400289
7.572476667, 7.573434440
7.582476672, 7.583392251
7.592476667, 7.593414127
7.602476670, 7.603388123
7.612476662, 7.613455536
7.622476665, 7.623422157
7.632476662, 7.633455710
7.642476663, 7.643471377
7.652476672, 7.653493041
7.662476673, 7.663456321
7.672476662, 7.673479816
7.682476668, 7.683451402
7.692476669, 7.693477731
7.702476675, 7.703440173
7.712476671, 7.713507730
7.722476673, 7.723483422
7.732476666, 7.733498302
7.742476670, 7.743463362
7.752476669, 7.753488953
7.762476665, 7.763449511
7.772476669, 7.773475716
7.782476667, 7.783455565
7.792476657, 7.793466107
7.802476662, 7.803482981
7.812476667, 7.813461355
7.822476672, 7.823416690
7.832476671, 7.833452906
7.842476663, 7.843403921
7.852476689, 7.853441658
7.862476668, 7.863501167
7.872476671, 7.873481408
7.882476677, 7.883500453
7.892476674, 7.893447313
7.902476665, 7.903445799
7.912476689, 7.913450571
7.922476663, 7.923473923
7.932476667, 7.933491912
7.942476672, 7.943530761
7.952476669, 7.953470753
7.962476673, 7.963496823
7.972476667, 7.973465002
7.982476662, 7.983498567
7.992476669, 7.993461358
8.002476677, 8.003485638
8.012476666, 8.013435027
8.022476670, 8.023478038
8.032476671, 8.033438716
8.042476663, 8.043462155
8.052476666, 8.053427150
8.062476667, 8.063442272
8.072476666, 8.073423499
8.082476670, 8.083495799
8.092476666, 8.093456988
8.102476663, 8.103482468
8.112476666, 8.113502980
8.122476678, 8.123466323
8.132476664, 8.133437105
8.142476670, 8.143446666
8.152476664, 8.153524053
8.162476662, 8.163489104
8.172476664, 8.173522860
8.182476673, 8.183473089
8.192476666, 8.193505934
8.202476695, 8.203476362
8.212476671, 8.213503714
8.222476663, 8.223462704
8.232476671, 8.233481196
8.242476668, 8.243445976
8.252476662, 8.253479031
8.262476670, 8.263443261
8.272476664, 8.273456605
8.282476672, 8.283421649
8.292476664, 8.293446844
8.302479266, 8.303481778
8.312476669, 8.313497778
8.322476672, 8.323452710
8.332476659, 8.333481143
8.342476667, 8.343438747
8.352476661, 8.353479180
8.362476662, 8.363439390
8.372476661, 8.373509105
8.382476670, 8.383475411
8.392476666, 8.393510789
8.402476670, 8.403470652
8.412476667, 8.413485642
8.422476670, 8.423443186
8.432476661, 8.433485401
8.442476668, 8.443439978
8.452476661, 8.453474724
8.462476668, 8.463437106
8.472476694, 8.473463763
8.482476670, 8.483415905
8.492476662, 8.493451224
8.502476665, 8.503404586
8.512476664, 8.513429280
8.522476663, 8.523461744
8.532476662, 8.533480347
8.542476693, 8.543516093
8.552476669, 8.553464880
8.562476662, 8.563439096
8.572476661, 8.573450918
8.582476667, 8.583472814
8.592476669, 8.593501406
8.602476667, 8.603516405
8.612476664, 8.613491000
8.622476667, 8.623506956
8.632476669, 8.633472465
8.642476670, 8.643507156
8.652476667, 8.653461312
8.662476672, 8.663476989
8.672476666, 8.673446887
8.682476665, 8.683482493
8.692476661, 8.693428874
8.702476665, 8.703469066
8.712476666, 8.713427494
8.722476667, 8.723569459
8.732476667, 8.733522133
8.742476665, 8.743549957
8.752476671, 8.753646796
8.762476667, 8.763492107
8.772476671, 8.773388720
8.782476670, 8.783481342
8.792476666, 8.793434930
8.802476687, 8.803457467
8.812476666, 8.813478189
8.822476667, 8.823504441
8.832476667, 8.833520908
8.842476672, 8.843477961
8.852476659, 8.853456381
8.862476660, 8.863481727
8.872476669, 8.873505082
8.882476665, 8.883460497
8.892476664, 8.893425678
8.902476680, 8.903457851
8.912476662, 8.913474986
8.922476672, 8.923440878
8.932476659, 8.933403877
8.942476665, 8.943435484
8.952476667, 8.953449879
8.962476680, 8.963462061
8.972476666, 8.973497586
8.982476665, 8.983475642
8.992476662, 8.993491212
9.002476670, 9.003440688
9.012476667, 9.013483644
9.022476665, 9.023445812
9.032476664, 9.033514842
9.042476662, 9.043470682
9.052476667, 9.053522970
9.062476672, 9.063478054
9.072476669, 9.073490871
9.082476672, 9.083466276
9.092476671, 9.093492430
9.102476668, 9.103461057
9.112476666, 9.113467410
9.122476663, 9.123433950
9.132476666, 9.133459273
9.142476678, 9.143432777
9.152476667, 9.153447226
9.162476658, 9.163416635
9.172476664, 9.173490916
9.182476673, 9.183469215
9.192476669, 9.193480129
9.202476672, 9.203499842
9.212476664, 9.213464713
9.222476665, 9.223441233
9.232476661, 9.233450537
9.242476672, 9.243482166
9.252476671, 9.253437149
9.262476672, 9.263527787
9.272476662, 9.273485999
9.282476663, 9.283507619
9.292476666, 9.293477267
9.302476673, 9.303511602
9.312476666, 9.313471763
9.322476668, 9.323491559
9.332476669, 9.333445778
9.342476672, 9.343483929
9.352489361, 9.353448085
9.362476658, 9.363468854
9.372476666, 9.373425212
9.382476665, 9.383451238
9.392476669, 9.393424802
9.402476660, 9.403492237
9.412476667, 9.413460363
9.422476665, 9.423491859
9.432476664, 9.433463776
9.442476668, 9.443483616
9.452476664, 9.453439168
9.462476672, 9.463516494
9.472476664, 9.473472510
9.482476672, 9.483512776
9.492476671, 9.493518095
9.502476663, 9.503478739
9.512476664, 9.513459185
9.522476663, 9.523482645
9.532476657, 9.533506764
9.542476672, 9.543462948
9.552476667, 9.553437149
9.562476673, 9.563455721
9.572476664, 9.573482843
9.582476665, 9.583431190
9.592476664, 9.593404869
9.602476668, 9.603440860
9.612476666, 9.613450676
9.622476678, 9.623464291
9.632476672, 9.633467024
9.642476668, 9.643476492
9.652476667, 9.653484885
9.662476670, 9.663440147
9.672476672, 9.673469949
9.682476668, 9.683447207
9.692476661, 9.693519654
9.702476670, 9.703481078
9.712476669, 9.713512383
9.722476668, 9.723482594
9.732476666, 9.733499871
9.742476673, 9.743447685
9.752476669, 9.753497577
9.762476670, 9.763452817
9.772476661, 9.773477501
9.782476660, 9.783436393
9.792476674, 9.793485796
9.802476662, 9.803432319
9.812476669, 9.813447505
9.822476667, 9.823411391
9.832476669, 9.833431388
9.842476667, 9.843462200
9.852476662, 9.853423175
9.862476665, 9.863507288
9.872476671, 9.873485812
9.882476672, 9.883446497
9.892476669, 9.893453546
9.902476665, 9.903427018
9.912476664, 9.913507040
9.922476677, 9.923529420
9.932476667, 9.933485954
9.942476675, 9.943512866
9.952476669, 9.953489374
9.962476665, 9.963503340
9.972476669, 9.973468305
9.982476677, 9.983486328
9.992476664, 9.993453237
10.002476662, 10.003479302
10.012476672, 10.013444241
10.022476665, 10.023460835
10.032476662, 10.033435324
10.042476668, 10.043450969
10.052476664, 10.053423344
10.062476663, 10.063505394
10.072476664, 10.073408214
10.082476667, 10.083477107
10.092476661, 10.093389023
10.102476670, 10.103475734
10.112476662, 10.113443048
10.122476662, 10.123469115
10.132476657, 10.133485396
10.142476660, 10.143510426
10.152476689, 10.153476363
10.162476692, 10.163502859
10.172476684, 10.173450756
10.182476685, 10.183481738
10.192476689, 10.193446367
10.202476660, 10.203467357
10.212476661, 10.213432345
10.222476665, 10.223456406
10.232476659, 10.233425487
10.242476667, 10.243455348
10.252476662, 10.253409592
10.262476663, 10.263441547
10.272476669, 10.273455977
10.282476670, 10.283477712
10.292476671, 10.293381420
10.302476663, 10.303477035
10.312476661, 10.313494466
10.322476665, 10.323441897
10.332476672, 10.333491942
10.342476680, 10.343449262
10.352476669, 10.353522990
10.362476670, 10.363481538
10.372476662, 10.373508858
10.382476667, 10.383475425
10.392476666, 10.393494216
10.402476673, 10.403456700
10.412476669, 10.413496987
10.422476668, 10.423452334
10.432476661, 10.433481037
10.442476665, 10.443443166
10.452476662, 10.453467350
10.462476665, 10.463433925
10.472476664, 10.473458583
10.482476662, 10.483419542
10.492476667, 10.493456149
10.502476662, 10.503471662
10.512476669, 10.513492652
10.522476672, 10.523451090
10.532476661, 10.533489466
10.542476667, 10.543446545
10.552476661, 10.553451047
10.562476672, 10.563492835
10.572476662, 10.573504283
10.582476670, 10.583534587
10.592476669, 10.593490500
10.602476660, 10.603510979
10.612476664, 10.613484770
10.622476668, 10.623502999
10.632476669, 10.633460161
10.642476673, 10.643435011
10.652476662, 10.653465473
10.662476660, 10.663482933
10.672476669, 10.673449333
10.682476660, 10.683409548
10.692476666, 10.693442674
10.702476673, 10.703456605
10.712476667, 10.713416156
10.722476668, 10.723491465
10.732476666, 10.733481911
10.742476672, 10.743497160
10.752476664, 10.753455927
10.762476675, 10.763575520
10.772476664, 10.773557750
10.782476660, 10.783526387
10.792476672, 10.793596766
10.802476668, 10.803629188
10.812476672, 10.813579327
10.822476668, 10.823615383
10.832476666, 10.833637044
10.842476658, 10.843602412
10.852476669, 10.853584710
10.862476672, 10.863591347
10.872476662, 10.873561879
10.882476673, 10.883582434
10.892476667, 10.893601101
10.902476665, 10.903525612
10.912476671, 10.913418975
10.922476663, 10.923443440
10.932476684, 10.933470390
10.942476667, 10.943489886
10.952476672, 10.953512039
10.962476670, 10.963468052
10.972476671, 10.973452036
10.982476663, 10.983458867
10.992476666, 10.993484895
11.002476668, 11.003499127
11.012476672, 11.013527230
11.022476663, 11.023487534
11.032476661, 11.033510672
11.042476670, 11.043482209
11.052476666, 11.053506549
11.062476668, 11.063463670
11.072476662, 11.073490610
11.082476668, 11.083491208
11.092476666, 11.093532089
11.102476677, 11.103448088
11.112476684, 11.113479353
11.122476656, 11.123431076
11.132476664, 11.133444354
11.142476668, 11.143421575
11.152476671, 11.153455625
11.162476665, 11.163473766
11.172476664, 11.173482606
11.182476670, 11.183451095
11.192476664, 11.193481089
11.202476667, 11.203450567
11.212476666, 11.213467583
11.222476662, 11.223482903
11.232476669, 11.233508662
11.242476675, 11.243532226
11.252476667, 11.253488607
11.262476663, 11.263455047
11.272476662, 11.273493504
11.282476665, 11.283500356
11.292476666, 11.293459990
11.302476670, 11.303437228
11.312476662, 11.313472888
11.322476668, 11.323498891
11.332476667, 11.333444718
11.342476663, 11.343410692
11.352476667, 11.353425521
11.362476665, 11.363464293
11.372476671, 11.373478042
11.382476668, 11.383385712
11.392476669, 11.393482591
11.402476662, 11.403510648
11.412476664, 11.413451926
11.422476678, 11.423498669
11.432476666, 11.433465457
11.442476668, 11.443517792
11.452476666, 11.453476348
11.462476670, 11.463528098
11.472476664, 11.473491115
11.482476677, 11.483499603
11.492476669, 11.493462917
11.502476660, 11.503497205
11.512476666, 11.513462643
11.522476665, 11.523480041
11.532476666, 11.533464519
11.542476678, 11.543462313
11.552476662, 11.553448330
11.562476663, 11.563454847
11.572476669, 11.573426688
11.582476670, 11.583456843
11.592476667, 11.593469740
11.602476665, 11.603438665
11.612476671, 11.613517370
11.622476667, 11.623476658
11.632476669, 11.633457581
11.642476663, 11.643461018
11.652476659, 11.653479525
11.662476668, 11.663497906
11.672476666, 11.673535158
11.682476673, 11.683494626
11.692476661, 11.693522405
11.702479298, 11.703480210
11.712476672, 11.713502235
11.722489619, 11.723468398
11.732476671, 11.733492306
11.742476670, 11.743452672
11.752476674, 11.753473451
11.762476660, 11.763452575
11.772476671, 11.773476481
11.782476668, 11.783434321
11.792476687, 11.793456113
11.802476658, 11.803422670
11.812476657, 11.813455859
11.822476685, 11.823417195
11.832476684, 11.833490881
11.842476675, 11.843460795
11.852476662, 11.853488888
11.862476663, 11.863448002
11.872476666, 11.873458002
11.882476692, 11.883426592
11.892476662, 11.893514307
11.902476678, 11.903479232
11.912476672, 11.913522474
11.922476658, 11.923467427
11.932476682, 11.933486636
11.942476672, 11.943448408
11.952476667, 11.953475701
11.962476667, 11.963433583
11.972476667, 11.973465196
11.982476670, 11.983433811
11.992476659, 11.993452606
12.002476668, 12.003470565
12.012476669, 12.013440754
12.022476672, 12.023403889
12.032476671, 12.033492502
12.042476663, 12.043510945
12.052476672, 12.053482486
12.062476670, 12.063489966
12.072476659, 12.073470248
12.082476668, 12.083494623
12.092476661, 12.093449077
12.102476658, 12.103520887
12.112476667, 12.113492911
12.122476672, 12.123524825
12.132476664, 12.133483776
12.142476673, 12.143498838
12.152476669, 12.153462192
12.162476660, 12.163504593
12.172476669, 12.173469010
12.182476665, 12.183473886
12.192476664, 12.193435827
12.202476668, 12.203482604
12.212476664, 12.213438936
12.222476665, 12.223460609
12.232476659, 12.233424097
12.242476663, 12.243450259
12.252476671, 12.253469012
12.262476663, 12.263487041
12.272476664, 12.273462670
12.282476660, 12.283489758
12.292476667, 12.293445524
12.302476662, 12.303463307
12.312476682, 12.313481806
12.322476678, 12.323445047
12.332476666, 12.333539032
12.342476658, 12.343517336
12.352476666, 12.353523633
12.362476670, 12.363477747
12.372476662, 12.373506687
12.382476670, 12.383464126
12.392476666, 12.393499535
12.402476660, 12.403461152
12.412476659, 12.413489840
12.422476658, 12.423442593
12.432476666, 12.433478556
12.442476667, 12.443430590
12.452476671, 12.453455309
12.462476667, 12.463419261
12.472476666, 12.473510983
12.482476668, 12.483464761
12.492476667, 12.493496824
12.502476673, 12.503448345
12.512476662, 12.513485298
12.522476665, 12.523442509
12.532476662, 12.533464945
12.542476662, 12.543483402
12.552476667, 12.553456036
12.562476677, 12.563486774
12.572476672, 12.573498239
12.582476662, 12.583460501
12.592476657, 12.593493060
12.602476667, 12.603447432
12.612476661, 12.613477481
12.622485134, 12.623443779
12.632476672, 12.633463017
12.642476667, 12.643426208
12.652476666, 12.653453832
12.662476667, 12.663414921
12.672476666, 12.673440256
12.682476665, 12.683403133
12.692476666, 12.693484748
12.702476670, 12.703507524
12.712476666, 12.713481181
12.722476665, 12.723457228
12.732476667, 12.733463589
12.742476670, 12.743490892
12.752476664, 12.753453267
12.762476665, 12.763481939
12.772476659, 12.773492553
12.782476673, 12.783518911
12.792476672, 12.793486323
12.802476675, 12.803515931
12.812476667, 12.813476248
12.822476673, 12.823502710
12.832476672, 12.833459738
12.842476662, 12.843484415
12.852476671, 12.853445636
12.862476670, 12.863482134
12.872476672, 12.873444670
12.882476660, 12.883468239
12.892476664, 12.893425858
12.902476667, 12.903456783
12.912476664, 12.913523055
12.922476675, 12.923613470
12.932476672, 12.933590472
12.942476668, 12.943601431
12.952476664, 12.953577142
12.962476668, 12.963540830
12.972476667, 12.973564139
12.982476672, 12.983632700
12.992476672, 12.993614853
13.002476673, 13.003612514
13.012476662, 13.013645625
13.022476668, 13.023617767
13.032476662, 13.033625117
13.042476678, 13.043594245
13.052476666, 13.053563372
13.062476665, 13.063601508
13.072476672, 13.073561127
13.082476668, 13.083584783
13.092476672, 13.093538354
13.102476667, 13.103508765
13.112476667, 13.113463151
13.122476662, 13.123426161
13.132476661, 13.133398875
13.142476667, 13.143480728
13.152476666, 13.153434977
13.162476670, 13.163446774
13.172476671, 13.173368903
13.182476663, 13.183508588
13.192476669, 13.193479333
13.202476692, 13.203481717
13.212476659, 13.213527832
13.222476675, 13.223542073
13.232476676, 13.233505521
13.242476667, 13.243465955
13.252476676, 13.253509168
13.262476668, 13.263528456
13.272476667, 13.273480057
13.282476673, 13.283451551
13.292476667, 13.293480012
13.302476673, 13.303495867
13.312476671, 13.313454220
13.322476662, 13.323428604
13.332476669, 13.333455005
13.342476678, 13.343482041
13.352476669, 13.353439770
13.362476672, 13.363470521
13.372476667, 13.373434150
13.382476672, 13.383513189
13.392476669, 13.393468569
13.402476668, 13.403439893
13.412476669, 13.413475192
13.422476668, 13.423491864
13.432476666, 13.433481380
13.442476668, 13.443481979
13.452476666, 13.453488905
13.462476663, 13.463511792
13.472476667, 13.473459340
13.482476663, 13.483440778
13.492476661, 13.493483685
13.502476662, 13.503500462
13.512476666, 13.513444533
13.522476672, 13.523423303
13.532476667, 13.533461676
13.542476665, 13.543462885
13.552476671, 13.553423402
13.562476662, 13.563396226
13.572476689, 13.573437157
13.582476667, 13.583500792
13.592476669, 13.593401413
13.602476667, 13.603461817
13.612476661, 13.613526612
13.622476685, 13.623485031
13.632476689, 13.633433846
13.642476670, 13.643482437
13.652476662, 13.653550075
13.662476667, 13.663505789
13.672476666, 13.673471673
13.682476668, 13.683500216
13.692476664, 13.693525103
13.702476680, 13.703473353
13.712476666, 13.713456659
13.722476662, 13.723493072
13.732476659, 13.733524400
13.742476665, 13.743450425
13.752476669, 13.753426855
13.762476680, 13.763472900
13.772476664, 13.773464975
13.782476670, 13.783444048
13.792476661, 13.793403765
13.802476665, 13.803495358
13.812476671, 13.813511735
13.822476670, 13.823481017
13.832476667, 13.833495524
13.842476670, 13.843453779
13.852476657, 13.853488439
13.862476662, 13.863445048
13.872476666, 13.873526457
13.882476677, 13.883487801
13.892476669, 13.893506180
13.902476670, 13.903465118
13.912476671, 13.913514660
13.922476672, 13.923525403
13.932476667, 13.933482481
13.942476680, 13.943451868
13.952476669, 13.953477225
13.962476672, 13.963501639
13.972476671, 13.973465612
13.982476668, 13.983427022
13.992476664, 13.993455179
14.002476670, 14.003489763
14.012476672, 14.013472896
14.022476673, 14.023463570
14.032476669, 14.033498466
14.042476660, 14.043514507
14.052476672, 14.053475506
14.062476680, 14.063446983
14.072476666, 14.073467866
14.082476670, 14.083536700
14.092476669, 14.093508228
14.102476665, 14.103473258
14.112476669, 14.113502023
14.122476670, 14.123514622
14.132476664, 14.133459430
14.142476670, 14.143441545
14.152476656, 14.153482655
14.162476668, 14.163493076
14.172476662, 14.173439651
14.182476675, 14.183421679
14.192476671, 14.193453566
14.202476660, 14.203475983
14.212476669, 14.213418492
14.222476665, 14.223400025
14.232476662, 14.233483326
14.242476675, 14.243502047
14.252476666, 14.253467687
14.262476658, 14.263497294
14.272476664, 14.273460807
14.282476656, 14.283479957
14.292476662, 14.293435042
14.302476670, 14.303482472
14.312476667, 14.313560752
14.322476673, 14.323518814
14.332476672, 14.333466808
14.342476670, 14.343505696
14.352476666, 14.353537253
14.362476673, 14.363485913
14.372476672, 14.373450088
14.382476667, 14.383484817
14.392476666, 14.393505829
14.402476675, 14.403442108
14.412476662, 14.413426886
14.422476675, 14.423446285
14.432476687, 14.433491379
14.442476665, 14.443444181
14.452476662, 14.453411714
14.462476662, 14.463494977
14.472476667, 14.473509584
14.482476673, 14.483458295
14.492476662, 14.493443626
14.502476660, 14.503470673
14.512476666, 14.513490899
14.522476672, 14.523503593
14.532476667, 14.533475720
14.542476673, 14.543527884
14.552476692, 14.553511606
14.562476660, 14.563473408
14.572476664, 14.573509277
14.582476667, 14.583466000
14.592476659, 14.593483548
14.602476665, 14.603443029
14.612476667, 14.613494786
14.622476662, 14.623438919
14.632476662, 14.633458624
14.642476670, 14.643423523
14.652476681, 14.653453926
14.662476673, 14.663428245
14.672476661, 14.673444580
14.682476663, 14.683468506
14.692476666, 14.693433383
14.702476663, 14.703462577
14.712476667, 14.713469104
14.722476667, 14.723445087
14.732476666, 14.733468178
14.742476675, 14.743490571
14.752476674, 14.753511821
14.762476667, 14.763462128
14.772476666, 14.773504255
14.782476672, 14.783511500
14.792476666, 14.793471872
14.802476675, 14.803438762
14.812476671, 14.813474687
14.822476673, 14.823493186
14.832476674, 14.833446703
14.842476678, 14.843438817
14.852476669, 14.853452848
14.862476668, 14.863470033
14.872476671, 14.873431031
14.882476667, 14.883404529
14.892476662, 14.893437661
14.902476672, 14.903507195
14.912476672, 14.913460039
14.922476672, 14.923502137
14.932476664, 14.933442538
14.942476662, 14.943482091
14.952476669, 14.953441633
14.962476670, 14.963558473
14.972476669, 14.973495151
14.982476672, 14.983505469
14.992476671, 14.993472228
15.002476687, 15.003506653
15.012476672, 15.013471042
15.022476667, 15.023483092
15.032476672, 15.033459135
15.042476668, 15.043485609
15.052476666, 15.053505852
15.062476683, 15.063473811
15.072476664, 15.073429938
15.082476672, 15.083462669
15.092476664, 15.093491828
15.102476667, 15.103450181
15.112476664, 15.113618932
15.122476665, 15.123605777
15.132476671, 15.133616421
15.142476668, 15.143593676
15.152476676, 15.153602286
15.162476670, 15.163583353
15.172476671, 15.173600166
15.182476692, 15.183531648
15.192476692, 15.193531561
15.202476663, 15.203476350
15.212476694, 15.213466153
15.222476665, 15.223500873
15.232476666, 15.233501610
15.242476667, 15.243465446
15.252476666, 15.253453483
15.262476668, 15.263467805
15.272476666, 15.273487007
15.282476663, 15.283432540
15.292476662, 15.293413016
15.302476692, 15.303482089
15.312476682, 15.313468163
15.322476668, 15.323412988
15.332476661, 15.333473825
15.342476667, 15.343537945
15.352476686, 15.353493833
15.362476672, 15.363463080
15.372476672, 15.373491092
15.382476680, 15.383444667
15.392476662, 15.393470657
15.402476665, 15.403474523
15.412476669, 15.413517712
15.422476662, 15.423521938
15.432476666, 15.433486828
15.442476667, 15.443473258
15.452476676, 15.453486083
15.462476673, 15.463501152
15.472476664, 15.473473112
15.482476660, 15.483440239
15.492476662, 15.493469886
15.502476675, 15.503477747
15.512476674, 15.513438281
15.522476665, 15.523414597
15.532476669, 15.533438462
15.542476668, 15.543463620
15.552476666, 15.553475524
15.562476662, 15.563517848
15.572476672, 15.573417433
15.582476665, 15.583486537
15.592476664, 15.593457775
15.602476665, 15.603487681
15.612476667, 15.613451092
15.622476670, 15.623470419
15.632476664, 15.633472921
15.642476663, 15.643516552
15.652476667, 15.653489797
15.662476673, 15.663496061
15.672476674, 15.673465607
15.682476668, 15.683494766
15.692476667, 15.693455585
15.702476660, 15.703483033
15.712476661, 15.713435795
15.722476672, 15.723470657
15.732476666, 15.733491063
15.742476672, 15.743453178
15.752476669, 15.753415493
15.762476665, 15.763449903
15.772476659, 15.773475847
15.782476668, 15.783490922
15.792476664, 15.793401775
15.802476680, 15.803487883
15.812476662, 15.813501164
15.822476668, 15.823469952
15.832476666, 15.833431901
15.842476663, 15.843513755
15.852476671, 15.853541655
15.862476663, 15.863473640
15.872476694, 15.873460401
15.882476660, 15.883491560
15.892476667, 15.893514416
15.902476667, 15.903459881
15.912476671, 15.913434349
15.922476668, 15.923475994
15.932476667, 15.933502157
15.942476670, 15.943446019
15.952476671, 15.953412922
15.962476672, 15.963455041
15.972476659, 15.973462007
15.982476670, 15.983417044
15.992476667, 15.993387168
16.002476663, 16.003477927
16.012476672, 16.013495616
16.022476675, 16.023446101
16.032476662, 16.033494014
16.042476670, 16.043455823
16.052476667, 16.053491995
16.062476667, 16.063472514
16.072476672, 16.073523695
16.082476675, 16.083549287
16.092476664, 16.093435015
16.102476668, 16.103480570
16.112476666, 16.113501294
16.122476668, 16.123540690
16.132476664, 16.133481223
16.142476672, 16.143441563
16.152476667, 16.153482392
16.162476668, 16.163505987
16.172476669, 16.173457354
16.182476663, 16.183427764
16.192476666, 16.193456281
16.202476668, 16.203463267
16.212476667, 16.213413254
16.222476663, 16.223512576
16.232476674, 16.233418058
16.242476665, 16.243490382
16.252476667, 16.253448051
16.262476658, 16.263494718
16.272476667, 16.273450756
16.282476668, 16.283519038
16.292476667, 16.293481874
16.302476667, 16.303528292
16.312476667, 16.313560051
16.322476667, 16.323493558
16.332476672, 16.333456400
16.342476713, 16.343523520
16.352476716, 16.353489488
16.362476662, 16.363483736
16.372476669, 16.373445921
16.382476660, 16.383479662
16.392476672, 16.393445250
16.402476667, 16.403455103
16.412476666, 16.413418145
16.422476665, 16.423469502
16.432476664, 16.433525312
16.442476660, 16.443494235
16.452476667, 16.453457028
16.462476678, 16.463486451
16.472476666, 16.473454256
16.482476670, 16.483460081
16.492476659, 16.493432025
16.502476672, 16.503510676
16.512476666, 16.513534585
16.522476693, 16.523490366
16.532476674, 16.533459355
16.542476660, 16.543491939
16.552476664, 16.553507289
16.562476672, 16.563476105
16.572476666, 16.573441828
16.582476665, 16.583477059
16.592476666, 16.593491476
16.602476672, 16.603447442
16.612476664, 16.613418739
16.622476667, 16.623450231
16.632476666, 16.633462145
16.642476670, 16.643415349
16.652476671, 16.653478226
16.662476667, 16.663477680
16.672476666, 16.673495484
16.682476688, 16.683444995
16.692476671, 16.693488335
16.702476663, 16.703453474
16.712476671, 16.713475591
16.722476675, 16.723482126
16.732476667, 16.733531758
16.742476673, 16.743549309
16.752476666, 16.753503921
16.762476667, 16.763467720
16.772476664, 16.773510650
16.782476670, 16.783516225
16.792476662, 16.793488723
16.802476660, 16.803429680
16.812476662, 16.813494450
16.822476673, 16.823501618
16.832476669, 16.833456291
16.842476670, 16.843425647
16.852476681, 16.853438427
16.862476682, 16.863479184
16.872476686, 16.873493945
16.882476662, 16.883516552
16.892476662, 16.893489488
16.902476667, 16.903456473
16.912476659, 16.913459557
16.922476662, 16.923492534
16.932476686, 16.933456662
16.942476668, 16.943533521
16.952476667, 16.953495928
16.962476660, 16.963524735
16.972476679, 16.973479410
16.982476690, 16.983507956
16.992476692, 16.993478513
17.002476667, 17.003503638
17.012476669, 17.013456415
17.022476663, 17.023488897
17.032476662, 17.033367912
17.042476665, 17.043268719
17.052476671, 17.053263910
17.062476668, 17.063218223
17.072476659, 17.073216949
17.082476658, 17.083197395
17.092476666, 17.093232834
17.102476665, 17.103189915
17.112476682, 17.113191784
17.122476672, 17.123291888
17.132476662, 17.133260248
17.142476670, 17.143282765
17.152476664, 17.153218789
17.162476670, 17.163336275
17.172476666, 17.173287019
17.182476673, 17.183309731
17.192476657, 17.193325881
17.202476663, 17.203305877
17.212476671, 17.213265987
17.222476665, 17.223304273
17.232476664, 17.233299392
17.242476668, 17.243282145
17.252476672, 17.253249999
17.262476662, 17.263282777
17.272476666, 17.273277277
17.282476662, 17.283263281
17.292476671, 17.293227907
17.302476668, 17.303236270
17.312476666, 17.313256284
17.322476668, 17.323234681
17.332476671, 17.333198369
17.342476663, 17.343269346
17.352476669, 17.353287666
17.362481578, 17.363259233
17.372476669, 17.373286777
17.382476663, 17.383292097
17.392476662, 17.393328922
17.402476662, 17.403306285
17.412476667, 17.413325081
17.422476668, 17.423276060
17.432476667, 17.433300473
17.442476668, 17.443283024
17.452476662, 17.453295167
17.462476668, 17.463273509
17.472476671, 17.473286242
17.482479176, 17.483268731
17.492476662, 17.493280283
17.502476667, 17.503227205
17.512476666, 17.513256239
17.522476670, 17.523217790
17.532476669, 17.533259075
17.542476675, 17.543235949
17.552476671, 17.553243229
17.562476662, 17.563264402
17.572476661, 17.573297575
17.582476670, 17.583259957
17.592476662, 17.593269201
17.602476662, 17.603296189
17.612476664, 17.613304789
17.622476672, 17.623321769
17.632476664, 17.633304947
17.642476670, 17.643252784
17.652476664, 17.653295483
17.662476673, 17.663313952
17.672476666, 17.673284346
17.682476667, 17.683234532
17.692476659, 17.693250154
17.702476685, 17.703271414
17.712476664, 17.713257375
17.722476670, 17.723239347
17.732476674, 17.733223831
17.742476667, 17.743249331
17.752476664, 17.753241338
17.762476670, 17.763247012
17.772476671, 17.773204240
17.782476675, 17.783276809
17.792476662, 17.793259926
17.802476665, 17.803272402
17.812476664, 17.813237824
17.822476665, 17.823330196
17.832476669, 17.833297673
17.842476668, 17.843306029
17.852476662, 17.853325375
17.862476673, 17.863300690
17.872476662, 17.873266674
17.882476665, 17.883289864
17.892476667, 17.893287083
17.902476667, 17.903279931
17.912476667, 17.913254219
17.922476662, 17.923269162
17.932476666, 17.933277772
17.942476672, 17.943248180
17.952476667, 17.953220640
17.962476675, 17.963238276
17.972476671, 17.973263717
17.982476663, 17.983225566
17.992476669, 17.993207296
18.002476665, 18.003276368
18.012476667, 18.013287420
18.022476668, 18.023264768
18.032476662, 18.033284507
18.042476662, 18.043253092
18.052476662, 18.053324369
18.062476667, 18.063324293
18.072476669, 18.073325590
18.082492227, 18.083277404
18.092476669, 18.093308843
18.102476672, 18.103293063
18.112476666, 18.113291433
18.122476670, 18.123247554
18.132476667, 18.133271363
18.142476672, 18.143270647
18.152476666, 18.153280071
18.162476670, 18.163219899
18.172476669, 18.173252934
18.182476672, 18.183239918
18.192476664, 18.193251571
18.202476663, 18.203214466
18.212476662, 18.213232440
18.222476658, 18.223215961
18.232476669, 18.233288040
18.242476670, 18.243234962
18.252476662, 18.253262300
18.262476677, 18.263295913
18.272476659, 18.273313354
18.282476660, 18.283332753
18.292476666, 18.293299439
18.302476667, 18.303272363
18.312476667, 18.313296871
18.322476675, 18.323324717
18.332476671, 18.333278290
18.342476668, 18.343257280
18.352476662, 18.353266086
18.362476672, 18.363288303
18.372476666, 18.373258033
18.382476677, 18.383229838
18.392476664, 18.393252889
18.402476665, 18.403262747
18.412476662, 18.413231334
18.422476665, 18.423204176
18.432476666, 18.433220003
18.442476668, 18.443299660
18.452476671, 18.453267830
18.462476663, 18.463280434
18.472476661, 18.473233885
18.482476665, 18.483328002
18.492476666, 18.493290416
18.502476667, 18.503333774
18.512476671, 18.513266141
18.522476668, 18.523303177
18.532476664, 18.533267810
18.542476670, 18.543294699
18.552476662, 18.553302463
18.562476672, 18.563273250
18.572476662, 18.573243934
18.582476660, 18.583293902
18.592476671, 18.593289220
18.602476690, 18.603251393
18.612476691, 18.613241902
18.622476672, 18.623261642
18.632476664, 18.633251475
18.642476660, 18.643238660
18.652476682, 18.653208495
18.662476690, 18.663273357
18.672476664, 18.673287216
18.682478501, 18.683205753
18.692476664, 18.693242315
18.702476660, 18.703309269
18.712476662, 18.713319865
18.722476685, 18.723310687
18.732476666, 18.733289350
18.742476685, 18.743285408
18.752476667, 18.753295309
18.762476662, 18.763285055
18.772476661, 18.773249781
18.782476663, 18.783238904
18.792476666, 18.793287906
18.802476668, 18.803268773
18.812476666, 18.813218236
18.822476667, 18.823215229
18.832476674, 18.833278621
18.842476668, 18.843236754
18.852476671, 18.853258040
18.862476663, 18.863195373
18.872476666, 18.873237004
18.882476658, 18.883269795
18.892476666, 18.893280697
18.902476663, 18.903232066
18.912476662, 18.913270339
18.922476692, 18.923300907
18.932476662, 18.933312574
18.942476665, 18.943316369
18.952476662, 18.953306805
18.962476662, 18.963271930
18.972476671, 18.973286592
18.982476673, 18.983307608
18.992476669, 18.993278936
19.002476663, 19.003250253
19.012476664, 19.013275014
19.022476672, 19.023283918
19.032476667, 19.033272531
19.042476677, 19.043262578
19.052476666, 19.053359694
19.062476667, 19.063379182
19.072476674, 19.073335230
19.082476670, 19.083296860
19.092476661, 19.093319242
19.102476667, 19.103396435
19.112476669, 19.113373997
19.122476663, 19.123347049
19.132476671, 19.133353964
19.142476665, 19.143440922
19.152476667, 19.153402986
19.162476663, 19.163433653
19.172476667, 19.173425452
19.182476667, 19.183419133
19.192476661, 19.193423863
19.202476667, 19.203408059
19.212476667, 19.213360120
19.222476667, 19.223403799
19.232476661, 19.233396878
19.242476662, 19.243314411
19.252476662, 19.253384218
19.262476672, 19.263373556
19.272476662, 19.273313916
19.282476673, 19.283271827
19.292476667, 19.293378646
19.302476668, 19.303359155
19.312476662, 19.313305713
19.322476667, 19.323388643
19.332476671, 19.333362962
19.342476673, 19.343384603
19.352476667, 19.353329079
19.362476668, 19.363419480
19.372476669, 19.373398557
19.382476668, 19.383403056
19.392476666, 19.393427215
19.402476665, 19.403405405
19.412476664, 19.413367169
19.422476670, 19.423376853
19.432476669, 19.433408817
19.442476670, 19.443361071
19.452476664, 19.453360199
19.462476680, 19.463347335
19.472476667, 19.473383374
19.482476662, 19.483363828
19.492476661, 19.493322805
19.502476662, 19.503334183
19.512476669, 19.513356775
19.522476672, 19.523334902
19.532476671, 19.533274252
19.542476692, 19.543356385
19.552476671, 19.553393921
19.562476670, 19.563348476
19.572476669, 19.573394424
19.582476700, 19.583504762
19.592476674, 19.593431690
19.602476670, 19.603369022
19.612476664, 19.613364429
19.622476662, 19.623343197
19.632476662, 19.633357734
19.642476678, 19.643322231
19.652476661, 19.653323014
19.662476667, 19.663366135
19.672476664, 19.673331845
19.682476665, 19.683287961
19.692476662, 19.693336659
19.702476662, 19.703307240
19.712476669, 19.713337178
19.722476692, 19.723275015
19.732476664, 19.733312975
19.742476670, 19.743270241
19.752476669, 19.753296048
19.762476667, 19.763312425
19.772476669, 19.773358391
19.782476658, 19.783368032
19.792476664, 19.793335807
19.802476662, 19.803348124
19.812476664, 19.813390294
19.822476672, 19.823335886
19.832476666, 19.833248672
19.842476667, 19.843267284
19.852476666, 19.853245792
19.862476670, 19.863267451
19.872476672, 19.873213529
19.882476668, 19.883247438
19.892476669, 19.893222274
19.902476670, 19.903234394
19.912476666, 19.913221472
19.922476687, 19.923234397
19.932476666, 19.933196814
19.942476678, 19.943218320
19.952476671, 19.953156390
19.962476665, 19.963195271
19.972476666, 19.973176305
19.982476665, 19.983244363
19.992476666, 19.993194333
20.002476658, 20.003234796
20.012476667, 20.013256424
20.022476672, 20.023278906
20.032476662, 20.033233118
20.042476672, 20.043266631
20.052476661, 20.053299875
20.062476673, 20.063259531
20.072476669, 20.073220989
20.082476665, 20.083260439
20.092476661, 20.093279718
20.102476667, 20.103223820
20.112476669, 20.113197773
20.122476663, 20.123226007
20.132476667, 20.133247519
20.142476667, 20.143202803
20.152476671, 20.153238010
20.162476668, 20.163195579
20.172476664, 20.173227095
20.182476672, 20.183206156
20.192476667, 20.193213731
20.202476670, 20.203228658
20.212476662, 20.213250014
20.222476668, 20.223220455
20.232476682, 20.233231225
20.242476670, 20.243320217
20.252476661, 20.253286171
20.262476663, 20.263242032
20.272476666, 20.273266934
20.282476662, 20.283246568
20.292476687, 20.293268536
20.302476662, 20.303235251
20.312476662, 20.313246301
20.322476662, 20.323229960
20.332476687, 20.333229959
20.342476685, 20.343200360
20.352476667, 20.353233275
20.362476667, 20.363208045
20.372476661, 20.373235497
20.382476665, 20.383184612
20.392476686, 20.393220561
20.402476685, 20.403186193
20.412476691, 20.413202187
20.422476672, 20.423202774
20.432476669, 20.433240860
20.442476663, 20.443254499
20.452476687, 20.453185953
20.462476685, 20.463281433
20.472476671, 20.473264106
20.482476663, 20.483292089
20.492476662, 20.493262198
20.502476663, 20.503263823
20.512476671, 20.513242729
20.522476672, 20.523265582
20.532476661, 20.533221381
20.542476665, 20.543240602
20.552476664, 20.553223552
20.562476658, 20.563235513
20.572476671, 20.573196836
20.582476670, 20.583216340
20.592476669, 20.593196862
20.602476672, 20.603217094
20.612476659, 20.613178587
20.622476667, 20.623198095
20.632476671, 20.633175840
20.642476665, 20.643250265
20.652476672, 20.653196438
20.662476680, 20.663237909
20.672476666, 20.673210793
20.682476662, 20.683229361
20.692476666, 20.693229215
20.702476667, 20.703267622
20.712476662, 20.713295413
20.722476656, 20.723252061
20.732476662, 20.733211561
20.742476660, 20.743235368
20.752476664, 20.753274753
20.762476670, 20.763235616
20.772476666, 20.773191839
20.782476673, 20.783213111
20.792476666, 20.793249327
20.802476662, 20.803203387
20.812476666, 20.813174866
20.822476670, 20.823197969
20.832476664, 20.833223907
20.842476670, 20.843191651
20.852476666, 20.853144487
20.862476667, 20.863234669
20.872476669, 20.873249868
20.882476662, 20.883221516
20.892476661, 20.893202763
20.902476675, 20.903204126
20.912476667, 20.913291121
20.922476663, 20.923250011
20.932476666, 20.933260843
20.942476665, 20.943247826
20.952476669, 20.953264679
20.962476667, 20.963219748
20.972476664, 20.973255774
20.982476662, 20.983265742
20.992476671, 20.993240818
21.002476670, 21.003190174
21.012476666, 21.013232862
21.022476668, 21.023203630
21.032476669, 21.033215561
21.042476670, 21.043167818
21.052476667, 21.053194072
21.062476663, 21.063187756
21.072476664, 21.073190833
21.082476672, 21.083215131
21.092476664, 21.093237557
21.102476665, 21.103264369
21.112476664, 21.113225856
21.122476668, 21.123177326
21.132476662, 21.133274683
21.142476673, 21.143287196
21.152476666, 21.153262652
21.162476665, 21.163271797
21.172476667, 21.173241052
21.182476665, 21.183261069
21.192476671, 21.193215113
21.202476667, 21.203253735
21.212476662, 21.213221569
21.222476670, 21.223234492
21.232476699, 21.233223951
21.242476660, 21.243221875
21.252476662, 21.253209094
21.262476663, 21.263215104
21.272476667, 21.273178931
21.282476672, 21.283196531
21.292476666, 21.293177015
21.302476663, 21.303248033
21.312476664, 21.313208489
21.322476656, 21.323229858
21.332476664, 21.333259993
21.342476662, 21.343272587
21.352476669, 21.353236849
21.362476662, 21.363261956
21.372476662, 21.373303382
21.382476667, 21.383248461
21.392476666, 21.393220361
21.402476663, 21.403235573
21.412476661, 21.413271235
21.422476665, 21.423226937
21.432476669, 21.433199357
21.442476668, 21.443218925
21.452476664, 21.453252033
21.462476672, 21.463213188
21.472476664, 21.473174255
21.482476670, 21.483193836
21.492476662, 21.493225149
21.502476663, 21.503186866
21.512476664, 21.513170556
21.522476698, 21.523254281
21.532476666, 21.533256897
21.542476658, 21.543230061
21.552476659, 21.553216521
21.562476672, 21.563216801
21.572476664, 21.573308382
21.582476662, 21.583255449
21.592476664, 21.593285531
21.602476670, 21.603259982
21.612476671, 21.613262544
21.622476677, 21.623219763
21.632476662, 21.633268045
21.642476670, 21.643264768
21.652476662, 21.653239453
21.662476665, 21.663187835
21.672476669, 21.673244576
21.682476665, 21.683207524
21.692476671, 21.693217273
21.702476670, 21.703164355
21.712476669, 21.713196167
21.722476690, 21.723182373
21.732476669, 21.733189528
21.742476670, 21.743196051
21.752476664, 21.753232398
21.762476665, 21.763263253
21.772476667, 21.773229548
21.782476665, 21.783237265
21.792476666, 21.793265950
21.802476670, 21.803306056
21.812476667, 21.813265531
21.822476668, 21.823220816
21.832476661, 21.833355151
21.842476665, 21.843314287
21.852476662, 21.853336421
21.862476667, 21.863370660
21.872476662, 21.873328402
21.882476670, 21.883291648
21.892476664, 21.893322276
21.902476670, 21.903342772
21.912476671, 21.913200239
21.922476675, 21.923169621
21.932476669, 21.933165687
21.942476670, 21.943199023
21.952476664, 21.953153954
21.962476672, 21.963252500
21.972476669, 21.973213299
21.982476672, 21.983228396
21.992476667, 21.993195598
22.002476667, 22.003263052
22.012476669, 22.013272242
22.022476683, 22.023277636
22.032476682, 22.033230117
22.042476688, 22.043231435
22.052476662, 22.053269510
22.062476667, 22.063249839
22.072476689, 22.073207266
22.082476683, 22.083208212
22.092476689, 22.093245209
22.102476675, 22.103241987
22.112476656, 22.113179492
22.122476665, 22.123187781
22.132476687, 22.133228950
22.142476688, 22.143200838
22.152476671, 22.153163571
22.162476668, 22.163163680
22.172476666, 22.173192886
22.182476667, 22.183242269
22.192476664, 22.193181355
22.202476667, 22.203183817
22.212476666, 22.213231390
22.222476675, 22.223214135
22.232476661, 22.233225082
22.242476672, 22.243268539
22.252476669, 22.253254810
22.262476672, 22.263229762
22.272476662, 22.273240624
22.282476667, 22.283263346
22.292476659, 22.293228328
22.302476663, 22.303206869
22.312476662, 22.313173702
22.322476670, 22.323245945
22.332476666, 22.333209431
22.342476670, 22.343203314
22.352476662, 22.353153303
22.362476660, 22.363247771
22.372476664, 22.373196959
22.382476665, 22.383160102
22.392476659, 22.393183495
22.402476665, 22.403264025
22.412476662, 22.413226327
22.422476668, 22.423192347
22.432476687, 22.433214273
22.442476668, 22.443226653
22.452476657, 22.453267766
22.462476672, 22.463209056
22.472476657, 22.473229944
22.482476668, 22.483247707
22.492476662, 22.493241882
22.502476662, 22.503209592
22.512476667, 22.513214266
22.522476663, 22.523252698
22.532476664, 22.533218067
22.542476663, 22.543180357
22.552476669, 22.553182967
22.562476663, 22.563220819
22.572476662, 22.573176412
22.582476670, 22.583161791
22.592476664, 22.593171854
22.602476660, 22.603192712
22.612476667, 22.613158502
22.622476663, 22.623139549
22.632476669, 22.633199521
22.642476675, 22.643243275
22.652476661, 22.653186601
22.662476662, 22.663219463
22.672476661, 22.673273749
22.682476665, 22.683270789
22.692476667, 22.693221051
22.702476668, 22.703223696
22.712476667, 22.713249053
22.722476665, 22.723233622
22.732476666, 22.733196622
22.742476662, 22.743210194
22.752476669, 22.753230114
22.762476673, 22.763214457
22.772476671, 22.773184479
22.782476665, 22.783185190
22.792476664, 22.793214328
22.802476665, 22.803193301
22.812476669, 22.813158958
22.822476670, 22.823163668
22.832476666, 22.833184743
22.842476665, 22.843230845
22.852476667, 22.853180887
22.862476683, 22.863182390
22.872476666, 22.873224434
22.882476668, 22.883208698
22.892476671, 22.893218122
22.902476660, 22.903275641
22.912476664, 22.913261885
22.922476667, 22.923230330
22.932476689, 22.933200414
22.942476677, 22.943261870
22.952476664, 22.953251143
22.962476665, 22.963207130
22.972476677, 22.973171460
22.982476670, 22.983240528
22.992476664, 22.993234551
23.002476677, 23.003186716
23.012476671, 23.013153623
23.022476658, 23.023219824
23.032476671, 23.033192646
23.042476672, 23.043164903
23.052476666, 23.053126946
23.062476670, 23.063258857
23.072476669, 23.073229379
23.082476658, 23.083189379
23.092476667, 23.093234866
23.102476670, 23.103231528
23.112476689, 23.113273712
23.122476677, 23.123231649
23.132476667, 23.133264046
23.142476670, 23.143263388
23.152476664, 23.153231359
23.162476662, 23.163214589
23.172476662, 23.173211204
23.182476667, 23.183232432
23.192476669, 23.193221861
23.202476663, 23.203191527
23.212476666, 23.213248211
23.222476667, 23.223212755
23.232476666, 23.233199952
23.242476663, 23.243157572
23.252476671, 23.253167981
23.262476663, 23.263198719
23.272476666, 23.273171030
23.282476663, 23.283246449
23.292476666, 23.293198401
23.302476660, 23.303211525
23.312476664, 23.313213979
23.322476665, 23.323171359
23.332476667, 23.333283434
23.342476663, 23.343259060
23.352476664, 23.353230869
23.362476668, 23.363182972
23.372476669, 23.373259916
23.382476668, 23.383232509
23.392476662, 23.393199148
23.402476670, 23.403157479
23.412476669, 23.413226432
23.422476672, 23.423225422
23.432476664, 23.433176223
23.442476663, 23.443146088
23.452476667, 23.453209115
23.462476663, 23.463206164
23.472476664, 23.473167514
23.482476658, 23.483096315
23.492476669, 23.493189722
23.502476668, 23.503243885
23.512476664, 23.513170870
23.522476665, 23.523178332
23.532476669, 23.533203184
23.542476668, 23.543209298
23.552476669, 23.553200523
23.562476667, 23.563267590
23.572476671, 23.573242395
23.582476668, 23.583222645
23.592476662, 23.593176330
23.602476667, 23.603250337
23.612476667, 23.613277341
23.622476665, 23.623258386
23.632476662, 23.633220474
23.642476667, 23.643296789
23.652476664, 23.653253108
23.662476672, 23.663228621
23.672476662, 23.673190983
23.682476668, 23.683269886
23.692476664, 23.693228457
23.702476672, 23.703212185
23.712476666, 23.713165485
23.722476678, 23.723314287
23.732476664, 23.733258399
23.742476663, 23.743243554
23.752476669, 23.753258145
23.762476685, 23.763291518
23.772476664, 23.773234434
23.782476667, 23.783258881
23.792476666, 23.793291016
23.802476658, 23.803312886
23.812476689, 23.813294818
23.822476687, 23.823252840
23.832476681, 23.833256107
23.842476688, 23.843281340
23.852476669, 23.853264782
23.862476665, 23.863206034
23.872476671, 23.873218200
23.882476668, 23.883262986
23.892476667, 23.893239435
23.902476668, 23.903197007
23.912476661, 23.913202055
23.922476668, 23.923288253
23.932476691, 23.933322441
23.942476667, 23.943346822
23.952476669, 23.953393101
23.962476665, 23.963412808
23.972476667, 23.973376309
23.982476656, 23.983389131
23.992476666, 23.993441487
24.002476660, 24.003448604
24.012476667, 24.013409054
24.022476663, 24.023438252
24.032476654, 24.033392381
24.042476670, 24.043412275
24.052476672, 24.053353613
24.062476668, 24.063393135
24.072476667, 24.073375081
24.082476663, 24.083390442
24.092476661, 24.093331007
24.102476663, 24.103372875
24.112476669, 24.113329239
24.122476663, 24.123377257
24.132476669, 24.133197280
24.142476672, 24.143233832
24.152476669, 24.153195315
24.162476665, 24.163275462
24.172476662, 24.173238422
24.182476667, 24.183251825
24.192476666, 24.193235079
24.202476667, 24.203247410
24.212476661, 24.213326382
24.222476667, 24.223304723
24.232476686, 24.233265127
24.242476672, 24.243264733
24.252476669, 24.253320988
24.262476667, 24.263282663
24.272476672, 24.273292546
24.282476660, 24.283239559
24.292476671, 24.293286142
24.302476663, 24.303258814
24.312476662, 24.313271306
24.322476670, 24.323231984
24.332476666, 24.333263202
24.342476663, 24.343236789
24.352476672, 24.353257637
24.362476668, 24.363204791
24.372476661, 24.373227628
24.382476667, 24.383260565
24.392476669, 24.393280093
24.402476667, 24.403221877
24.412476666, 24.413270860
24.422476665, 24.423236046
24.432476662, 24.433315556
24.442476665, 24.443331288
24.452476671, 24.453300924
24.462476660, 24.463273392
24.472476664, 24.473295635
24.482476663, 24.483306963
24.492476672, 24.493283223
24.502476670, 24.503255600
24.512476662, 24.513266732
24.522476660, 24.523289660
24.532476664, 24.533252466
24.542476672, 24.543223417
24.552476669, 24.553250105
24.562476672, 24.563262678
24.572476662, 24.573229292
24.582476668, 24.583204066
24.592476664, 24.593219494
24.602476667, 24.603292067
24.612476662, 24.613263369
24.622476665, 24.623200026
24.632476666, 24.633250553
24.642476665, 24.643268101
24.652476662, 24.653232343
24.662476670, 24.663329096
24.672476671, 24.673291017
24.682476670, 24.683314257
24.692476662, 24.693288381
24.702476660, 24.703337684
24.712476664, 24.713250366
24.722476672, 24.723303668
24.732476662, 24.733270817
24.742476680, 24.743265233
24.752476667, 24.753218212
24.762476667, 24.763269690
24.772476669, 24.773239333
24.782476665, 24.783260685
24.792476667, 24.793209070
24.802476675, 24.803238143
24.812476671, 24.813220230
24.822476670, 24.823285936
24.832476669, 24.833293527
24.842476662, 24.843276273
24.852476664, 24.853246104
24.862476670, 24.863264058
24.872476669, 24.873209429
24.882476660, 24.883317896
24.892476664, 24.893261289
24.902476667, 24.903297051
24.912476662, 24.913307096
24.922476665, 24.923292480
24.932476664, 24.933248403
24.942476665, 24.943255230
24.952476669, 24.953273502
24.962476665, 24.963260565
24.972476664, 24.973221949
24.982476675, 24.983232897
24.992476662, 24.993260003
25.002476672, 25.003244505
25.012476659, 25.013248238
25.022476670, 25.023216180
25.032476667, 25.033231180
25.042476677, 25.043215124
25.052476671, 25.053288346
25.062476665, 25.063249104
25.072476669, 25.073266064
25.082476667, 25.083236985
25.092476664, 25.093256180
25.102476668, 25.103345987
25.112476667, 25.113308553
25.122476670, 25.123272114
25.132476666, 25.133287051
25.142476668, 25.143313048
25.152476671, 25.153284174
25.162476667, 25.163260563
25.172476661, 25.173273757
25.182476668, 25.183292390
25.192476669, 25.193255985
25.202476662, 25.203227352
25.212476666, 25.213248533
25.222476665, 25.223276523
25.232476671, 25.233230487
25.242476670, 25.243204184
25.252476664, 25.253275378
25.262476692, 25.263296984
25.272476669, 25.273257450
25.282476662, 25.283292789
25.292476664, 25.293222558
25.302476667, 25.303288004
25.312476666, 25.313318914
25.322476672, 25.323323857
25.332476669, 25.333284760
25.342476673, 25.343314785
25.352476664, 25.353296023
25.362476668, 25.363297649
25.372476667, 25.373255831
25.382476665, 25.383293474
25.392476666, 25.393265123
25.402476668, 25.403258916
25.412476671, 25.413220016
25.422476665, 25.423258231
25.432476667, 25.433244390
25.442476688, 25.443262585
25.452476691, 25.453201626
25.462476663, 25.463253170
25.472476664, 25.473225566
25.482476663, 25.483241354
25.492476687, 25.493238690
25.502476688, 25.503272156
25.512476689, 25.513257460
25.522476665, 25.523268945
25.532476686, 25.533217308
25.542476662, 25.543303513
25.552476686, 25.553278581
25.562476683, 25.563304098
25.572476687, 25.573305390
25.582476663, 25.583283107
25.592476666, 25.593261446
25.602476667, 25.603260981
25.612476682, 25.613296001
25.622476685, 25.623259148
25.632476664, 25.633230923
25.642476675, 25.643269962
25.652476662, 25.653268065
25.662476663, 25.663234377
25.672476664, 25.673209334
25.682476672, 25.683242897
25.692476666, 25.693280836
25.702476668, 25.703261983
25.712476664, 25.713292101
25.722476672, 25.723216235
25.732476666, 25.733288429
25.742476670, 25.743242583
25.752476689, 25.753256798
25.762476670, 25.763219252
25.772476671, 25.773306098
25.782476667, 25.783272510
25.792476662, 25.793287315
25.802476663, 25.803305991
25.812476682, 25.813288910
25.822476667, 25.823216906
25.832476662, 25.833264437
25.842476660, 25.843303329
25.852476687, 25.853259533
25.862476668, 25.863242528
25.872476666, 25.873248876
25.882476665, 25.883279201
25.892476662, 25.893229548
25.902476663, 25.903205270
25.912476667, 25.913218947
25.922476662, 25.923296339
25.932476687, 25.933266657
25.942476673, 25.943290460
25.952476691, 25.953261169
25.962476670, 25.963280043
25.972476662, 25.973307783
25.982476663, 25.983318412
25.992476667, 25.993281103
26.002476672, 26.003317650
26.012476662, 26.013293344
26.022476660, 26.023298702
26.032476662, 26.033267456
26.042476668, 26.043288562
26.052476667, 26.053261332
26.062476667, 26.063277028
26.072476667, 26.073237362
26.082476660, 26.083267785
26.092476669, 26.093242835
26.102476670, 26.103252592
26.112476667, 26.113205844
26.122476660, 26.123237075
26.132476671, 26.133256329
26.142476665, 26.143322808
26.152476666, 26.153282122
26.162476667, 26.163305454
26.172476661, 26.173288730
26.182476852, 26.183300100
26.192476669, 26.193268767
26.202476660, 26.203290064
26.212476662, 26.213326594
26.222476668, 26.223274567
26.232476664, 26.233353837
26.242476677, 26.243314874
26.252476667, 26.253295946
26.262476660, 26.263309817
26.272476669, 26.273330957
26.282476667, 26.283304175
26.292476666, 26.293272504
26.302476678, 26.303290383
26.312476662, 26.313306752
26.322476663, 26.323275349
26.332476666, 26.333243294
26.342476667, 26.343271394
26.352476667, 26.353273617
26.362476668, 26.363306838
26.372476667, 26.373329583
26.382476663, 26.383290816
26.392476662, 26.393320964
26.402476665, 26.403276450
26.412476671, 26.413311846
26.422476662, 26.423327579
26.432476667, 26.433338105
26.442476663, 26.443327013
26.452476671, 26.453452033
26.462476703, 26.463408982
26.472476706, 26.473431515
26.482476675, 26.483367116
26.492476661, 26.493394267
26.502476667, 26.503337411
26.512476667, 26.513377059
26.522476670, 26.523334521
26.532476666, 26.533298214
26.542476673, 26.543370599
26.552476667, 26.553349987
26.562476670, 26.563296665
26.572476669, 26.573274342
26.582476663, 26.583398256
26.592476666, 26.593367372
26.602476670, 26.603328004
26.612476671, 26.613343978
26.622476668, 26.623363716
26.632476667, 26.633351930
26.642476668, 26.643361553
26.652476664, 26.653441357
26.662476673, 26.663425538
26.672476671, 26.673388027
26.682476673, 26.683337204
26.692476664, 26.693416106
26.702476667, 26.703395294
26.712476669, 26.713352164
26.722476667, 26.723321247
26.732476662, 26.733383434
26.742476668, 26.743371954
26.752476672, 26.753325851
26.762476665, 26.763287177
26.772476662, 26.773373447
26.782476680, 26.783356342
26.792476667, 26.793318472
26.802476660, 26.803392547
26.812476669, 26.813406707
26.822476668, 26.823378936
26.832476664, 26.833340154
26.842476675, 26.843362812
26.852476671, 26.853381099
26.862476668, 26.863417970
26.872476669, 26.873371227
26.882476668, 26.883369590
26.892476671, 26.893412244
26.902476663, 26.903385081
26.912476666, 26.913349227
26.922476670, 26.923355244
26.932476667, 26.933405464
26.942476670, 26.943382563
26.952476672, 26.953330546
26.962476697, 26.963332356
26.972476664, 26.973365764
26.982476667, 26.983345987
26.992476664, 26.993309749
27.002476665, 27.003305209
27.012476664, 27.013401839
27.022476672, 27.023388827
27.032476669, 27.033337947
27.042476668, 27.043399861
27.052476667, 27.053376548
27.062476665, 27.063368865
27.072476672, 27.073309804
27.082476665, 27.083320611
27.092476664, 27.093404510
27.102476668, 27.103370619
27.112476661, 27.113350119
27.122476665, 27.123420668
27.132476664, 27.133383909
27.142476672, 27.143374031
27.152476664, 27.153328464
27.162476665, 27.163388432
27.172476689, 27.173364773
27.182476667, 27.183331036
27.192476682, 27.193284142
27.202476678, 27.203365896
27.212476689, 27.213335312
27.222476668, 27.223309324
27.232476689, 27.233319509
27.242476693, 27.243386793
27.252476664, 27.253257684
27.262476673, 27.263222647
27.272476662, 27.273235566
27.282476662, 27.283251922
27.292476686, 27.293220361
27.302476670, 27.303251648
27.312478889, 27.313322994
27.322476675, 27.323297054
27.332476659, 27.333267526
27.342476665, 27.343235665
27.352476672, 27.353294841
27.362476665, 27.363293003
27.372476664, 27.373231329
27.382476670, 27.383206971
27.392476667, 27.393271149
27.402476667, 27.403259320
27.412476666, 27.413208878
27.422476673, 27.423182283
27.432476671, 27.433254565
27.442476675, 27.443231425
27.452476664, 27.453251771
27.462476660, 27.463212511
27.472476667, 27.473298091
27.482476667, 27.483273299
27.492476666, 27.493227680
27.502476675, 27.503168731
27.512476669, 27.513262250
27.522476665, 27.523304546
27.532476669, 27.533243789
27.542476668, 27.543202529
27.552476686, 27.553294731
27.562476670, 27.563280692
27.572476662, 27.573234551
27.582476668, 27.583191554
27.592476664, 27.593272406
27.602476670, 27.603256609
27.612476667, 27.613222624
27.622476685, 27.623218736
27.632476669, 27.633240461
27.642476665, 27.643240517
27.652476686, 27.653191759
27.662476667, 27.663202963
27.672476666, 27.673218481
27.682476672, 27.683261094
27.692476662, 27.693223749
27.702476668, 27.703226082
27.712476672, 27.713244681
27.722476682, 27.723241364
27.732476671, 27.733199666
27.742476667, 27.743260085
27.752476667, 27.753295227
27.762476668, 27.763271852
27.772476669, 27.773238135
27.782476662, 27.783308841
27.792476666, 27.793275371
27.802476667, 27.803258288
27.812476661, 27.813217378
27.822476665, 27.823282586
27.832476666, 27.833258375
27.842476663, 27.843226217
27.852476671, 27.853196455
27.862476660, 27.863260426
27.872476662, 27.873229155
27.882476670, 27.883214663
27.892476671, 27.893201736
27.902476670, 27.903285535
27.912476671, 27.913255007
27.922476668, 27.923231081
27.932476666, 27.933251320
27.942476667, 27.943267919
27.952476664, 27.953233576
27.962476665, 27.963273227
27.972476662, 27.973288663
27.982476667, 27.983300608
27.992476664, 27.993294876
28.002476668, 28.003252450
28.012476664, 28.013308367
28.022476667, 28.023272514
28.032476666, 28.033249571
28.042476670, 28.043206563
28.052476661, 28.053217734
28.062476665, 28.063259342
28.072476669, 28.073220341
28.082476670, 28.083202704
28.092476664, 28.093204025
28.102476670, 28.103224675
28.112476671, 28.113251181
28.122476660, 28.123216780
28.132476671, 28.133284664
28.142476707, 28.143279530
28.152476695, 28.153246133
28.162476672, 28.163195021
28.172476667, 28.173270498
28.182476667, 28.183314104
28.192476666, 28.193269549
28.202476663, 28.203221997
28.212476664, 28.213301085
28.222476673, 28.223281260
28.232476667, 28.233247279
28.242476663, 28.243191510
28.252476661, 28.253278475
28.262476667, 28.263255705
28.272476667, 28.273212472
28.282476670, 28.283160591
28.292476662, 28.293252239
28.302476670, 28.303233506
28.312476669, 28.313199942
28.322476668, 28.323136555
28.332476701, 28.333306740
28.342476681, 28.343286816
28.352476666, 28.353232777
28.362476672, 28.363225230
28.372476661, 28.373275652
28.382476668, 28.383236505
28.392476662, 28.393198194
28.402476672, 28.403264245
28.412476662, 28.413298836
28.422476665, 28.423272333
28.432476667, 28.433241812
28.442476667, 28.443311218
28.452476667, 28.453275555
28.462476662, 28.463246260
28.472476664, 28.473219124
28.482476665, 28.483285141
28.492476661, 28.493259897
28.502476663, 28.503231598
28.512476666, 28.513186798
28.522476670, 28.523259075
28.532476671, 28.533250503
28.542476672, 28.543203304
28.552476664, 28.553217987
28.562476668, 28.563283876
28.572476666, 28.573260295
28.582476672, 28.583240159
28.592476669, 28.593254287
28.602476670, 28.603268497
28.612476662, 28.613240223
28.622476667, 28.623265443
28.632476664, 28.633324935
28.642476675, 28.643308315
28.652476669, 28.653293652
28.662476667, 28.663248606
28.672476666, 28.673249534
28.682476708, 28.683277280
28.692476667, 28.693258210
28.702476678, 28.703232527
28.712476669, 28.713254474
28.722476675, 28.723252515
28.732476667, 28.733250944
28.742476670, 28.743210090
28.752476669, 28.753214851
28.762476658, 28.763234846
28.772476669, 28.773219599
28.782476665, 28.783237326
28.792476662, 28.793254043
28.802476670, 28.803261462
28.812476661, 28.813233377
28.822476670, 28.823189295
28.832476664, 28.833216187
28.842476663, 28.843252178
28.852476669, 28.853259065
28.862476683, 28.863228434
28.872476682, 28.873305861
28.882476698, 28.883281052
28.892476707, 28.893253863
28.902476662, 28.903198255
28.912476686, 28.913278768
28.922476682, 28.923245193
28.932476662, 28.933254722
28.942476670, 28.943192468
28.952476659, 28.953249063
28.962476665, 28.963232746
28.972476684, 28.973219230
28.982476692, 28.983150325
28.992476669, 28.993226150
29.002476668, 29.003271245
29.012476666, 29.013238364
29.022476665, 29.023220388
29.032476664, 29.033264316
29.042476683, 29.043239797
29.052476682, 29.053212259
29.062476663, 29.063268213
29.072476664, 29.073301927
29.082476670, 29.083270429
29.092476662, 29.093240611
29.102476668, 29.103298666
29.112476671, 29.113286156
29.122476662, 29.123247814
29.132476662, 29.133208547
29.142476662, 29.143278202
29.152476662, 29.153252648
29.162476670, 29.163223402
29.172476662, 29.173159822
29.182476665, 29.183264959
29.192476659, 29.193246948
29.202476670, 29.203199957
29.212476666, 29.213165693
29.222476667, 29.223296708
29.232476712, 29.233287596
29.242476705, 29.243259233
29.252476659, 29.253313117
29.262476663, 29.263377070
29.272476664, 29.273361442
29.282476662, 29.283373236
29.292476684, 29.293401565
29.302476665, 29.303417679
29.312476667, 29.313411768
29.322476665, 29.323336080
29.332476669, 29.333371489
29.342476662, 29.343390636
29.352476671, 29.353366343
29.362476656, 29.363313350
29.372476659, 29.373327269
29.382476672, 29.383346722
29.392476667, 29.393338996
29.402476682, 29.403313397
29.412476667, 29.413362242
29.422476662, 29.423348939
29.432476666, 29.433385912
29.442476663, 29.443321936
29.452476667, 29.453340650
29.462476665, 29.463389091
29.472476661, 29.473354764
29.482476667, 29.483301049
29.492476662, 29.493325512
29.502476665, 29.503435011
29.512476664, 29.513382188
29.522476665, 29.523325661
29.532476664, 29.533417261
29.542476668, 29.543428285
29.552476669, 29.553370000
29.562476662, 29.563312759
29.572476667, 29.573393502
29.582476670, 29.583360772
29.592476691, 29.593337935
29.602476680, 29.603283072
29.612476667, 29.613380537
29.622476660, 29.623364628
29.632476669, 29.633321237
29.642476673, 29.643262531
29.652476671, 29.653405574
29.662476662, 29.663372290
29.672476662, 29.673344479
29.682476665, 29.683334168
29.692476664, 29.693379316
29.702476662, 29.703329659
29.712476669, 29.713323870
29.722476675, 29.723331718
29.732476662, 29.733430488
29.742476668, 29.743395767
29.752476666, 29.753350051
29.762476668, 29.763301440
29.772476671, 29.773405197
29.782476670, 29.783378051
29.792476686, 29.793347408
29.802476667, 29.803389821
29.812476669, 29.813377946
29.822476667, 29.823337149
29.832476671, 29.833296763
29.842476675, 29.843363263
29.852476666, 29.853353375
29.862476658, 29.863338790
29.872476664, 29.873340473
29.882476682, 29.883401417
29.892476664, 29.893386687
29.902476668, 29.903351734
29.912476666, 29.913305966
29.922476665, 29.923376774
29.932476662, 29.933359925
29.942476665, 29.943331327
29.952476666, 29.953233539
29.962476662, 29.963244366
29.972476666, 29.973294865
29.982476662, 29.983264006
29.992476667, 29.993243546
30.002476662, 30.003272776
30.012476671, 30.013267653
30.022476668, 30.023234676
30.032476666, 30.033161680
30.042476662, 30.043259871
30.052476681, 30.053248406
30.062476663, 30.063221340
30.072476672, 30.073147143
30.082476693, 30.083243539
30.092476664, 30.093267933
30.102476663, 30.103215241
30.112476671, 30.113230893
30.122476665, 30.123262503
30.132476662, 30.133253258
30.142476677, 30.143216029
30.152476669, 30.153216394
30.162476665, 30.163238442
30.172476666, 30.173282562
30.182476665, 30.183244959
30.192476667, 30.193313832
30.202476668, 30.203287620
30.212476672, 30.213254302
30.222476665, 30.223201078
30.232476667, 30.233295538
30.242476665, 30.243256316
30.252476671, 30.253231046
30.262476667, 30.263208069
30.272476667, 30.273250881
30.282476663, 30.283232923
30.292476666, 30.293213519
30.302476670, 30.303192541
30.312476661, 30.313293146
30.322476656, 30.323215612
30.332476664, 30.333237864
30.342476672, 30.343261838
30.352476669, 30.353269903
30.362476663, 30.363240025
30.372476669, 30.373215228
30.382476675, 30.383302156
30.392476672, 30.393304849
30.402476667, 30.403290378
30.412476669, 30.413247818
30.422476665, 30.423250339
30.432476667, 30.433287292
30.442476665, 30.443276779
30.452476669, 30.453223263
30.462476663, 30.463246158
30.472476662, 30.473259513
30.482476670, 30.483225023
30.492476664, 30.493189358
30.502476668, 30.503214424
30.512476667, 30.513236396
30.522476670, 30.523202961
30.532476662, 30.533216580
30.542476662, 30.543297659
30.552476671, 30.553276780
30.562476670, 30.563240779
30.572476674, 30.573196416
30.582476663, 30.583272951
30.592476689, 30.593238890
30.602476687, 30.603265193
30.612476684, 30.613226982
30.622476665, 30.623320430
30.632476666, 30.633298228
30.642476672, 30.643252911
30.652476682, 30.653215487
30.662476692, 30.663298606
30.672476686, 30.673270144
30.682476675, 30.683202462
30.692476662, 30.693163661
30.702476660, 30.703276897
30.712476691, 30.713240761
30.722476670, 30.723207435
30.732476661, 30.733222006
30.742476692, 30.743260247
30.752476666, 30.753217494
30.762476667, 30.763231373
30.772476666, 30.773277426
30.782476667, 30.783284412
30.792476669, 30.793253103
30.802476675, 30.803208219
30.812476671, 30.813216931
30.822476668, 30.823305449
30.832476671, 30.833269322
30.842476668, 30.843214238
30.852476664, 30.853302682
30.862476663, 30.863282633
30.872476669, 30.873260444
30.882476662, 30.883183967
30.892476667, 30.893289281
30.902476668, 30.903257711
30.912476661, 30.913217594
30.922476672, 30.923169614
30.932476662, 30.933268822
30.942476672, 30.943246454
30.952476679, 30.953220057
30.962476662, 30.963182131
30.972476666, 30.973253158
30.982476662, 30.983270574
30.992476661, 30.993254957
31.002476663, 31.003260267
31.012476666, 31.013261772
31.022476668, 31.023245011
31.032476664, 31.033223273
31.042476665, 31.043293342
31.052476666, 31.053242915
31.062476667, 31.063292308
31.072476662, 31.073244920
31.082476667, 31.083273214
31.092476662, 31.093295120
31.102476677, 31.103280379
31.112476672, 31.113239303
31.122476658, 31.123239486
31.132476666, 31.133282538
31.142476668, 31.143248648
31.152476669, 31.153216892
31.162476663, 31.163214484
31.172476662, 31.173254571
31.182476660, 31.183237847
31.192476661, 31.193184224
31.202476663, 31.203250078
31.212476662, 31.213279431
31.222476687, 31.223243454
31.232476671, 31.233217282
31.242476663, 31.243247943
31.252476664, 31.253260168
31.262476662, 31.263278010
31.272476666, 31.273248732
31.282476667, 31.283329018
31.292476666, 31.293315792
31.302476663, 31.303254248
31.312476666, 31.313213486
31.322476662, 31.323285550
31.332476667, 31.333276770
31.342476667, 31.343225191
31.352476667, 31.353239246
31.362476663, 31.363274019
31.372476669, 31.373245147
31.382476662, 31.383210628
31.392476664, 31.393215935
31.402476673, 31.403264000
31.412476669, 31.413228641
31.422476660, 31.423181642
31.432476669, 31.433215121
31.442476683, 31.443269424
31.452476671, 31.453253739
31.462476662, 31.463215577
31.472476671, 31.473240606
31.482476667, 31.483308254
31.492476662, 31.493289565
31.502476665, 31.503254697
31.512476667, 31.513314841
31.522476665, 31.523287261
31.532476662, 31.533271241
31.542476670, 31.543225228
31.552476664, 31.553305051
31.562476667, 31.563271700
31.572476669, 31.573237594
31.582476678, 31.583200429
31.592476661, 31.593286431
31.602476665, 31.603242194
31.612476666, 31.613221816
31.622476665, 31.623178543
31.632476669, 31.633265965
31.642476675, 31.643270734
31.652476669, 31.653248991
31.662476670, 31.663261514
31.672476662, 31.673301436
31.682476665, 31.683254442
31.692476664, 31.693222664
31.702476670, 31.703292520
31.712476667, 31.713317501
31.722476668, 31.723304676
31.732476671, 31.733263048
31.742476670, 31.743259778
31.752476689, 31.753302137
31.762476672, 31.763254848
31.772476662, 31.773229391
31.782476670, 31.783230045
31.792476664, 31.793269601
31.802476665, 31.803261967
31.812476666, 31.813215434
31.822476662, 31.823276811
31.832476667, 31.833241901
31.842476663, 31.843253600
31.852476667, 31.853178692
31.862476665, 31.863245233
31.872476666, 31.873270822
31.882476667, 31.883255813
31.892476669, 31.893214983
31.902476665, 31.903217069
31.912476662, 31.913247346
31.922476693, 31.923301291
31.932476671, 31.933259854
31.942476667, 31.943313646
31.952476666, 31.953346880
31.962476663, 31.963307740
31.972476671, 31.973279767
31.982476667, 31.983346147
31.992476662, 31.993301095
32.002476677, 32.003272702
32.012476671, 32.013258327
32.022476668, 32.023330490
32.032476667, 32.033280482
32.042476662, 32.043255043
32.052476671, 32.053236262
------------------------------
