------------------------------
test was performed using the following parameters: --mps=100 --burst=1 --reply-every=1 --msg-size=14 --time=30
------------------------------
sockperf: [Total Run] RunTime=30.100 sec; SentMessages=3011; ReceivedMessages=3010
sockperf: ========= Printing statistics for Server No: 0
sockperf: [Valid Duration] RunTime=29.991 sec; SentMessages=3000; ReceivedMessages=3000
sockperf: [2;35m====> avg-lat=446.002 (std-dev=55.853)[0m
sockperf: # dropped messages = 0; # duplicated messages = 0; # out-of-order messages = 0
sockperf: [2;35mTotal 3000 observations[0m; each percentile contains 30.00 observations
sockperf: ---> <MAX> observation =  589.727
sockperf: ---> percentile 99.999 =  589.727
sockperf: ---> percentile 99.990 =  589.727
sockperf: ---> percentile 99.900 =  580.486
sockperf: ---> percentile 99.000 =  549.736
sockperf: ---> percentile 90.000 =  509.516
sockperf: ---> percentile 75.000 =  494.990
sockperf: ---> percentile 50.000 =  461.183
sockperf: ---> percentile 25.000 =  392.368
sockperf: ---> <MIN> observation =  304.950
------------------------------
txTime, rxTime
2.064521233, 2.065528121
2.074521242, 2.075533606
2.084521245, 2.085493329
2.094521229, 2.095528922
2.104521245, 2.105561743
2.114521240, 2.115593347
2.124521240, 2.125525100
2.134521242, 2.135505789
2.144521233, 2.145525775
2.154521235, 2.155525433
2.164521235, 2.165488459
2.174521244, 2.175473056
2.184521250, 2.185504300
2.194521234, 2.195503753
2.204521236, 2.205468447
2.214521210, 2.215443897
2.224521245, 2.225478034
2.234521237, 2.235487220
2.244521248, 2.245508265
2.254521230, 2.255532647
2.264521250, 2.265496485
2.274521237, 2.275522328
2.284521245, 2.285482484
2.294521247, 2.295511682
2.304521235, 2.305473975
2.314521244, 2.315551169
2.324521241, 2.325572198
2.334521239, 2.335531429
2.344521241, 2.345497661
2.354521244, 2.355528959
2.364521246, 2.365566782
2.374521245, 2.375506989
2.384521243, 2.385474959
2.394521239, 2.395519980
2.404521240, 2.405540987
2.414521240, 2.415492827
2.424521224, 2.425448765
2.434521219, 2.435495956
2.444521228, 2.445544373
2.454521215, 2.455509096
2.464521231, 2.465501956
2.474521212, 2.475502171
2.484521208, 2.485523399
2.494521212, 2.495486391
2.504521236, 2.505479208
2.514521227, 2.515487716
2.524521221, 2.525511726
2.534521227, 2.535515947
2.544521216, 2.545549378
2.554521217, 2.555512542
2.564521211, 2.565537913
2.574521222, 2.575514791
2.584521206, 2.585528958
2.594521244, 2.595498037
2.604521211, 2.605506918
2.614521242, 2.615488309
2.624521209, 2.625497965
2.634521224, 2.635468448
2.644521208, 2.645473892
2.654521214, 2.655440588
2.664521230, 2.665497951
2.674521209, 2.675504541
2.684521211, 2.685509464
2.694521204, 2.695532198
2.704521223, 2.705497798
2.714521235, 2.715482838
2.724521211, 2.725529952
2.734521230, 2.735475191
2.744521240, 2.745499619
2.754521237, 2.755531834
2.764521221, 2.765510293
2.774521229, 2.775497358
2.784521213, 2.785502162
2.794521212, 2.795510524
2.804521211, 2.805486581
2.814521229, 2.815441727
2.824521235, 2.825474206
2.834521225, 2.835485377
2.844521206, 2.845484168
2.854521209, 2.855440212
2.864521226, 2.865484768
2.874521207, 2.875481058
2.884521228, 2.885440929
2.894521204, 2.895482567
2.904521226, 2.905540026
2.914521214, 2.915503237
2.924521224, 2.925496072
2.934521227, 2.935484241
2.944521224, 2.945551094
2.954521245, 2.955488399
2.964521214, 2.965468945
2.974521225, 2.975561802
2.984521248, 2.985533068
2.994521244, 2.995522521
3.004521238, 3.005493265
3.014521217, 3.015517060
3.024521250, 3.025545192
3.034521212, 3.035504030
3.044521238, 3.045470987
3.054521204, 3.055488884
3.064521243, 3.065521358
3.074521214, 3.075476317
3.084521248, 3.085531995
3.094521260, 3.095483858
3.104521208, 3.105530252
3.114521212, 3.115513722
3.124521224, 3.125506490
3.134521229, 3.135519254
3.144521231, 3.145500628
3.154521212, 3.155486932
3.164521256, 3.165512191
3.174521214, 3.175472127
3.184521228, 3.185475257
3.194521219, 3.195548975
3.204521236, 3.205541312
3.214521207, 3.215512026
3.224521231, 3.225520148
3.234521214, 3.235485414
3.244521230, 3.245532334
3.254521214, 3.255500201
3.264521236, 3.265494044
3.274521202, 3.275487419
3.284521248, 3.285510739
3.294521256, 3.295469394
3.304521209, 3.305486123
3.314521230, 3.315466585
3.324521216, 3.325538075
3.334521224, 3.335507823
3.344521240, 3.345481417
3.354521205, 3.355507736
3.364521201, 3.365493195
3.374521214, 3.375482594
3.384521214, 3.385512253
3.394521222, 3.395476143
3.404521213, 3.405481858
3.414521220, 3.415570241
3.424521223, 3.425540255
3.434521204, 3.435499944
3.444521245, 3.445534222
3.454521204, 3.455565658
3.464521214, 3.465520277
3.474521214, 3.475517880
3.484521216, 3.485482023
3.494521250, 3.495461822
3.504521226, 3.505487458
3.514521204, 3.515478810
3.524521224, 3.525453000
3.534521227, 3.535439607
3.544521243, 3.545559984
3.554521222, 3.555522313
3.564521218, 3.565511918
3.574521204, 3.575431033
3.584521241, 3.585536633
3.594521220, 3.595498910
3.604521245, 3.605480939
3.614521222, 3.615448711
3.624521236, 3.625470370
3.634521230, 3.635534103
3.644521223, 3.645525927
3.654521232, 3.655551884
3.664521218, 3.665493758
3.674521220, 3.675541263
3.684521256, 3.685562313
3.694521214, 3.695476390
3.704521240, 3.705564889
3.714521229, 3.715467163
3.724521231, 3.725536339
3.734521229, 3.735509528
3.744521235, 3.745448192
3.754521217, 3.755480779
3.764521226, 3.765473793
3.774521212, 3.775528735
3.784521213, 3.785505820
3.794521215, 3.795535214
3.804521208, 3.805492817
3.814521205, 3.815502816
3.824521226, 3.825485901
3.834521245, 3.835542486
3.844521221, 3.845523571
3.854521224, 3.855527655
3.864521235, 3.865506268
3.874521234, 3.875505875
3.884521211, 3.885533921
3.894521215, 3.895489408
3.904521218, 3.905535612
3.914521254, 3.915567819
3.924521214, 3.925447726
3.934521210, 3.935468881
3.944521228, 3.945482219
3.954521220, 3.955452571
3.964521231, 3.965483665
3.974521207, 3.975531060
3.984521224, 3.985520656
3.994521230, 3.995509485
4.004521206, 4.005517403
4.014521244, 4.015497862
4.024521323, 4.025509506
4.034521245, 4.035488723
4.044521238, 4.045513567
4.054521245, 4.055475607
4.064521203, 4.065499203
4.074521255, 4.075572906
4.084521223, 4.085526261
4.094521219, 4.095553726
4.104521216, 4.105521284
4.114521235, 4.115550654
4.124521255, 4.125504559
4.134521242, 4.135541327
4.144521203, 4.145493340
4.154521234, 4.155529775
4.164521240, 4.165482230
4.174521204, 4.175519902
4.184521243, 4.185506044
4.194521229, 4.195501823
4.204521223, 4.205468582
4.214521210, 4.215511759
4.224537357, 4.225524733
4.234521227, 4.235527791
4.244521221, 4.245502170
4.254521225, 4.255520687
4.264521243, 4.265569280
4.274521207, 4.275514054
4.284521296, 4.285530523
4.294521222, 4.295535275
4.304521256, 4.305454935
4.314521240, 4.315522755
4.324521223, 4.325592985
4.334521224, 4.335555334
4.344521236, 4.345465475
4.354521204, 4.355516296
4.364521238, 4.365474729
4.374521255, 4.375489151
4.384521224, 4.385468349
4.394521212, 4.395493187
4.404521206, 4.405447529
4.414521222, 4.415496485
4.424521213, 4.425514459
4.434521232, 4.435545749
4.444521226, 4.445511287
4.454521257, 4.455509557
4.464521236, 4.465534018
4.474521217, 4.475488675
4.484521250, 4.485483234
4.494521220, 4.495487993
4.504521245, 4.505499605
4.514521229, 4.515516955
4.524521271, 4.525456739
4.534521220, 4.535611064
4.544521216, 4.545557159
4.554521245, 4.555497174
4.564521238, 4.565480249
4.574521209, 4.575570933
4.584521251, 4.585519595
4.594521212, 4.595480539
4.604521226, 4.605458857
4.614521232, 4.615535115
4.624521219, 4.625486663
4.634521259, 4.635450416
4.644521218, 4.645481407
4.654521227, 4.655595255
4.664521235, 4.665509432
4.674521232, 4.675472778
4.684521231, 4.685527427
4.694521210, 4.695487967
4.704521245, 4.705495856
4.714521209, 4.715497244
4.724521230, 4.725512301
4.734521219, 4.735529491
4.744521230, 4.745562943
4.754521240, 4.755592941
4.764521238, 4.765550997
4.774521250, 4.775508937
4.784521214, 4.785539239
4.794521232, 4.795566066
4.804521221, 4.805518441
4.814521237, 4.815486810
4.824521213, 4.825519624
4.834521229, 4.835535431
4.844521213, 4.845495636
4.854521212, 4.855463780
4.864521206, 4.865495096
4.874521209, 4.875564113
4.884521241, 4.885514949
4.894521202, 4.895505335
4.904521203, 4.905530498
4.914521229, 4.915548786
4.924521218, 4.925493703
4.934521204, 4.935481550
4.944521233, 4.945508545
4.954521247, 4.955560825
4.964521255, 4.965526659
4.974521212, 4.975502817
4.984521245, 4.985595200
4.994521235, 4.995553935
5.004521245, 5.005508940
5.014521237, 5.015485775
5.024521224, 5.025582388
5.034521249, 5.035532926
5.044521233, 5.045481783
5.054521204, 5.055459644
5.064521233, 5.065556287
5.074521235, 5.075509555
5.084521209, 5.085465843
5.094521210, 5.095509403
5.104521238, 5.105575281
5.114521237, 5.115523387
5.124521240, 5.125503157
5.134521212, 5.135536467
5.144521223, 5.145543153
5.154521240, 5.155518340
5.164521223, 5.165512147
5.174521219, 5.175554269
5.184521224, 5.185584481
5.194521237, 5.195497835
5.204521246, 5.205403660
5.214521229, 5.215477045
5.224521208, 5.225494087
5.234521212, 5.235498129
5.244521261, 5.245480538
5.254521232, 5.255516836
5.264521209, 5.265525972
5.274521225, 5.275486296
5.284521236, 5.285454935
5.294521247, 5.295486866
5.304521208, 5.305503625
5.314521225, 5.315481529
5.324521248, 5.325433146
5.334521229, 5.335535593
5.344521221, 5.345535928
5.354521227, 5.355501989
5.364521230, 5.365411918
5.374521215, 5.375511824
5.384521208, 5.385529066
5.394521242, 5.395535063
5.404521223, 5.405567173
5.414521249, 5.415588637
5.424521231, 5.425558591
5.434521227, 5.435495983
5.444521211, 5.445544856
5.454521234, 5.455571317
5.464521204, 5.465522536
5.474521214, 5.475490702
5.484521208, 5.485523601
5.494521245, 5.495547369
5.504521236, 5.505501702
5.514521209, 5.515468933
5.524521235, 5.525483589
5.534521220, 5.535513523
5.544521276, 5.545482341
5.554521220, 5.555507933
5.564521228, 5.565533880
5.574521210, 5.575551204
5.584521224, 5.585498174
5.594521240, 5.595485322
5.604521235, 5.605511447
5.614521247, 5.615565065
5.624521233, 5.625530877
5.634521220, 5.635511376
5.644521255, 5.645598732
5.654521224, 5.655556829
5.664521255, 5.665508624
5.674521215, 5.675485464
5.684521241, 5.685579160
5.694521232, 5.695535945
5.704521206, 5.705482706
5.714521225, 5.715462582
5.724521240, 5.725552713
5.734521222, 5.735514582
5.744521204, 5.745469448
5.754521215, 5.755494277
5.764521233, 5.765535873
5.774521215, 5.775549431
5.784521236, 5.785504746
5.794521230, 5.795527480
5.804521233, 5.805548551
5.814521230, 5.815504769
5.824521211, 5.825495659
5.834521232, 5.835564730
5.844521231, 5.845582847
5.854521245, 5.855535950
5.864521233, 5.865518050
5.874521341, 5.875535578
5.884521248, 5.885555588
5.894521209, 5.895513181
5.904521261, 5.905484472
5.914521229, 5.915569675
5.924521204, 5.925530069
5.934521240, 5.935479698
5.944521208, 5.945459173
5.954521267, 5.955492975
5.964521231, 5.965516187
5.974521209, 5.975469125
5.984521214, 5.985439471
5.994521232, 5.995542962
6.004521235, 6.005541560
6.014521227, 6.015506115
6.024521211, 6.025540337
6.034521217, 6.035505011
6.044521211, 6.045519904
6.054521214, 6.055537402
6.064521240, 6.065557338
6.074521212, 6.075522471
6.084521236, 6.085550329
6.094521229, 6.095510945
6.104521236, 6.105530774
6.114521214, 6.115556483
6.124521216, 6.125522325
6.134521234, 6.135500923
6.144521218, 6.145512567
6.154521235, 6.155528372
6.164521246, 6.165503486
6.174521232, 6.175461884
6.184521211, 6.185487393
6.194521225, 6.195504309
6.204521231, 6.205523941
6.214521232, 6.215560369
6.224524609, 6.225527432
6.234521262, 6.235535442
6.244521213, 6.245501129
6.254521227, 6.255535683
6.264521235, 6.265502556
6.274521230, 6.275567052
6.284521226, 6.285530650
6.294521237, 6.295566419
6.304521208, 6.305534499
6.314521210, 6.315545639
6.324521231, 6.325510269
6.334521232, 6.335554014
6.344521231, 6.345505449
6.354521207, 6.355528746
6.364521213, 6.365484648
6.374521224, 6.375517411
6.384521240, 6.385483166
6.394521207, 6.395500196
6.404521211, 6.405461764
6.414521252, 6.415499037
6.424521235, 6.425516987
6.434521217, 6.435563002
6.444521228, 6.445433239
6.454521214, 6.455531391
6.464521209, 6.465502892
6.474521207, 6.475507250
6.484521228, 6.485479524
6.494521222, 6.495564198
6.504521241, 6.505579185
6.514521210, 6.515534061
6.524521214, 6.525509112
6.534521219, 6.535534579
6.544521233, 6.545556536
6.554521249, 6.555511070
6.564521228, 6.565538524
6.574521220, 6.575501543
6.584521223, 6.585528451
6.594521259, 6.595488289
6.604521209, 6.605513965
6.614521212, 6.615481790
6.624521206, 6.625505607
6.634521260, 6.635468912
6.644521209, 6.645544732
6.654521214, 6.655509764
6.664521228, 6.665532546
6.674521202, 6.675503081
6.684521251, 6.685527680
6.694521207, 6.695660111
6.704521228, 6.705577792
6.714521239, 6.715645415
6.724521238, 6.725491270
6.734521230, 6.735524633
6.744521218, 6.745543569
6.754521229, 6.755513089
6.764521204, 6.765530981
6.774521229, 6.775497279
6.784521219, 6.785511260
6.794521230, 6.795499752
6.804521211, 6.805508153
6.814521202, 6.815478001
6.824521206, 6.825498083
6.834521249, 6.835457141
6.844521226, 6.845486081
6.854521245, 6.855449598
6.864521246, 6.865530399
6.874521214, 6.875431661
6.884521206, 6.885519715
6.894521212, 6.895496449
6.904521251, 6.905508537
6.914521209, 6.915532911
6.924521224, 6.925505246
6.934521245, 6.935586173
6.944521230, 6.945541972
6.954521212, 6.955544329
6.964521221, 6.965529397
6.974521254, 6.975544917
6.984521235, 6.985512037
6.994521230, 6.995544046
7.004521203, 7.005506723
7.014521214, 7.015522635
7.024521243, 7.025487688
7.034521212, 7.035521145
7.044521230, 7.045479773
7.054521242, 7.055498494
7.064521241, 7.065465911
7.074521220, 7.075498027
7.084521214, 7.085518198
7.094521204, 7.095525510
7.104521255, 7.105502295
7.114521250, 7.115530838
7.124521238, 7.125488728
7.134521209, 7.135514512
7.144521230, 7.145685011
7.154521222, 7.155542022
7.164521224, 7.165575316
7.174521220, 7.175533524
7.184521214, 7.185502542
7.194521212, 7.195534607
7.204521204, 7.205550717
7.214521254, 7.215511812
7.224521226, 7.225486312
7.234521202, 7.235512564
7.244521230, 7.245524948
7.254521222, 7.255488229
7.264521231, 7.265456555
7.274521202, 7.275489671
7.284521226, 7.285507959
7.294521207, 7.295465586
7.304521206, 7.305432666
7.314521234, 7.315526566
7.324521250, 7.325539802
7.334521214, 7.335446347
7.344521236, 7.345537924
7.354521255, 7.355503043
7.364521206, 7.365516339
7.374521225, 7.375534848
7.384521248, 7.385556121
7.394521224, 7.395532223
7.404521235, 7.405548911
7.414521212, 7.415514452
7.424521208, 7.425529419
7.434521254, 7.435508471
7.444521221, 7.445530450
7.454521202, 7.455487375
7.464521241, 7.465510137
7.474521225, 7.475471352
7.484521231, 7.485495385
7.494521214, 7.495457318
7.504521226, 7.505483956
7.514521214, 7.515450680
7.524521238, 7.525528171
7.534521230, 7.535554271
7.544521208, 7.545518623
7.554521210, 7.555500191
7.564521208, 7.565508368
7.574521220, 7.575532956
7.584521245, 7.585497200
7.594521252, 7.595522414
7.604521218, 7.605539939
7.614521217, 7.615563776
7.624521385, 7.625526901
7.634521214, 7.635552062
7.644521236, 7.645519931
7.654521214, 7.655546542
7.664521216, 7.665504878
7.674521237, 7.675528461
7.684521235, 7.685494428
7.694521214, 7.695518178
7.704521228, 7.705481779
7.714521204, 7.715505188
7.724521228, 7.725475990
7.734521215, 7.735492467
7.744521209, 7.745515834
7.754521214, 7.755538341
7.764521235, 7.765501532
7.774521202, 7.775527076
7.784521253, 7.785491058
7.794521224, 7.795515944
7.804521213, 7.805538203
7.814521215, 7.815563619
7.824521223, 7.825630846
7.834521292, 7.835567478
7.844521245, 7.845511412
7.854521220, 7.855535842
7.864521216, 7.865550804
7.874521220, 7.875524954
7.884521255, 7.885491444
7.894521210, 7.895500315
7.904521263, 7.905450055
7.914521234, 7.915500677
7.924521223, 7.925515691
7.934521237, 7.935475487
7.944521236, 7.945456671
7.954521212, 7.955467013
7.964521226, 7.965550140
7.974521214, 7.975517496
7.984521213, 7.985502459
7.994521230, 7.995512192
8.004521236, 8.005528124
8.014521230, 8.015490835
8.024521235, 8.025480884
8.034521235, 8.035487836
8.044521231, 8.045560619
8.054521209, 8.055523938
8.064521213, 8.065545905
8.074521212, 8.075520737
8.084521208, 8.085541439
8.094521212, 8.095501518
8.104521243, 8.105534110
8.114521229, 8.115497521
8.124521216, 8.125514643
8.134521225, 8.135478372
8.144521219, 8.145494979
8.154521230, 8.155460678
8.164521228, 8.165482944
8.174521230, 8.175445773
8.184521233, 8.185528861
8.194521212, 8.195554542
8.204521235, 8.205516065
8.214521207, 8.215495866
8.224521203, 8.225505591
8.234521210, 8.235533154
8.244521238, 8.245470081
8.254521222, 8.255475189
8.264521230, 8.265540409
8.274521215, 8.275562611
8.284521245, 8.285526908
8.294521214, 8.295556126
8.304521235, 8.305523870
8.314521237, 8.315539173
8.324521238, 8.325505209
8.334521250, 8.335527874
8.344521208, 8.345493827
8.354521235, 8.355515321
8.364521238, 8.365483968
8.374521209, 8.375507291
8.384521241, 8.385468033
8.394521209, 8.395496094
8.404521209, 8.405513714
8.414521210, 8.415537081
8.424521243, 8.425502656
8.434521212, 8.435527741
8.444521208, 8.445490420
8.454521222, 8.455515042
8.464521203, 8.465478316
8.474521235, 8.475561480
8.484521256, 8.485526528
8.494521210, 8.495546674
8.504521226, 8.505512261
8.514521239, 8.515537977
8.524521235, 8.525507376
8.534521210, 8.535523597
8.544521251, 8.545489342
8.554521210, 8.555511191
8.564521230, 8.565477086
8.574521237, 8.575506962
8.584521236, 8.585466835
8.594521222, 8.595491278
8.604521213, 8.605507773
8.614521234, 8.615484457
8.624521203, 8.625510395
8.634521207, 8.635524229
8.644521240, 8.645500970
8.654521214, 8.655518238
8.664521209, 8.665529315
8.674521232, 8.675498474
8.684521230, 8.685476034
8.694521215, 8.695534642
8.704521228, 8.705567834
8.714521255, 8.715478507
8.724521211, 8.725666360
8.734521242, 8.735628653
8.744521233, 8.745601841
8.754521205, 8.755694456
8.764521230, 8.765534314
8.774521230, 8.775488885
8.784521233, 8.785523286
8.794521229, 8.795487741
8.804521219, 8.805501548
8.814521240, 8.815465234
8.824521209, 8.825498135
8.834521254, 8.835461237
8.844521216, 8.845530082
8.854521210, 8.855509330
8.864521231, 8.865532324
8.874521247, 8.875497272
8.884521240, 8.885505414
8.894521242, 8.895483371
8.904521260, 8.905509757
8.914521219, 8.915526157
8.924521231, 8.925536947
8.934521230, 8.935506752
8.944521204, 8.945540066
8.954521205, 8.955553369
8.964521241, 8.965515438
8.974521234, 8.975538156
8.984521218, 8.985520649
8.994521212, 8.995532517
9.004521230, 9.005493571
9.014521205, 9.015461346
9.024521238, 9.025499649
9.034521207, 9.035507555
9.044521241, 9.045470724
9.054521217, 9.055437435
9.064521211, 9.065528156
9.074521225, 9.075538817
9.084521228, 9.085517290
9.094521240, 9.095551284
9.104521208, 9.105505598
9.114521207, 9.115519091
9.124521235, 9.125492853
9.134521217, 9.135555711
9.144521245, 9.145540444
9.154521252, 9.155553472
9.164521221, 9.165516867
9.174521230, 9.175531830
9.184521209, 9.185499864
9.194521217, 9.195536625
9.204521216, 9.205495654
9.214521262, 9.215509607
9.224521201, 9.225474706
9.234521232, 9.235509986
9.244521208, 9.245469825
9.254521247, 9.255489921
9.264521241, 9.265463073
9.274521210, 9.275481269
9.284521240, 9.285511136
9.294521209, 9.295519374
9.304521218, 9.305510807
9.314521219, 9.315515073
9.324521236, 9.325537639
9.334521217, 9.335500943
9.344521223, 9.345476891
9.354521220, 9.355544740
9.364521235, 9.365571258
9.374521232, 9.375532838
9.384521236, 9.385560754
9.394521242, 9.395523599
9.404521213, 9.405547780
9.414521212, 9.415510020
9.424521203, 9.425534992
9.434521204, 9.435500562
9.444521211, 9.445523996
9.454521210, 9.455483514
9.464521226, 9.465502213
9.474521244, 9.475467563
9.484521208, 9.485497492
9.494521209, 9.495461035
9.504521243, 9.505526923
9.514521210, 9.515511313
9.524521226, 9.525530283
9.534521235, 9.535494167
9.544521235, 9.545508443
9.554521222, 9.555482572
9.564521238, 9.565510589
9.574521257, 9.575525599
9.584521219, 9.585535836
9.594521205, 9.595506516
9.604521206, 9.605539862
9.614521205, 9.615561575
9.624521214, 9.625516165
9.634521249, 9.635488605
9.644521208, 9.645518185
9.654521376, 9.655534230
9.664521228, 9.665491503
9.674521219, 9.675466051
9.684521208, 9.685502382
9.694521224, 9.695508489
9.704521216, 9.705471332
9.714521204, 9.715444519
9.724521204, 9.725499016
9.734521212, 9.735542900
9.744521235, 9.745507083
9.754521232, 9.755541255
9.764521216, 9.765505411
9.774521229, 9.775521790
9.784521235, 9.785487842
9.794521222, 9.795575928
9.804521250, 9.805536451
9.814521252, 9.815499317
9.824521228, 9.825517455
9.834521205, 9.835534589
9.844521228, 9.845519839
9.854521205, 9.855528893
9.864521256, 9.865495143
9.874521212, 9.875527149
9.884521223, 9.885490793
9.894521235, 9.895505851
9.904521230, 9.905472609
9.914521207, 9.915504981
9.924521230, 9.925453610
9.934521239, 9.935478123
9.944521240, 9.945516792
9.954521219, 9.955539519
9.964521214, 9.965500850
9.974521209, 9.975511365
9.984521240, 9.985544116
9.994521232, 9.995503659
10.004521221, 10.005479530
10.014521224, 10.015543808
10.024521216, 10.025568979
10.034521235, 10.035533219
10.044521241, 10.045559215
10.054521239, 10.055521761
10.064521230, 10.065545459
10.074521209, 10.075512806
10.084521218, 10.085524562
10.094521214, 10.095496586
10.104521246, 10.105524729
10.114521229, 10.115489373
10.124521203, 10.125509758
10.134521239, 10.135474995
10.144521233, 10.145499012
10.154521239, 10.155465611
10.164521204, 10.165544126
10.174521227, 10.175509430
10.184521231, 10.185534753
10.194521214, 10.195496293
10.204521250, 10.205507367
10.214521234, 10.215483780
10.224526776, 10.225574758
10.234521244, 10.235531216
10.244521224, 10.245551260
10.254521219, 10.255516766
10.264521223, 10.265540639
10.274521210, 10.275557479
10.284521235, 10.285520521
10.294521212, 10.295484931
10.304521214, 10.305519456
10.314521232, 10.315538241
10.324521209, 10.325494493
10.334521237, 10.335470518
10.344521240, 10.345497001
10.354521212, 10.355520243
10.364521211, 10.365467555
10.374521229, 10.375442417
10.384521213, 10.385528007
10.394521212, 10.395497319
10.404521208, 10.405509529
10.414521245, 10.415539394
10.424521216, 10.425506430
10.434521242, 10.435523910
10.444521211, 10.445484925
10.454521247, 10.455574120
10.464521230, 10.465540347
10.474521210, 10.475555631
10.484521231, 10.485518731
10.494521217, 10.495550748
10.504521211, 10.505513910
10.514521210, 10.515533767
10.524536819, 10.525498008
10.534521214, 10.535529760
10.544521240, 10.545499478
10.554521269, 10.555512151
10.564521230, 10.565470399
10.574521205, 10.575506354
10.584521233, 10.585469501
10.594521219, 10.595480280
10.604521240, 10.605514488
10.614521229, 10.615535758
10.624521209, 10.625498423
10.634521212, 10.635513104
10.644521208, 10.645492553
10.654521230, 10.655513543
10.664521213, 10.665486233
10.674521225, 10.675548532
10.684521240, 10.685465634
10.694521217, 10.695531610
10.704521226, 10.705562605
10.714521229, 10.715520988
10.724521223, 10.725544490
10.734521217, 10.735527246
10.744521213, 10.745538210
10.754521242, 10.755499929
10.764521245, 10.765617212
10.774521250, 10.775598479
10.784521236, 10.785582423
10.794521239, 10.795586228
10.804521213, 10.805568177
10.814521259, 10.815580997
10.824521221, 10.825611052
10.834521260, 10.835682234
10.844521208, 10.845656737
10.854521234, 10.855625594
10.864521208, 10.865635584
10.874521220, 10.875670790
10.884521233, 10.885569482
10.894521232, 10.895700686
10.904521251, 10.905627707
10.914521259, 10.915525313
10.924521209, 10.925539683
10.934521239, 10.935504445
10.944521261, 10.945531676
10.954521224, 10.955498719
10.964521228, 10.965518088
10.974521210, 10.975480888
10.984521236, 10.985508285
10.994521205, 10.995470304
11.004521211, 11.005501087
11.014521232, 11.015459757
11.024521223, 11.025496937
11.034537145, 11.035448433
11.044521224, 11.045526605
11.054521269, 11.055506376
11.064521211, 11.065520449
11.074521209, 11.075542068
11.084521228, 11.085505525
11.094521209, 11.095523318
11.104521213, 11.105493436
11.114521242, 11.115573166
11.124521241, 11.125536908
11.134521215, 11.135558702
11.144521243, 11.145530640
11.154521224, 11.155551157
11.164521213, 11.165512632
11.174521250, 11.175532751
11.184530515, 11.185495897
11.194521210, 11.195533446
11.204521211, 11.205489613
11.214521247, 11.215483315
11.224521206, 11.225445440
11.234521204, 11.235459106
11.244521236, 11.245411849
11.254521204, 11.255429536
11.264521206, 11.265485841
11.274521204, 11.275486050
11.284521224, 11.285445017
11.294521249, 11.295462507
11.304521213, 11.305489403
11.314521204, 11.315515621
11.324521206, 11.325477591
11.334521222, 11.335541175
11.344521226, 11.345515579
11.354521215, 11.355531506
11.364521235, 11.365560794
11.374521234, 11.375520644
11.384521208, 11.385489895
11.394521210, 11.395522261
11.404521248, 11.405536639
11.414521219, 11.415502192
11.424521240, 11.425475015
11.434521239, 11.435502461
11.444521203, 11.445512206
11.454521207, 11.455476118
11.464521233, 11.465444989
11.474521210, 11.475476536
11.484521226, 11.485490283
11.494521225, 11.495511573
11.504521248, 11.505548162
11.514521239, 11.515512529
11.524521204, 11.525470731
11.534521229, 11.535518951
11.544521235, 11.545508189
11.554521244, 11.555542296
11.564521228, 11.565558741
11.574521240, 11.575523868
11.584521223, 11.585557939
11.594521234, 11.595494466
11.604521235, 11.605534583
11.614521204, 11.615502580
11.624521208, 11.625514593
11.634521230, 11.635495968
11.644521209, 11.645512807
11.654521229, 11.655477289
11.664521228, 11.665495090
11.674521222, 11.675456742
11.684521208, 11.685487598
11.694521230, 11.695453724
11.704521211, 11.705472153
11.714521240, 11.715503903
11.724521211, 11.725462655
11.734521209, 11.735542311
11.744521206, 11.745447798
11.754521207, 11.755521512
11.764521208, 11.765502041
11.774521237, 11.775573758
11.784521250, 11.785538636
11.794521210, 11.795568442
11.804521206, 11.805526102
11.814521262, 11.815550677
11.824521208, 11.825514095
11.834521279, 11.835541233
11.844521261, 11.845501061
11.854521215, 11.855527874
11.864521209, 11.865492273
11.874521209, 11.875482169
11.884521260, 11.885478647
11.894521204, 11.895503873
11.904521230, 11.905471779
11.914521219, 11.915495660
11.924521235, 11.925509538
11.934521210, 11.935538657
11.944521218, 11.945446277
11.954521230, 11.955524237
11.964521233, 11.965489829
11.974521229, 11.975517872
11.984521218, 11.985477598
11.994521229, 11.995560463
12.004521231, 12.005579451
12.014521209, 12.015544853
12.024521270, 12.025512002
12.034521205, 12.035539390
12.044521214, 12.045498870
12.054521239, 12.055522348
12.064521216, 12.065532740
12.074521210, 12.075511931
12.084521236, 12.085477514
12.094521204, 12.095499448
12.104521218, 12.105517007
12.114521212, 12.115490920
12.124521208, 12.125454562
12.134521217, 12.135477099
12.144521204, 12.145560261
12.154521225, 12.155507019
12.164521258, 12.165549754
12.174521224, 12.175512334
12.184521226, 12.185527538
12.194521225, 12.195489256
12.204521224, 12.205527950
12.214521224, 12.215541549
12.224521230, 12.225557172
12.234521222, 12.235522643
12.244521240, 12.245563277
12.254521229, 12.255517386
12.264521246, 12.265538180
12.274521245, 12.275504739
12.284521235, 12.285536766
12.294521234, 12.295493894
12.304521245, 12.305514872
12.314521227, 12.315476481
12.324521240, 12.325494371
12.334521230, 12.335472732
12.344521218, 12.345501647
12.354521244, 12.355453816
12.364521206, 12.365524890
12.374521220, 12.375503835
12.384529135, 12.385517771
12.394521214, 12.395546277
12.404521208, 12.405504509
12.414521224, 12.415483618
12.424521226, 12.425493661
12.434521235, 12.435580170
12.444521221, 12.445536989
12.454521234, 12.455561701
12.464521213, 12.465525969
12.474521230, 12.475548704
12.484521209, 12.485514232
12.494521209, 12.495537860
12.504521230, 12.505502405
12.514521227, 12.515524180
12.524521213, 12.525493384
12.534521202, 12.535521519
12.544521246, 12.545481266
12.554521252, 12.555504623
12.564521241, 12.565473294
12.574521204, 12.575492058
12.584521224, 12.585510610
12.594521242, 12.595537850
12.604521241, 12.605501986
12.614521214, 12.615524484
12.624521240, 12.625490149
12.634521207, 12.635519492
12.644521236, 12.645477150
12.654521230, 12.655558322
12.664521236, 12.665523693
12.674521209, 12.675545799
12.684521221, 12.685509995
12.694521232, 12.695534467
12.704521226, 12.705498040
12.714521207, 12.715521748
12.724521233, 12.725489232
12.734521240, 12.735511715
12.744521233, 12.745487889
12.754521232, 12.755499732
12.764521208, 12.765464489
12.774521237, 12.775487145
12.784521219, 12.785455053
12.794521229, 12.795480560
12.804521233, 12.805510938
12.814521239, 12.815521176
12.824521255, 12.825547597
12.834521227, 12.835511493
12.844521223, 12.845486820
12.854521230, 12.855502984
12.864521226, 12.865527218
12.874521212, 12.875541916
12.884521228, 12.885570736
12.894521242, 12.895529742
12.904521241, 12.905554048
12.914521214, 12.915625457
12.924521238, 12.925656518
12.934521245, 12.935620719
12.944521230, 12.945642920
12.954521235, 12.955614366
12.964521233, 12.965594221
12.974521210, 12.975592981
12.984521241, 12.985624446
12.994521225, 12.995600181
13.004521213, 13.005608771
13.014521214, 13.015586313
13.024521208, 13.025664848
13.034521240, 13.035667400
13.044521206, 13.045641079
13.054521224, 13.055620739
13.064521219, 13.065590574
13.074521235, 13.075614329
13.084521238, 13.085579835
13.094521247, 13.095635715
13.104521251, 13.105616732
13.114521254, 13.115571771
13.124521204, 13.125531586
13.134521227, 13.135497647
13.144521203, 13.145534708
13.154521299, 13.155551399
13.164521221, 13.165502238
13.174521229, 13.175472603
13.184521241, 13.185506572
13.194521210, 13.195525711
13.204521235, 13.205478744
13.214521225, 13.215453338
13.224521238, 13.225495990
13.234521342, 13.235500898
13.244521219, 13.245521413
13.254521294, 13.255510541
13.264521340, 13.265567168
13.274521255, 13.275475193
13.284521241, 13.285499228
13.294521205, 13.295484520
13.304521245, 13.305546453
13.314521237, 13.315511475
13.324521238, 13.325527681
13.334521209, 13.335561285
13.344521230, 13.345579374
13.354521235, 13.355538846
13.364521245, 13.365506946
13.374521247, 13.375535628
13.384521223, 13.385556988
13.394521237, 13.395516385
13.404521228, 13.405484882
13.414521245, 13.415517850
13.424521235, 13.425533327
13.434521207, 13.435481282
13.444521230, 13.445458779
13.454521232, 13.455478668
13.464521235, 13.465568489
13.474521212, 13.475457819
13.484521204, 13.485501659
13.494521220, 13.495527853
13.504521208, 13.505549557
13.514521252, 13.515496679
13.524521250, 13.525476266
13.534521227, 13.535558084
13.544521226, 13.545556863
13.554521217, 13.555521370
13.564521245, 13.565500456
13.574521219, 13.575539622
13.584521230, 13.585552900
13.594521242, 13.595499905
13.604521209, 13.605483134
13.614521242, 13.615511558
13.624521228, 13.625527095
13.634521225, 13.635473859
13.644521240, 13.645460211
13.654521212, 13.655488657
13.664521223, 13.665503511
13.674521244, 13.675466587
13.684521223, 13.685543112
13.694521227, 13.695527256
13.704521236, 13.705519530
13.714521217, 13.715508359
13.724521208, 13.725487647
13.734521314, 13.735515241
13.744521213, 13.745495739
13.754521210, 13.755533835
13.764521219, 13.765578864
13.774521245, 13.775568191
13.784521228, 13.785547444
13.794521219, 13.795508412
13.804521400, 13.805541179
13.814521222, 13.815560551
13.824521219, 13.825542004
13.834521379, 13.835477383
13.844521413, 13.845503635
13.854521235, 13.855538542
13.864521291, 13.865485593
13.874521214, 13.875475881
13.884521408, 13.885483274
13.894521389, 13.895506309
13.904521216, 13.905522247
13.914521321, 13.915551595
13.924521216, 13.925515547
13.934521389, 13.935530962
13.944521209, 13.945501747
13.954521220, 13.955528128
13.964521224, 13.965497387
13.974521254, 13.975560877
13.984521250, 13.985527999
13.994521209, 13.995562599
14.004521221, 14.005589396
14.014521235, 14.015523297
14.024521230, 14.025504464
14.034521229, 14.035537913
14.044521403, 14.045554967
14.054521227, 14.055517531
14.064521231, 14.065481213
14.074521235, 14.075515371
14.084521388, 14.085530588
14.094521397, 14.095495219
14.104521320, 14.105458057
14.114521289, 14.115492521
14.124521393, 14.125570930
14.134521294, 14.135511344
14.144521356, 14.145500245
14.154521244, 14.155524139
14.164521387, 14.165547096
14.174521210, 14.175490932
14.184521224, 14.185477875
14.194521227, 14.195555210
14.204521235, 14.205580861
14.214521252, 14.215522735
14.224525398, 14.225483467
14.234521212, 14.235510765
14.244521224, 14.245501873
14.254521229, 14.255444586
14.264521206, 14.265425445
14.274521222, 14.275488414
14.284521230, 14.285480920
14.294521239, 14.295421774
14.304521273, 14.305458306
14.314521229, 14.315488620
14.324521209, 14.325507040
14.334521227, 14.335464879
14.344521223, 14.345509770
14.354521234, 14.355517987
14.364521231, 14.365539488
14.374521214, 14.375506060
14.384521236, 14.385538345
14.394521234, 14.395505696
14.404521209, 14.405492453
14.414521257, 14.415532320
14.424521223, 14.425552605
14.434521212, 14.435557868
14.444521223, 14.445495796
14.454521212, 14.455453251
14.464521208, 14.465499515
14.474521224, 14.475509106
14.484521268, 14.485454443
14.494521222, 14.495431619
14.504521204, 14.505463368
14.514521234, 14.515484692
14.524521246, 14.525441778
14.534521229, 14.535408718
14.544521235, 14.545467057
14.554521227, 14.555503898
14.564521240, 14.565518920
14.574521214, 14.575550271
14.584521238, 14.585513669
14.594521224, 14.595478230
14.604521209, 14.605470915
14.614521209, 14.615533140
14.624521231, 14.625491128
14.634521242, 14.635564248
14.644521246, 14.645530957
14.654521212, 14.655560406
14.664521216, 14.665525367
14.674521239, 14.675541873
14.684521241, 14.685504227
14.694521219, 14.695543510
14.704521203, 14.705502142
14.714521249, 14.715522287
14.724531203, 14.725485859
14.734521245, 14.735514629
14.744521211, 14.745479965
14.754521227, 14.755499929
14.764521231, 14.765455653
14.774521234, 14.775490827
14.784521216, 14.785511574
14.794521212, 14.795522445
14.804521245, 14.805498563
14.814521234, 14.815524678
14.824521223, 14.825492298
14.834521214, 14.835497827
14.844521248, 14.845480810
14.854521237, 14.855556857
14.864521266, 14.865573179
14.874521225, 14.875528499
14.884521231, 14.885501873
14.894521209, 14.895533326
14.904521211, 14.905550251
14.914521239, 14.915510673
14.924521208, 14.925475541
14.934521212, 14.935496873
14.944521209, 14.945526599
14.954521219, 14.955485118
14.964521238, 14.965457706
14.974521209, 14.975487409
14.984521208, 14.985503988
14.994521222, 14.995467705
15.004521208, 15.005559257
15.014521207, 15.015527375
15.024521209, 15.025529379
15.034521240, 15.035500786
15.044521219, 15.045536987
15.054521227, 15.055494006
15.064521206, 15.065514652
15.074521237, 15.075534393
15.084521216, 15.085566319
15.094521210, 15.095585032
15.104521228, 15.105545957
15.114521230, 15.115660867
15.124521238, 15.125653866
15.134521235, 15.135656781
15.144521236, 15.145634475
15.154521239, 15.155641813
15.164521243, 15.165620596
15.174521219, 15.175649313
15.184521230, 15.185527055
15.194521239, 15.195528212
15.204521235, 15.205475950
15.214521212, 15.215454249
15.224521231, 15.225544468
15.234521207, 15.235541335
15.244521230, 15.245515697
15.254521217, 15.255497134
15.264521240, 15.265525772
15.274521212, 15.275541012
15.284521243, 15.285485582
15.294521225, 15.295517199
15.304521219, 15.305564782
15.314521225, 15.315565914
15.324521238, 15.325519487
15.334521214, 15.335494123
15.344521238, 15.345589228
15.354521225, 15.355541607
15.364521260, 15.365507820
15.374521215, 15.375526929
15.384521235, 15.385491594
15.394521225, 15.395518759
15.404521246, 15.405470888
15.414521232, 15.415505866
15.424521539, 15.425463464
15.434521229, 15.435478136
15.444521228, 15.445521864
15.454521205, 15.455541607
15.464521233, 15.465498984
15.474521254, 15.475516976
15.484521221, 15.485486631
15.494521217, 15.495516064
15.504521243, 15.505484502
15.514521249, 15.515545164
15.524521233, 15.525514112
15.534521254, 15.535545299
15.544521226, 15.545559984
15.554521235, 15.555515972
15.564521231, 15.565491287
15.574521207, 15.575521016
15.584521241, 15.585540230
15.594521207, 15.595499147
15.604521240, 15.605467861
15.614521209, 15.615501496
15.624521255, 15.625517350
15.634521205, 15.635467614
15.644521204, 15.645443806
15.654521204, 15.655477485
15.664521235, 15.665545813
15.674521202, 15.675516975
15.684521211, 15.685548167
15.694521225, 15.695509669
15.704521231, 15.705525468
15.714521234, 15.715490382
15.724521236, 15.725524126
15.734521220, 15.735595475
15.744521224, 15.745557097
15.754521250, 15.755521429
15.764521241, 15.765560079
15.774521209, 15.775570949
15.784521238, 15.785534830
15.794521215, 15.795497129
15.804521251, 15.805533093
15.814521207, 15.815553718
15.824521230, 15.825511701
15.834521224, 15.835474339
15.844521228, 15.845507922
15.854521227, 15.855536852
15.864521256, 15.865478433
15.874521207, 15.875451920
15.884521350, 15.885541249
15.894521242, 15.895503065
15.904521243, 15.905509930
15.914521239, 15.915428392
15.924521248, 15.925519879
15.934521240, 15.935538450
15.944521251, 15.945482062
15.954521249, 15.955516532
15.964521233, 15.965550237
15.974521214, 15.975565157
15.984521241, 15.985517816
15.994521230, 15.995493381
16.004521233, 16.005474799
16.014521224, 16.015544038
16.024521226, 16.025492565
16.034521205, 16.035470262
16.044521233, 16.045507920
16.054521230, 16.055520664
16.064521204, 16.065471618
16.074521214, 16.075452603
16.084521248, 16.085542580
16.094521290, 16.095542915
16.104521235, 16.105526096
16.114521230, 16.115479687
16.124521230, 16.125512929
16.134521234, 16.135532577
16.144521213, 16.145495252
16.154521214, 16.155530943
16.164521246, 16.165499181
16.174521229, 16.175562539
16.184521238, 16.185527218
16.194521225, 16.195536325
16.204521221, 16.205528248
16.214521215, 16.215481387
16.224521214, 16.225464242
16.234521224, 16.235486896
16.244521203, 16.245506519
16.254521224, 16.255457440
16.264521218, 16.265422981
16.274521225, 16.275460390
16.284521233, 16.285479302
16.294521225, 16.295435462
16.304521209, 16.305416238
16.314521227, 16.315437793
16.324521228, 16.325507003
16.334521217, 16.335414958
16.344521226, 16.345504370
16.354521227, 16.355466958
16.364521208, 16.365482984
16.374521237, 16.375451561
16.384521213, 16.385480297
16.394521242, 16.395496526
16.404521216, 16.405526340
16.414521220, 16.415477227
16.424521245, 16.425516773
16.434521232, 16.435537447
16.444521231, 16.445497896
16.454521232, 16.455466749
16.464521258, 16.465497522
16.474521205, 16.475456239
16.484521203, 16.485475566
16.494521232, 16.495428657
16.504521228, 16.505471872
16.514521209, 16.515430021
16.524521228, 16.525443419
16.534521205, 16.535409441
16.544521209, 16.545504654
16.554521240, 16.555515800
16.564521214, 16.565485714
16.574521219, 16.575453084
16.584528672, 16.585482735
16.594521204, 16.595492155
16.604521236, 16.605451904
16.614521259, 16.615472591
16.624521403, 16.625516944
16.634521212, 16.635529775
16.644521236, 16.645472497
16.654521240, 16.655452207
16.664521206, 16.665494445
16.674521220, 16.675504533
16.684521226, 16.685447946
16.694521245, 16.695428870
16.704521236, 16.705473219
16.714521237, 16.715483173
16.724521206, 16.725422109
16.734521249, 16.735403519
16.744521203, 16.745444000
16.754521222, 16.755464318
16.764521235, 16.765480768
16.774521209, 16.775506877
16.784521226, 16.785474336
16.794521210, 16.795486822
16.804521251, 16.805447823
16.814521229, 16.815484144
16.824521223, 16.825454883
16.834521259, 16.835526257
16.844521228, 16.845482272
16.854521204, 16.855507041
16.864521224, 16.865545840
16.874521237, 16.875496938
16.884521248, 16.885453902
16.894521237, 16.895485304
16.904521204, 16.905441558
16.914521205, 16.915469993
16.924521251, 16.925427534
16.934521240, 16.935460958
16.944521208, 16.945417135
16.954521230, 16.955448822
16.964521248, 16.965399311
16.974521210, 16.975437821
16.984521228, 16.985473468
16.994521220, 16.995480707
17.004521240, 17.005505568
17.014521227, 17.015470114
17.024521226, 17.025448392
17.034521225, 17.035371097
17.044521238, 17.045263894
17.054521225, 17.055311816
17.064530388, 17.065260871
17.074521224, 17.075267799
17.084521223, 17.085239472
17.094521205, 17.095289337
17.104521223, 17.105239903
17.114521224, 17.115242404
17.124521240, 17.125280375
17.134521222, 17.135260084
17.144521230, 17.145217520
17.154521204, 17.155218758
17.164521203, 17.165251596
17.174521204, 17.175289309
17.184521230, 17.185305980
17.194521245, 17.195272069
17.204521219, 17.205284588
17.214521427, 17.215270089
17.224521230, 17.225300315
17.234521205, 17.235269351
17.244521223, 17.245267185
17.254521224, 17.255241893
17.264521211, 17.265277580
17.274521220, 17.275382077
17.284521235, 17.285368143
17.294521207, 17.295327658
17.304521226, 17.305344546
17.314521230, 17.315359316
17.324521226, 17.325338859
17.334521224, 17.335300815
17.344521235, 17.345322062
17.354521239, 17.355337072
17.364521245, 17.365316341
17.374521225, 17.375279885
17.384521211, 17.385276684
17.394521205, 17.395322804
17.404521208, 17.405288095
17.414521227, 17.415257193
17.424521211, 17.425274929
17.434521235, 17.435293591
17.444521236, 17.445238588
17.454521244, 17.455295611
17.464521228, 17.465262462
17.474521204, 17.475254325
17.484521258, 17.485368238
17.494521247, 17.495322362
17.504521231, 17.505332697
17.514521245, 17.515358236
17.524521221, 17.525319334
17.534521220, 17.535352508
17.544521236, 17.545340172
17.554521205, 17.555345679
17.564521231, 17.565320857
17.574521202, 17.575341220
17.584521228, 17.585303379
17.594521220, 17.595320240
17.604521236, 17.605295847
17.614521229, 17.615291571
17.624521224, 17.625255138
17.634521230, 17.635262762
17.644521208, 17.645204232
17.654521220, 17.655236235
17.664521226, 17.665193369
17.674521237, 17.675266725
17.684521223, 17.685238205
17.694521204, 17.695192762
17.704521233, 17.705318756
17.714521235, 17.715242638
17.724521216, 17.725296946
17.734521225, 17.735276204
17.744521230, 17.745297538
17.754521207, 17.755287728
17.764521221, 17.765294942
17.774521242, 17.775252958
17.784521243, 17.785277787
17.794521224, 17.795259347
17.804521223, 17.805216971
17.814521242, 17.815231669
17.824521230, 17.825258307
17.834521204, 17.835237484
17.844521231, 17.845193566
17.854521239, 17.855262456
17.864521219, 17.865284187
17.874521239, 17.875271616
17.884521226, 17.885224487
17.894521207, 17.895276877
17.904521224, 17.905313112
17.914521207, 17.915297841
17.924521238, 17.925362304
17.934521224, 17.935378530
17.944521236, 17.945354176
17.954521214, 17.955305849
17.964521230, 17.965345117
17.974521229, 17.975359309
17.984521233, 17.985337066
17.994521204, 17.995302586
18.004521231, 18.005317469
18.014521249, 18.015338070
18.024521240, 18.025293844
18.034521230, 18.035228441
18.044521236, 18.045244343
18.054521205, 18.055258592
18.064521224, 18.065232443
18.074521229, 18.075204978
18.084521231, 18.085215541
18.094521212, 18.095301223
18.104521221, 18.105266752
18.114521225, 18.115342906
18.124521240, 18.125248710
18.134521229, 18.135328132
18.144521235, 18.145367999
18.154521254, 18.155375910
18.164521203, 18.165327817
18.174521220, 18.175355196
18.184521231, 18.185342865
18.194521222, 18.195352740
18.204521236, 18.205318575
18.214521232, 18.215335348
18.224521223, 18.225321731
18.234521222, 18.235329761
18.244521238, 18.245286503
18.254521234, 18.255312481
18.264521223, 18.265300248
18.274521230, 18.275309756
18.284521231, 18.285273853
18.294521230, 18.295289986
18.304521224, 18.305274147
18.314521222, 18.315285395
18.324521208, 18.325248609
18.334521249, 18.335306621
18.344521221, 18.345299718
18.354521244, 18.355316471
18.364521221, 18.365343794
18.374521239, 18.375361850
18.384521224, 18.385334094
18.394521232, 18.395348603
18.404521201, 18.405366530
18.414521212, 18.415337294
18.424521228, 18.425308020
18.434521220, 18.435325287
18.444521228, 18.445342683
18.454521230, 18.455313546
18.464521206, 18.465274310
18.474521222, 18.475283436
18.484521211, 18.485327057
18.494521235, 18.495289544
18.504521209, 18.505266799
18.514521229, 18.515258598
18.524521223, 18.525298198
18.534521229, 18.535267064
18.544521233, 18.545290295
18.554521244, 18.555297616
18.564521238, 18.565319329
18.574521234, 18.575299597
18.584521270, 18.585391649
18.594521219, 18.595382660
18.604521224, 18.605356501
18.614521260, 18.615346508
18.624525077, 18.625376616
18.634521224, 18.635359045
18.644521226, 18.645332298
18.654521252, 18.655311324
18.664521236, 18.665325522
18.674521210, 18.675338835
18.684521228, 18.685309447
18.694521229, 18.695279781
18.704521233, 18.705296435
18.714521232, 18.715313373
18.724521224, 18.725292008
18.734521245, 18.735281483
18.744521245, 18.745279565
18.754521215, 18.755291544
18.764521226, 18.765267474
18.774521222, 18.775303341
18.784521223, 18.785289799
18.794521212, 18.795334309
18.804521250, 18.805292950
18.814521239, 18.815326266
18.824521331, 18.825321487
18.834521212, 18.835373244
18.844521235, 18.845340662
18.854521222, 18.855351792
18.864521256, 18.865297957
18.874521227, 18.875342891
18.884521221, 18.885319018
18.894521227, 18.895330840
18.904521235, 18.905276252
18.914521225, 18.915323971
18.924521211, 18.925297332
18.934521224, 18.935305859
18.944521208, 18.945254334
18.954521209, 18.955294912
18.964521214, 18.965271709
18.974521222, 18.975285740
18.984521235, 18.985249514
18.994521242, 18.995321772
19.004521226, 19.005299795
19.014521227, 19.015317064
19.024521240, 19.025337512
19.034521239, 19.035360012
19.044521260, 19.045358409
19.054521209, 19.055455689
19.064521228, 19.065490236
19.074521229, 19.075438486
19.084521230, 19.085401892
19.094521229, 19.095422656
19.104521231, 19.105454865
19.114521205, 19.115416657
19.124521224, 19.125393116
19.134521224, 19.135394851
19.144521240, 19.145425783
19.154521230, 19.155391615
19.164521228, 19.165368365
19.174521212, 19.175358103
19.184521233, 19.185360494
19.194521207, 19.195353834
19.204521224, 19.205404951
19.214521234, 19.215408818
19.224521246, 19.225391714
19.234521205, 19.235419530
19.244521231, 19.245363710
19.254521224, 19.255491784
19.264521235, 19.265476562
19.274521230, 19.275417016
19.284521231, 19.285367217
19.294521230, 19.295479929
19.304521228, 19.305455105
19.314521244, 19.315405178
19.324521216, 19.325449234
19.334521224, 19.335413711
19.344521226, 19.345432696
19.354521237, 19.355380682
19.364521223, 19.365422261
19.374521232, 19.375388396
19.384521228, 19.385395739
19.394521234, 19.395412198
19.404521243, 19.405402241
19.414521234, 19.415361817
19.424521204, 19.425377059
19.434521225, 19.435444492
19.444521224, 19.445410261
19.454521235, 19.455404351
19.464521251, 19.465455082
19.474521230, 19.475486804
19.484521245, 19.485401822
19.494521220, 19.495426120
19.504521223, 19.505442929
19.514521224, 19.515450819
19.524521261, 19.525434499
19.534521232, 19.535380744
19.544521213, 19.545396962
19.554521235, 19.555441254
19.564521213, 19.565395749
19.574521237, 19.575379939
19.584521236, 19.585424650
19.594521222, 19.595436067
19.604521206, 19.605402704
19.614521207, 19.615404214
19.624521256, 19.625381019
19.634521207, 19.635394343
19.644521224, 19.645358728
19.654521227, 19.655419327
19.664521251, 19.665403656
19.674521227, 19.675422110
19.684521214, 19.685382066
19.694521237, 19.695484749
19.704521211, 19.705455839
19.714521224, 19.715483112
19.724521243, 19.725419593
19.734521249, 19.735463458
19.744521208, 19.745417082
19.754521227, 19.755449123
19.764521221, 19.765397580
19.774521224, 19.775444502
19.784521209, 19.785472915
19.794521224, 19.795428522
19.804521238, 19.805429610
19.814521209, 19.815421141
19.824521224, 19.825613937
19.834521266, 19.835296189
19.844521223, 19.845244380
19.854521245, 19.855269408
19.864521221, 19.865299900
19.874521210, 19.875309391
19.884521218, 19.885279272
19.894521229, 19.895296094
19.904521228, 19.905324245
19.914521230, 19.915368783
19.924521238, 19.925371253
19.934521239, 19.935348850
19.944521238, 19.945367514
19.954521209, 19.955305565
19.964521240, 19.965339368
19.974521227, 19.975322768
19.984521223, 19.985334944
19.994521224, 19.995279834
20.004521245, 20.005331058
20.014521212, 20.015310139
20.024521203, 20.025313214
20.034521229, 20.035272579
20.044521235, 20.045295613
20.054521207, 20.055290478
20.064521226, 20.065586205
20.074521266, 20.075268333
20.084521223, 20.085282268
20.094521244, 20.095361422
20.104521236, 20.105323124
20.114521224, 20.115287505
20.124521228, 20.125301679
20.134521227, 20.135393989
20.144521223, 20.145352637
20.154521229, 20.155370671
20.164521233, 20.165346838
20.174521224, 20.175374181
20.184521233, 20.185354976
20.194521209, 20.195350434
20.204521214, 20.205320734
20.214521210, 20.215346111
20.224521230, 20.225311463
20.234521249, 20.235301705
20.244521211, 20.245253375
20.254521230, 20.255271785
20.264521240, 20.265235938
20.274521209, 20.275252993
20.284521218, 20.285222528
20.294521224, 20.295247186
20.304521226, 20.305215780
20.314521205, 20.315333183
20.324521223, 20.325298574
20.334521232, 20.335314142
20.344521226, 20.345284613
20.354521245, 20.355375884
20.364521246, 20.365362908
20.374521204, 20.375377006
20.384521221, 20.385331227
20.394521247, 20.395354444
20.404521201, 20.405331708
20.414521240, 20.415348957
20.424521231, 20.425292158
20.434521210, 20.435295627
20.444521208, 20.445290782
20.454521247, 20.455331507
20.464521233, 20.465262298
20.474521205, 20.475301405
20.484521238, 20.485327550
20.494521237, 20.495273205
20.504521214, 20.505230353
20.514521232, 20.515271115
20.524521224, 20.525294689
20.534521209, 20.535255242
20.544521213, 20.545275812
20.554521245, 20.555298175
20.564521241, 20.565381821
20.574521210, 20.575345763
20.584521221, 20.585362016
20.594521225, 20.595350135
20.604521223, 20.605359662
20.614521224, 20.615329684
20.624521228, 20.625336040
20.634521239, 20.635325321
20.644521230, 20.645337674
20.654521245, 20.655262170
20.664521224, 20.665277254
20.674521224, 20.675247248
20.684521246, 20.685265695
20.694521209, 20.695210523
20.704521211, 20.705240309
20.714521224, 20.715224600
20.724521226, 20.725242181
20.734521210, 20.735193771
20.744521230, 20.745217367
20.754521210, 20.755310102
20.764521243, 20.765265842
20.774521204, 20.775229201
20.784521245, 20.785247466
20.794521239, 20.795341937
20.804521223, 20.805300231
20.814521237, 20.815314080
20.824521206, 20.825352787
20.834521230, 20.835663559
20.844521278, 20.845347117
20.854521205, 20.855267119
20.864521208, 20.865272778
20.874521249, 20.875290101
20.884521226, 20.885315262
20.894521229, 20.895574704
20.904521280, 20.905308954
20.914521204, 20.915324341
20.924521224, 20.925284537
20.934521240, 20.935231624
20.944521240, 20.945274040
20.954521205, 20.955298882
20.964521260, 20.965301392
20.974521244, 20.975278508
20.984521221, 20.985354837
20.994521225, 20.995331814
21.004521206, 21.005277744
21.014521249, 21.015309182
21.024521243, 21.025352612
21.034521229, 21.035372061
21.044521255, 21.045325068
21.054521230, 21.055345439
21.064521231, 21.065329125
21.074521215, 21.075347308
21.084521226, 21.085304206
21.094521230, 21.095322718
21.104521218, 21.105308974
21.114521242, 21.115318902
21.124521230, 21.125264296
21.134521234, 21.135305167
21.144521246, 21.145317170
21.154521224, 21.155294916
21.164521224, 21.165251840
21.174521212, 21.175286128
21.184521218, 21.185293627
21.194521227, 21.195308099
21.204521224, 21.205290581
21.214521232, 21.215310690
21.224521241, 21.225324969
21.234521227, 21.235294849
21.244521235, 21.245359991
21.254521224, 21.255345686
21.264521251, 21.265362813
21.274521210, 21.275318091
21.284521211, 21.285343313
21.294521215, 21.295325748
21.304521223, 21.305336482
21.314521230, 21.315294323
21.324521230, 21.325316183
21.334521225, 21.335303197
21.344521211, 21.345313663
21.354521214, 21.355273100
21.364521216, 21.365293127
21.374521229, 21.375280623
21.384521206, 21.385289515
21.394521229, 21.395247176
21.404521233, 21.405270934
21.414521214, 21.415256665
21.424521204, 21.425320234
21.434521214, 21.435283039
21.444521223, 21.445298605
21.454521239, 21.455283695
21.464521209, 21.465351615
21.474521207, 21.475322477
21.484521230, 21.485340844
21.494521229, 21.495368367
21.504521224, 21.505336916
21.514521210, 21.515316745
21.524521236, 21.525323149
21.534521247, 21.535345153
21.544521208, 21.545313949
21.554521224, 21.555577990
21.564521308, 21.565308855
21.574521214, 21.575341513
21.584521228, 21.585283529
21.594521250, 21.595272032
21.604521230, 21.605276873
21.614521230, 21.615299313
21.624521213, 21.625249260
21.634521252, 21.635238024
21.644521206, 21.645359091
21.654521207, 21.655332271
21.664521223, 21.665278968
21.674521227, 21.675337954
21.684521245, 21.685362011
21.694521304, 21.695378432
21.704521203, 21.705307985
21.714521222, 21.715345504
21.724521235, 21.725331698
21.734521225, 21.735339301
21.744521233, 21.745292466
21.754521207, 21.755322086
21.764521208, 21.765306730
21.774521234, 21.775321851
21.784521240, 21.785261075
21.794521232, 21.795290472
21.804521238, 21.805283915
21.814521212, 21.815303440
21.824521226, 21.825249417
21.834521222, 21.835394154
21.844521245, 21.845400549
21.854521222, 21.855422715
21.864521233, 21.865438296
21.874521247, 21.875419420
21.884521228, 21.885382860
21.894521219, 21.895467013
21.904521228, 21.905481410
21.914521244, 21.915296373
21.924521235, 21.925339622
21.934521254, 21.935311631
21.944521219, 21.945348541
21.954521237, 21.955300678
21.964521211, 21.965287200
21.974521229, 21.975294737
21.984521231, 21.985322361
21.994521230, 21.995279534
22.004521228, 22.005238578
22.014521229, 22.015258914
22.024521230, 22.025297526
22.034521244, 22.035262301
22.044521236, 22.045220680
22.054521222, 22.055309837
22.064521230, 22.065338912
22.074521244, 22.075292675
22.084521240, 22.085305410
22.094521239, 22.095338262
22.104521246, 22.105305599
22.114521237, 22.115320088
22.124521253, 22.125337708
22.134521227, 22.135379238
22.144521228, 22.145348920
22.154521227, 22.155297188
22.164521240, 22.165304707
22.174521230, 22.175343102
22.184521250, 22.185334839
22.194521222, 22.195280443
22.204521233, 22.205278554
22.214521225, 22.215321602
22.224521250, 22.225309303
22.234521249, 22.235256991
22.244521201, 22.245250874
22.254521222, 22.255290988
22.264521236, 22.265275856
22.274521230, 22.275233740
22.284521214, 22.285248316
22.294521202, 22.295324460
22.304521236, 22.305303973
22.314521209, 22.315262516
22.324521228, 22.325277993
22.334521224, 22.335356681
22.344521245, 22.345341383
22.354521227, 22.355302153
22.364521209, 22.365390219
22.374521215, 22.375340078
22.384521228, 22.385306508
22.394521232, 22.395324017
22.404521216, 22.405352498
22.414521239, 22.415312326
22.424521253, 22.425290336
22.434521210, 22.435437743
22.444521230, 22.445313000
22.454521209, 22.455286175
22.464521228, 22.465244649
22.474521230, 22.475203618
22.484521236, 22.485294958
22.494521225, 22.495270108
22.504521201, 22.505236184
22.514521225, 22.515292166
22.524521221, 22.525285212
22.534521225, 22.535292066
22.544521223, 22.545272427
22.554521227, 22.555326039
22.564521238, 22.565366297
22.574521250, 22.575323740
22.584521235, 22.585310213
22.594521204, 22.595303276
22.604521216, 22.605342551
22.614521240, 22.615302415
22.624521219, 22.625279137
22.634521205, 22.635281767
22.644521235, 22.645322332
22.654521244, 22.655282260
22.664521226, 22.665241765
22.674521204, 22.675316945
22.684521230, 22.685308255
22.694521237, 22.695259907
22.704521228, 22.705202012
22.714521227, 22.715291135
22.724521246, 22.725326663
22.734521222, 22.735288530
22.744521221, 22.745304668
22.754521239, 22.755320028
22.764521228, 22.765294435
22.774521249, 22.775317543
22.784521238, 22.785319412
22.794521235, 22.795356001
22.804521208, 22.805342018
22.814521225, 22.815295621
22.824521236, 22.825300854
22.834521242, 22.835331556
22.844521201, 22.845322084
22.854521230, 22.855273173
22.864521223, 22.865273719
22.874521242, 22.875306911
22.884521211, 22.885308598
22.894521212, 22.895250085
22.904521228, 22.905249835
22.914521212, 22.915288584
22.924521231, 22.925271022
22.934521220, 22.935227565
22.944521248, 22.945300869
22.954521217, 22.955327673
22.964521230, 22.965300323
22.974521230, 22.975263435
22.984521203, 22.985279616
22.994521255, 22.995378051
23.004521243, 23.005331411
23.014521220, 23.015293120
23.024521216, 23.025365391
23.034521205, 23.035343384
23.044521245, 23.045307149
23.054521232, 23.055269064
23.064521250, 23.065345968
23.074521237, 23.075319557
23.084521219, 23.085284094
23.094521220, 23.095267755
23.104521236, 23.105323352
23.114521212, 23.115295220
23.124521221, 23.125265516
23.134521224, 23.135245552
23.144521216, 23.145308715
23.154521205, 23.155271971
23.164521203, 23.165293926
23.174521230, 23.175295906
23.184521218, 23.185329159
23.194521204, 23.195301256
23.204521211, 23.205270603
23.214521240, 23.215337573
23.224521246, 23.225303990
23.234521239, 23.235347118
23.244521235, 23.245292506
23.254521210, 23.255283162
23.264521209, 23.265337487
23.274521207, 23.275297223
23.284521208, 23.285280975
23.294521209, 23.295293676
23.304521228, 23.305305455
23.314521210, 23.315299873
23.324521235, 23.325256391
23.334521209, 23.335324168
23.344521226, 23.345293704
23.354521210, 23.355255148
23.364521236, 23.365217784
23.374521205, 23.375247617
23.384521219, 23.385325821
23.394521227, 23.395286900
23.404521233, 23.405248425
23.414521210, 23.415321371
23.424521209, 23.425288373
23.434521259, 23.435239680
23.444521219, 23.445279080
23.454521234, 23.455352280
23.464521213, 23.465352303
23.474521230, 23.475296428
23.484521230, 23.485243725
23.494521212, 23.495338200
23.504521203, 23.505334117
23.514521229, 23.515274099
23.524521203, 23.525275351
23.534521210, 23.535308635
23.544521245, 23.545313520
23.554521249, 23.555252955
23.564521203, 23.565257271
23.574521210, 23.575284409
23.584521246, 23.585278056
23.594521204, 23.595228698
23.604521228, 23.605300365
23.614521209, 23.615319886
23.624521228, 23.625301289
23.634521227, 23.635235600
23.644521219, 23.645293421
23.654521234, 23.655291591
23.664521236, 23.665331491
23.674521229, 23.675300671
23.684521208, 23.685372119
23.694521230, 23.695335019
23.704521219, 23.705307093
23.714521227, 23.715267012
23.724521231, 23.725338156
23.734521240, 23.735261293
23.744521208, 23.745235108
23.754521202, 23.755248897
23.764521230, 23.765334214
23.774521245, 23.775292052
23.784521235, 23.785252291
23.794521210, 23.795223663
23.804521213, 23.805301258
23.814521250, 23.815268683
23.824521204, 23.825237014
23.834521237, 23.835298162
23.844521226, 23.845328322
23.854521225, 23.855292092
23.864521230, 23.865256576
23.874521254, 23.875247268
23.884521230, 23.885311025
23.894521214, 23.895296765
23.904521211, 23.905252211
23.914521247, 23.915252691
23.924521203, 23.925329171
23.934521220, 23.935374439
23.944521240, 23.945332343
23.954521242, 23.955395665
23.964521224, 23.965475611
23.974521230, 23.975426360
23.984521208, 23.985429856
23.994521204, 23.995423812
24.004521235, 24.005441243
24.014521220, 24.015400349
24.024521228, 24.025432003
24.034521225, 24.035394415
24.044521224, 24.045346461
24.054521237, 24.055403791
24.064521233, 24.065412728
24.074521207, 24.075371253
24.084521246, 24.085412212
24.094521220, 24.095337181
24.104521246, 24.105480145
24.114521240, 24.115432777
24.124521223, 24.125478861
24.134521240, 24.135306181
24.144521259, 24.145344967
24.154521234, 24.155304128
24.164521218, 24.165319481
24.174521229, 24.175279915
24.184521233, 24.185309328
24.194521222, 24.195278957
24.204521250, 24.205308888
24.214521210, 24.215320965
24.224521204, 24.225292753
24.234521212, 24.235254387
24.244521204, 24.245253049
24.254521242, 24.255315509
24.264521206, 24.265313443
24.274521209, 24.275232425
24.284521223, 24.285289306
24.294521204, 24.295334444
24.304521236, 24.305286794
24.314521230, 24.315323047
24.324521248, 24.325333578
24.334521210, 24.335365935
24.344521241, 24.345340271
24.354521235, 24.355351169
24.364521235, 24.365309622
24.374521247, 24.375331796
24.384521238, 24.385318562
24.394521235, 24.395328096
24.404521213, 24.405275806
24.414521230, 24.415323030
24.424521236, 24.425292937
24.434521232, 24.435304028
24.444536872, 24.445264437
24.454521235, 24.455266003
24.464521228, 24.465274589
24.474521222, 24.475278934
24.484521211, 24.485306661
24.494521240, 24.495316222
24.504521223, 24.505300346
24.514521215, 24.515314431
24.524521211, 24.525275400
24.534521254, 24.535295741
24.544521231, 24.545331979
24.554521242, 24.555345344
24.564521231, 24.565366763
24.574521232, 24.575336905
24.584521228, 24.585307824
24.594521215, 24.595324373
24.604521238, 24.605343099
24.614521249, 24.615312014
24.624521245, 24.625304615
24.634521232, 24.635301398
24.644521203, 24.645320283
24.654521232, 24.655290547
24.664521224, 24.665261600
24.674521220, 24.675277178
24.684521204, 24.685308314
24.694521244, 24.695339261
24.704521246, 24.705369429
24.714521205, 24.715318122
24.724521211, 24.725304794
24.734521210, 24.735306569
24.744521209, 24.745306212
24.754521205, 24.755282205
24.764521203, 24.765381276
24.774521212, 24.775342422
24.784521203, 24.785364816
24.794521207, 24.795313505
24.804521209, 24.805360429
24.814521204, 24.815330610
24.824521206, 24.825342020
24.834521207, 24.835345230
24.844521208, 24.845327567
24.854521205, 24.855322998
24.864521209, 24.865325258
24.874521202, 24.875268280
24.884521208, 24.885326897
24.894521209, 24.895265478
24.904521204, 24.905285616
24.914521204, 24.915219793
24.924521230, 24.925266019
24.934521227, 24.935285069
24.944521221, 24.945298717
24.954521204, 24.955318959
24.964521203, 24.965240895
24.974521209, 24.975260670
24.984521203, 24.985276061
24.994521204, 24.995349043
25.004521201, 25.005337335
25.014521212, 25.015346734
25.024521206, 25.025319604
25.034521204, 25.035327801
25.044521208, 25.045312933
25.054521207, 25.055269242
25.064521226, 25.065286916
25.074521225, 25.075312692
25.084521224, 25.085302227
25.094521209, 25.095250397
25.104521206, 25.105285671
25.114521229, 25.115282964
25.124521221, 25.125268912
25.134521224, 25.135223989
25.144521226, 25.145240145
25.154521212, 25.155311957
25.164521209, 25.165248725
25.174521224, 25.175312635
25.184521230, 25.185282859
25.194521222, 25.195294237
25.204521223, 25.205329104
25.214521222, 25.215348837
25.224523619, 25.225384128
25.234521222, 25.235341387
25.244521224, 25.245326815
25.254521209, 25.255325636
25.264521228, 25.265361467
25.274521209, 25.275319179
25.284521213, 25.285296652
25.294521210, 25.295280386
25.304521221, 25.305331655
25.314521219, 25.315293816
25.324521223, 25.325267846
25.334521225, 25.335271839
25.344521206, 25.345317718
25.354521230, 25.355269896
25.364521228, 25.365244637
25.374521229, 25.375300053
25.384521228, 25.385339973
25.394521225, 25.395287944
25.404521231, 25.405306229
25.414521230, 25.415277596
25.424521221, 25.425310912
25.434521227, 25.435343895
25.444521228, 25.445354436
25.454521205, 25.455299310
25.464521213, 25.465349775
25.474521207, 25.475322636
25.484521204, 25.485338396
25.494521207, 25.495274568
25.504521204, 25.505309547
25.514521204, 25.515294815
25.524521208, 25.525296061
25.534521205, 25.535252218
25.544521209, 25.545287004
25.554521210, 25.555271748
25.564521206, 25.565297321
25.574521204, 25.575240974
25.584521211, 25.585266007
25.594521209, 25.595297215
25.604521208, 25.605297299
25.614521209, 25.615279661
25.624521201, 25.625294684
25.634521207, 25.635274924
25.644521211, 25.645309441
25.654521205, 25.655363203
25.664521206, 25.665270815
25.674521205, 25.675307204
25.684521209, 25.685278186
25.694521207, 25.695326532
25.704521214, 25.705315737
25.714521209, 25.715283953
25.724521203, 25.725313705
25.734521204, 25.735327372
25.744521208, 25.745287691
25.754521202, 25.755244880
25.764521204, 25.765264046
25.774521204, 25.775295482
25.784521206, 25.785267703
25.794521205, 25.795275349
25.804521208, 25.805242561
25.814521210, 25.815327654
25.824521216, 25.825318517
25.834521209, 25.835309683
25.844521206, 25.845285197
25.854521209, 25.855287379
25.864521201, 25.865280006
25.874521210, 25.875345755
25.884521211, 25.885367611
25.894521209, 25.895329948
25.904521246, 25.905308364
25.914521244, 25.915321961
25.924521201, 25.925344466
25.934521229, 25.935308298
25.944521233, 25.945278365
25.954521224, 25.955276326
25.964521206, 25.965334298
25.974521204, 25.975282822
25.984521199, 25.985256351
25.994521205, 25.995272677
26.004521204, 26.005306890
26.014521212, 26.015259345
26.024521209, 26.025233915
26.034521205, 26.035311437
26.044521204, 26.045331159
26.054521209, 26.055284304
26.064521208, 26.065320263
26.074521207, 26.075274091
26.084521211, 26.085310389
26.094521220, 26.095341509
26.104521206, 26.105295610
26.114521209, 26.115302365
26.124521214, 26.125346248
26.134521225, 26.135362714
26.144521226, 26.145375113
26.154521229, 26.155323837
26.164521204, 26.165350278
26.174521220, 26.175339561
26.184521226, 26.185352522
26.194521229, 26.195316334
26.204521223, 26.205336194
26.214521222, 26.215315042
26.224521219, 26.225321998
26.234521220, 26.235301177
26.244521230, 26.245331079
26.254521232, 26.255232065
26.264521203, 26.265300400
26.274521229, 26.275208545
26.284521228, 26.285286521
26.294521225, 26.295264421
26.304521226, 26.305289534
26.314521229, 26.315351642
26.324521223, 26.325322745
26.334521222, 26.335296327
26.344521226, 26.345364955
26.354521224, 26.355377474
26.364521231, 26.365356460
26.374521230, 26.375324086
26.384521224, 26.385341891
26.394521224, 26.395364222
26.404521224, 26.405328436
26.414521229, 26.415300051
26.424521224, 26.425321880
26.434521224, 26.435334138
26.444521201, 26.445279580
26.454521212, 26.455295768
26.464521204, 26.465348277
26.474521210, 26.475391543
26.484521201, 26.485347279
26.494521207, 26.495378398
26.504521208, 26.505381126
26.514521212, 26.515420316
26.524521203, 26.525376623
26.534521207, 26.535395736
26.544521208, 26.545460404
26.554521209, 26.555446245
26.564521206, 26.565392301
26.574521207, 26.575371791
26.584521209, 26.585438341
26.594521207, 26.595407475
26.604521204, 26.605370330
26.614521205, 26.615329158
26.624521203, 26.625413535
26.634521209, 26.635372721
26.644521213, 26.645348530
26.654521207, 26.655361008
26.664521208, 26.665389897
26.674521210, 26.675376833
26.684521203, 26.685324683
26.694521209, 26.695397938
26.704521203, 26.705418088
26.714521207, 26.715395757
26.724521208, 26.725356857
26.734521204, 26.735375241
26.744521201, 26.745395021
26.754521205, 26.755427815
26.764521203, 26.765388191
26.774521205, 26.775462266
26.784521208, 26.785448078
26.794521209, 26.795406058
26.804521204, 26.805366656
26.814521210, 26.815439806
26.824521219, 26.825425739
26.834521207, 26.835384167
26.844521206, 26.845343505
26.854521205, 26.855416224
26.864521209, 26.865377455
26.874521204, 26.875307145
26.884521201, 26.885254439
26.894521210, 26.895337333
26.904521206, 26.905374414
26.914521205, 26.915337565
26.924521204, 26.925340996
26.934521224, 26.935400478
26.944521226, 26.945375860
26.954521209, 26.955323747
26.964521213, 26.965315534
26.974521209, 26.975408997
26.984521201, 26.985443658
26.994521204, 26.995398772
27.004521206, 27.005402323
27.014521207, 27.015443573
27.024521211, 27.025426612
27.034521209, 27.035379304
27.044521203, 27.045432771
27.054521205, 27.055408786
27.064521203, 27.065418514
27.074521210, 27.075353944
27.084521216, 27.085331999
27.094521204, 27.095352051
27.104521211, 27.105306098
27.114521205, 27.115280889
27.124521204, 27.125400241
27.134521205, 27.135424116
27.144521214, 27.145409302
27.154521209, 27.155367250
27.164521208, 27.165382768
27.174521209, 27.175401729
27.184521206, 27.185372792
27.194521204, 27.195379945
27.204521214, 27.205461604
27.214521207, 27.215431913
27.224521208, 27.225400472
27.234521204, 27.235356382
27.244521209, 27.245438146
27.254521202, 27.255304083
27.264521206, 27.265262662
27.274521202, 27.275223705
27.284521204, 27.285295092
27.294521205, 27.295259108
27.304521204, 27.305213200
27.314521210, 27.315197314
27.324521206, 27.325288673
27.334521209, 27.335258834
27.344521203, 27.345217933
27.354521207, 27.355286967
27.364521209, 27.365329578
27.374521209, 27.375269349
27.384521276, 27.385247979
27.394521204, 27.395266527
27.404521206, 27.405290006
27.414521210, 27.415300893
27.424521203, 27.425279279
27.434521224, 27.435353767
27.444521224, 27.445332465
27.454521217, 27.455299006
27.464521211, 27.465259826
27.474521205, 27.475333968
27.484521208, 27.485317102
27.494521209, 27.495269830
27.504521224, 27.505204292
27.514521209, 27.515307590
27.524521208, 27.525283935
27.534521210, 27.535231964
27.544521208, 27.545187573
27.554521202, 27.555281859
27.564521204, 27.565261989
27.574521202, 27.575289999
27.584521226, 27.585546146
27.594521209, 27.595312749
27.604521208, 27.605279272
27.614521210, 27.615257990
27.624521211, 27.625260995
27.634521209, 27.635277709
27.644521206, 27.645337273
27.654521207, 27.655290062
27.664521209, 27.665293525
27.674521207, 27.675253341
27.684521209, 27.685310461
27.694521209, 27.695269565
27.704521221, 27.705272444
27.714521207, 27.715296095
27.724521206, 27.725288820
27.734521210, 27.735244899
27.744521214, 27.745246916
27.754521209, 27.755274998
27.764521208, 27.765267521
27.774521204, 27.775222304
27.784521208, 27.785291574
27.794521209, 27.795296777
27.804521209, 27.805301364
27.814521210, 27.815255055
27.824521223, 27.825271042
27.834521209, 27.835286753
27.844521208, 27.845272755
27.854521202, 27.855285232
27.864521209, 27.865359520
27.874521204, 27.875328204
27.884521211, 27.885306899
27.894521204, 27.895250527
27.904521199, 27.905337288
27.914521212, 27.915307820
27.924521209, 27.925274606
27.934521229, 27.935243200
27.944521228, 27.945313247
27.954521207, 27.955283351
27.964521201, 27.965253779
27.974521204, 27.975215179
27.984521228, 27.985250157
27.994521207, 27.995261437
28.004521209, 28.005289395
28.014521207, 28.015294020
28.024521206, 28.025319399
28.034521205, 28.035286567
28.044521213, 28.045250353
28.054521212, 28.055263325
28.064521204, 28.065300289
28.074521212, 28.075317047
28.084521213, 28.085292390
28.094521209, 28.095301816
28.104521214, 28.105321916
28.114521205, 28.115296048
28.124521208, 28.125257964
28.134521212, 28.135328122
28.144521224, 28.145299997
28.154521205, 28.155273584
28.164521214, 28.165238011
28.174521230, 28.175307347
28.184521201, 28.185291562
28.194521207, 28.195248818
28.204521208, 28.205210256
28.214521207, 28.215289548
28.224521209, 28.225306508
28.234521207, 28.235282222
28.244521208, 28.245226769
28.254521202, 28.255316569
28.264521204, 28.265294375
28.274521204, 28.275259681
28.284521209, 28.285203208
28.294521204, 28.295349549
28.304521209, 28.305334422
28.314521210, 28.315290784
28.324521201, 28.325237975
28.334521202, 28.335325636
28.344521218, 28.345314509
28.354521209, 28.355271344
28.364521203, 28.365218274
28.374521227, 28.375311693
28.384521219, 28.385286578
28.394521202, 28.395243191
28.404521211, 28.405246542
28.414521202, 28.415281960
28.424521204, 28.425265984
28.434521222, 28.435201802
28.444521228, 28.445292070
28.454521217, 28.455296941
28.464521206, 28.465297082
28.474521212, 28.475255969
28.484521209, 28.485268623
28.494521204, 28.495274126
28.504521206, 28.505268411
28.514521210, 28.515286985
28.524521218, 28.525357260
28.534521202, 28.535347604
28.544521204, 28.545299427
28.554521209, 28.555270627
28.564521350, 28.565532832
28.574521250, 28.575310695
28.584521204, 28.585282067
28.594521210, 28.595241222
28.604521204, 28.605311131
28.614521207, 28.615257426
28.624521199, 28.625254738
28.634521204, 28.635199498
28.644521204, 28.645287876
28.654521212, 28.655261292
28.664521206, 28.665289484
28.674521214, 28.675187649
28.684521203, 28.685321758
28.694521202, 28.695235217
28.704521209, 28.705263580
28.714521204, 28.715235232
28.724521208, 28.725287729
28.734521210, 28.735340009
28.744521209, 28.745294260
28.754521210, 28.755303760
28.764521206, 28.765330308
28.774521209, 28.775317406
28.784521201, 28.785271442
28.794521210, 28.795298625
28.804521204, 28.805306139
28.814521207, 28.815270636
28.824521209, 28.825233095
28.834521205, 28.835259773
28.844521208, 28.845299673
28.854521207, 28.855248008
28.864521211, 28.865211459
28.874521202, 28.875240593
28.884521209, 28.885315950
28.894521212, 28.895286815
28.904521201, 28.905239954
28.914521202, 28.915260688
28.924521203, 28.925279663
28.934521225, 28.935247859
28.944521213, 28.945230253
28.954521222, 28.955348206
28.964521206, 28.965332278
28.974521202, 28.975317401
28.984521206, 28.985251071
28.994521204, 28.995325153
29.004521211, 29.005311697
29.014521207, 29.015280357
29.024521201, 29.025211706
29.034521212, 29.035303592
29.044521208, 29.045288513
29.054521209, 29.055243642
29.064521206, 29.065191857
29.074521207, 29.075288901
29.084521201, 29.085265608
29.094521205, 29.095220403
29.104521208, 29.105236703
29.114521230, 29.115274802
29.124521211, 29.125293084
29.134521209, 29.135258801
29.144521221, 29.145275779
29.154521225, 29.155300756
29.164521223, 29.165279301
29.174521229, 29.175255573
29.184521204, 29.185366071
29.194521230, 29.195348859
29.204521218, 29.205308157
29.214521229, 29.215265502
29.224521228, 29.225341866
29.234521225, 29.235315926
29.244521228, 29.245288169
29.254521224, 29.255301608
29.264521223, 29.265419252
29.274521207, 29.275384025
29.284521228, 29.285323888
29.294521227, 29.295277597
29.304521230, 29.305352863
29.314521232, 29.315339473
29.324521218, 29.325327224
29.334521227, 29.335354885
29.344521224, 29.345407009
29.354521227, 29.355419829
29.364521224, 29.365364382
29.374521225, 29.375379349
29.384521226, 29.385395203
29.394521227, 29.395453637
29.404521223, 29.405412534
29.414521227, 29.415470346
29.424521230, 29.425457985
29.434521227, 29.435424302
29.444521223, 29.445368079
29.454521210, 29.455383627
29.464521208, 29.465439618
29.474521209, 29.475395426
29.484521214, 29.485345495
29.494521207, 29.495361489
29.504521211, 29.505426471
29.514521202, 29.515372466
29.524521204, 29.525322119
29.534521207, 29.535348902
29.544521211, 29.545444777
29.554521209, 29.555407274
29.564521203, 29.565349565
29.574521209, 29.575384468
29.584521204, 29.585404891
29.594521202, 29.595383016
29.604521208, 29.605326197
29.614521209, 29.615461466
29.624521208, 29.625458983
29.634521204, 29.635414325
29.644521206, 29.645334966
29.654521202, 29.655450628
29.664521208, 29.665418368
29.674521210, 29.675380311
29.684521208, 29.685321404
29.694521202, 29.695427246
29.704521206, 29.705375099
29.714521224, 29.715361960
29.724521233, 29.725315743
29.734521207, 29.735395272
29.744521228, 29.745376875
29.754521204, 29.755340738
29.764521206, 29.765347550
29.774521204, 29.775419960
29.784521233, 29.785421327
29.794521210, 29.795379412
29.804521206, 29.805377746
29.814521205, 29.815395265
29.824521204, 29.825381679
29.834521202, 29.835368269
29.844521206, 29.845305036
29.854521204, 29.855401099
29.864521203, 29.865376743
29.874521204, 29.875321717
29.884521201, 29.885393900
29.894521202, 29.895372287
29.904521213, 29.905342105
29.914521204, 29.915350488
29.924521206, 29.925419017
29.934521222, 29.935408110
29.944521223, 29.945376322
29.954521212, 29.955227041
29.964521206, 29.965288820
29.974521207, 29.975258871
29.984521201, 29.985312848
29.994521202, 29.995286365
30.004521201, 30.005319765
30.014521205, 30.015286637
30.024521204, 30.025281262
30.034521205, 30.035210107
30.044521206, 30.045297638
30.054521204, 30.055339373
30.064521208, 30.065313317
30.074521205, 30.075220258
30.084521206, 30.085295498
30.094521207, 30.095269309
30.104521201, 30.105227648
30.114521207, 30.115224374
30.124521201, 30.125305938
30.134521204, 30.135292523
30.144521213, 30.145258307
30.154521202, 30.155254042
30.164521209, 30.165283070
30.174521209, 30.175272209
30.184521213, 30.185237714
30.194521202, 30.195239095
30.204521206, 30.205263635
30.214521225, 30.215296199
30.224521206, 30.225191755
30.234521207, 30.235273735
30.244521208, 30.245279272
30.254521204, 30.255273922
30.264521214, 30.265246062
30.274521210, 30.275324057
30.284521203, 30.285271024
30.294521212, 30.295303242
30.304521203, 30.305285046
30.314521204, 30.315339802
30.324521204, 30.325288244
30.334521204, 30.335235239
30.344521204, 30.345199170
30.354521202, 30.355262932
30.364521223, 30.365234829
30.374521210, 30.375204356
30.384521204, 30.385185201
30.394521207, 30.395242194
30.404521208, 30.405210729
30.414521204, 30.415181558
30.424521211, 30.425131113
30.434521227, 30.435276114
30.444521226, 30.445237128
30.454521202, 30.455215336
30.464521214, 30.465131570
30.474521204, 30.475250486
30.484521209, 30.485213437
30.494521205, 30.495236308
30.504521206, 30.505257864
30.514521204, 30.515337289
30.524521211, 30.525302542
30.534521205, 30.535261819
30.544521224, 30.545346661
30.554521207, 30.555314100
30.564521209, 30.565279142
30.574521227, 30.575239008
30.584521221, 30.585316290
30.594521205, 30.595280274
30.604521209, 30.605253641
30.614521207, 30.615214972
30.624521213, 30.625310457
30.634521209, 30.635261475
30.644521208, 30.645285741
30.654521210, 30.655251921
30.664521223, 30.665333815
30.674521207, 30.675285453
30.684521211, 30.685248493
30.694521205, 30.695212138
30.704521209, 30.705312315
30.714521212, 30.715337757
30.724521204, 30.725297662
30.734521209, 30.735309529
30.744521213, 30.745353350
30.754521207, 30.755319415
30.764521204, 30.765274307
30.774521222, 30.775267973
30.784521209, 30.785324785
30.794521210, 30.795296337
30.804521213, 30.805255844
30.814521210, 30.815263064
30.824521201, 30.825296693
30.834521209, 30.835253715
30.844521201, 30.845195494
30.854521210, 30.855239773
30.864521204, 30.865266241
30.874521210, 30.875299365
30.884521206, 30.885230652
30.894521210, 30.895278339
30.904521204, 30.905296178
30.914521204, 30.915260232
30.924521211, 30.925209774
30.934521270, 30.935371882
30.944521228, 30.945342055
30.954521222, 30.955285034
30.964521209, 30.965272803
30.974521209, 30.975235565
30.984521211, 30.985321609
30.994521202, 30.995297794
31.004521206, 31.005250099
31.014521212, 31.015304906
31.024521206, 31.025294935
31.034521205, 31.035265548
31.044521233, 31.045229858
31.054521202, 31.055285024
31.064521203, 31.065270944
31.074521207, 31.075226279
31.084521204, 31.085210485
31.094521220, 31.095332369
31.104521224, 31.105296559
31.114521204, 31.115274385
31.124521203, 31.125291423
31.134521222, 31.135309172
31.144521208, 31.145278868
31.154521225, 31.155317009
31.164521233, 31.165285293
31.174521205, 31.175352442
31.184521228, 31.185328621
31.194521207, 31.195287849
31.204521231, 31.205290701
31.214521204, 31.215331594
31.224521213, 31.225291986
31.234521220, 31.235267151
31.244521219, 31.245284343
31.254521229, 31.255305543
31.264521219, 31.265270010
31.274521229, 31.275240513
31.284521221, 31.285273981
31.294521227, 31.295288216
31.304521228, 31.305252585
31.314521232, 31.315259237
31.324521228, 31.325331414
31.334521225, 31.335313352
31.344521231, 31.345273864
31.354521227, 31.355285936
31.364521218, 31.365283407
31.374521207, 31.375355707
31.384521230, 31.385310638
31.394521224, 31.395328233
31.404521230, 31.405369855
31.414521244, 31.415332190
31.424521233, 31.425298532
31.434521212, 31.435314023
31.444521221, 31.445317731
31.454521202, 31.455302440
31.464521208, 31.465256927
31.474521210, 31.475274122
31.484521206, 31.485292516
31.494521210, 31.495277562
31.504521204, 31.505234849
31.514521204, 31.515244565
31.524521201, 31.525269337
31.534521204, 31.535255037
31.544521209, 31.545268710
31.554521212, 31.555294373
31.564521203, 31.565284760
31.574521207, 31.575279743
31.584521209, 31.585242347
31.594521210, 31.595326286
31.604521206, 31.605340384
31.614521204, 31.615312187
31.624521208, 31.625272351
31.634521205, 31.635362769
31.644531235, 31.645318117
31.654521204, 31.655293638
31.664521203, 31.665249427
31.674521204, 31.675337334
31.684521206, 31.685293588
31.694521204, 31.695265076
31.704521208, 31.705230619
31.714521200, 31.715312181
31.724521201, 31.725275121
31.734521205, 31.735244869
31.744521208, 31.745196460
31.754521204, 31.755334469
31.764521211, 31.765298901
31.774521207, 31.775279393
31.784521206, 31.785276449
31.794521209, 31.795309638
31.804521204, 31.805273954
31.814521205, 31.815304350
31.824521208, 31.825376934
31.834521205, 31.835339855
31.844521203, 31.845350473
31.854521209, 31.855275026
31.864521209, 31.865285599
31.874521209, 31.875318780
31.884521209, 31.885308897
31.894521205, 31.895262329
31.904521203, 31.905261864
31.914521205, 31.915295228
31.924521204, 31.925294101
31.934521204, 31.935243186
31.944521226, 31.945308339
31.954521229, 31.955306976
31.964521221, 31.965292172
31.974521210, 31.975302868
31.984521204, 31.985285755
31.994521205, 31.995337232
32.004521213, 32.005318867
32.014521210, 32.015282904
32.024521201, 32.025313596
32.034521204, 32.035379183
32.044521211, 32.045353218
32.054521204, 32.055333677
------------------------------
