------------------------------
test was performed using the following parameters: --mps=100 --burst=1 --reply-every=1 --msg-size=14 --time=30
------------------------------
sockperf: [Total Run] RunTime=30.100 sec; SentMessages=3011; ReceivedMessages=3010
sockperf: ========= Printing statistics for Server No: 0
sockperf: [Valid Duration] RunTime=29.993 sec; SentMessages=3000; ReceivedMessages=3000
sockperf: [2;35m====> avg-lat=1473.620 (std-dev=52.000)[0m
sockperf: # dropped messages = 0; # duplicated messages = 0; # out-of-order messages = 0
sockperf: [2;35mTotal 3000 observations[0m; each percentile contains 30.00 observations
sockperf: ---> <MAX> observation = 1591.665
sockperf: ---> percentile 99.999 = 1591.665
sockperf: ---> percentile 99.990 = 1591.665
sockperf: ---> percentile 99.900 = 1575.254
sockperf: ---> percentile 99.000 = 1558.327
sockperf: ---> percentile 90.000 = 1528.960
sockperf: ---> percentile 75.000 = 1509.981
sockperf: ---> percentile 50.000 = 1483.340
sockperf: ---> percentile 25.000 = 1450.293
sockperf: ---> <MIN> observation = 1272.939
------------------------------
txTime, rxTime
2.066611605, 2.069589389
2.076611592, 2.079202926
2.086611597, 2.089365901
2.096611584, 2.099422432
2.106611609, 2.109570372
2.116611586, 2.119514326
2.126611605, 2.129600764
2.136611584, 2.139625692
2.146611593, 2.149568362
2.156611583, 2.159550138
2.166611612, 2.169514881
2.176611585, 2.179605692
2.186611600, 2.189659770
2.196611590, 2.199539332
2.206611593, 2.209567876
2.216611591, 2.219511973
2.226611595, 2.229522325
2.236611587, 2.239529740
2.246611605, 2.249509973
2.256611590, 2.259721041
2.266611611, 2.269489379
2.276611589, 2.279572957
2.286611617, 2.289256849
2.296611590, 2.299546571
2.306611595, 2.309532207
2.316611587, 2.319493599
2.326611598, 2.329318623
2.336611588, 2.339443525
2.346611592, 2.349550298
2.356611583, 2.359607142
2.366611595, 2.369717291
2.376611600, 2.379580412
2.386611603, 2.389615516
2.396611580, 2.399532165
2.406611622, 2.409608620
2.416611627, 2.419604482
2.426611584, 2.429474879
2.436611604, 2.439551522
2.446611603, 2.449561618
2.456611587, 2.459532602
2.466611589, 2.469570602
2.476611589, 2.479568753
2.486611595, 2.489618287
2.496611586, 2.499661950
2.506611611, 2.509615445
2.516611591, 2.519552191
2.526611588, 2.529616216
2.536611586, 2.539660152
2.546611600, 2.549507798
2.556611586, 2.559561167
2.566611598, 2.569571028
2.576611592, 2.579612660
2.586611619, 2.589578357
2.596611593, 2.599569521
2.606611602, 2.609551403
2.616611584, 2.619741849
2.626611598, 2.629556682
2.636611594, 2.639639956
2.646611591, 2.649577248
2.656611588, 2.659560017
2.666611592, 2.669349294
2.676611594, 2.679386848
2.686611598, 2.689433970
2.696611588, 2.699443909
2.706611594, 2.709524906
2.716611587, 2.719577845
2.726611600, 2.729695136
2.736611600, 2.739597633
2.746611603, 2.749558014
2.756611595, 2.759622803
2.766611586, 2.769537013
2.776611582, 2.779598705
2.786611602, 2.789450034
2.796611596, 2.799402640
2.806611591, 2.809640653
2.816611594, 2.819296410
2.826611582, 2.829286245
2.836611588, 2.839478298
2.846611602, 2.849572762
2.856611594, 2.859564162
2.866611593, 2.869600461
2.876611585, 2.879589128
2.886611585, 2.889583408
2.896611585, 2.899558945
2.906611602, 2.909507114
2.916611580, 2.919520967
2.926611603, 2.929560751
2.936611585, 2.939592152
2.946611591, 2.949563502
2.956611591, 2.959575019
2.966611602, 2.969630721
2.976611584, 2.979555352
2.986611601, 2.989667508
2.996611623, 2.999579654
3.006611590, 3.009664702
3.016611584, 3.019544826
3.026611600, 3.029595051
3.036611593, 3.039655973
3.046611601, 3.049568111
3.056611586, 3.059602385
3.066611592, 3.069332454
3.076611594, 3.079331373
3.086611605, 3.089545508
3.096611586, 3.099583302
3.106611598, 3.109507418
3.116611587, 3.119557811
3.126611597, 3.129504839
3.136611592, 3.139587598
3.146611597, 3.149603586
3.156611596, 3.159599563
3.166611603, 3.169503626
3.176611595, 3.179620319
3.186611587, 3.189647524
3.196611595, 3.199555310
3.206611590, 3.209649816
3.216611607, 3.219570548
3.226611591, 3.229652476
3.236611589, 3.239581892
3.246611584, 3.249611263
3.256611592, 3.259433739
3.266611597, 3.269460567
3.276611589, 3.279582478
3.286611593, 3.289565807
3.296611590, 3.299581961
3.306611587, 3.309610935
3.316611594, 3.319663557
3.326611605, 3.329573626
3.336611589, 3.339512722
3.346611626, 3.349418133
3.356611583, 3.359368337
3.366611587, 3.369355113
3.376611583, 3.379594314
3.386611597, 3.389661760
3.396611612, 3.399554776
3.406611621, 3.409554518
3.416611608, 3.419542055
3.426611609, 3.429587830
3.436611591, 3.439645297
3.446611605, 3.449634635
3.456611586, 3.459646967
3.466611603, 3.469653945
3.476611595, 3.479595615
3.486611589, 3.489602609
3.496611611, 3.499364008
3.506611597, 3.509545293
3.516611615, 3.519627377
3.526611606, 3.529517745
3.536611586, 3.539551781
3.546611592, 3.549512180
3.556611594, 3.559489671
3.566611595, 3.569515419
3.576611589, 3.579478332
3.586611603, 3.589612789
3.596611594, 3.599574753
3.606611587, 3.609556336
3.616611597, 3.619660627
3.626611605, 3.629624368
3.636611588, 3.639628556
3.646611603, 3.649711917
3.656611589, 3.659635930
3.666611584, 3.669614433
3.676611591, 3.679253188
3.686611597, 3.689490196
3.696611589, 3.699603169
3.706611596, 3.709542695
3.716611587, 3.719566773
3.726611593, 3.729553314
3.736611587, 3.739568893
3.746611607, 3.749607382
3.756611596, 3.759568926
3.766611593, 3.769649793
3.776611588, 3.779536970
3.786611592, 3.789583579
3.796611588, 3.799364421
3.806611595, 3.809555655
3.816611612, 3.819613083
3.826611626, 3.829634840
3.836611592, 3.839611082
3.846611590, 3.849624809
3.856611591, 3.859655563
3.866611600, 3.869593384
3.876611589, 3.879554906
3.886611593, 3.889652349
3.896611593, 3.899552776
3.906611591, 3.909626372
3.916611593, 3.919557221
3.926611607, 3.929589086
3.936611588, 3.939402019
3.946611596, 3.949479393
3.956611595, 3.959556187
3.966611583, 3.969620275
3.976611594, 3.979572019
3.986611605, 3.989556470
3.996611594, 3.999525319
4.006611626, 4.009522376
4.016611597, 4.019564819
4.026611611, 4.029553785
4.036611584, 4.039574273
4.046611597, 4.049620004
4.056611593, 4.059415695
4.066611593, 4.069531120
4.076611597, 4.079599528
4.086611593, 4.089597036
4.096611592, 4.099504008
4.106611597, 4.109227602
4.116611597, 4.119639433
4.126611608, 4.129596895
4.136611586, 4.139571668
4.146611587, 4.149556459
4.156611589, 4.159551849
4.166611602, 4.169583633
4.176611587, 4.179544753
4.186611598, 4.189556959
4.196611587, 4.199506747
4.206611591, 4.209578554
4.216611595, 4.219521876
4.226611605, 4.229550172
4.236611585, 4.239578446
4.246611601, 4.249650101
4.256611592, 4.259657464
4.266611589, 4.269633480
4.276611592, 4.279571559
4.286611620, 4.289609365
4.296611592, 4.299670220
4.306611592, 4.309599375
4.316611585, 4.319336424
4.326611592, 4.329451644
4.336611596, 4.339487483
4.346611600, 4.349438556
4.356611594, 4.359622803
4.366611633, 4.369580957
4.376611589, 4.379554308
4.386611583, 4.389558776
4.396611587, 4.399612080
4.406611605, 4.409563018
4.416611586, 4.419508928
4.426611596, 4.429493878
4.436611591, 4.439534434
4.446611587, 4.449526282
4.456611588, 4.459529155
4.466611597, 4.469534437
4.476611585, 4.479562387
4.486611601, 4.489411282
4.496611590, 4.499299525
4.506611597, 4.509499144
4.516611592, 4.519347007
4.526611595, 4.529460589
4.536611616, 4.539462238
4.546611618, 4.549594577
4.556611587, 4.559620880
4.566611590, 4.569592789
4.576611590, 4.579697542
4.586611607, 4.589612698
4.596611586, 4.599631548
4.606611611, 4.609629361
4.616611612, 4.619631801
4.626611582, 4.629309638
4.636611581, 4.639498755
4.646611605, 4.649399921
4.656611592, 4.659338332
4.666611601, 4.669459926
4.676611589, 4.679500490
4.686611607, 4.689520926
4.696611588, 4.699613880
4.706611592, 4.709616757
4.716611596, 4.719598257
4.726611601, 4.729625013
4.736611588, 4.739668466
4.746611589, 4.749578441
4.756611584, 4.759565057
4.766611597, 4.769568381
4.776611586, 4.779586251
4.786611593, 4.789691894
4.796611585, 4.799621791
4.806611594, 4.809614512
4.816611579, 4.819579614
4.826611607, 4.829668038
4.836614325, 4.839521817
4.846611606, 4.849345967
4.856611591, 4.859584992
4.866611587, 4.869458610
4.876611590, 4.879482392
4.886611605, 4.889530492
4.896611594, 4.899422100
4.906611598, 4.909571667
4.916611597, 4.919655926
4.926611594, 4.929640192
4.936611580, 4.939615220
4.946611605, 4.949697131
4.956611616, 4.959615081
4.966611598, 4.969622397
4.976611590, 4.979580817
4.986611594, 4.989574051
4.996611583, 4.999605017
5.006611605, 5.009641452
5.016611588, 5.019649543
5.026611596, 5.029647520
5.036611585, 5.039576433
5.046611595, 5.049597303
5.056611583, 5.059605729
5.066611602, 5.069670138
5.076611598, 5.079428449
5.086611603, 5.089418106
5.096611593, 5.099647021
5.106611593, 5.109563572
5.116611594, 5.119387447
5.126611602, 5.129511294
5.136611589, 5.139572715
5.146611603, 5.149658458
5.156611591, 5.159698094
5.166611599, 5.169594972
5.176611591, 5.179650583
5.186611610, 5.189650280
5.196611584, 5.199576277
5.206611598, 5.209672203
5.216611588, 5.219532349
5.226611588, 5.229614711
5.236611594, 5.239560564
5.246611605, 5.249575172
5.256611587, 5.259629043
5.266611608, 5.269627639
5.276611589, 5.279574276
5.286611589, 5.289569241
5.296611612, 5.299527210
5.306611605, 5.309572298
5.316611588, 5.319579547
5.326611593, 5.329481708
5.336611587, 5.339546903
5.346611589, 5.349295461
5.356611587, 5.359157467
5.366611596, 5.369536011
5.376611594, 5.379452180
5.386611598, 5.389592497
5.396611587, 5.399630016
5.406611620, 5.409568077
5.416611592, 5.419678225
5.426611592, 5.429691467
5.436611590, 5.439533351
5.446611593, 5.449599116
5.456611586, 5.459564088
5.466611594, 5.469574574
5.476611588, 5.479661552
5.486611600, 5.489512950
5.496611588, 5.499554826
5.506611601, 5.509472830
5.516611585, 5.519307629
5.526611586, 5.529304396
5.536611589, 5.539382450
5.546611605, 5.549517715
5.556611590, 5.559444360
5.566611601, 5.569550772
5.576611593, 5.579647157
5.586611609, 5.589668099
5.596611582, 5.599633105
5.606611594, 5.609636124
5.616611614, 5.619713060
5.626611602, 5.629627943
5.636611593, 5.639597696
5.646611593, 5.649678910
5.656611595, 5.659639895
5.666611605, 5.669624511
5.676611595, 5.679633228
5.686611598, 5.689408489
5.696611597, 5.699443550
5.706611585, 5.709354171
5.716611586, 5.719383785
5.726611602, 5.729539301
5.736611593, 5.739636887
5.746611596, 5.749531976
5.756611588, 5.759557546
5.766611596, 5.769560601
5.776611587, 5.779603924
5.786611602, 5.789676102
5.796611592, 5.799398216
5.806611606, 5.809694507
5.816611597, 5.819716442
5.826611615, 5.829630149
5.836611595, 5.839612922
5.846611605, 5.849627135
5.856611589, 5.859586218
5.866611601, 5.869598038
5.876611587, 5.879684589
5.886611599, 5.889596914
5.896611591, 5.899581671
5.906611597, 5.909603841
5.916611585, 5.919552895
5.926611591, 5.929581992
5.936611597, 5.939666220
5.946611587, 5.949591566
5.956611599, 5.959525131
5.966611602, 5.969578054
5.976611588, 5.979520513
5.986611603, 5.989554726
5.996611587, 5.999575968
6.006611587, 6.009252956
6.016611592, 6.019445650
6.026611622, 6.029602573
6.036611595, 6.039597825
6.046611603, 6.049635122
6.056611609, 6.059614346
6.066611589, 6.069663937
6.076611591, 6.079679335
6.086611632, 6.089657711
6.096611586, 6.099570491
6.106611618, 6.109590625
6.116611595, 6.119584541
6.126611609, 6.129643588
6.136611590, 6.139698458
6.146611597, 6.149623639
6.156611592, 6.159657682
6.166611596, 6.169630626
6.176611588, 6.179662167
6.186611590, 6.189620475
6.196611592, 6.199472354
6.206611597, 6.209312261
6.216611589, 6.219330794
6.226611596, 6.229372922
6.236611594, 6.239582426
6.246611588, 6.249652784
6.256611596, 6.259647084
6.266611610, 6.269702904
6.276611590, 6.279677567
6.286611626, 6.289622344
6.296611621, 6.299580677
6.306611617, 6.309626718
6.316611585, 6.319575051
6.326611595, 6.329502668
6.336611594, 6.339596835
6.346611598, 6.349685759
6.356611593, 6.359674547
6.366611590, 6.369598512
6.376611594, 6.379620627
6.386611605, 6.389264515
6.396611593, 6.399526077
6.406611606, 6.409569750
6.416611597, 6.419568705
6.426611587, 6.429582608
6.436611586, 6.439510827
6.446611597, 6.449638775
6.456611586, 6.459588641
6.466611596, 6.469614625
6.476611592, 6.479648334
6.486611595, 6.489566696
6.496611585, 6.499519868
6.506611595, 6.509314747
6.516611586, 6.519359004
6.526611598, 6.529614646
6.536611591, 6.539587634
6.546611607, 6.549538932
6.556611593, 6.559636666
6.566611592, 6.569565928
6.576611615, 6.579566524
6.586611598, 6.589605664
6.596611589, 6.599581272
6.606611585, 6.609571300
6.616611588, 6.619570731
6.626611595, 6.629519188
6.636611594, 6.639591938
6.646611601, 6.649623269
6.656611590, 6.659625806
6.666611590, 6.669701109
6.676611592, 6.679532949
6.686611605, 6.689537371
6.696611590, 6.699449481
6.706611601, 6.709464440
6.716611589, 6.719559008
6.726611589, 6.729329836
6.736611586, 6.739440748
6.746611600, 6.749344553
6.756611588, 6.759482916
6.766611601, 6.769604486
6.776611591, 6.779642674
6.786611587, 6.789536732
6.796611593, 6.799595290
6.806611605, 6.809655611
6.816611583, 6.819594251
6.826611598, 6.829533781
6.836611587, 6.839630560
6.846611594, 6.849580230
6.856611587, 6.859601880
6.866611597, 6.869565775
6.876611585, 6.879505598
6.886611596, 6.889602607
6.896611595, 6.899681289
6.906611595, 6.909566056
6.916611593, 6.919334109
6.926611597, 6.929390428
6.936611596, 6.939437417
6.946611591, 6.949430558
6.956611592, 6.959503969
6.966611593, 6.969612752
6.976611594, 6.979633647
6.986611612, 6.989553956
6.996611594, 6.999584285
7.006611618, 7.009575882
7.016611591, 7.019629192
7.026611589, 7.029599412
7.036611584, 7.039683652
7.046611605, 7.049655633
7.056611588, 7.059430606
7.066611601, 7.069425667
7.076611597, 7.079266004
7.086611590, 7.089511421
7.096611584, 7.099567169
7.106611600, 7.109532547
7.116611585, 7.119661604
7.126611606, 7.129643337
7.136611589, 7.139661126
7.146611617, 7.149617927
7.156611617, 7.159630487
7.166611630, 7.169589680
7.176611592, 7.179628633
7.186611598, 7.189659223
7.196611583, 7.199658662
7.206611591, 7.209674445
7.216611589, 7.219722583
7.226611612, 7.229647691
7.236611586, 7.239601590
7.246611591, 7.249679900
7.256611599, 7.259644916
7.266611591, 7.269657783
7.276611587, 7.279578741
7.286611602, 7.289639341
7.296611585, 7.299315091
7.306611606, 7.309476228
7.316611593, 7.319324105
7.326611588, 7.329513371
7.336611593, 7.339645336
7.346611597, 7.349698668
7.356611600, 7.359679799
7.366611594, 7.369647267
7.376611597, 7.379662037
7.386611592, 7.389620639
7.396611592, 7.399710251
7.406611605, 7.409666888
7.416611584, 7.419643796
7.426611598, 7.429297471
7.436611589, 7.439617197
7.446611591, 7.449578018
7.456611592, 7.459466614
7.466611607, 7.469651570
7.476611594, 7.479567624
7.486611596, 7.489603221
7.496611587, 7.499639525
7.506611589, 7.509609770
7.516611589, 7.519575536
7.526611595, 7.529552217
7.536611594, 7.539497653
7.546611603, 7.549534452
7.556611593, 7.559601516
7.566611590, 7.569544379
7.576611590, 7.579297684
7.586611597, 7.589384364
7.596611589, 7.599603807
7.606611603, 7.609620146
7.616611594, 7.619633641
7.626611589, 7.629432884
7.636611590, 7.639476087
7.646611617, 7.649430910
7.656611589, 7.659518725
7.666611621, 7.669524577
7.676614105, 7.679642265
7.686611615, 7.689618746
7.696611585, 7.699614512
7.706611602, 7.709604049
7.716611586, 7.719585724
7.726611591, 7.729540720
7.736611587, 7.739535189
7.746611611, 7.749579195
7.756611591, 7.759556162
7.766611622, 7.769647837
7.776611594, 7.779641966
7.786611598, 7.789531348
7.796611587, 7.799371665
7.806611593, 7.809445241
7.816611594, 7.819609057
7.826611597, 7.829675955
7.836611583, 7.839623384
7.846611596, 7.849700783
7.856611586, 7.859600745
7.866611592, 7.869689310
7.876611592, 7.879645064
7.886611597, 7.889589592
7.896611586, 7.899684449
7.906611606, 7.909613592
7.916611585, 7.919638480
7.926611593, 7.929591604
7.936611590, 7.939587077
7.946611595, 7.949559813
7.956611593, 7.959365243
7.966611593, 7.969474138
7.976611586, 7.979552315
7.986611594, 7.989511082
7.996611587, 7.999668646
8.006611607, 8.009611527
8.016611585, 8.019633961
8.026611603, 8.029640737
8.036611593, 8.039560261
8.046611591, 8.049415615
8.056611585, 8.059361774
8.066611632, 8.069426099
8.076611589, 8.079320198
8.086611621, 8.089420451
8.096611594, 8.099463179
8.106611589, 8.109631147
8.116611594, 8.119603625
8.126611620, 8.129595907
8.136611589, 8.139578274
8.146611603, 8.149606498
8.156611583, 8.159597448
8.166611618, 8.169564140
8.176611593, 8.179598280
8.186611606, 8.189623762
8.196611584, 8.199627625
8.206611611, 8.209577071
8.216611587, 8.219648237
8.226611587, 8.229651330
8.236611587, 8.239605188
8.246611602, 8.249594008
8.256611597, 8.259296132
8.266611597, 8.269354733
8.276611587, 8.279443821
8.286611586, 8.289494408
8.296611587, 8.299384838
8.306611595, 8.309578244
8.316611596, 8.319596095
8.326611603, 8.329626978
8.336611597, 8.339480724
8.346611589, 8.349612235
8.356611596, 8.359601688
8.366611607, 8.369619068
8.376611593, 8.379652675
8.386611608, 8.389692192
8.396611597, 8.399613006
8.406611587, 8.409595652
8.416611589, 8.419687387
8.426611600, 8.429607798
8.436611614, 8.439559387
8.446611601, 8.449329811
8.456611593, 8.459407313
8.466611585, 8.469512154
8.476611589, 8.479632945
8.486611597, 8.489672607
8.496611592, 8.499631751
8.506611598, 8.509627356
8.516611591, 8.519627824
8.526611591, 8.529629386
8.536611588, 8.539660114
8.546611605, 8.549644851
8.556611587, 8.559624135
8.566611598, 8.569599545
8.576611586, 8.579606954
8.586611596, 8.589372085
8.596611586, 8.599362213
8.606611605, 8.609625471
8.616611584, 8.619566666
8.626611596, 8.629623868
8.636611587, 8.639529855
8.646611592, 8.649560897
8.656611593, 8.659495612
8.666611597, 8.669525277
8.676611590, 8.679625660
8.686611603, 8.689672034
8.696611585, 8.699519043
8.706611591, 8.709619094
8.716611582, 8.719496361
8.726611600, 8.729402825
8.736611590, 8.739505551
8.746611601, 8.749457114
8.756611593, 8.759613056
8.766611593, 8.769543842
8.776611590, 8.779632489
8.786611595, 8.789592153
8.796611583, 8.799538741
8.806611606, 8.809622344
8.816611587, 8.819552661
8.826611592, 8.829553057
8.836611597, 8.839587810
8.846611605, 8.849605185
8.856611584, 8.859422147
8.866611592, 8.869629770
8.876611596, 8.879662744
8.886611591, 8.889503456
8.896611587, 8.899637832
8.906611607, 8.909633793
8.916611588, 8.919694987
8.926611608, 8.929610491
8.936611599, 8.939630741
8.946611589, 8.949594314
8.956611596, 8.959702768
8.966611605, 8.969615360
8.976611596, 8.979523898
8.986611601, 8.989665019
8.996611589, 8.999653443
9.006611597, 9.009635054
9.016611586, 9.019439374
9.026611595, 9.029383745
9.036611582, 9.039608599
9.046611598, 9.049470993
9.056611586, 9.059611512
9.066611585, 9.069651336
9.076611596, 9.079647161
9.086611600, 9.089420485
9.096611592, 9.099692473
9.106611603, 9.109624589
9.116611592, 9.119687338
9.126611595, 9.129630236
9.136611589, 9.139626618
9.146611620, 9.149643778
9.156611586, 9.159747506
9.166611618, 9.169687313
9.176611620, 9.179742303
9.186611613, 9.189711945
9.196611589, 9.199501304
9.206611597, 9.209645010
9.216611588, 9.219535523
9.226611596, 9.229308850
9.236611589, 9.239318361
9.246611582, 9.249606726
9.256611597, 9.259421466
9.266611592, 9.269621614
9.276611583, 9.279590709
9.286611591, 9.289613007
9.296611592, 9.299420852
9.306611592, 9.309528796
9.316611594, 9.319568727
9.326611597, 9.329573398
9.336611587, 9.339677084
9.346611601, 9.349669751
9.356611588, 9.359645550
9.366611613, 9.369644782
9.376611592, 9.379654222
9.386611602, 9.389691025
9.396611597, 9.399694729
9.406611593, 9.409354064
9.416611610, 9.419437480
9.426611589, 9.429504530
9.436611584, 9.439337958
9.446611602, 9.449649902
9.456611590, 9.459582573
9.466611593, 9.469597610
9.476611595, 9.479667764
9.486611594, 9.489434510
9.496611590, 9.499489272
9.506611595, 9.509570165
9.516611582, 9.519513646
9.526611603, 9.529583086
9.536611592, 9.539542567
9.546611591, 9.549697033
9.556611592, 9.559706471
9.566611602, 9.569501549
9.576611597, 9.579651652
9.586611606, 9.589656253
9.596611594, 9.599594148
9.606611589, 9.609696943
9.616611590, 9.619341694
9.626611595, 9.629423422
9.636611592, 9.639387853
9.646611593, 9.649429132
9.656611589, 9.659498660
9.666611587, 9.669633889
9.676614119, 9.679552204
9.686611602, 9.689662046
9.696611584, 9.699623788
9.706611601, 9.709629080
9.716611593, 9.719543418
9.726611594, 9.729498883
9.736611591, 9.739615550
9.746611602, 9.749383389
9.756611589, 9.759209953
9.766611595, 9.769270517
9.776611584, 9.779272896
9.786611592, 9.789437158
9.796611590, 9.799249716
9.806611607, 9.809649401
9.816611592, 9.819538018
9.826611596, 9.829644924
9.836611587, 9.839542784
9.846611587, 9.849676148
9.856611591, 9.859581130
9.866611593, 9.869536747
9.876611597, 9.879299238
9.886611596, 9.889396754
9.896611593, 9.899673510
9.906611589, 9.909443553
9.916611591, 9.919500154
9.926611602, 9.929631009
9.936611594, 9.939468312
9.946611601, 9.949464344
9.956611591, 9.959565628
9.966611593, 9.969666717
9.976611592, 9.979540562
9.986611602, 9.989707626
9.996611590, 9.999561127
10.006611606, 10.009608116
10.016611592, 10.019762101
10.026611595, 10.029611825
10.036611587, 10.039635429
10.046611605, 10.049581082
10.056611592, 10.059663469
10.066611602, 10.069676089
10.076611617, 10.079580077
10.086611591, 10.089308459
10.096611594, 10.099480630
10.106611605, 10.109678060
10.116611587, 10.119638246
10.126611593, 10.129644106
10.136611594, 10.139623134
10.146611605, 10.149554896
10.156611596, 10.159613279
10.166611632, 10.169686842
10.176611594, 10.179577001
10.186611593, 10.189541536
10.196611585, 10.199729282
10.206611595, 10.209522826
10.216611593, 10.219298416
10.226611605, 10.229512516
10.236611594, 10.239658744
10.246611598, 10.249705354
10.256611592, 10.259673254
10.266611591, 10.269580205
10.276611591, 10.279603324
10.286611607, 10.289606415
10.296611588, 10.299628222
10.306611596, 10.309522123
10.316611587, 10.319631702
10.326611615, 10.329588191
10.336611591, 10.339683656
10.346611595, 10.349508713
10.356611593, 10.359573611
10.366611603, 10.369281179
10.376611594, 10.379477756
10.386611583, 10.389565166
10.396611587, 10.399674902
10.406611600, 10.409496320
10.416611586, 10.419652354
10.426611606, 10.429511954
10.436611587, 10.439618821
10.446611595, 10.449632467
10.456611587, 10.459647955
10.466611610, 10.469513870
10.476611586, 10.479489158
10.486611598, 10.489541061
10.496611591, 10.499614146
10.506611589, 10.509712450
10.516611593, 10.519453539
10.526611605, 10.529605097
10.536611590, 10.539644125
10.546611608, 10.549326743
10.556611617, 10.559742683
10.566611599, 10.569655144
10.576611597, 10.579450644
10.586611602, 10.589465737
10.596611589, 10.599644101
10.606611606, 10.609630513
10.616611597, 10.619355964
10.626611587, 10.629432923
10.636611593, 10.639646347
10.646611602, 10.649572458
10.656611588, 10.659703072
10.666611606, 10.669408613
10.676611587, 10.679677826
10.686611625, 10.689592480
10.696611591, 10.699526675
10.706611600, 10.709741540
10.716611592, 10.719520794
10.726611601, 10.729577024
10.736611595, 10.739436227
10.746611591, 10.749528825
10.756611590, 10.759623317
10.766611607, 10.769671266
10.776611589, 10.779599650
10.786611596, 10.789542066
10.796611595, 10.799598310
10.806611607, 10.809486095
10.816611592, 10.819596997
10.826611595, 10.829555307
10.836611606, 10.839581249
10.846611598, 10.849537011
10.856611588, 10.859463117
10.866611585, 10.869566048
10.876611587, 10.879547771
10.886611595, 10.889536063
10.896611588, 10.899554549
10.906611603, 10.909686596
10.916611595, 10.919673421
10.926611589, 10.929661507
10.936611582, 10.939609500
10.946611605, 10.949511499
10.956611594, 10.959556107
10.966611606, 10.969543447
10.976611593, 10.979594934
10.986611593, 10.989694190
10.996611589, 10.999629014
11.006611602, 11.009504618
11.016611586, 11.019694236
11.026611598, 11.029385440
11.036611584, 11.039471967
11.046611590, 11.049474648
11.056611594, 11.059601759
11.066611600, 11.069589489
11.076611587, 11.079548228
11.086611601, 11.089663954
11.096611593, 11.099773344
11.106611597, 11.109644037
11.116611595, 11.119538934
11.126611592, 11.129671594
11.136611596, 11.139557140
11.146611601, 11.149546256
11.156611596, 11.159721576
11.166611589, 11.169458636
11.176611595, 11.179428282
11.186611617, 11.189461837
11.196611608, 11.199623959
11.206611599, 11.209534322
11.216611591, 11.219690722
11.226611589, 11.229507731
11.236611589, 11.239377727
11.246611595, 11.249253088
11.256611588, 11.259389496
11.266611601, 11.269320829
11.276611593, 11.279646210
11.286611589, 11.289439357
11.296611592, 11.299592490
11.306611602, 11.309583204
11.316611589, 11.319527863
11.326611598, 11.329638616
11.336611592, 11.339718382
11.346611597, 11.349705329
11.356611597, 11.359598450
11.366611599, 11.369498642
11.376611614, 11.379621936
11.386611617, 11.389693766
11.396611595, 11.399594038
11.406611588, 11.409606404
11.416611596, 11.419660927
11.426611600, 11.429609492
11.436611586, 11.439562000
11.446611601, 11.449541199
11.456611589, 11.459625435
11.466611587, 11.469352439
11.476611586, 11.479258211
11.486611602, 11.489479511
11.496611594, 11.499306418
11.506611621, 11.509440763
11.516611591, 11.519437454
11.526611593, 11.529569109
11.536611586, 11.539537325
11.546611625, 11.549573193
11.556611589, 11.559577045
11.566611596, 11.569531253
11.576611593, 11.579579602
11.586611588, 11.589705029
11.596611590, 11.599713611
11.606611600, 11.609586838
11.616611592, 11.619559472
11.626611596, 11.629552464
11.636611588, 11.639593027
11.646611592, 11.649572130
11.656611593, 11.659564134
11.666611597, 11.669647451
11.676611588, 11.679675633
11.686611603, 11.689494660
11.696611593, 11.699457253
11.706611617, 11.709526422
11.716611597, 11.719598952
11.726611597, 11.729579458
11.736611592, 11.739455653
11.746611606, 11.749535002
11.756611607, 11.759623773
11.766611592, 11.769521219
11.776611609, 11.779281462
11.786611602, 11.789323862
11.796611587, 11.799598569
11.806611623, 11.809615179
11.816611611, 11.819590576
11.826611597, 11.829653923
11.836611583, 11.839561732
11.846611605, 11.849538305
11.856611597, 11.859502494
11.866611587, 11.869616626
11.876611587, 11.879618319
11.886611589, 11.889569456
11.896611596, 11.899646046
11.906611605, 11.909611575
11.916611590, 11.919552142
11.926611601, 11.929355823
11.936611585, 11.939685323
11.946611589, 11.949631265
11.956611611, 11.959578574
11.966611627, 11.969519814
11.976611596, 11.979679179
11.986611603, 11.989579060
11.996611589, 11.999532413
12.006611594, 12.009693488
12.016611594, 12.019686439
12.026611602, 12.029640286
12.036611596, 12.039550402
12.046611596, 12.049592465
12.056611590, 12.059659843
12.066611586, 12.069525480
12.076611586, 12.079637424
12.086611595, 12.089600065
12.096611587, 12.099520061
12.106611593, 12.109607919
12.116611589, 12.119570694
12.126611589, 12.129557784
12.136611584, 12.139475903
12.146611595, 12.149505337
12.156611584, 12.159584407
12.166611596, 12.169623464
12.176611593, 12.179543538
12.186611587, 12.189706902
12.196611588, 12.199232293
12.206611605, 12.209461045
12.216611584, 12.219575804
12.226611596, 12.229612964
12.236611591, 12.239674379
12.246611589, 12.249698513
12.256611589, 12.259665587
12.266611607, 12.269582898
12.276611592, 12.279557080
12.286611591, 12.289529238
12.296611594, 12.299541972
12.306611589, 12.309469791
12.316611596, 12.319570240
12.326611597, 12.329569303
12.336611591, 12.339477483
12.346611606, 12.349655376
12.356611593, 12.359669846
12.366611595, 12.369518563
12.376611584, 12.379640224
12.386611592, 12.389464251
12.396611589, 12.399479561
12.406611606, 12.409420288
12.416611589, 12.419369101
12.426611585, 12.429302290
12.436611586, 12.439247808
12.446611619, 12.449544495
12.456611611, 12.459551992
12.466611618, 12.469363627
12.476611589, 12.479545507
12.486611590, 12.489554501
12.496611586, 12.499535021
12.506611602, 12.509524247
12.516611591, 12.519549515
12.526611623, 12.529669545
12.536611623, 12.539676572
12.546611589, 12.549345243
12.556611591, 12.559531854
12.566611597, 12.569464188
12.576611594, 12.579620572
12.586611598, 12.589522020
12.596611596, 12.599542225
12.606611592, 12.609535745
12.616611587, 12.619505907
12.626611605, 12.629588612
12.636611594, 12.639591631
12.646611603, 12.649486412
12.656611591, 12.659510839
12.666611590, 12.669716305
12.676611594, 12.679478222
12.686611605, 12.689408051
12.696611589, 12.699591402
12.706611603, 12.709672332
12.716611585, 12.719478600
12.726611593, 12.729680797
12.736611593, 12.739492844
12.746611592, 12.749562443
12.756611583, 12.759546923
12.766611596, 12.769552155
12.776611592, 12.779480559
12.786611592, 12.789734959
12.796611590, 12.799360350
12.806611620, 12.809323602
12.816611590, 12.819366258
12.826611601, 12.829292627
12.836611594, 12.839390371
12.846611587, 12.849499501
12.856611596, 12.859586699
12.866611590, 12.869741672
12.876611599, 12.879629221
12.886611601, 12.889725312
12.896611592, 12.899571840
12.906611594, 12.909566516
12.916611592, 12.919546908
12.926611607, 12.929693422
12.936611594, 12.939529574
12.946611596, 12.949568873
12.956611591, 12.959512396
12.966611585, 12.969560189
12.976611587, 12.979636342
12.986611602, 12.989689159
12.996611592, 12.999615498
13.006611593, 13.009525649
13.016611588, 13.019322672
13.026611589, 13.029379515
13.036611591, 13.039487025
13.046611600, 13.049517704
13.056611584, 13.059530367
13.066611598, 13.069559415
13.076614158, 13.079576758
13.086611591, 13.089583813
13.096611584, 13.099662917
13.106611610, 13.109533523
13.116611597, 13.119642391
13.126611611, 13.129603271
13.136611587, 13.139672966
13.146611595, 13.149478461
13.156611590, 13.159351249
13.166611597, 13.169576272
13.176611586, 13.179369751
13.186611596, 13.189373709
13.196611592, 13.199412975
13.206611593, 13.209536181
13.216611583, 13.219587575
13.226611605, 13.229604804
13.236611585, 13.239494150
13.246611596, 13.249537462
13.256611597, 13.259565167
13.266611587, 13.269623526
13.276611592, 13.279613788
13.286611612, 13.289605926
13.296611597, 13.299628209
13.306611608, 13.309394521
13.316611592, 13.319376064
13.326611592, 13.329448743
13.336611591, 13.339610717
13.346611595, 13.349585093
13.356611608, 13.359633077
13.366611602, 13.369643130
13.376611591, 13.379502330
13.386611587, 13.389564244
13.396611590, 13.399732246
13.406611602, 13.409501879
13.416611590, 13.419606120
13.426611596, 13.429483330
13.436611593, 13.439562783
13.446611584, 13.449533538
13.456611587, 13.459569000
13.466611597, 13.469624899
13.476611586, 13.479589370
13.486611596, 13.489550166
13.496611587, 13.499546122
13.506611592, 13.509319696
13.516611588, 13.519565906
13.526611597, 13.529543183
13.536611584, 13.539569457
13.546611606, 13.549391186
13.556611621, 13.559610302
13.566611591, 13.569534837
13.576611593, 13.579626055
13.586611602, 13.589614121
13.596611582, 13.599520290
13.606611593, 13.609578506
13.616611587, 13.619591153
13.626611591, 13.629539147
13.636611594, 13.639603354
13.646611597, 13.649544376
13.656611590, 13.659344594
13.666611598, 13.669537307
13.676611593, 13.679554873
13.686611588, 13.689550397
13.696611586, 13.699524467
13.706611622, 13.709570636
13.716611587, 13.719533422
13.726611603, 13.729498065
13.736611586, 13.739540924
13.746611588, 13.749680678
13.756611590, 13.759622248
13.766611605, 13.769531625
13.776611610, 13.779665291
13.786611606, 13.789571214
13.796611592, 13.799538521
13.806611589, 13.809549174
13.816611586, 13.819333227
13.826611605, 13.829443002
13.836611588, 13.839378261
13.846611598, 13.849498103
13.856611589, 13.859579495
13.866611582, 13.869480369
13.876611583, 13.879589027
13.886611597, 13.889570050
13.896611594, 13.899434201
13.906611603, 13.909358076
13.916611593, 13.919549418
13.926611609, 13.929635197
13.936611594, 13.939536779
13.946611595, 13.949487933
13.956611587, 13.959544597
13.966611601, 13.969603734
13.976611589, 13.979575046
13.986611592, 13.989644079
13.996611586, 13.999555621
14.006611595, 14.009700599
14.016611594, 14.019647766
14.026611593, 14.029660966
14.036611591, 14.039597575
14.046611589, 14.049499575
14.056611589, 14.059366169
14.066611595, 14.069479507
14.076611594, 14.079518291
14.086611601, 14.089353370
14.096611589, 14.099575659
14.106611584, 14.109512819
14.116611584, 14.119603073
14.126611600, 14.129603997
14.136611590, 14.139546634
14.146611598, 14.149599890
14.156611585, 14.159524587
14.166611593, 14.169483596
14.176611590, 14.179608910
14.186611595, 14.189617582
14.196611589, 14.199655180
14.206611611, 14.209594259
14.216611589, 14.219280785
14.226611588, 14.229388883
14.236611593, 14.239637517
14.246611607, 14.249590908
14.256611592, 14.259541069
14.266611601, 14.269577743
14.276611589, 14.279578332
14.286611595, 14.289637597
14.296611583, 14.299555576
14.306611602, 14.309578438
14.316611586, 14.319641010
14.326611596, 14.329541736
14.336611591, 14.339581599
14.346611589, 14.349571042
14.356611588, 14.359511728
14.366611600, 14.369582192
14.376611609, 14.379552317
14.386611626, 14.389619798
14.396611597, 14.399510246
14.406611589, 14.409225308
14.416611584, 14.419538299
14.426611607, 14.429644311
14.436611592, 14.439563421
14.446611603, 14.449564315
14.456611592, 14.459641347
14.466611591, 14.469604221
14.476611591, 14.479546165
14.486611600, 14.489583788
14.496611582, 14.499516987
14.506611598, 14.509645175
14.516611596, 14.519583191
14.526611593, 14.529592485
14.536611583, 14.539443255
14.546611602, 14.549318192
14.556611592, 14.559437302
14.566611596, 14.569387457
14.576611591, 14.579471947
14.586611593, 14.589528488
14.596611589, 14.599534123
14.606611595, 14.609518762
14.616611588, 14.619574764
14.626611601, 14.629641723
14.636611586, 14.639611126
14.646611597, 14.649562261
14.656611590, 14.659566178
14.666611595, 14.669538336
14.676611587, 14.679626745
14.686611601, 14.689623093
14.696611588, 14.699576447
14.706611619, 14.709582365
14.716611593, 14.719583267
14.726611600, 14.729614011
14.736611584, 14.739565768
14.746611601, 14.749342897
14.756611592, 14.759482056
14.766611593, 14.769559046
14.776611591, 14.779496010
14.786611602, 14.789558775
14.796611588, 14.799582975
14.806611618, 14.809579892
14.816611591, 14.819546407
14.826611593, 14.829534065
14.836611588, 14.839662946
14.846611602, 14.849668213
14.856611596, 14.859720264
14.866611595, 14.869718481
14.876611613, 14.879546321
14.886611617, 14.889604720
14.896611588, 14.899580344
14.906611595, 14.909613946
14.916611585, 14.919642738
14.926611603, 14.929654861
14.936611597, 14.939590483
14.946611615, 14.949666727
14.956611588, 14.959620196
14.966611610, 14.969649200
14.976611584, 14.979440405
14.986611596, 14.989437091
14.996611587, 14.999444420
15.006611591, 15.009582820
15.016611587, 15.019445592
15.026611607, 15.029508868
15.036611589, 15.039581985
15.046611606, 15.049548301
15.056611593, 15.059561451
15.066611587, 15.069663222
15.076611594, 15.079572014
15.086611602, 15.089535971
15.096611584, 15.099678367
15.106611601, 15.109254225
15.116611585, 15.119371228
15.126611584, 15.129417815
15.136611588, 15.139641188
15.146611602, 15.149667081
15.156611589, 15.159572281
15.166611591, 15.169579894
15.176611594, 15.179595306
15.186611591, 15.189606991
15.196611590, 15.199475157
15.206611605, 15.209420012
15.216611591, 15.219610299
15.226611603, 15.229528394
15.236611589, 15.239620396
15.246611594, 15.249579173
15.256611589, 15.259542624
15.266611602, 15.269552731
15.276611588, 15.279674515
15.286611598, 15.289617214
15.296611591, 15.299615390
15.306611593, 15.309613636
15.316611596, 15.319631126
15.326611592, 15.329590366
15.336611596, 15.339640352
15.346611596, 15.349584192
15.356611592, 15.359409165
15.366611594, 15.369349442
15.376611596, 15.379431423
15.386611600, 15.389400605
15.396611585, 15.399472696
15.406611596, 15.409631833
15.416611588, 15.419541203
15.426611585, 15.429619215
15.436611588, 15.439624345
15.446611588, 15.449522557
15.456611602, 15.459598270
15.466611593, 15.469557037
15.476611587, 15.479515965
15.486611592, 15.489336274
15.496611589, 15.499607687
15.506611605, 15.509571100
15.516611586, 15.519620768
15.526611611, 15.529699552
15.536611593, 15.539620820
15.546611586, 15.549555300
15.556611589, 15.559596884
15.566611625, 15.569667041
15.576611590, 15.579691834
15.586611598, 15.589618086
15.596611585, 15.599589174
15.606611594, 15.609616061
15.616611589, 15.619632630
15.626611595, 15.629333997
15.636611594, 15.639423647
15.646611601, 15.649446231
15.656611590, 15.659625726
15.666611587, 15.669627248
15.676611589, 15.679559713
15.686611595, 15.689573749
15.696611582, 15.699540382
15.706611628, 15.709678956
15.716611587, 15.719682907
15.726611593, 15.729618777
15.736611599, 15.739716264
15.746611600, 15.749616216
15.756611588, 15.759623201
15.766611601, 15.769595327
15.776611589, 15.779666549
15.786611622, 15.789603476
15.796611585, 15.799606986
15.806611610, 15.809568694
15.816611590, 15.819565121
15.826611601, 15.829659519
15.836611589, 15.839601077
15.846611590, 15.849566972
15.856611593, 15.859605842
15.866611592, 15.869571519
15.876611594, 15.879606524
15.886611603, 15.889628852
15.896611586, 15.899316905
15.906611585, 15.909574338
15.916611590, 15.919651705
15.926611605, 15.929700995
15.936611594, 15.939620952
15.946611593, 15.949660704
15.956611587, 15.959607533
15.966611593, 15.969674382
15.976611587, 15.979613117
15.986611610, 15.989673223
15.996611586, 15.999640749
16.006611603, 16.009540194
16.016611591, 16.019534597
16.026611587, 16.029618005
16.036611589, 16.039642868
16.046611595, 16.049624772
16.056611588, 16.059603031
16.066611606, 16.069638390
16.076611597, 16.079581203
16.086611585, 16.089655337
16.096611594, 16.099458224
16.106611600, 16.109434157
16.116611594, 16.119579836
16.126611593, 16.129547973
16.136611592, 16.139508273
16.146611586, 16.149631677
16.156611583, 16.159627938
16.166611610, 16.169567807
16.176611587, 16.179699077
16.186611601, 16.189602008
16.196611589, 16.199544187
16.206611594, 16.209401603
16.216611590, 16.219311818
16.226611605, 16.229344801
16.236611584, 16.239403302
16.246611603, 16.249617535
16.256611583, 16.259640161
16.266611584, 16.269602195
16.276611583, 16.279571175
16.286611607, 16.289541399
16.296611597, 16.299563610
16.306611603, 16.309591152
16.316611595, 16.319545303
16.326611590, 16.329547971
16.336611584, 16.339506891
16.346611600, 16.349487360
16.356611592, 16.359399713
16.366611598, 16.369331357
16.376611588, 16.379398593
16.386611585, 16.389452458
16.396611590, 16.399648814
16.406611600, 16.409656916
16.416611591, 16.419674544
16.426611601, 16.429649336
16.436611587, 16.439653222
16.446611591, 16.449668703
16.456611586, 16.459559428
16.466611595, 16.469705877
16.476611590, 16.479649341
16.486611611, 16.489607065
16.496611597, 16.499642583
16.506611588, 16.509627642
16.516611594, 16.519588622
16.526611600, 16.529627508
16.536611592, 16.539432141
16.546611603, 16.549592748
16.556611622, 16.559545366
16.566611592, 16.569404329
16.576611586, 16.579372778
16.586611595, 16.589466669
16.596611589, 16.599297684
16.606611596, 16.609473303
16.616611595, 16.619649417
16.626611591, 16.629635634
16.636611596, 16.639665914
16.646611597, 16.649602964
16.656611589, 16.659644582
16.666611623, 16.669569522
16.676611595, 16.679614908
16.686611589, 16.689626832
16.696611590, 16.699565622
16.706611600, 16.709584673
16.716611584, 16.719559277
16.726611591, 16.729536219
16.736611592, 16.739519612
16.746611589, 16.749619891
16.756611584, 16.759559731
16.766611600, 16.769572190
16.776611592, 16.779578366
16.786611603, 16.789624709
16.796611593, 16.799594765
16.806611607, 16.809635906
16.816611591, 16.819617734
16.826611600, 16.829674358
16.836611587, 16.839562076
16.846611593, 16.849632594
16.856611590, 16.859664082
16.866611589, 16.869748306
16.876611584, 16.879647512
16.886611602, 16.889682771
16.896611596, 16.899661248
16.906611608, 16.909565542
16.916611592, 16.919581830
16.926611583, 16.929612960
16.936611587, 16.939593666
16.946611602, 16.949401831
16.956611587, 16.959327189
16.966611596, 16.969558410
16.976611613, 16.979609212
16.986611588, 16.989575013
16.996611587, 16.999570644
17.006611597, 17.009647654
17.016611586, 17.019556193
17.026611606, 17.029553955
17.036611587, 17.039640681
17.046611592, 17.049538685
17.056611583, 17.059619664
17.066611592, 17.069482804
17.076611586, 17.079245612
17.086611595, 17.089464643
17.096611595, 17.099407437
17.106611603, 17.109370194
17.116611586, 17.119395326
17.126611602, 17.129615279
17.136611595, 17.139697412
17.146611606, 17.149571106
17.156611594, 17.159568234
17.166611592, 17.169704058
17.176611584, 17.179604583
17.186611610, 17.189608021
17.196611586, 17.199654886
17.206611603, 17.209223305
17.216611585, 17.219282853
17.226611587, 17.229517038
17.236611585, 17.239574506
17.246611595, 17.249541922
17.256611592, 17.259623107
17.266611598, 17.269702299
17.276611593, 17.279691504
17.286611597, 17.289645784
17.296611587, 17.299634243
17.306611600, 17.309596469
17.316611585, 17.319621189
17.326611593, 17.329608894
17.336611586, 17.339586850
17.346611583, 17.349660986
17.356611583, 17.359645086
17.366611599, 17.369643018
17.376611594, 17.379664609
17.386611603, 17.389414542
17.396611592, 17.399372678
17.406611585, 17.409408670
17.416611583, 17.419565512
17.426611597, 17.429419400
17.436611593, 17.439516183
17.446611598, 17.449592625
17.456611594, 17.459548089
17.466611584, 17.469665316
17.476611590, 17.479644953
17.486611610, 17.489643454
17.496611584, 17.499695250
17.506611608, 17.509650929
17.516611591, 17.519632846
17.526611584, 17.529667204
17.536611586, 17.539674265
17.546611602, 17.549648148
17.556611596, 17.559589554
17.566611593, 17.569631933
17.576611588, 17.579621310
17.586611593, 17.589651370
17.596611586, 17.599575686
17.606611607, 17.609607347
17.616611588, 17.619478810
17.626611593, 17.629306851
17.636611587, 17.639483755
17.646611591, 17.649438381
17.656611589, 17.659430161
17.666611607, 17.669604971
17.676611597, 17.679569331
17.686611596, 17.689656306
17.696611594, 17.699730139
17.706611612, 17.709645423
17.716611611, 17.719713491
17.726611607, 17.729693899
17.736611592, 17.739570362
17.746611601, 17.749590956
17.756611590, 17.759614156
17.766611589, 17.769506070
17.776611593, 17.779650629
17.786611597, 17.789704666
17.796611588, 17.799607543
17.806611631, 17.809299505
17.816611584, 17.819334156
17.826611591, 17.829454533
17.836611594, 17.839514898
17.846611600, 17.849667118
17.856611589, 17.859559858
17.866611591, 17.869675863
17.876611588, 17.879643365
17.886611593, 17.889603708
17.896611591, 17.899560888
17.906611595, 17.909499523
17.916611592, 17.919653966
17.926611608, 17.929696380
17.936611587, 17.939669686
17.946611597, 17.949633274
17.956611591, 17.959396308
17.966611595, 17.969359171
17.976611596, 17.979430122
17.986611606, 17.989464353
17.996611592, 17.999512888
18.006611590, 18.009299944
18.016611589, 18.019457628
18.026611595, 18.029671538
18.036611596, 18.039582418
18.046611606, 18.049551882
18.056611589, 18.059567433
18.066611585, 18.069617987
18.076611597, 18.079587410
18.086611597, 18.089678814
18.096611598, 18.099637184
18.106611603, 18.109574867
18.116611596, 18.119627723
18.126611589, 18.129504030
18.136611589, 18.139627117
18.146611600, 18.149618852
18.156611592, 18.159613593
18.166611601, 18.169725169
18.176611596, 18.179356072
18.186611585, 18.189349090
18.196611616, 18.199603379
18.206611595, 18.209684840
18.216611592, 18.219703408
18.226611593, 18.229724480
18.236611588, 18.239451164
18.246611583, 18.249420117
18.256611584, 18.259379666
18.266611600, 18.269249046
18.276611583, 18.279666307
18.286611606, 18.289318406
18.296611584, 18.299288524
18.306611585, 18.309549212
18.316611610, 18.319465468
18.326611607, 18.329464910
18.336611589, 18.339567647
18.346611603, 18.349523925
18.356611585, 18.359617908
18.366611585, 18.369575836
18.376611583, 18.379547008
18.386611597, 18.389564634
18.396611612, 18.399661622
18.406611608, 18.409648602
18.416611613, 18.419632608
18.426611616, 18.429497255
18.436611590, 18.439580937
18.446611607, 18.449618296
18.456611590, 18.459647619
18.466611596, 18.469667856
18.476611595, 18.479583693
18.486611593, 18.489701604
18.496611588, 18.499515311
18.506611605, 18.509540842
18.516611592, 18.519511275
18.526611591, 18.529453002
18.536611597, 18.539301338
18.546611616, 18.549630888
18.556611586, 18.559579621
18.566611597, 18.569540664
18.576611589, 18.579498209
18.586611598, 18.589603654
18.596611583, 18.599535144
18.606611606, 18.609705208
18.616611589, 18.619608067
18.626611602, 18.629609359
18.636611595, 18.639568022
18.646611603, 18.649567502
18.656611612, 18.659267265
18.666611593, 18.669472587
18.676611590, 18.679685313
18.686611607, 18.689343834
18.696611592, 18.699516473
18.706611613, 18.709619222
18.716611588, 18.719683645
18.726611599, 18.729469619
18.736611589, 18.739631945
18.746611600, 18.749582106
18.756611594, 18.759588580
18.766611603, 18.769672560
18.776611589, 18.779578811
18.786611589, 18.789308953
18.796611589, 18.799558605
18.806611602, 18.809665828
18.816611610, 18.819578653
18.826611593, 18.829551762
18.836611585, 18.839436425
18.846611589, 18.849575964
18.856614098, 18.859391132
18.866611592, 18.869571000
18.876611596, 18.879558724
18.886611601, 18.889624817
18.896611591, 18.899568015
18.906611591, 18.909518187
18.916611589, 18.919656471
18.926611597, 18.929417010
18.936611589, 18.939594030
18.946611601, 18.949600454
18.956611607, 18.959682745
18.966611591, 18.969298705
18.976611607, 18.979478746
18.986611595, 18.989621722
18.996611594, 18.999590946
19.006611593, 19.009580148
19.016611589, 19.019505716
19.026611593, 19.029426614
19.036611589, 19.039588333
19.046611617, 19.049565810
19.056611584, 19.059594393
19.066611603, 19.069697765
19.076611588, 19.079532232
19.086611587, 19.089600266
19.096611588, 19.099538748
19.106611607, 19.109634890
19.116611592, 19.119336641
19.126611596, 19.129565352
19.136611593, 19.139707163
19.146611597, 19.149650962
19.156611587, 19.159634561
19.166611602, 19.169578721
19.176611594, 19.179301812
19.186611598, 19.189525541
19.196611589, 19.199611393
19.206611587, 19.209551409
19.216611596, 19.219562140
19.226611597, 19.229599686
19.236611592, 19.239631243
19.246611603, 19.249538746
19.256611590, 19.259569327
19.266611587, 19.269571062
19.276611590, 19.279619186
19.286611605, 19.289712891
19.296611598, 19.299554051
19.306611596, 19.309625762
19.316611587, 19.319524552
19.326611593, 19.329728248
19.336611589, 19.339539661
19.346611607, 19.349635415
19.356611586, 19.359607127
19.366611621, 19.369659508
19.376611598, 19.379528344
19.386611596, 19.389428858
19.396611595, 19.399450123
19.406611625, 19.409660913
19.416611590, 19.419580912
19.426611603, 19.429572001
19.436611591, 19.439533638
19.446611590, 19.449518149
19.456611594, 19.459547902
19.466611597, 19.469509191
19.476611589, 19.479611261
19.486611596, 19.489631674
19.496611591, 19.499551538
19.506611596, 19.509613352
19.516611589, 19.519602404
19.526611600, 19.529649571
19.536611592, 19.539595720
19.546611593, 19.549639284
19.556611592, 19.559708703
19.566611587, 19.569546824
19.576611593, 19.579535092
19.586611607, 19.589313837
19.596611594, 19.599301759
19.606611594, 19.609265847
19.616611617, 19.619321379
19.626611586, 19.629350691
19.636611586, 19.639211280
19.646611602, 19.649578264
19.656611586, 19.659439034
19.666611593, 19.669469339
19.676611583, 19.679518672
19.686611592, 19.689545808
19.696611594, 19.699549840
19.706611622, 19.709623819
19.716611593, 19.719662440
19.726611606, 19.729576895
19.736611596, 19.739268878
19.746611592, 19.749300440
19.756611588, 19.759587664
19.766611597, 19.769331825
19.776611589, 19.779556790
19.786611591, 19.789643873
19.796611585, 19.799480476
19.806611609, 19.809439573
19.816611589, 19.819529784
19.826611595, 19.829530736
19.836611584, 19.839525546
19.846611598, 19.849634391
19.856611585, 19.859577106
19.866611591, 19.869586409
19.876611589, 19.879546466
19.886611602, 19.889519175
19.896611588, 19.899521129
19.906611598, 19.909556786
19.916611595, 19.919651533
19.926611594, 19.929557724
19.936611586, 19.939541159
19.946611595, 19.949637356
19.956611594, 19.959553758
19.966611598, 19.969607548
19.976611615, 19.979585967
19.986611587, 19.989581994
19.996611592, 19.999592466
20.006611600, 20.009684309
20.016611584, 20.019594805
20.026611601, 20.029717147
20.036611622, 20.039261512
20.046611591, 20.049309705
20.056611591, 20.059662658
20.066611592, 20.069681285
20.076611594, 20.079560279
20.086611596, 20.089632443
20.096611592, 20.099655341
20.106611591, 20.109564969
20.116611594, 20.119645167
20.126611625, 20.129495385
20.136611587, 20.139544771
20.146611603, 20.149733848
20.156611595, 20.159587253
20.166611583, 20.169608989
20.176611617, 20.179661330
20.186611610, 20.189573285
20.196611613, 20.199588114
20.206611593, 20.209572702
20.216611586, 20.219310732
20.226611592, 20.229308901
20.236611588, 20.239415979
20.246611605, 20.249334945
20.256611591, 20.259417640
20.266611603, 20.269584769
20.276611595, 20.279576077
20.286611585, 20.289459692
20.296611590, 20.299563903
20.306611602, 20.309472899
20.316611590, 20.319537226
20.326611606, 20.329531899
20.336611587, 20.339511111
20.346611588, 20.349548257
20.356611593, 20.359524700
20.366611607, 20.369284869
20.376611585, 20.379773906
20.386611596, 20.389658366
20.396611591, 20.399540350
20.406611593, 20.409593226
20.416611593, 20.419555421
20.426611607, 20.429547904
20.436611583, 20.439573559
20.446611606, 20.449567046
20.456611589, 20.459602519
20.466611611, 20.469492732
20.476611594, 20.479595063
20.486611612, 20.489691765
20.496611596, 20.499618118
20.506611598, 20.509379048
20.516611594, 20.519552858
20.526611587, 20.529408024
20.536611585, 20.539500428
20.546611605, 20.549543544
20.556611590, 20.559516869
20.566611603, 20.569587180
20.576611585, 20.579647678
20.586611589, 20.589589320
20.596611585, 20.599662627
20.606611610, 20.609542198
20.616611586, 20.619515952
20.626611593, 20.629662587
20.636611594, 20.639334017
20.646611583, 20.649552579
20.656611590, 20.659239829
20.666611607, 20.669485299
20.676611592, 20.679558785
20.686611606, 20.689668040
20.696611586, 20.699572389
20.706611593, 20.709513503
20.716611590, 20.719576098
20.726611600, 20.729470786
20.736611583, 20.739458733
20.746611601, 20.749516365
20.756611594, 20.759465628
20.766611591, 20.769656847
20.776611594, 20.779666639
20.786611602, 20.789584389
20.796611592, 20.799523496
20.806611613, 20.809559465
20.816611593, 20.819477861
20.826611593, 20.829471864
20.836611583, 20.839305231
20.846611597, 20.849540712
20.856611590, 20.859282928
20.866611601, 20.869457409
20.876611589, 20.879678350
20.886611593, 20.889527813
20.896611591, 20.899527094
20.906611595, 20.909597571
20.916611583, 20.919674677
20.926611598, 20.929614375
20.936611594, 20.939578426
20.946611589, 20.949489682
20.956611589, 20.959527397
20.966611602, 20.969558422
20.976611584, 20.979564024
20.986611601, 20.989581130
20.996611589, 20.999552155
21.006611582, 21.009497279
21.016611587, 21.019511789
21.026611595, 21.029563555
21.036611590, 21.039381938
21.046611598, 21.049605098
21.056611591, 21.059451636
21.066611587, 21.069564950
21.076611593, 21.079529158
21.086611605, 21.089549124
21.096611594, 21.099557085
21.106611606, 21.109534749
21.116611587, 21.119563806
21.126611595, 21.129588625
21.136611587, 21.139593216
21.146611607, 21.149659951
21.156611586, 21.159700598
21.166611606, 21.169513953
21.176611594, 21.179350682
21.186611615, 21.189365452
21.196611584, 21.199241815
21.206611594, 21.209587084
21.216611597, 21.219562180
21.226611598, 21.229562362
21.236611590, 21.239560967
21.246611587, 21.249582931
21.256611583, 21.259521075
21.266611595, 21.269627278
21.276611590, 21.279634466
21.286611606, 21.289594114
21.296611593, 21.299604530
21.306611587, 21.309590715
21.316611590, 21.319585596
21.326611602, 21.329604300
21.336611588, 21.339591096
21.346611596, 21.349347329
21.356611591, 21.359418775
21.366611597, 21.369457645
21.376611586, 21.379610233
21.386611592, 21.389578230
21.396611592, 21.399488320
21.406611598, 21.409507781
21.416611595, 21.419568541
21.426611587, 21.429595823
21.436611584, 21.439447130
21.446611602, 21.449597331
21.456611589, 21.459552366
21.466611598, 21.469690824
21.476611599, 21.479420767
21.486611591, 21.489544041
21.496611587, 21.499641678
21.506611595, 21.509712788
21.516611594, 21.519652825
21.526611596, 21.529572690
21.536611591, 21.539610800
21.546611589, 21.549315693
21.556611586, 21.559622732
21.566611605, 21.569590870
21.576611590, 21.579586600
21.586611596, 21.589655358
21.596611591, 21.599476060
21.606611587, 21.609582810
21.616611584, 21.619657666
21.626611597, 21.629499282
21.636611584, 21.639600594
21.646611596, 21.649614625
21.656611591, 21.659553701
21.666611594, 21.669532846
21.676611594, 21.679580050
21.686611607, 21.689525157
21.696611585, 21.699376795
21.706611623, 21.709380250
21.716611592, 21.719670411
21.726611589, 21.729599121
21.736611587, 21.739640081
21.746611600, 21.749543662
21.756611594, 21.759595096
21.766611598, 21.769630827
21.776611586, 21.779570744
21.786611583, 21.789571955
21.796611593, 21.799554831
21.806611607, 21.809580503
21.816611588, 21.819569126
21.826611596, 21.829658952
21.836611591, 21.839315567
21.846611597, 21.849444759
21.856611592, 21.859509494
21.866611594, 21.869551601
21.876611604, 21.879516858
21.886611592, 21.889640549
21.896611590, 21.899636199
21.906611594, 21.909651801
21.916611590, 21.919657984
21.926611607, 21.929597594
21.936611591, 21.939599129
21.946611596, 21.949714962
21.956611594, 21.959641167
21.966611584, 21.969614140
21.976611593, 21.979494257
21.986611607, 21.989422445
21.996611592, 21.999345930
22.006611601, 22.009430936
22.016611591, 22.019419305
22.026611591, 22.029312028
22.036611584, 22.039475506
22.046611605, 22.049309458
22.056611588, 22.059384017
22.066611613, 22.069487883
22.076611609, 22.079527287
22.086611587, 22.089648760
22.096611618, 22.099521763
22.106611595, 22.109632484
22.116611592, 22.119656314
22.126611603, 22.129644695
22.136611589, 22.139631149
22.146611607, 22.149602644
22.156611586, 22.159691706
22.166611594, 22.169611868
22.176611597, 22.179656244
22.186611598, 22.189643584
22.196611592, 22.199571622
22.206611591, 22.209626281
22.216611589, 22.219664282
22.226611605, 22.229663693
22.236611592, 22.239642631
22.246611608, 22.249594951
22.256611585, 22.259547165
22.266611593, 22.269398392
22.276611590, 22.279505055
22.286611592, 22.289606483
22.296611586, 22.299534702
22.306611601, 22.309554356
22.316611589, 22.319553252
22.326611589, 22.329586661
22.336611596, 22.339646985
22.346611597, 22.349678085
22.356611592, 22.359562962
22.366611593, 22.369610175
22.376611588, 22.379621639
22.386611587, 22.389580344
22.396611584, 22.399618589
22.406611600, 22.409637477
22.416611587, 22.419600471
22.426611601, 22.429631150
22.436611592, 22.439556556
22.446611587, 22.449612255
22.456611590, 22.459653353
22.466611602, 22.469593323
22.476611582, 22.479468991
22.486611601, 22.489564315
22.496611593, 22.499584072
22.506611589, 22.509309272
22.516611590, 22.519448434
22.526611605, 22.529464460
22.536611592, 22.539381788
22.546611593, 22.549299210
22.556611597, 22.559427025
22.566611592, 22.569381620
22.576611593, 22.579474864
22.586611586, 22.589333358
22.596611602, 22.599542089
22.606611594, 22.609592167
22.616611591, 22.619565782
22.626611588, 22.629589540
22.636611595, 22.639637165
22.646611602, 22.649640144
22.656611584, 22.659616430
22.666611603, 22.669585894
22.676611587, 22.679574674
22.686611594, 22.689600801
22.696611592, 22.699564459
22.706611602, 22.709630445
22.716611592, 22.719565040
22.726611603, 22.729550090
22.736611593, 22.739522745
22.746611593, 22.749641374
22.756611590, 22.759528955
22.766611602, 22.769566532
22.776611594, 22.779639524
22.786611603, 22.789583922
22.796611612, 22.799693965
22.806611609, 22.809644486
22.816611585, 22.819594153
22.826611597, 22.829693752
22.836611610, 22.839241432
22.846611614, 22.849345561
22.856611587, 22.859434077
22.866611615, 22.869618818
22.876611583, 22.879622237
22.886611595, 22.889564123
22.896611589, 22.899530301
22.906611593, 22.909615162
22.916611586, 22.919521065
22.926611585, 22.929290122
22.936611587, 22.939409327
22.946611597, 22.949485587
22.956611594, 22.959503581
22.966611598, 22.969494113
22.976611586, 22.979632698
22.986611589, 22.989505598
22.996611593, 22.999588790
23.006611600, 23.009679836
23.016611587, 23.019637060
23.026611601, 23.029570662
23.036611591, 23.039591507
23.046611589, 23.049711876
23.056611579, 23.059627012
23.066611610, 23.069618379
23.076611592, 23.079655020
23.086611606, 23.089606353
23.096611585, 23.099671503
23.106611593, 23.109656761
23.116611597, 23.119638601
23.126611594, 23.129655754
23.136611597, 23.139464609
23.146611601, 23.149414422
23.156611586, 23.159565622
23.166611587, 23.169651792
23.176611585, 23.179554605
23.186611595, 23.189645552
23.196611595, 23.199565417
23.206611596, 23.209549799
23.216611589, 23.219657809
23.226611589, 23.229631288
23.236611592, 23.239639109
23.246611600, 23.249613479
23.256611590, 23.259556056
23.266611598, 23.269682336
23.276611588, 23.279640804
23.286611599, 23.289584775
23.296611597, 23.299361356
23.306611622, 23.309337794
23.316611589, 23.319437925
23.326611601, 23.329500739
23.336611588, 23.339434929
23.346611613, 23.349669503
23.356611590, 23.359608688
23.366611602, 23.369546006
23.376611595, 23.379599036
23.386611603, 23.389487743
23.396611594, 23.399585480
23.406611595, 23.409559462
23.416611588, 23.419624534
23.426611593, 23.429662246
23.436611607, 23.439634427
23.446611591, 23.449551449
23.456611587, 23.459658478
23.466611587, 23.469624797
23.476611587, 23.479608756
23.486611607, 23.489350264
23.496611588, 23.499319587
23.506611595, 23.509431073
23.516611589, 23.519393671
23.526611582, 23.529497305
23.536611588, 23.539619876
23.546611592, 23.549616928
23.556611590, 23.559562190
23.566611598, 23.569657717
23.576611597, 23.579577881
23.586611585, 23.589589987
23.596611586, 23.599507751
23.606611602, 23.609519273
23.616611584, 23.619551865
23.626611591, 23.629520843
23.636611583, 23.639467008
23.646611593, 23.649597676
23.656611590, 23.659663023
23.666611592, 23.669704877
23.676611604, 23.679686716
23.686611606, 23.689756527
23.696611598, 23.699666377
23.706611609, 23.709329829
23.716611588, 23.719555274
23.726611592, 23.729424721
23.736611604, 23.739422665
23.746611596, 23.749591292
23.756611591, 23.759567852
23.766611592, 23.769622958
23.776611592, 23.779645516
23.786611610, 23.789569637
23.796611587, 23.799661773
23.806611606, 23.809568705
23.816611587, 23.819665621
23.826611589, 23.829365081
23.836611591, 23.839307526
23.846611592, 23.849550544
23.856611607, 23.859573610
23.866611598, 23.869683847
23.876611595, 23.879673613
23.886611597, 23.889658919
23.896611593, 23.899692664
23.906611584, 23.909682950
23.916611597, 23.919640193
23.926611593, 23.929661547
23.936611591, 23.939627889
23.946611585, 23.949614737
23.956611589, 23.959620509
23.966611592, 23.969701923
23.976611597, 23.979637922
23.986611601, 23.989586508
23.996611593, 23.999391360
24.006611590, 24.009377771
24.016611584, 24.019398112
24.026611594, 24.029514740
24.036611597, 24.039551909
24.046611606, 24.049563171
24.056611594, 24.059591213
24.066611592, 24.069609606
24.076611584, 24.079553344
24.086611587, 24.089694647
24.096611604, 24.099595691
24.106611603, 24.109677399
24.116611584, 24.119599445
24.126611585, 24.129557601
24.136611587, 24.139613691
24.146611587, 24.149640650
24.156611599, 24.159617799
24.166611603, 24.169629684
24.176611589, 24.179599178
24.186611589, 24.189595746
24.196611604, 24.199627481
24.206611584, 24.209663697
24.216611597, 24.219641521
24.226611603, 24.229603304
24.236611589, 24.239652299
24.246611586, 24.249655928
24.256611591, 24.259351389
24.266611596, 24.269353424
24.276611602, 24.279480521
24.286611606, 24.289471747
24.296611597, 24.299597509
24.306611589, 24.309520532
24.316611612, 24.319685653
24.326611617, 24.329524663
24.336611593, 24.339704610
24.346611603, 24.349584606
24.356611586, 24.359658833
24.366611585, 24.369627904
24.376611584, 24.379575209
24.386611592, 24.389630292
24.396611592, 24.399564771
24.406611601, 24.409626664
24.416611609, 24.419565217
24.426611585, 24.429683742
24.436611589, 24.439638551
24.446611588, 24.449606986
24.456611604, 24.459565992
24.466611596, 24.469559412
24.476611595, 24.479542345
24.486611583, 24.489586766
24.496611592, 24.499658639
24.506611588, 24.509532967
24.516611599, 24.519556582
24.526611601, 24.529245353
24.536611594, 24.539374330
24.546611593, 24.549474414
24.556611584, 24.559503220
24.566611610, 24.569488316
24.576611594, 24.579645345
24.586611611, 24.589601308
24.596611596, 24.599472618
24.606611587, 24.609579193
24.616611589, 24.619588194
24.626611589, 24.629663309
24.636611597, 24.639633121
24.646611596, 24.649591402
24.656611591, 24.659614981
24.666611583, 24.669622116
24.676611588, 24.679620562
24.686611589, 24.689672545
24.696611602, 24.699626139
24.706611626, 24.709622362
24.716611595, 24.719484686
24.726611591, 24.729577610
24.736611583, 24.739611077
24.746611594, 24.749616954
24.756611594, 24.759630058
24.766611593, 24.769564420
24.776611586, 24.779694701
24.786611599, 24.789717697
24.796611591, 24.799685874
24.806611612, 24.809677924
24.816611609, 24.819653016
24.826611606, 24.829507167
24.836611595, 24.839273606
24.846611587, 24.849424800
24.856611590, 24.859573533
24.866611584, 24.869562950
24.876611604, 24.879607556
24.886611593, 24.889567253
24.896611591, 24.899654633
24.906611586, 24.909595060
24.916611592, 24.919660284
24.926611590, 24.929592826
24.936611594, 24.939472369
24.946611603, 24.949644938
24.956611591, 24.959497848
24.966611592, 24.969653929
24.976611589, 24.979637729
24.986611596, 24.989680125
24.996611599, 24.999720503
25.006611606, 25.009671653
25.016611589, 25.019646206
25.026611596, 25.029664768
25.036611588, 25.039663815
25.046611596, 25.049688068
25.056611602, 25.059629076
25.066611596, 25.069598321
25.076611591, 25.079554582
25.086611585, 25.089343162
25.096611596, 25.099391401
25.106611587, 25.109460993
25.116611594, 25.119378833
25.126611591, 25.129588141
25.136611587, 25.139634539
25.146611585, 25.149581080
25.156611587, 25.159651797
25.166611592, 25.169561472
25.176611604, 25.179562872
25.186611621, 25.189518068
25.196611593, 25.199723378
25.206611599, 25.209645499
25.216611599, 25.219742955
25.226611588, 25.229657557
25.236611607, 25.239633158
25.246611596, 25.249656552
25.256611594, 25.259702374
25.266611593, 25.269619166
25.276611587, 25.279401343
25.286611594, 25.289419643
25.296611589, 25.299434150
25.306611593, 25.309575301
25.316611592, 25.319618887
25.326611589, 25.329581485
25.336611594, 25.339560964
25.346611587, 25.349561496
25.356611597, 25.359582128
25.366611606, 25.369635543
25.376611593, 25.379453526
25.386611592, 25.389546246
25.396611596, 25.399675224
25.406611587, 25.409382974
25.416611599, 25.419363254
25.426611601, 25.429255171
25.436611595, 25.439546387
25.446611594, 25.449449033
25.456611588, 25.459341695
25.466611586, 25.469655111
25.476611607, 25.479698338
25.486611598, 25.489512249
25.496611588, 25.499315480
25.506611583, 25.509548611
25.516611589, 25.519621506
25.526611585, 25.529577765
25.536611604, 25.539633863
25.546611603, 25.549738666
25.556611590, 25.559579389
25.566611586, 25.569684585
25.576611583, 25.579499999
25.586611597, 25.589584666
25.596611599, 25.599645728
25.606611596, 25.609558711
25.616611587, 25.619516513
25.626611592, 25.629478412
25.636611584, 25.639551117
25.646611586, 25.649529804
25.656611594, 25.659417051
25.666611591, 25.669365604
25.676611589, 25.679213169
25.686611586, 25.689539515
25.696611587, 25.699668772
25.706611620, 25.709619963
25.716611599, 25.719500291
25.726611593, 25.729645284
25.736611588, 25.739643698
25.746611591, 25.749627246
25.756611592, 25.759687686
25.766611596, 25.769570605
25.776611597, 25.779663546
25.786611601, 25.789555142
25.796611590, 25.799584154
25.806611612, 25.809540077
25.816611596, 25.819605241
25.826611589, 25.829515750
25.836611594, 25.839530050
25.846611603, 25.849655426
25.856611597, 25.859646618
25.866611584, 25.869550843
25.876611586, 25.879381000
25.886611586, 25.889625153
25.896611604, 25.899669070
25.906611611, 25.909500160
25.916611584, 25.919402102
25.926611594, 25.929661772
25.936622996, 25.939306805
25.946611590, 25.949453116
25.956615917, 25.959723785
25.966611608, 25.969594111
25.976617064, 25.979631740
25.986611586, 25.989367753
25.996621635, 25.999668000
26.006611584, 26.009611232
26.016615616, 26.019590987
26.026611598, 26.029608518
26.036615172, 26.039601354
26.046611595, 26.049611300
26.056620668, 26.059581690
26.066611587, 26.069489677
26.076614737, 26.079415959
26.086611603, 26.089319214
26.096614340, 26.099575831
26.106611620, 26.109648359
26.116619750, 26.119588420
26.126611594, 26.129667909
26.136614804, 26.139677816
26.146611588, 26.149328741
26.156613480, 26.159342175
26.166611617, 26.169337117
26.176620137, 26.179359570
26.186611592, 26.189325392
26.196612804, 26.199306686
26.206611597, 26.209547834
26.216612902, 26.219561465
26.226611587, 26.229604875
26.236619699, 26.239603064
26.246611583, 26.249618394
26.256613248, 26.259595129
26.266611606, 26.269564891
26.276611786, 26.279549022
26.286611587, 26.289619950
26.296616601, 26.299720461
26.306611593, 26.309588116
26.316612065, 26.319584714
26.326611593, 26.329647898
26.336611609, 26.339642918
26.346611593, 26.349578274
26.356616891, 26.359628167
26.366611604, 26.369705613
26.376611667, 26.379597147
26.386611601, 26.389646492
26.396611590, 26.399639465
26.406611590, 26.409698026
26.416619407, 26.419607006
26.426611591, 26.429743322
26.436617062, 26.439654397
26.446611591, 26.449633376
26.456611594, 26.459654655
26.466611592, 26.469344366
26.476616838, 26.479472759
26.486611589, 26.489447971
26.496611614, 26.499534534
26.506611603, 26.509565841
26.516611585, 26.519731965
26.526611593, 26.529649755
26.536619909, 26.539695967
26.546611589, 26.549634249
26.556611609, 26.559606900
26.566611606, 26.569490800
26.576611587, 26.579628895
26.586611594, 26.589525781
26.596616296, 26.599641435
26.606611589, 26.609592983
26.616611607, 26.619650242
26.626611593, 26.629617445
26.636611587, 26.639745293
26.646611587, 26.649648904
26.656621758, 26.659563650
26.666611594, 26.669575722
26.676611594, 26.679583943
26.686611603, 26.689628293
26.696611586, 26.699303803
26.706620543, 26.709548896
26.716614603, 26.719640222
26.726611586, 26.729671838
26.736611599, 26.739641210
26.746611596, 26.749554711
26.756611594, 26.759661035
26.766611587, 26.769730350
26.776616858, 26.779671481
26.786611593, 26.789690827
26.796611602, 26.799549054
26.806611608, 26.809662784
26.816611597, 26.819652018
26.826611590, 26.829537539
26.836615001, 26.839271351
26.846611585, 26.849341324
26.856611600, 26.859306171
26.866611595, 26.869421494
26.876611589, 26.879409738
26.886611592, 26.889430059
26.896614306, 26.899496900
26.906611590, 26.909533473
26.916611599, 26.919567688
26.926611603, 26.929534495
26.936611586, 26.939553443
26.946611593, 26.949441488
26.956613571, 26.959663491
26.966611592, 26.969479794
26.976611604, 26.979534601
26.986611598, 26.989388266
26.996611596, 26.999571976
27.006611614, 27.009561727
27.016611611, 27.019715506
27.026611593, 27.029494085
27.036611604, 27.039715764
27.046611608, 27.049435598
27.056611583, 27.059679155
27.066611595, 27.069603886
27.076611594, 27.079629041
27.086611584, 27.089674560
27.096611609, 27.099611742
27.106611596, 27.109616282
27.116611597, 27.119500202
27.126611586, 27.129636025
27.136611589, 27.139653321
27.146611584, 27.149608326
27.156611597, 27.159538741
27.166611606, 27.169700630
27.176611592, 27.179702924
27.186611591, 27.189553843
27.196615232, 27.199731239
27.206611592, 27.209420496
27.216611604, 27.219428579
27.226611598, 27.229429180
27.236611594, 27.239569699
27.246611587, 27.249396109
27.256611587, 27.259403447
27.266611584, 27.269386162
27.276611619, 27.279694095
27.286611606, 27.289681759
27.296611600, 27.299471648
27.306611592, 27.309589415
27.316611587, 27.319589964
27.326611590, 27.329666288
27.336611594, 27.339634700
27.346611593, 27.349573222
27.356611591, 27.359663340
27.366611589, 27.369667412
27.376611593, 27.379456713
27.386611597, 27.389527349
27.396611599, 27.399630276
27.406611606, 27.409632317
27.416611589, 27.419695411
27.426611587, 27.429621541
27.436611669, 27.439721934
27.446611592, 27.449733163
27.456611609, 27.459667000
27.466611611, 27.469632904
27.476611589, 27.479320559
27.486611618, 27.489523786
27.496611593, 27.499432238
27.506611591, 27.509634616
27.516611597, 27.519684509
27.526611603, 27.529605040
27.536611604, 27.539580006
27.546611595, 27.549634397
27.556611583, 27.559508676
27.566611584, 27.569501789
27.576611599, 27.579342799
27.586611596, 27.589485026
27.596611595, 27.599550868
27.606611587, 27.609457316
27.616611592, 27.619577936
27.626611592, 27.629714182
27.636611629, 27.639690366
27.646611628, 27.649509380
27.656611594, 27.659512434
27.666611580, 27.669794911
27.676611627, 27.679493365
27.686611580, 27.689667620
27.696611599, 27.699662499
27.706611633, 27.709648937
27.716611582, 27.719519432
27.726611592, 27.729454758
27.736611610, 27.739676581
27.746611587, 27.749503307
27.756611607, 27.759618957
27.766611606, 27.769499515
27.776611589, 27.779449536
27.786611584, 27.789644896
27.796611587, 27.799599678
27.806611602, 27.809564423
27.816611604, 27.819589944
27.826611601, 27.829643219
27.836611589, 27.839526047
27.846611588, 27.849526567
27.856611590, 27.859622427
27.866611592, 27.869527128
27.876611602, 27.879636396
27.886611601, 27.889552471
27.896611590, 27.899221782
27.906611587, 27.909500797
27.916611589, 27.919600903
27.926611586, 27.929688031
27.936611597, 27.939604890
27.946611598, 27.949507634
27.956611594, 27.959496790
27.966611585, 27.969446274
27.976611607, 27.979458360
27.986611587, 27.989534820
27.996611597, 27.999651327
28.006611601, 28.009539051
28.016611591, 28.019656201
28.026611584, 28.029602392
28.036611591, 28.039583171
28.046611592, 28.049478647
28.056611609, 28.059486932
28.066611613, 28.069614513
28.076611589, 28.079673164
28.086611587, 28.089700618
28.096611587, 28.099564645
28.106611615, 28.109417976
28.116611617, 28.119465956
28.126611601, 28.129561711
28.136611592, 28.139718945
28.146611597, 28.149540530
28.156611591, 28.159664226
28.166611588, 28.169700390
28.176611604, 28.179470658
28.186611596, 28.189424461
28.196611593, 28.199568420
28.206611593, 28.209286901
28.216611593, 28.219391430
28.226611586, 28.229489648
28.236611602, 28.239342492
28.246611598, 28.249525298
28.256611641, 28.259427618
28.266611593, 28.269469668
28.276611582, 28.279692654
28.286611597, 28.289586427
28.296611597, 28.299698435
28.306611606, 28.309697673
28.316611595, 28.319526419
28.326611591, 28.329742463
28.336611612, 28.339644272
28.346611599, 28.349683777
28.356611604, 28.359610163
28.366611596, 28.369484280
28.376611588, 28.379715896
28.386611595, 28.389610940
28.396611593, 28.399610844
28.406611596, 28.409595994
28.416611597, 28.419628055
28.426611601, 28.429600451
28.436611585, 28.439581061
28.446611587, 28.449615603
28.456611595, 28.459595063
28.466611589, 28.469535608
28.476611602, 28.479555519
28.486611596, 28.489732053
28.496611618, 28.499700560
28.506611593, 28.509585603
28.516611599, 28.519314545
28.526611585, 28.529445809
28.536611599, 28.539681011
28.546611598, 28.549703196
28.556611617, 28.559653072
28.566611597, 28.569645541
28.576611597, 28.579603604
28.586611597, 28.589644045
28.596611604, 28.599670197
28.606611598, 28.609628679
28.616611592, 28.619529508
28.626611612, 28.629749853
28.636611588, 28.639629793
28.646611598, 28.649530017
28.656611592, 28.659560286
28.666611606, 28.669556645
28.676611587, 28.679681784
28.686614460, 28.689651816
28.696611595, 28.699490158
28.706611587, 28.709338323
28.716611604, 28.719588828
28.726611606, 28.729518066
28.736611608, 28.739684910
28.746611617, 28.749489440
28.756611591, 28.759549444
28.766611594, 28.769727309
28.776611594, 28.779662177
28.786611601, 28.789680060
28.796611590, 28.799532158
28.806611608, 28.809339430
28.816611592, 28.819718205
28.826611596, 28.829639778
28.836611602, 28.839681943
28.846611598, 28.849640159
28.856611585, 28.859477855
28.866611585, 28.869620004
28.876611592, 28.879575669
28.886611588, 28.889586119
28.896611594, 28.899675954
28.906611598, 28.909667222
28.916611594, 28.919593832
28.926611584, 28.929458331
28.936611593, 28.939676279
28.946611587, 28.949668808
28.956611604, 28.959691749
28.966611596, 28.969490944
28.976611585, 28.979434857
28.986611583, 28.989323127
28.996611588, 28.999447346
29.006611615, 29.009542773
29.016611627, 29.019632407
29.026611611, 29.029652935
29.036611591, 29.039623837
29.046611592, 29.049742099
29.056611590, 29.059676002
29.066611588, 29.069607909
29.076611607, 29.079339705
29.086611603, 29.089394178
29.096611589, 29.099521736
29.106611591, 29.109354221
29.116611594, 29.119340536
29.126611583, 29.129417626
29.136611604, 29.139207706
29.146611592, 29.149640159
29.156611594, 29.159560818
29.166611593, 29.169678286
29.176611587, 29.179455881
29.186611589, 29.189692398
29.196611604, 29.199604586
29.206611591, 29.209611365
29.216611585, 29.219462266
29.226611591, 29.229391278
29.236611589, 29.239530548
29.246611592, 29.249669614
29.256611607, 29.259589235
29.266611598, 29.269644881
29.276611595, 29.279654347
29.286611593, 29.289697172
29.296611596, 29.299500342
29.306611589, 29.309495125
29.316611604, 29.319627440
29.326611594, 29.329632483
29.336611589, 29.339667998
29.346611589, 29.349648925
29.356611589, 29.359631102
29.366611587, 29.369663726
29.376611604, 29.379335382
29.386611596, 29.389285916
29.396611585, 29.399358541
29.406611589, 29.409400877
29.416611590, 29.419699865
29.426611586, 29.429623643
29.436611609, 29.439720010
29.446611626, 29.449627522
29.456611593, 29.459514095
29.466611589, 29.469635727
29.476611596, 29.479506369
29.486611594, 29.489670656
29.496611597, 29.499546309
29.506611593, 29.509599652
29.516611597, 29.519211597
29.526611588, 29.529377902
29.536611593, 29.539576810
29.546611592, 29.549602140
29.556611604, 29.559617050
29.566611601, 29.569627226
29.576611592, 29.579422126
29.586611597, 29.589656036
29.596611586, 29.599613560
29.606611594, 29.609500296
29.616611594, 29.619546282
29.626611601, 29.629705471
29.636611595, 29.639597207
29.646611591, 29.649474704
29.656611587, 29.659387059
29.666611593, 29.669558347
29.676611599, 29.679567350
29.686611603, 29.689476824
29.696611591, 29.699536670
29.706611614, 29.709404413
29.716611614, 29.719696559
29.726611594, 29.729692184
29.736611602, 29.739564671
29.746611596, 29.749658493
29.756611587, 29.759444939
29.766611597, 29.769544955
29.776611597, 29.779688001
29.786611592, 29.789623176
29.796611604, 29.799567320
29.806611613, 29.809686013
29.816611592, 29.819637575
29.826611592, 29.829494158
29.836611594, 29.839497313
29.846611588, 29.849260520
29.856611602, 29.859383928
29.866611593, 29.869579225
29.876611596, 29.879404294
29.886611592, 29.889268853
29.896611589, 29.899447911
29.906611582, 29.909493471
29.916611594, 29.919621305
29.926611603, 29.929561626
29.936611594, 29.939478632
29.946611589, 29.949592621
29.956611583, 29.959322490
29.966611584, 29.969400527
29.976611594, 29.979640421
29.986611611, 29.989332181
29.996611593, 29.999524934
30.006611588, 30.009585496
30.016611589, 30.019637611
30.026611586, 30.029585371
30.036611602, 30.039589970
30.046611593, 30.049530626
30.056611594, 30.059655475
30.066611594, 30.069663208
30.076611619, 30.079663541
30.086611597, 30.089720551
30.096611624, 30.099510606
30.106611601, 30.109597214
30.116611596, 30.119382580
30.126611594, 30.129491452
30.136611585, 30.139568391
30.146611593, 30.149596599
30.156611599, 30.159568916
30.166611596, 30.169679000
30.176611600, 30.179318722
30.186611592, 30.189495355
30.196611593, 30.199559457
30.206611588, 30.209478915
30.216611602, 30.219630938
30.226611603, 30.229450932
30.236611591, 30.239466860
30.246611582, 30.249664110
30.256611592, 30.259631222
30.266611588, 30.269508048
30.276611597, 30.279601873
30.286611601, 30.289399884
30.296611590, 30.299309125
30.306611596, 30.309725227
30.316611587, 30.319710032
30.326611597, 30.329732829
30.336611622, 30.339610344
30.346611603, 30.349647861
30.356611588, 30.359717339
30.366611597, 30.369649154
30.376611591, 30.379654556
30.386611594, 30.389648507
30.396611612, 30.399526134
30.406611603, 30.409365963
30.416611589, 30.419566537
30.426611587, 30.429540029
30.436611583, 30.439456057
30.446611590, 30.449529521
30.456611602, 30.459603483
30.466611596, 30.469600619
30.476611587, 30.479469678
30.486611588, 30.489527639
30.496611593, 30.499422757
30.506611619, 30.509565012
30.516611597, 30.519633454
30.526611598, 30.529477719
30.536611591, 30.539700656
30.546611593, 30.549469985
30.556611581, 30.559221528
30.566611594, 30.569641810
30.576611594, 30.579539899
30.586611598, 30.589574456
30.596611589, 30.599513000
30.606611589, 30.609457529
30.616611588, 30.619692793
30.626611585, 30.629673189
30.636611609, 30.639545410
30.646611598, 30.649714785
30.656611594, 30.659582257
30.666611592, 30.669233442
30.676611588, 30.679544193
30.686611594, 30.689476265
30.696611594, 30.699517804
30.706611596, 30.709524594
30.716611591, 30.719571847
30.726611582, 30.729509343
30.736611590, 30.739698867
30.746611590, 30.749563699
30.756611604, 30.759649240
30.766611623, 30.769594810
30.776611589, 30.779729051
30.786611597, 30.789391824
30.796611589, 30.799513491
30.806611604, 30.809628202
30.816611599, 30.819676926
30.826611601, 30.829547539
30.836611584, 30.839561678
30.846611615, 30.849558105
30.856611610, 30.859452753
30.866611587, 30.869535542
30.876611609, 30.879453847
30.886611589, 30.889480723
30.896611591, 30.899504703
30.906611591, 30.909591148
30.916611587, 30.919658103
30.926611584, 30.929300503
30.936611597, 30.939452862
30.946611593, 30.949429969
30.956611595, 30.959161660
30.966611585, 30.969529162
30.976611587, 30.979612490
30.986611593, 30.989700693
30.996611607, 30.999645668
31.006611601, 31.009565941
31.016611586, 31.019660079
31.026611617, 31.029514502
31.036611599, 31.039531717
31.046611587, 31.049580787
31.056611604, 31.059486050
31.066611601, 31.069586965
31.076611585, 31.079646495
31.086611592, 31.089566027
31.096611586, 31.099584568
31.106611582, 31.109555489
31.116611604, 31.119512093
31.126611603, 31.129575674
31.136611586, 31.139471333
31.146611594, 31.149461694
31.156611585, 31.159476815
31.166611590, 31.169541222
31.176611607, 31.179547602
31.186611616, 31.189626253
31.196611587, 31.199621776
31.206611593, 31.209357657
31.216611592, 31.219712016
31.226611587, 31.229539722
31.236611599, 31.239674839
31.246611596, 31.249599767
31.256611592, 31.259537045
31.266611586, 31.269622040
31.276611583, 31.279634086
31.286611586, 31.289501123
31.296611594, 31.299553417
31.306611601, 31.309488510
31.316611585, 31.319626816
31.326611591, 31.329624006
31.336611592, 31.339565943
31.346611589, 31.349365534
31.356611604, 31.359548991
31.366611606, 31.369363254
31.376611584, 31.379527189
31.386611583, 31.389520167
31.396611584, 31.399622919
31.406611590, 31.409596394
31.416611617, 31.419652116
31.426611603, 31.429582541
31.436611593, 31.439628682
31.446611592, 31.449560973
31.456611589, 31.459724574
31.466611604, 31.469569375
31.476611632, 31.479504451
31.486611596, 31.489506358
31.496612477, 31.499645100
31.506611592, 31.509626951
31.516611583, 31.519719786
31.526611584, 31.529682678
31.536611599, 31.539343660
31.546611603, 31.549478105
31.556611594, 31.559579579
31.566611617, 31.569470237
31.576611593, 31.579578562
31.586611597, 31.589483265
31.596611609, 31.599492468
31.606611603, 31.609449707
31.616611593, 31.619461573
31.626611599, 31.629550311
31.636611591, 31.639623430
31.646611599, 31.649652484
31.656611612, 31.659559018
31.666611603, 31.669460302
31.676611601, 31.679498827
31.686611599, 31.689276159
31.696611597, 31.699456221
31.706611615, 31.709615568
31.716611797, 31.719499269
31.726611596, 31.729556702
31.736611584, 31.739639139
31.746611587, 31.749604767
31.756611590, 31.759589741
31.766611610, 31.769651363
31.776611599, 31.779700164
31.786611606, 31.789501707
31.796611594, 31.799517357
31.806611615, 31.809648346
31.816611591, 31.819646192
31.826611589, 31.829381641
31.836611604, 31.839459178
31.846611591, 31.849608219
31.856611591, 31.859551271
31.866611591, 31.869724641
31.876611592, 31.879329363
31.886611607, 31.889597510
31.896611597, 31.899553231
31.906611601, 31.909351302
31.916611589, 31.919352299
31.926611597, 31.929576359
31.936611588, 31.939618653
31.946611594, 31.949518418
31.956611607, 31.959506905
31.966611606, 31.969665906
31.976611598, 31.979642957
31.986611589, 31.989630264
31.996611593, 31.999266409
32.006611594, 32.009525220
32.016611594, 32.019387200
32.026611596, 32.029342571
32.036611596, 32.039474472
32.046611585, 32.049582784
32.056611587, 32.059563986
------------------------------
