------------------------------
test was performed using the following parameters: --mps=100 --burst=1 --reply-every=1 --msg-size=14 --time=30
------------------------------
sockperf: [Total Run] RunTime=30.100 sec; SentMessages=3011; ReceivedMessages=3010
sockperf: ========= Printing statistics for Server No: 0
sockperf: [Valid Duration] RunTime=29.993 sec; SentMessages=3000; ReceivedMessages=3000
sockperf: [2;35m====> avg-lat=1467.425 (std-dev=53.893)[0m
sockperf: # dropped messages = 0; # duplicated messages = 0; # out-of-order messages = 0
sockperf: [2;35mTotal 3000 observations[0m; each percentile contains 30.00 observations
sockperf: ---> <MAX> observation = 1638.431
sockperf: ---> percentile 99.999 = 1638.431
sockperf: ---> percentile 99.990 = 1638.431
sockperf: ---> percentile 99.900 = 1569.391
sockperf: ---> percentile 99.000 = 1552.948
sockperf: ---> percentile 90.000 = 1525.002
sockperf: ---> percentile 75.000 = 1505.013
sockperf: ---> percentile 50.000 = 1478.675
sockperf: ---> percentile 25.000 = 1442.613
sockperf: ---> <MIN> observation = 1253.841
------------------------------
txTime, rxTime
2.066967127, 2.069942554
2.076967131, 2.079828879
2.086967122, 2.089631013
2.096967168, 2.099732304
2.106967115, 2.109922718
2.116967120, 2.119984296
2.126967130, 2.130045232
2.136967126, 2.139996049
2.146967127, 2.149850333
2.156967120, 2.159933613
2.166967126, 2.169920249
2.176967117, 2.179824011
2.186967136, 2.189915920
2.196967126, 2.200008895
2.206967114, 2.210034417
2.216967168, 2.219873543
2.226967146, 2.229879880
2.236967131, 2.239947456
2.246967145, 2.249894011
2.256967141, 2.259905183
2.266967122, 2.269872668
2.276967137, 2.279944795
2.286967120, 2.289982561
2.296967132, 2.299909002
2.306967131, 2.309903956
2.316967148, 2.319705405
2.326967118, 2.329644474
2.336967121, 2.339698206
2.346967135, 2.349758216
2.356967117, 2.359983428
2.366967118, 2.369947528
2.376967128, 2.379952301
2.386967145, 2.390011964
2.396967146, 2.399987428
2.406967201, 2.409887844
2.416967113, 2.419889841
2.426967120, 2.429927167
2.436967133, 2.439980825
2.446967122, 2.449868301
2.456967155, 2.459864802
2.466967150, 2.469867592
2.476967154, 2.479901774
2.486967113, 2.489869567
2.496967138, 2.499946132
2.506967121, 2.509915089
2.516967148, 2.519855330
2.526967137, 2.529898128
2.536967148, 2.539855595
2.546967117, 2.549826210
2.556967128, 2.559839182
2.566967109, 2.569920682
2.576967130, 2.579969174
2.586967125, 2.589913944
2.596967120, 2.599927384
2.606967115, 2.609934394
2.616967143, 2.619905812
2.626967127, 2.629844118
2.636967165, 2.639817085
2.646967159, 2.649980938
2.656967126, 2.659927494
2.666967148, 2.669707980
2.676967141, 2.679688541
2.686967122, 2.689650239
2.696967127, 2.699789258
2.706967120, 2.709762379
2.716967115, 2.719845588
2.726967142, 2.729911522
2.736967163, 2.739942839
2.746967120, 2.749932407
2.756967170, 2.759968577
2.766967133, 2.769922105
2.776967125, 2.779860640
2.786967118, 2.789978441
2.796967136, 2.799917884
2.806967114, 2.809927036
2.816967125, 2.819918906
2.826967146, 2.829731678
2.836967112, 2.839833868
2.846967116, 2.849958873
2.856967121, 2.859952329
2.866967122, 2.869881590
2.876967122, 2.879927265
2.886967122, 2.889913569
2.896967169, 2.899937471
2.906967114, 2.909918154
2.916967141, 2.919879752
2.926967108, 2.929843597
2.936967158, 2.939881919
2.946967141, 2.949788302
2.956967122, 2.959807942
2.966967120, 2.969833411
2.976967125, 2.979882169
2.986967134, 2.989926841
2.996967135, 2.999910776
3.006967135, 3.009943320
3.016967118, 3.020012385
3.026967136, 3.029930493
3.036967133, 3.039878038
3.046967123, 3.049902496
3.056967122, 3.059961129
3.066967147, 3.069723922
3.076967123, 3.079627497
3.086967109, 3.089863561
3.096967133, 3.099876684
3.106967128, 3.109870838
3.116967173, 3.119897368
3.126967118, 3.129860708
3.136967122, 3.139898811
3.146967123, 3.149884043
3.156967133, 3.159941676
3.166967148, 3.169907442
3.176967155, 3.179998551
3.186967144, 3.189889646
3.196967120, 3.199996689
3.206967137, 3.209981228
3.216967126, 3.219997348
3.226967114, 3.229959317
3.236967130, 3.239986112
3.246967125, 3.249884032
3.256967114, 3.259937890
3.266967140, 3.269805645
3.276967133, 3.279956569
3.286967115, 3.289922185
3.296967120, 3.299867053
3.306967310, 3.309985690
3.316967134, 3.319914850
3.326967120, 3.329919591
3.336967171, 3.339813175
3.346967119, 3.349807650
3.356967148, 3.359635192
3.366967131, 3.369715350
3.376967121, 3.379888082
3.386967120, 3.389933525
3.396967133, 3.399924502
3.406967128, 3.409986561
3.416967180, 3.419914858
3.426967156, 3.429923280
3.436967115, 3.439938960
3.446967128, 3.449920840
3.456967128, 3.459980246
3.466967132, 3.469968365
3.476967155, 3.479975684
3.486967110, 3.489888059
3.496967158, 3.499626523
3.506967124, 3.509776876
3.516967151, 3.519886656
3.526967115, 3.529907103
3.536967130, 3.539947123
3.546967276, 3.549889297
3.556967135, 3.559837883
3.566967111, 3.569888152
3.576967166, 3.579952289
3.586967115, 3.589893443
3.596967145, 3.599992221
3.606967122, 3.609930525
3.616967143, 3.619943144
3.626967121, 3.629926596
3.636967133, 3.639892663
3.646967135, 3.650029443
3.656967153, 3.659959438
3.666967125, 3.670007663
3.676967122, 3.679562930
3.686967119, 3.689869585
3.696967131, 3.699999858
3.706967129, 3.709923786
3.716967125, 3.719993848
3.726967126, 3.729920397
3.736967121, 3.739924666
3.746967154, 3.749973175
3.756967131, 3.759933571
3.766967152, 3.769894824
3.776967135, 3.779884936
3.786967123, 3.789895122
3.796967132, 3.799724900
3.806967120, 3.809752876
3.816967163, 3.819868274
3.826967137, 3.829913766
3.836967120, 3.839919354
3.846967134, 3.849995565
3.856967148, 3.859903171
3.866967145, 3.869925874
3.876967133, 3.879986762
3.886967122, 3.889953839
3.896967130, 3.899956674
3.906967127, 3.909941224
3.916967125, 3.919943217
3.926967135, 3.929846368
3.936967131, 3.939918061
3.946967158, 3.949828602
3.956967127, 3.959750084
3.966967136, 3.969988497
3.976967114, 3.979944689
3.986967122, 3.989898238
3.996967151, 3.999950116
4.006967121, 4.009900080
4.016967125, 4.019907693
4.026967117, 4.029881482
4.036967130, 4.039862000
4.046967111, 4.049904292
4.056967123, 4.059926552
4.066967122, 4.069893655
4.076967127, 4.079914229
4.086967133, 4.089916512
4.096967120, 4.099969889
4.106967121, 4.109729659
4.116967131, 4.119894582
4.126967138, 4.129843895
4.136967132, 4.139926749
4.146967134, 4.149942040
4.156967140, 4.159898600
4.166967150, 4.169932289
4.176967128, 4.179915901
4.186967131, 4.189968931
4.196967153, 4.199958182
4.206967147, 4.209964708
4.216967127, 4.219939286
4.226967116, 4.229932614
4.236967146, 4.239907012
4.246967118, 4.249921598
4.256967132, 4.259901185
4.266967137, 4.269886295
4.276967108, 4.279867407
4.286967125, 4.289875023
4.296967126, 4.299885969
4.306967400, 4.309910877
4.316967122, 4.319917665
4.326967114, 4.329661085
4.336967161, 4.339845592
4.346967150, 4.349802784
4.356967126, 4.359949402
4.366967117, 4.369958908
4.376967132, 4.380000692
4.386967116, 4.389938057
4.396967116, 4.399927691
4.406967117, 4.409908665
4.416967128, 4.419929491
4.426967135, 4.429889905
4.436967163, 4.439911788
4.446967123, 4.449844466
4.456967118, 4.459988169
4.466967128, 4.469942511
4.476967141, 4.479911080
4.486967138, 4.489992314
4.496967127, 4.499776708
4.506967151, 4.509789281
4.516967122, 4.519758219
4.526967149, 4.529721716
4.536967128, 4.539826065
4.546967121, 4.549920647
4.556967148, 4.560027342
4.566967113, 4.569861036
4.576967111, 4.579855550
4.586967142, 4.590074626
4.596967148, 4.599937097
4.606967122, 4.609906828
4.616967130, 4.619885389
4.626967117, 4.629775175
4.636967128, 4.639670884
4.646967127, 4.649701470
4.656967131, 4.659607805
4.666967140, 4.669796774
4.676967158, 4.679785995
4.686967116, 4.689753351
4.696967153, 4.699919360
4.706967140, 4.709816915
4.716967126, 4.719940718
4.726967154, 4.729922512
4.736967145, 4.740023952
4.746967121, 4.750033586
4.756967139, 4.759917549
4.766967117, 4.769917194
4.776967128, 4.779950216
4.786967117, 4.789945081
4.796967122, 4.799985410
4.806967112, 4.809983009
4.816967133, 4.819949360
4.826971712, 4.829956256
4.836967158, 4.839701539
4.846967124, 4.849718168
4.856967131, 4.859862050
4.866967144, 4.869852527
4.876967129, 4.879730393
4.886967139, 4.889811213
4.896967173, 4.899744950
4.906967113, 4.909865393
4.916967127, 4.919863376
4.926967120, 4.929838727
4.936967124, 4.939910342
4.946967113, 4.949926311
4.956967133, 4.959911102
4.966967127, 4.969915469
4.976967132, 4.979983476
4.986967122, 4.989892030
4.996967141, 5.000019039
5.006967138, 5.009915673
5.016967173, 5.019990102
5.026967140, 5.029947387
5.036967127, 5.040007611
5.046967139, 5.049965013
5.056967120, 5.059935057
5.066967127, 5.069936329
5.076967148, 5.079760334
5.086967135, 5.089771800
5.096967122, 5.099949008
5.106967138, 5.109921848
5.116967106, 5.119684647
5.126967128, 5.129814360
5.136967141, 5.139957038
5.146967120, 5.149917506
5.156967142, 5.159960423
5.166967123, 5.169922717
5.176967119, 5.179923335
5.186967118, 5.189968908
5.196967143, 5.199962704
5.206967120, 5.209921636
5.216967145, 5.219964202
5.226967116, 5.229978808
5.236967144, 5.239966962
5.246967145, 5.249904694
5.256967143, 5.259991581
5.266967132, 5.269931883
5.276967122, 5.279962585
5.286967125, 5.289954448
5.296967117, 5.299916249
5.306967120, 5.309882892
5.316967131, 5.319987952
5.326967155, 5.329946854
5.336967130, 5.339981260
5.346967143, 5.349759492
5.356967122, 5.359764568
5.366967115, 5.369761568
5.376967156, 5.379750097
5.386967127, 5.389841711
5.396967124, 5.400009038
5.406967150, 5.410006240
5.416967145, 5.419949366
5.426967109, 5.429958756
5.436967133, 5.440012509
5.446967121, 5.449956217
5.456967148, 5.460008132
5.466967128, 5.469926274
5.476967124, 5.479957615
5.486967117, 5.489912824
5.496967153, 5.499902912
5.506967122, 5.509901122
5.516967135, 5.519816234
5.526967133, 5.529833447
5.536967139, 5.539752485
5.546967121, 5.549722197
5.556967171, 5.559878108
5.566967129, 5.569851465
5.576967132, 5.579994134
5.586967125, 5.589908013
5.596967223, 5.599910714
5.606967224, 5.609883499
5.616967131, 5.619848609
5.626967145, 5.629963778
5.636967135, 5.640017719
5.646967150, 5.650027110
5.656967144, 5.660016343
5.666967157, 5.670025642
5.676967173, 5.680048267
5.686967148, 5.689686683
5.696967132, 5.699902142
5.706967108, 5.709701068
5.716967127, 5.719725900
5.726967122, 5.729901718
5.736967136, 5.740004655
5.746967117, 5.749961638
5.756967132, 5.760035666
5.766967121, 5.769941513
5.776967142, 5.779953492
5.786967114, 5.789983669
5.796967158, 5.799871973
5.806967111, 5.809915927
5.816967168, 5.819933899
5.826967114, 5.829910576
5.836967119, 5.839895170
5.846967131, 5.849919828
5.856967115, 5.859979849
5.866967152, 5.869974017
5.876967130, 5.879913495
5.886967130, 5.889986400
5.896967118, 5.899939232
5.906967134, 5.909906274
5.916967156, 5.919868876
5.926967146, 5.929946254
5.936967127, 5.940009606
5.946967151, 5.949991369
5.956967137, 5.959894235
5.966967117, 5.969930144
5.976967128, 5.980056146
5.986967125, 5.989909478
5.996967140, 5.999874050
6.006967121, 6.009642570
6.016967119, 6.019831737
6.026967118, 6.029826415
6.036967126, 6.039737853
6.046967126, 6.049719357
6.056967137, 6.059862367
6.066967120, 6.069963898
6.076967124, 6.080030767
6.086967125, 6.090040369
6.096967151, 6.099949282
6.106967134, 6.109947109
6.116967155, 6.119965312
6.126967128, 6.129967658
6.136967136, 6.140058515
6.146967126, 6.149946993
6.156967141, 6.159966643
6.166967123, 6.169960596
6.176967142, 6.180038247
6.186967134, 6.189914679
6.196967119, 6.199869345
6.206967131, 6.209802965
6.216967123, 6.219775421
6.226967126, 6.229700143
6.236967137, 6.239774545
6.246967147, 6.249898892
6.256967135, 6.259914314
6.266967132, 6.269993560
6.276967131, 6.279930431
6.286967151, 6.290009229
6.296967153, 6.299992861
6.306967134, 6.309966189
6.316967119, 6.320075460
6.326967154, 6.329990828
6.336967128, 6.339974403
6.346967167, 6.350046415
6.356967160, 6.360055079
6.366967143, 6.370033430
6.376967122, 6.379788758
6.386967170, 6.389628220
6.396967138, 6.399801939
6.406967146, 6.409976432
6.416967132, 6.419912319
6.426967120, 6.429945514
6.436967112, 6.439979978
6.446967117, 6.449942629
6.456967136, 6.459910616
6.466967112, 6.469951749
6.476967132, 6.479802284
6.486967121, 6.489947354
6.496967121, 6.499967403
6.506967115, 6.509834073
6.516967161, 6.519794428
6.526967135, 6.529923023
6.536967122, 6.539928566
6.546967132, 6.549868205
6.556967130, 6.559944655
6.566967125, 6.570039324
6.576967141, 6.579943172
6.586967115, 6.589952114
6.596967134, 6.599993962
6.606967123, 6.609915907
6.616967134, 6.619975569
6.626967125, 6.629951483
6.636967138, 6.639887503
6.646967140, 6.649976309
6.656967165, 6.659953531
6.666967154, 6.670013687
6.676967129, 6.679926711
6.686967135, 6.689853728
6.696967128, 6.699705921
6.706967113, 6.709722508
6.716967158, 6.719844554
6.726967127, 6.729841821
6.736967108, 6.739649073
6.746967143, 6.749658691
6.756967126, 6.759726976
6.766967129, 6.769991605
6.776967125, 6.780048820
6.786967136, 6.790016927
6.796967125, 6.799955748
6.806967123, 6.809918217
6.816967138, 6.819936857
6.826970415, 6.829956473
6.836967130, 6.840006032
6.846967135, 6.849912640
6.856967118, 6.859912319
6.866967138, 6.869920008
6.876967126, 6.879948034
6.886967120, 6.889957529
6.896967158, 6.899921639
6.906967125, 6.909898285
6.916967114, 6.919978832
6.926967155, 6.929685553
6.936967151, 6.939673989
6.946967119, 6.949785004
6.956967132, 6.959798149
6.966967151, 6.969950532
6.976967137, 6.980023702
6.986967148, 6.990016201
6.996967186, 7.000039451
7.006967134, 7.009994353
7.016967193, 7.020021012
7.026967130, 7.029993849
7.036967158, 7.039989431
7.046967117, 7.049995576
7.056967136, 7.059624272
7.066967137, 7.069774716
7.076967127, 7.079697568
7.086967127, 7.089778507
7.096967115, 7.100001748
7.106967112, 7.109976552
7.116967123, 7.119963556
7.126967144, 7.129954854
7.136967115, 7.139839296
7.146967138, 7.149977636
7.156967119, 7.159895367
7.166967148, 7.169977463
7.176967126, 7.179924214
7.186967111, 7.189992879
7.196967140, 7.200074460
7.206967139, 7.209975478
7.216967114, 7.220010622
7.226967114, 7.229990982
7.236967141, 7.239944798
7.246967122, 7.249931942
7.256967145, 7.259985621
7.266967124, 7.270014025
7.276967129, 7.280017816
7.286967124, 7.289967580
7.296967188, 7.299700233
7.306967132, 7.309790904
7.316967163, 7.319733679
7.326967124, 7.329775809
7.336967152, 7.339932433
7.346967153, 7.349992826
7.356967126, 7.359974507
7.366967123, 7.369863134
7.376967125, 7.379919396
7.386967143, 7.389735915
7.396967145, 7.399930904
7.406967121, 7.410022805
7.416967126, 7.419866608
7.426967116, 7.430067873
7.436967125, 7.439924471
7.446967113, 7.449874543
7.456967145, 7.459976551
7.466967134, 7.469980582
7.476967136, 7.480003818
7.486967112, 7.489962934
7.496967127, 7.499991916
7.506967132, 7.509957302
7.516967130, 7.519901169
7.526967125, 7.530005253
7.536967153, 7.540065411
7.546967117, 7.549988313
7.556967132, 7.559982734
7.566967136, 7.569936158
7.576967142, 7.579749583
7.586967163, 7.589760841
7.596967128, 7.599908090
7.606967121, 7.609951761
7.616967168, 7.619891905
7.626967137, 7.629685244
7.636967123, 7.639714732
7.646967116, 7.649795581
7.656967121, 7.659845454
7.666967122, 7.669969186
7.676967132, 7.679786454
7.686967114, 7.689956799
7.696967125, 7.700057836
7.706967120, 7.709996395
7.716967141, 7.719967052
7.726967118, 7.729982218
7.736967155, 7.739971053
7.746967135, 7.749985200
7.756967112, 7.759834243
7.766967113, 7.769940804
7.776967126, 7.779980767
7.786967117, 7.789745221
7.796967160, 7.799822360
7.806967118, 7.809836123
7.816967115, 7.819877424
7.826967117, 7.829895541
7.836967168, 7.839985845
7.846967119, 7.849983103
7.856967173, 7.860075229
7.866967136, 7.870078856
7.876967145, 7.880014277
7.886967124, 7.889987266
7.896967156, 7.899903161
7.906967119, 7.909978023
7.916967158, 7.919973392
7.926967123, 7.929877207
7.936967115, 7.939934308
7.946967115, 7.950024611
7.956967146, 7.959608865
7.966967120, 7.969793477
7.976967120, 7.979768430
7.986967141, 7.990010849
7.996967139, 7.999927224
8.006967140, 8.009877956
8.016967131, 8.019950637
8.026967148, 8.029951998
8.036967132, 8.039966324
8.046967107, 8.049657429
8.056967113, 8.059644764
8.066967120, 8.069723127
8.076967121, 8.079753611
8.086967125, 8.089958873
8.096967163, 8.100009065
8.106967150, 8.109852685
8.116967126, 8.120073022
8.126967127, 8.129968224
8.136967121, 8.139800747
8.146967115, 8.149992809
8.156967132, 8.159950248
8.166967120, 8.170015198
8.176967117, 8.180079676
8.186967115, 8.189897759
8.196967186, 8.199996425
8.206967120, 8.209998078
8.216967183, 8.219918617
8.226967116, 8.229934518
8.236967139, 8.239996100
8.246967115, 8.249900789
8.256967143, 8.260002560
8.266967123, 8.269681953
8.276967122, 8.279474806
8.286967126, 8.289769556
8.296967114, 8.299781290
8.306967134, 8.309726981
8.316967166, 8.320048886
8.326967128, 8.329983150
8.336967125, 8.340012759
8.346967124, 8.349974815
8.356967134, 8.359882893
8.366967123, 8.369994231
8.376967136, 8.379950038
8.386967122, 8.389981180
8.396967178, 8.400009288
8.406967130, 8.409939105
8.416967146, 8.419902098
8.426967125, 8.429929044
8.436967176, 8.439977625
8.446967117, 8.450007038
8.456967140, 8.459733556
8.466967146, 8.469695417
8.476967134, 8.479962952
8.486967123, 8.489962347
8.496967163, 8.499909877
8.506967114, 8.510039898
8.516967158, 8.520010543
8.526967127, 8.530060050
8.536967146, 8.539941764
8.546967122, 8.549940713
8.556967121, 8.560030379
8.566967115, 8.570001561
8.576967132, 8.579987886
8.586967137, 8.590042952
8.596967133, 8.599637833
8.606967128, 8.609898564
8.616967183, 8.619950860
8.626967151, 8.629924179
8.636967125, 8.640035604
8.646967151, 8.649910147
8.656967133, 8.659856819
8.666967130, 8.669968218
8.676967111, 8.679924875
8.686967119, 8.689976307
8.696967150, 8.699990976
8.706967122, 8.709776316
8.716967114, 8.719647524
8.726967124, 8.729735545
8.736967146, 8.739722646
8.746967120, 8.749902507
8.756967130, 8.759923545
8.766967118, 8.769960148
8.776967145, 8.779706054
8.786967115, 8.789861138
8.796967123, 8.799969065
8.806967132, 8.810059074
8.816967135, 8.819961305
8.826971161, 8.829935937
8.836967126, 8.839996118
8.846967121, 8.849993326
8.856967158, 8.860000818
8.866967121, 8.869930701
8.876967140, 8.879796513
8.886967115, 8.889864221
8.896967113, 8.899782023
8.906967130, 8.909922825
8.916967131, 8.919787592
8.926967120, 8.929762873
8.936967127, 8.939905082
8.946967127, 8.950008364
8.956967115, 8.959865888
8.966967144, 8.970075335
8.976967131, 8.980101064
8.986967125, 8.989990863
8.996967170, 9.000021001
9.006967121, 9.010042952
9.016967148, 9.019609190
9.026967123, 9.029686981
9.036967116, 9.039859827
9.046967144, 9.049895934
9.056967127, 9.059822932
9.066967116, 9.070019295
9.076967135, 9.080015673
9.086967127, 9.089944350
9.096967126, 9.099893620
9.106967126, 9.109952529
9.116967158, 9.119945301
9.126967112, 9.129905686
9.136967125, 9.140024240
9.146967124, 9.149894968
9.156967123, 9.159929847
9.166967117, 9.169963906
9.176967180, 9.179930759
9.186967120, 9.190059338
9.196967113, 9.199981315
9.206967142, 9.209782404
9.216967131, 9.219666757
9.226967171, 9.229975613
9.236967125, 9.239685964
9.246967114, 9.249793955
9.256967152, 9.259897217
9.266967160, 9.269911155
9.276967138, 9.279798539
9.286967161, 9.289954303
9.296967163, 9.299877120
9.306967143, 9.309705781
9.316967122, 9.319814420
9.326967121, 9.329960235
9.336967136, 9.339959940
9.346967120, 9.349810471
9.356967132, 9.359895877
9.366967116, 9.369921775
9.376967113, 9.379941738
9.386967120, 9.389970610
9.396967133, 9.399935331
9.406967243, 9.409862205
9.416967122, 9.419843143
9.426967117, 9.429750813
9.436967132, 9.439763816
9.446967125, 9.450020034
9.456967178, 9.460008900
9.466967111, 9.469926123
9.476967148, 9.479957398
9.486967125, 9.490039746
9.496967122, 9.499663332
9.506967145, 9.509963517
9.516967146, 9.519901905
9.526967130, 9.529757158
9.536967132, 9.539894065
9.546967149, 9.549795796
9.556967117, 9.559931083
9.566967129, 9.569964324
9.576967148, 9.579935325
9.586967113, 9.589946704
9.596967150, 9.599837825
9.606967113, 9.609920986
9.616967119, 9.619860549
9.626967141, 9.629618295
9.636967131, 9.639848409
9.646967122, 9.649618221
9.656967127, 9.659815363
9.666967124, 9.669887227
9.676967142, 9.679915209
9.686967173, 9.690023763
9.696967163, 9.699968997
9.706967122, 9.710015925
9.716967130, 9.719981365
9.726967118, 9.730040809
9.736967266, 9.739816212
9.746967120, 9.749927621
9.756967128, 9.759801188
9.766967117, 9.769793185
9.776967145, 9.779846551
9.786967128, 9.790026748
9.796967117, 9.799673223
9.806967120, 9.809846079
9.816967161, 9.819875491
9.826967131, 9.830036849
9.836967185, 9.840052503
9.846967143, 9.849804860
9.856967153, 9.860014733
9.866967130, 9.870000226
9.876967146, 9.879946723
9.886967118, 9.890092551
9.896967165, 9.899802628
9.906967110, 9.909881076
9.916967149, 9.920017639
9.926967117, 9.929900101
9.936967126, 9.939757700
9.946967145, 9.949929379
9.956967148, 9.959961232
9.966967123, 9.969965566
9.976967144, 9.979995189
9.986967131, 9.989845495
9.996967191, 10.000054905
10.006967134, 10.009931199
10.016967158, 10.020010724
10.026967127, 10.030045697
10.036967151, 10.039852608
10.046967124, 10.049921024
10.056967156, 10.060064570
10.066967115, 10.069936853
10.076967175, 10.079879310
10.086967125, 10.089746009
10.096967141, 10.099839950
10.106967123, 10.109961649
10.116967168, 10.120038356
10.126967132, 10.129679692
10.136967132, 10.140041781
10.146967122, 10.149946471
10.156967122, 10.159989792
10.166967122, 10.169979552
10.176967128, 10.179926925
10.186967121, 10.189959946
10.196967130, 10.199942206
10.206967128, 10.209995677
10.216967134, 10.219618934
10.226967146, 10.229858698
10.236967153, 10.239837861
10.246967139, 10.250003603
10.256967132, 10.259911339
10.266967145, 10.269907116
10.276967115, 10.279922961
10.286967125, 10.290006833
10.296967153, 10.299872083
10.306967117, 10.310029024
10.316967148, 10.319956889
10.326967119, 10.329975331
10.336967134, 10.339694910
10.346967114, 10.350037609
10.356967146, 10.360054472
10.366967155, 10.369741054
10.376967168, 10.379908801
10.386967130, 10.389958843
10.396967117, 10.399823135
10.406967135, 10.410087691
10.416967143, 10.419646169
10.426967114, 10.429915430
10.436967137, 10.440072390
10.446967127, 10.449918116
10.456967119, 10.459741556
10.466967124, 10.469793479
10.476967153, 10.479797302
10.486967130, 10.489756356
10.496967168, 10.499995464
10.506967121, 10.509816181
10.516967143, 10.520029754
10.526967122, 10.529929069
10.536967158, 10.540020252
10.546967117, 10.549753178
10.556967155, 10.560043342
10.566967123, 10.569965187
10.576967121, 10.579637059
10.586967156, 10.589894668
10.596967121, 10.600031567
10.606967116, 10.610041222
10.616967122, 10.619712501
10.626967131, 10.629554067
10.636967128, 10.639833466
10.646967145, 10.649968900
10.656967126, 10.659936664
10.666967122, 10.669661234
10.676967130, 10.680026113
10.686967157, 10.689815252
10.696967134, 10.699897223
10.706967123, 10.709918181
10.716967126, 10.719963696
10.726967121, 10.730019601
10.736967153, 10.739755808
10.746967120, 10.750036680
10.756967127, 10.759914236
10.766967134, 10.770064305
10.776967161, 10.780074952
10.786967140, 10.790012508
10.796967163, 10.800089679
10.806967117, 10.809992128
10.816967141, 10.820014735
10.826967136, 10.829841936
10.836967136, 10.840038004
10.846967140, 10.849962943
10.856967122, 10.859603927
10.866967119, 10.869829816
10.876967134, 10.879819796
10.886967127, 10.890013388
10.896967141, 10.899837179
10.906967127, 10.909990178
10.916967127, 10.919962315
10.926967133, 10.929623756
10.936967134, 10.939999684
10.946967154, 10.949759404
10.956967118, 10.959898457
10.966967132, 10.970025114
10.976967153, 10.979974329
10.986967136, 10.990007976
10.996967129, 10.999944912
11.006967147, 11.009950768
11.016967151, 11.020024824
11.026967155, 11.029818128
11.036967127, 11.039555551
11.046967125, 11.049864640
11.056967134, 11.059823194
11.066967119, 11.069833045
11.076967141, 11.079852135
11.086967133, 11.089950654
11.096967127, 11.099977792
11.106967119, 11.109972800
11.116967120, 11.119994534
11.126967141, 11.129949944
11.136967153, 11.139939648
11.146967121, 11.149873667
11.156967125, 11.159857106
11.166967125, 11.169659777
11.176967118, 11.179789961
11.186967126, 11.189760939
11.196967138, 11.199946294
11.206967130, 11.210036109
11.216967130, 11.219899120
11.226967151, 11.229948161
11.236967149, 11.239693408
11.246967119, 11.249852455
11.256967128, 11.259947582
11.266967134, 11.269712284
11.276967148, 11.279939029
11.286967117, 11.290028159
11.296967134, 11.299805075
11.306967127, 11.309819459
11.316967138, 11.319823103
11.326967120, 11.329906581
11.336967127, 11.339844867
11.346967113, 11.349842035
11.356967134, 11.359962365
11.366967153, 11.369942090
11.376967121, 11.379916876
11.386967120, 11.389959158
11.396967140, 11.399931197
11.406967112, 11.409950920
11.416967118, 11.420053231
11.426967134, 11.430083153
11.436967138, 11.440012835
11.446967158, 11.449596327
11.456967153, 11.459983614
11.466967140, 11.469602202
11.476967124, 11.479671855
11.486967163, 11.489767417
11.496967123, 11.499595087
11.506967117, 11.509735415
11.516967125, 11.519904749
11.526967126, 11.529903946
11.536967148, 11.539834766
11.546967122, 11.549968737
11.556967143, 11.559945705
11.566967140, 11.570014270
11.576967135, 11.579948206
11.586967157, 11.589784395
11.596967152, 11.599821323
11.606967153, 11.609886562
11.616967153, 11.619895201
11.626967118, 11.630023754
11.636967158, 11.639955220
11.646967121, 11.650003630
11.656967143, 11.660060959
11.666967120, 11.669840164
11.676967128, 11.679995719
11.686967134, 11.689864442
11.696967122, 11.699970399
11.706967134, 11.709965892
11.716967119, 11.719838973
11.726967137, 11.729973466
11.736967131, 11.739876777
11.746967117, 11.750030813
11.756967132, 11.759902997
11.766967113, 11.769899067
11.776967125, 11.779671371
11.786967118, 11.789728962
11.796967131, 11.799916796
11.806967153, 11.809841575
11.816967140, 11.819838078
11.826967116, 11.829846596
11.836967136, 11.839910676
11.846967109, 11.849914776
11.856967123, 11.859950003
11.866967120, 11.870024522
11.876967158, 11.880007417
11.886967123, 11.890056823
11.896967120, 11.899900030
11.906967145, 11.909884702
11.916967133, 11.919930815
11.926967141, 11.929606781
11.936967123, 11.939838857
11.946967272, 11.950244136
11.956967107, 11.959895874
11.966967122, 11.969849151
11.976967156, 11.979894888
11.986967149, 11.989579247
11.996967118, 11.999918089
12.006967129, 12.009894974
12.016967128, 12.019871380
12.026967123, 12.029975379
12.036967146, 12.039813906
12.046967124, 12.049823861
12.056967150, 12.059853342
12.066967112, 12.069902626
12.076967108, 12.079859852
12.086967122, 12.089943659
12.096967148, 12.099938553
12.106967120, 12.109869776
12.116967150, 12.119879335
12.126967118, 12.129970809
12.136967155, 12.140016820
12.146967134, 12.149947807
12.156967151, 12.159990190
12.166967150, 12.169902222
12.176967168, 12.179947617
12.186967115, 12.190035601
12.196967125, 12.199779835
12.206967120, 12.209798359
12.216967148, 12.219903662
12.226971533, 12.229931583
12.236967150, 12.239910623
12.246967121, 12.249906073
12.256967119, 12.259930932
12.266967127, 12.269830709
12.276967138, 12.279895973
12.286967109, 12.289863919
12.296967125, 12.299889833
12.306967134, 12.309921544
12.316967178, 12.319886939
12.326967116, 12.329916232
12.336967146, 12.340021132
12.346967139, 12.349937868
12.356967130, 12.359953042
12.366967150, 12.369996136
12.376967113, 12.379998916
12.386967121, 12.389974339
12.396967126, 12.399875171
12.406967120, 12.409931394
12.416967137, 12.419898077
12.426967133, 12.429786727
12.436967120, 12.439798418
12.446967130, 12.449863148
12.456967156, 12.459842948
12.466967113, 12.469898711
12.476967132, 12.479775959
12.486967112, 12.489858636
12.496967134, 12.499808856
12.506967120, 12.509863045
12.516967161, 12.519876817
12.526967111, 12.529946968
12.536967158, 12.539950165
12.546967126, 12.549833523
12.556967120, 12.559835460
12.566967121, 12.569842248
12.576967138, 12.580031434
12.586967117, 12.590009659
12.596967148, 12.600018989
12.606967125, 12.610012694
12.616967133, 12.619870961
12.626967126, 12.629862240
12.636967131, 12.639989346
12.646967150, 12.650059086
12.656967155, 12.659954072
12.666967120, 12.669900604
12.676967113, 12.679666069
12.686967115, 12.689822588
12.696967156, 12.699838209
12.706967147, 12.709956661
12.716967140, 12.719885595
12.726967122, 12.729963934
12.736967122, 12.739980101
12.746967130, 12.749966883
12.756967153, 12.759955607
12.766967128, 12.770019951
12.776967163, 12.780165772
12.786967146, 12.789977386
12.796967128, 12.799843031
12.806967133, 12.809731824
12.816967121, 12.819744045
12.826967139, 12.829704010
12.836967137, 12.839614796
12.846967138, 12.849848657
12.856967127, 12.859970742
12.866967122, 12.869858488
12.876967146, 12.879929717
12.886967120, 12.889918089
12.896967160, 12.899960430
12.906967129, 12.909831238
12.916967129, 12.919973988
12.926967135, 12.929918391
12.936967181, 12.939880942
12.946967126, 12.949837292
12.956967160, 12.959941249
12.966967243, 12.969946234
12.976967120, 12.979874879
12.986967110, 12.989874396
12.996967153, 12.999878441
13.006967132, 13.009948276
13.016967122, 13.019780339
13.026967118, 13.029793294
13.036967116, 13.039646156
13.046967138, 13.049926284
13.056967126, 13.059894815
13.066967158, 13.069961169
13.076967173, 13.080029905
13.086967132, 13.089935294
13.096967128, 13.099903265
13.106967150, 13.109943353
13.116967143, 13.119930266
13.126967144, 13.129982345
13.136967132, 13.139894689
13.146967134, 13.149949889
13.156967149, 13.159679663
13.166967112, 13.169837713
13.176967141, 13.179843377
13.186967131, 13.189664453
13.196967137, 13.199649546
13.206967123, 13.210005051
13.216967127, 13.219878052
13.226967114, 13.229947821
13.236967156, 13.239907263
13.246967122, 13.249989946
13.256967155, 13.259891389
13.266967122, 13.269898572
13.276967113, 13.279934409
13.286967127, 13.289860941
13.296967136, 13.299959712
13.306967129, 13.309756139
13.316967125, 13.319652109
13.326967128, 13.329850739
13.336967123, 13.339891774
13.346967127, 13.349881067
13.356967123, 13.359906348
13.366967118, 13.369880199
13.376967135, 13.379861803
13.386967161, 13.389921510
13.396967121, 13.399940814
13.406967165, 13.409954435
13.416967128, 13.419940834
13.426967179, 13.429919527
13.436967120, 13.439873035
13.446967119, 13.449947671
13.456967123, 13.459926564
13.466967112, 13.470027577
13.476967166, 13.479981086
13.486967122, 13.489962417
13.496967155, 13.500000822
13.506967127, 13.509666423
13.516967120, 13.519764072
13.526967122, 13.529837283
13.536967123, 13.539679445
13.546967125, 13.549687233
13.556967135, 13.559881783
13.566967124, 13.569897935
13.576967122, 13.579901826
13.586967128, 13.589890854
13.596967123, 13.599898716
13.606967124, 13.609879420
13.616967127, 13.619937623
13.626967124, 13.629851739
13.636967124, 13.639970654
13.646967115, 13.649926959
13.656967133, 13.659596828
13.666967127, 13.669649508
13.676967124, 13.679836769
13.686967111, 13.689830323
13.696967119, 13.700043210
13.706967114, 13.709893795
13.716967176, 13.719886295
13.726967133, 13.729999569
13.736967140, 13.739934017
13.746967115, 13.749921818
13.756967118, 13.759861355
13.766967131, 13.769888672
13.776967136, 13.779890548
13.786967161, 13.789860917
13.796967121, 13.799947757
13.806967117, 13.809897653
13.816967148, 13.819852375
13.826967156, 13.829657488
13.836967123, 13.839571212
13.846967118, 13.849677340
13.856967125, 13.859838960
13.866967148, 13.869885619
13.876967137, 13.879761442
13.886967117, 13.889947048
13.896967136, 13.899853679
13.906967108, 13.909740568
13.916967132, 13.919888126
13.926967138, 13.929939086
13.936967142, 13.939975376
13.946967132, 13.949927842
13.956967128, 13.959851732
13.966967127, 13.969913666
13.976967130, 13.979890913
13.986967134, 13.989906972
13.996967120, 13.999992352
14.006967122, 14.009847296
14.016967123, 14.019897835
14.026967121, 14.029959394
14.036967127, 14.039904015
14.046967135, 14.049963383
14.056967123, 14.059721699
14.066967148, 14.069649847
14.076967133, 14.079914433
14.086967118, 14.089792313
14.096967137, 14.099767461
14.106967115, 14.109872513
14.116967125, 14.119930355
14.126967133, 14.129916548
14.136967156, 14.139990010
14.146967115, 14.149907621
14.156967128, 14.159949258
14.166967125, 14.169920225
14.176967120, 14.179890915
14.186967118, 14.189919461
14.196967173, 14.199942294
14.206967128, 14.209901490
14.216967122, 14.219652817
14.226967148, 14.229635499
14.236967113, 14.239909838
14.246967117, 14.249890498
14.256967133, 14.259862736
14.266967112, 14.269758388
14.276967168, 14.279918296
14.286967142, 14.289978738
14.296967129, 14.299952939
14.306967149, 14.309955127
14.316967123, 14.319953524
14.326967141, 14.330003494
14.336967148, 14.340002108
14.346967118, 14.349967509
14.356967127, 14.359989216
14.366967120, 14.369956565
14.376967143, 14.380007735
14.386967140, 14.389927476
14.396967155, 14.399925721
14.406967134, 14.409666493
14.416967119, 14.419803274
14.426967116, 14.429896993
14.436967131, 14.439824594
14.446967117, 14.449944417
14.456967132, 14.459912730
14.466967124, 14.469911517
14.476967124, 14.479824197
14.486967104, 14.489843728
14.496967146, 14.499931328
14.506967113, 14.509933335
14.516967122, 14.520064147
14.526967125, 14.529945145
14.536967127, 14.539849108
14.546967113, 14.549748376
14.556967128, 14.559686787
14.566967118, 14.569761351
14.576967158, 14.579711443
14.586967123, 14.589850533
14.596967128, 14.599860153
14.606967121, 14.609939419
14.616967138, 14.619959474
14.626967125, 14.629958375
14.636967132, 14.639939856
14.646967132, 14.649927038
14.656967137, 14.659869657
14.666967143, 14.669888487
14.676967152, 14.679864129
14.686967122, 14.689904542
14.696967178, 14.699958202
14.706967125, 14.709856773
14.716967112, 14.719958826
14.726967133, 14.729857940
14.736967131, 14.739871186
14.746967116, 14.749879164
14.756967155, 14.759658413
14.766967117, 14.769828898
14.776967133, 14.779951561
14.786967132, 14.789883892
14.796967126, 14.799924139
14.806967139, 14.809953793
14.816967148, 14.820020921
14.826967156, 14.829937117
14.836967117, 14.839952484
14.846967181, 14.850022892
14.856967151, 14.859919605
14.866967122, 14.869950884
14.876967120, 14.879875724
14.886967125, 14.889939289
14.896967114, 14.899925526
14.906967116, 14.909819683
14.916967126, 14.919807618
14.926967120, 14.929919696
14.936967150, 14.940018725
14.946967125, 14.949941525
14.956967116, 14.959953239
14.966967120, 14.970008231
14.976967133, 14.979868277
14.986967122, 14.989649274
14.996967158, 14.999830807
15.006967126, 15.009829399
15.016967125, 15.019788107
15.026967125, 15.029948501
15.036967117, 15.039966498
15.046967124, 15.049912188
15.056967127, 15.059969717
15.066967111, 15.070033874
15.076967102, 15.079954800
15.086967157, 15.089907835
15.096967126, 15.099922617
15.106967159, 15.109593098
15.116967126, 15.119793148
15.126967146, 15.129835439
15.136967139, 15.139847195
15.146967115, 15.149962223
15.156967152, 15.159881527
15.166967129, 15.170014825
15.176967145, 15.180017149
15.186967151, 15.189961523
15.196967122, 15.199877157
15.206967113, 15.209869110
15.216967141, 15.219909295
15.226967129, 15.229958114
15.236967160, 15.240017348
15.246967122, 15.249978214
15.256967121, 15.259957884
15.266967129, 15.269905769
15.276967133, 15.279877318
15.286967116, 15.289884099
15.296967122, 15.299966906
15.306967120, 15.309938172
15.316967142, 15.319925678
15.326967150, 15.329863066
15.336967122, 15.339914538
15.346967124, 15.349790443
15.356967175, 15.359666786
15.366967120, 15.369654490
15.376967131, 15.379764544
15.386967130, 15.389733338
15.396967141, 15.399736798
15.406967114, 15.409837454
15.416967132, 15.419864712
15.426967143, 15.429930111
15.436967145, 15.440000741
15.446967119, 15.449930979
15.456967138, 15.459942520
15.466967113, 15.469952816
15.476967125, 15.479972023
15.486967135, 15.489957269
15.496967153, 15.499972820
15.506967117, 15.509983067
15.516967158, 15.519857508
15.526967113, 15.530000892
15.536967168, 15.540001376
15.546970249, 15.549936093
15.556967127, 15.559954427
15.566967141, 15.569905033
15.576967140, 15.579865246
15.586967157, 15.589942195
15.596967140, 15.599873546
15.606967117, 15.609889535
15.616967117, 15.619982012
15.626967146, 15.629637431
15.636967118, 15.639815524
15.646967129, 15.649830983
15.656967137, 15.659935904
15.666967123, 15.669897440
15.676967125, 15.679987691
15.686967127, 15.689979055
15.696967145, 15.699960864
15.706967127, 15.709912055
15.716967127, 15.720020665
15.726967129, 15.729857451
15.736967115, 15.739790551
15.746967112, 15.749967095
15.756967171, 15.759947600
15.766967121, 15.769868716
15.776967173, 15.779916336
15.786967117, 15.789870899
15.796967159, 15.799896530
15.806967125, 15.809850528
15.816967132, 15.820034177
15.826967137, 15.829910732
15.836967160, 15.839915276
15.846967125, 15.849994135
15.856967118, 15.859942894
15.866967124, 15.869952474
15.876967117, 15.879925590
15.886967127, 15.889969742
15.896967127, 15.899677812
15.906967151, 15.909912508
15.916967118, 15.919970157
15.926967126, 15.929974626
15.936967117, 15.939988782
15.946967127, 15.949890701
15.956967127, 15.959900371
15.966967147, 15.969956393
15.976967127, 15.979925676
15.986967120, 15.989953068
15.996967121, 15.999913012
16.006967121, 16.009862442
16.016967150, 16.019903558
16.026967113, 16.029931780
16.036967146, 16.040031378
16.046967133, 16.049992861
16.056967139, 16.059912867
16.066967127, 16.070015001
16.076967137, 16.080045182
16.086967143, 16.089696219
16.096967130, 16.099661757
16.106967123, 16.109816880
16.116967116, 16.119919093
16.126967124, 16.129913737
16.136967170, 16.140030351
16.146967128, 16.149907935
16.156967138, 16.159949876
16.166967135, 16.169927583
16.176967151, 16.179982566
16.186967132, 16.189944649
16.196967155, 16.199907485
16.206967125, 16.209905370
16.216967139, 16.220005018
16.226967151, 16.229676405
16.236967117, 16.239637918
16.246967137, 16.249866347
16.256967168, 16.259998790
16.266967114, 16.269967876
16.276967114, 16.279919096
16.286967118, 16.289959152
16.296967113, 16.299966752
16.306967137, 16.309943406
16.316967127, 16.320014307
16.326967249, 16.330067102
16.336967127, 16.340052679
16.346967123, 16.349952120
16.356967123, 16.359745874
16.366967139, 16.369671003
16.376967127, 16.379676915
16.386967131, 16.389787771
16.396967119, 16.399796070
16.406967135, 16.409990094
16.416967122, 16.419911425
16.426967139, 16.430054192
16.436967125, 16.439867278
16.446967139, 16.449916797
16.456967117, 16.459950084
16.466967124, 16.469938254
16.476967127, 16.479883228
16.486967134, 16.490003032
16.496967125, 16.499969923
16.506967113, 16.509988133
16.516967115, 16.519987822
16.526967125, 16.529988549
16.536967130, 16.539926842
16.546967129, 16.549986510
16.556967163, 16.559726352
16.566967172, 16.569870846
16.576967133, 16.579658935
16.586967116, 16.589730987
16.596967150, 16.599739781
16.606967122, 16.609715841
16.616967148, 16.619986222
16.626967121, 16.629939204
16.636967127, 16.639968461
16.646967117, 16.649871369
16.656967148, 16.659921780
16.666967159, 16.669914120
16.676967155, 16.679901413
16.686967119, 16.689875201
16.696967118, 16.699854457
16.706967129, 16.709989072
16.716967126, 16.719959215
16.726967124, 16.729959805
16.736967168, 16.739935713
16.746967115, 16.749945537
16.756967167, 16.759958108
16.766967122, 16.770068286
16.776967200, 16.780044913
16.786967159, 16.789951761
16.796967145, 16.800001642
16.806967115, 16.810038744
16.816967142, 16.819999000
16.826967120, 16.829977498
16.836967133, 16.840020029
16.846967129, 16.849954623
16.856967173, 16.859926701
16.866967120, 16.869964784
16.876967117, 16.879921277
16.886967127, 16.889951023
16.896967116, 16.899962111
16.906967132, 16.909917220
16.916967142, 16.919904696
16.926967111, 16.929921834
16.936967113, 16.939823245
16.946967117, 16.949551443
16.956967150, 16.959629301
16.966967142, 16.969847022
16.976967132, 16.979998512
16.986967113, 16.989989358
16.996967124, 16.999930155
17.006967111, 17.009978454
17.016967118, 17.019918355
17.026967134, 17.029942233
17.036967135, 17.039899869
17.046967117, 17.049952660
17.056967174, 17.059944807
17.066967123, 17.069982121
17.076967145, 17.079672702
17.086967129, 17.089690006
17.096967175, 17.099748645
17.106967120, 17.109814369
17.116967128, 17.119898979
17.126967123, 17.129966855
17.136967116, 17.139908763
17.146967132, 17.150002623
17.156967178, 17.160020166
17.166967119, 17.169971327
17.176967127, 17.180023511
17.186967120, 17.189986352
17.196967134, 17.199819407
17.206967142, 17.209813518
17.216967140, 17.219712508
17.226967112, 17.229941579
17.236967116, 17.239904760
17.246967129, 17.249936411
17.256967130, 17.259996025
17.266967164, 17.269994664
17.276967135, 17.280024539
17.286967115, 17.289989278
17.296967122, 17.299980183
17.306967120, 17.309985733
17.316967115, 17.319914865
17.326967154, 17.329862306
17.336967135, 17.339893539
17.346967173, 17.349824402
17.356967132, 17.360030719
17.366967140, 17.369917317
17.376967122, 17.379898709
17.386967157, 17.389822790
17.396967185, 17.399747300
17.406967151, 17.409678881
17.416967127, 17.419788512
17.426967114, 17.429817184
17.436967123, 17.439768029
17.446967134, 17.449849620
17.456967137, 17.459888051
17.466967119, 17.469999695
17.476967122, 17.479961115
17.486967115, 17.489974188
17.496967116, 17.499947838
17.506967134, 17.509967273
17.516967125, 17.519936891
17.526967113, 17.529928515
17.536967147, 17.539892019
17.546967153, 17.549914084
17.556967120, 17.559946724
17.566967147, 17.569902683
17.576967135, 17.579937307
17.586967149, 17.590047496
17.596967137, 17.600043480
17.606967120, 17.610073950
17.616967142, 17.619636935
17.626967132, 17.629685325
17.636967122, 17.639711967
17.646967226, 17.649787598
17.656967142, 17.659883832
17.666967125, 17.669804772
17.676967128, 17.679994550
17.686967122, 17.689961169
17.696967117, 17.699915329
17.706967137, 17.710028439
17.716967117, 17.720026968
17.726967118, 17.729922792
17.736967116, 17.739883587
17.746967119, 17.749969849
17.756967130, 17.759915710
17.766967143, 17.769979554
17.776967120, 17.779981970
17.786967118, 17.789905346
17.796967121, 17.799987108
17.806967147, 17.809555114
17.816967156, 17.819721033
17.826967116, 17.829656708
17.836967119, 17.839855910
17.846967145, 17.849962663
17.856967113, 17.859902324
17.866967154, 17.870013795
17.876967129, 17.880032758
17.886967153, 17.889959233
17.896967107, 17.899914083
17.906967146, 17.909836027
17.916967121, 17.920043013
17.926967132, 17.929990156
17.936967130, 17.939950115
17.946967122, 17.949913046
17.956967117, 17.959731263
17.966967115, 17.969900648
17.976967140, 17.979744644
17.986967162, 17.989778120
17.996967127, 17.999945812
18.006971190, 18.009817349
18.016967121, 18.019741644
18.026967146, 18.029966486
18.036967120, 18.039996966
18.046967132, 18.050002398
18.056967140, 18.060066894
18.066967148, 18.070057912
18.076967167, 18.080010471
18.086967156, 18.090009506
18.096967115, 18.100105899
18.106967137, 18.109821465
18.116967158, 18.120055597
18.126967123, 18.130036072
18.136967120, 18.139875181
18.146967142, 18.149996857
18.156967128, 18.159987415
18.166967137, 18.169849237
18.176967178, 18.179764564
18.186967121, 18.189803492
18.196967148, 18.199798752
18.206967127, 18.209834285
18.216967155, 18.219904358
18.226967134, 18.229870330
18.236967127, 18.239738656
18.246967107, 18.249785507
18.256967154, 18.259835111
18.266967126, 18.269800409
18.276967138, 18.279958333
18.286967134, 18.289937396
18.296967127, 18.299692956
18.306967122, 18.309835557
18.316967120, 18.319990874
18.326967149, 18.329669063
18.336967112, 18.339859263
18.346967137, 18.349984347
18.356967122, 18.359977213
18.366967115, 18.369968265
18.376967107, 18.379815614
18.386967138, 18.389926791
18.396967125, 18.399803863
18.406967154, 18.409959987
18.416967132, 18.419909089
18.426967122, 18.429842354
18.436967122, 18.439935211
18.446967115, 18.449778701
18.456967127, 18.459842138
18.466967149, 18.470022120
18.476967150, 18.479926393
18.486967121, 18.489876833
18.496967122, 18.499917202
18.506967113, 18.509570905
18.516967117, 18.519822645
18.526967119, 18.529918167
18.536967160, 18.539707737
18.546967115, 18.549933636
18.556967120, 18.560051590
18.566967115, 18.569972939
18.576967120, 18.579874232
18.586967122, 18.590021895
18.596967163, 18.599959493
18.606967129, 18.609979741
18.616967147, 18.619837597
18.626967116, 18.629992839
18.636967149, 18.639972978
18.646967134, 18.649993587
18.656967142, 18.659697906
18.666967116, 18.669741329
18.676967136, 18.679635051
18.686967133, 18.689702901
18.696967140, 18.700011797
18.706967124, 18.710039600
18.716967132, 18.720030115
18.726967153, 18.729997936
18.736967119, 18.739873367
18.746967152, 18.750005039
18.756967117, 18.760059177
18.766967132, 18.769898267
18.776967150, 18.780033922
18.786967164, 18.789980560
18.796967147, 18.800028477
18.806967148, 18.809953508
18.816967199, 18.820017547
18.826967124, 18.829869541
18.836967142, 18.839951398
18.846967149, 18.850021609
18.856967114, 18.859686289
18.866967115, 18.869846787
18.876967122, 18.879997206
18.886967154, 18.889880522
18.896967163, 18.899912387
18.906967138, 18.910065130
18.916967127, 18.919949568
18.926984668, 18.929785682
18.936967128, 18.939920970
18.946972477, 18.949881442
18.956967155, 18.960031717
18.966973142, 18.969686551
18.976967124, 18.979724817
18.986976110, 18.989977182
18.996967119, 18.999989187
19.006971058, 19.009850591
19.016967107, 19.019697971
19.026970789, 19.029775171
19.036967124, 19.039974797
19.046976337, 19.049971902
19.056967120, 19.059946888
19.066975301, 19.070005626
19.076967122, 19.079833445
19.086971926, 19.090019433
19.096967132, 19.099841206
19.106979751, 19.109859996
19.116967159, 19.119780742
19.126972657, 19.129964000
19.136967137, 19.139938101
19.146972061, 19.149877847
19.156967144, 19.160083678
19.166978630, 19.169931692
19.176967171, 19.179782085
19.186975572, 19.189774752
19.196967127, 19.199825405
19.206969828, 19.209954724
19.216967122, 19.220042854
19.226982882, 19.230025206
19.236967153, 19.239873016
19.246970394, 19.249691482
19.256967125, 19.259923040
19.266970328, 19.269932441
19.276967153, 19.279927620
19.286983382, 19.289843058
19.296967120, 19.299913179
19.306973612, 19.309806920
19.316967140, 19.319933062
19.326970306, 19.329850530
19.336967117, 19.340005754
19.346974902, 19.349964275
19.356967146, 19.359822731
19.366972154, 19.369935542
19.376967160, 19.379971933
19.386971608, 19.389749609
19.396967128, 19.399879376
19.406979238, 19.409834794
19.416967137, 19.420062411
19.426971254, 19.430032176
19.436967150, 19.440085078
19.446970968, 19.450043478
19.456967120, 19.459966444
19.466980479, 19.469988282
19.476967120, 19.479867428
19.486970076, 19.489809807
19.496967137, 19.499911678
19.506970789, 19.510033459
19.516967127, 19.519930532
19.526978140, 19.529891595
19.536967121, 19.539974521
19.546969948, 19.549831832
19.556967130, 19.559984029
19.566969197, 19.569869986
19.576967140, 19.579792482
19.586975442, 19.589763637
19.596967113, 19.599575647
19.606976730, 19.609565972
19.616967148, 19.619608333
19.626968269, 19.629599775
19.636967122, 19.639733548
19.646974846, 19.649998787
19.656967125, 19.660049300
19.666969307, 19.669603831
19.676967120, 19.679813988
19.686968547, 19.690077914
19.696967144, 19.699864103
19.706978017, 19.709904125
19.716967116, 19.719898224
19.726970497, 19.729903778
19.736967122, 19.739941865
19.746973531, 19.749561506
19.756967145, 19.759883041
19.766974239, 19.769738067
19.776967114, 19.779839882
19.786967934, 19.789894947
19.796967153, 19.799834357
19.806967293, 19.809737369
19.816967145, 19.819878015
19.826975508, 19.829940269
19.836967131, 19.839929383
19.846967550, 19.849943714
19.856967142, 19.859880808
19.866971070, 19.869954481
19.876967121, 19.880057501
19.886977619, 19.890007584
19.896967130, 19.899862849
19.906969545, 19.909880502
19.916967137, 19.919825004
19.926968322, 19.929950462
19.936967127, 19.939825239
19.946981287, 19.949870355
19.956967158, 19.959937649
19.966969307, 19.969815558
19.976967125, 19.979851623
19.986968434, 19.989961181
19.996967137, 19.999856855
20.006972807, 20.010051579
20.016967122, 20.020018502
20.026968685, 20.029878282
20.036967122, 20.039724918
20.046969527, 20.049756313
20.056967121, 20.059916887
20.066973095, 20.070011087
20.076967126, 20.079964147
20.086967157, 20.089921400
20.096967122, 20.099980220
20.106967144, 20.110013236
20.116967125, 20.120026561
20.126975869, 20.129918249
20.136967116, 20.139928800
20.146970587, 20.150008502
20.156967155, 20.159915106
20.166967128, 20.169904223
20.176967154, 20.179986926
20.186971716, 20.189962323
20.196967144, 20.199752044
20.206967322, 20.209911339
20.216967129, 20.219608947
20.226967124, 20.229791940
20.236967140, 20.239711088
20.246972713, 20.249743042
20.256967111, 20.259537922
20.266967127, 20.269958625
20.276967135, 20.280011272
20.286967118, 20.289988926
20.296967120, 20.299929610
20.306972287, 20.309982208
20.316967114, 20.319955944
20.326967134, 20.329894252
20.336967150, 20.339915748
20.346967141, 20.349962702
20.356967139, 20.359926425
20.366977562, 20.369568675
20.376967111, 20.379935257
20.386967124, 20.389908259
20.396967145, 20.399931706
20.406967113, 20.409843736
20.416967115, 20.419862022
20.426970533, 20.429875101
20.436967115, 20.439875043
20.446967177, 20.449895924
20.456967132, 20.459960766
20.466967122, 20.469986877
20.476967126, 20.479999728
20.486970902, 20.489930114
20.496967148, 20.499949074
20.506967132, 20.509756426
20.516967158, 20.519984711
20.526970711, 20.529589277
20.536967141, 20.539760608
20.546970171, 20.549894707
20.556967129, 20.560028893
20.566967154, 20.569954094
20.576967125, 20.580006451
20.586967135, 20.589862714
20.596967118, 20.599932067
20.606973718, 20.610037297
20.616967152, 20.619984257
20.626967157, 20.629885188
20.636967127, 20.639706288
20.646967120, 20.649719067
20.656967120, 20.659672077
20.666969233, 20.669837314
20.676967122, 20.679904637
20.686967134, 20.689944844
20.696967132, 20.699926501
20.706967120, 20.709984858
20.716967124, 20.719947369
20.726969894, 20.729971795
20.736967128, 20.739883787
20.746967144, 20.749923801
20.756967160, 20.759935335
20.766967130, 20.769875242
20.776967128, 20.779991334
20.786968193, 20.790027876
20.796967122, 20.799997300
20.806967162, 20.810059285
20.816967130, 20.820009345
20.826967122, 20.829972843
20.836967119, 20.839958049
20.846970553, 20.849889032
20.856967122, 20.859778460
20.866970284, 20.869852953
20.876967122, 20.879903298
20.886967111, 20.889911590
20.896967121, 20.899829637
20.906968330, 20.909828218
20.916967130, 20.919937387
20.926967152, 20.929979605
20.936967132, 20.939865682
20.946967132, 20.949923910
20.956967147, 20.959995877
20.966968013, 20.969969717
20.976967143, 20.979947642
20.986967179, 20.989973070
20.996967150, 20.999958515
21.006967127, 21.009970120
21.016967144, 21.019946691
21.026968648, 21.029779157
21.036967115, 21.039751046
21.046967134, 21.049881810
21.056967130, 21.059791737
21.066967148, 21.069852789
21.076967139, 21.079936919
21.086967436, 21.089917955
21.096967127, 21.099812281
21.106967137, 21.109813400
21.116967125, 21.119939803
21.126967115, 21.129886386
21.136967127, 21.139900983
21.146967114, 21.149862673
21.156967134, 21.159980356
21.166967127, 21.169883251
21.176967183, 21.179798360
21.186967120, 21.189664780
21.196967253, 21.199704558
21.206976016, 21.209927871
21.216967112, 21.219975535
21.226967129, 21.229912830
21.236967130, 21.239905255
21.246971736, 21.249817233
21.256967128, 21.259945073
21.266971346, 21.269916895
21.276967118, 21.279821037
21.286967447, 21.289982482
21.296967125, 21.299950188
21.306967130, 21.309840014
21.316967128, 21.319895444
21.326971397, 21.329908534
21.336967125, 21.339916681
21.346967124, 21.349647977
21.356967136, 21.359658830
21.366967132, 21.369899156
21.376967125, 21.379855558
21.386967114, 21.389972647
21.396967160, 21.399999069
21.406967137, 21.409868806
21.416967180, 21.419999364
21.426967119, 21.429934458
21.436967125, 21.439936199
21.446967796, 21.449933056
21.456967141, 21.459904548
21.466967129, 21.469867207
21.476967160, 21.479894078
21.486967136, 21.489872095
21.496967119, 21.499991948
21.506967118, 21.509921818
21.516967117, 21.520044909
21.526967157, 21.529991371
21.536967125, 21.539964069
21.546967123, 21.549623454
21.556967150, 21.559849937
21.566967124, 21.569804370
21.576967123, 21.579876281
21.586967134, 21.589940759
21.596967150, 21.600027289
21.606967117, 21.609964173
21.616967137, 21.619981469
21.626969956, 21.629922855
21.636967123, 21.639982210
21.646967122, 21.649994023
21.656967132, 21.660031328
21.666967116, 21.669960198
21.676967160, 21.679885172
21.686967126, 21.689823583
21.696967168, 21.699731578
21.706967132, 21.709760152
21.716967127, 21.719914322
21.726967120, 21.729962382
21.736967124, 21.739937231
21.746967117, 21.749971180
21.756967115, 21.759887059
21.766967157, 21.769846292
21.776967135, 21.779987548
21.786967115, 21.789874129
21.796967116, 21.799864912
21.806967115, 21.809952451
21.816967132, 21.819963445
21.826967137, 21.829852429
21.836967122, 21.839617903
21.846967151, 21.849780058
21.856967118, 21.859965067
21.866967112, 21.869948404
21.876967143, 21.879939425
21.886967114, 21.889905545
21.896967132, 21.899936812
21.906967114, 21.909985772
21.916967138, 21.919943681
21.926967121, 21.929985285
21.936967122, 21.939944427
21.946967167, 21.949901525
21.956967125, 21.960010004
21.966967153, 21.969980351
21.976967151, 21.979655287
21.986967125, 21.989944120
21.996967120, 21.999634594
22.006967122, 22.009609542
22.016967123, 22.019633126
22.026967137, 22.029634453
22.036967117, 22.039700193
22.046967117, 22.049676248
22.056967120, 22.059821608
22.066967139, 22.069811195
22.076967142, 22.079999249
22.086967155, 22.089903661
22.096967123, 22.099930996
22.106967122, 22.109975017
22.116967119, 22.119940527
22.126967162, 22.129997180
22.136967145, 22.139950521
22.146967130, 22.149936954
22.156967114, 22.159954513
22.166967113, 22.170003937
22.176967146, 22.179895523
22.186967127, 22.189928941
22.196967140, 22.199976426
22.206967130, 22.209943507
22.216967117, 22.219911240
22.226967127, 22.229999949
22.236967126, 22.239878671
22.246967147, 22.250001967
22.256967153, 22.259846934
22.266967128, 22.269552370
22.276967113, 22.279902997
22.286967123, 22.290006924
22.296967116, 22.299980282
22.306967174, 22.309992792
22.316967130, 22.319981443
22.326967132, 22.329916458
22.336967115, 22.339909196
22.346967112, 22.349958198
22.356967145, 22.359962854
22.366967129, 22.369868696
22.376967134, 22.379948255
22.386970166, 22.389927287
22.396967132, 22.399844681
22.406967120, 22.409878307
22.416967134, 22.419878348
22.426967134, 22.429957785
22.436967137, 22.439969404
22.446967117, 22.449980697
22.456967129, 22.459881131
22.466967125, 22.469988473
22.476967120, 22.479911502
22.486967162, 22.489988026
22.496967140, 22.499843936
22.506967121, 22.509694783
22.516967129, 22.519683440
22.526967113, 22.529744947
22.536967115, 22.539775434
22.546967124, 22.549735956
22.556967130, 22.559729898
22.566967146, 22.569721538
22.576967143, 22.579841103
22.586967126, 22.589696901
22.596967158, 22.599675548
22.606967130, 22.609965524
22.616967160, 22.619899792
22.626967132, 22.629933253
22.636967122, 22.639971622
22.646967122, 22.649902318
22.656967134, 22.659856398
22.666967162, 22.669824266
22.676967120, 22.679740328
22.686967147, 22.689936244
22.696967124, 22.699950383
22.706967126, 22.710047292
22.716967115, 22.720001292
22.726967174, 22.729960597
22.736967145, 22.739991578
22.746967145, 22.749942524
22.756967115, 22.760034855
22.766967119, 22.769957754
22.776967132, 22.779975694
22.786967152, 22.789907464
22.796967125, 22.800004589
22.806967119, 22.809991093
22.816967147, 22.819977635
22.826967122, 22.829956765
22.836967122, 22.839770360
22.846967129, 22.849756188
22.856967132, 22.859940460
22.866967122, 22.869947669
22.876967130, 22.879921500
22.886967112, 22.889935462
22.896967130, 22.899880471
22.906967129, 22.909930034
22.916967163, 22.919893612
22.926967135, 22.929700717
22.936967115, 22.939758029
22.946967120, 22.949682157
22.956967113, 22.959952698
22.966967152, 22.970012775
22.976967132, 22.979933673
22.986967123, 22.989908953
22.996967122, 22.999981514
23.006967135, 23.010030644
23.016967124, 23.019968086
23.026967139, 23.029987582
23.036967140, 23.039953190
23.046967150, 23.049947551
23.056967156, 23.059940880
23.066967117, 23.069892354
23.076967140, 23.079980032
23.086967152, 23.089877637
23.096967122, 23.099941121
23.106967124, 23.109954382
23.116967149, 23.119844308
23.126967117, 23.129711579
23.136967123, 23.139812302
23.146967141, 23.149795172
23.156967149, 23.159955506
23.166967118, 23.169987552
23.176967113, 23.179940853
23.186967122, 23.189957230
23.196967129, 23.199964274
23.206967147, 23.210022912
23.216967122, 23.219942071
23.226967122, 23.229985919
23.236967124, 23.239956726
23.246967123, 23.249957654
23.256967129, 23.259954885
23.266967157, 23.269936913
23.276967125, 23.280010290
23.286967130, 23.289969211
23.296967121, 23.299754298
23.306967122, 23.309719206
23.316967135, 23.319654553
23.326967137, 23.329687111
23.336967173, 23.339852438
23.346967144, 23.349947898
23.356967139, 23.360012386
23.366967127, 23.370053292
23.376967118, 23.379966283
23.386967137, 23.390033926
23.396967125, 23.399939748
23.406967138, 23.410018856
23.416967117, 23.420034094
23.426967122, 23.429961857
23.436967154, 23.440049459
23.446967137, 23.449911995
23.456967127, 23.460032694
23.466967134, 23.469953382
23.476967121, 23.479615594
23.486969598, 23.489643501
23.496967147, 23.499684591
23.506967127, 23.509700002
23.516967132, 23.519998219
23.526967133, 23.529883603
23.536967130, 23.539915340
23.546968467, 23.549876135
23.556967113, 23.559974052
23.566967137, 23.569975044
23.576967140, 23.580037458
23.586967138, 23.589960189
23.596967125, 23.599995368
23.606967113, 23.610005263
23.616967110, 23.619953490
23.626967127, 23.629881792
23.636967125, 23.639970913
23.646967128, 23.649910740
23.656967122, 23.659987489
23.666969156, 23.669959263
23.676967142, 23.680011655
23.686967137, 23.689990652
23.696967125, 23.699930032
23.706967124, 23.709852159
23.716967122, 23.719749014
23.726967119, 23.729962903
23.736967120, 23.739636147
23.746967132, 23.749848545
23.756967125, 23.759914429
23.766967126, 23.769901534
23.776967120, 23.779971901
23.786967158, 23.789841852
23.796967121, 23.799962531
23.806967119, 23.809976112
23.816967150, 23.819831510
23.826967117, 23.829944393
23.836967142, 23.839819728
23.846967118, 23.849833299
23.856967126, 23.859956100
23.866967157, 23.869956452
23.876967142, 23.879911196
23.886967167, 23.890037771
23.896967140, 23.899930443
23.906967130, 23.909914175
23.916967116, 23.919979072
23.926967124, 23.929897282
23.936967127, 23.939986746
23.946967120, 23.949921315
23.956967117, 23.959952759
23.966967137, 23.969875466
23.976967117, 23.979920979
23.986967134, 23.989785342
23.996967135, 23.999780943
24.006967112, 24.009658284
24.016967123, 24.019642453
24.026967116, 24.029923926
24.036967149, 24.040030353
24.046967134, 24.049861511
24.056967132, 24.059968452
24.066967133, 24.069981431
24.076967122, 24.079992111
24.086967131, 24.089945616
24.096967109, 24.099965714
24.106967162, 24.109922142
24.116967145, 24.119964269
24.126967141, 24.129938696
24.136967117, 24.139901567
24.146967126, 24.149893116
24.156967119, 24.159899391
24.166967132, 24.169927172
24.176967125, 24.179980549
24.186967160, 24.189962642
24.196967122, 24.199994542
24.206967168, 24.209902600
24.216967154, 24.219999112
24.226967164, 24.229993226
24.236967158, 24.239982516
24.246967113, 24.249905609
24.256967132, 24.259740576
24.266967125, 24.269634685
24.276967128, 24.279796093
24.286967127, 24.289904595
24.296967130, 24.299924481
24.306967117, 24.309906687
24.316967155, 24.319894764
24.326967352, 24.329865410
24.336967138, 24.340023259
24.346967139, 24.349819811
24.356967163, 24.360019537
24.366967123, 24.369956675
24.376967131, 24.379973350
24.386967126, 24.389846792
24.396967106, 24.399953919
24.406967124, 24.409895302
24.416967127, 24.419896717
24.426967120, 24.429931987
24.436967153, 24.439826243
24.446967112, 24.449899020
24.456967145, 24.459969998
24.466967124, 24.470087184
24.476967130, 24.480063333
24.486967115, 24.489893588
24.496967119, 24.500047041
24.506967130, 24.509891234
24.516967117, 24.520005638
24.526967139, 24.529651195
24.536967129, 24.539916097
24.546967120, 24.549815100
24.556967124, 24.559965453
24.566967115, 24.569754935
24.576967121, 24.579904057
24.586967154, 24.590012199
24.596967137, 24.599914723
24.606967122, 24.609863584
24.616967123, 24.619928185
24.626967148, 24.629878230
24.636967115, 24.639881097
24.646967152, 24.649969363
24.656967127, 24.659951428
24.666967130, 24.669870757
24.676967128, 24.680005498
24.686967186, 24.690042285
24.696967116, 24.699957911
24.706967139, 24.709975901
24.716967127, 24.719948922
24.726967121, 24.729956677
24.736967115, 24.740077136
24.746967125, 24.750006503
24.756967142, 24.759923821
24.766967129, 24.769925844
24.776967127, 24.780001371
24.786967127, 24.789980545
24.796967129, 24.800037491
24.806967181, 24.810001173
24.816967142, 24.819973260
24.826967184, 24.829828264
24.836967163, 24.839685265
24.846967150, 24.849598392
24.856967137, 24.859940214
24.866967807, 24.869852321
24.876967137, 24.880004585
24.886967142, 24.889965146
24.896967120, 24.900017217
24.906967121, 24.910078635
24.916967119, 24.920009572
24.926967248, 24.930015574
24.936967138, 24.939983428
24.946967152, 24.949973050
24.956967195, 24.960021795
24.966967143, 24.970005191
24.976967150, 24.980005272
24.986967141, 24.989948817
24.996967111, 25.000010145
25.006967149, 25.009973290
25.016967135, 25.019946802
25.026967112, 25.029874001
25.036967112, 25.039935552
25.046967130, 25.049930052
25.056967121, 25.059822347
25.066967124, 25.070014377
25.076967135, 25.079769344
25.086967128, 25.089732338
25.096967121, 25.099904307
25.106967114, 25.109786438
25.116967121, 25.119781284
25.126967169, 25.129866230
25.136967122, 25.139958448
25.146967135, 25.150005599
25.156967120, 25.159986316
25.166967116, 25.169993911
25.176967109, 25.179983642
25.186967137, 25.189937489
25.196967125, 25.200058679
25.206967135, 25.210008534
25.216967127, 25.220025518
25.226967151, 25.229976729
25.236967135, 25.240009352
25.246967132, 25.249960006
25.256967132, 25.259980882
25.266967128, 25.269741653
25.276967115, 25.279881099
25.286967122, 25.289792656
25.296967126, 25.299645978
25.306967132, 25.309773943
25.316967132, 25.319873080
25.326967136, 25.329992532
25.336967117, 25.340009166
25.346967114, 25.349995498
25.356967120, 25.360013910
25.366967152, 25.370003834
25.376967130, 25.380011901
25.386967144, 25.389970968
25.396967114, 25.400008738
25.406967122, 25.409907912
25.416967136, 25.419764471
25.426967149, 25.429644574
25.436967120, 25.439926661
25.446967120, 25.449854829
25.456967128, 25.460022822
25.466967115, 25.470017134
25.476967129, 25.479933735
25.486967127, 25.489953134
25.496967153, 25.499856613
25.506967131, 25.509544594
25.516967128, 25.519968922
25.526967115, 25.529975181
25.536967129, 25.539896247
25.546967124, 25.549989988
25.556967153, 25.560010932
25.566967113, 25.569979210
25.576967113, 25.579919043
25.586967116, 25.589970409
25.596967135, 25.600019115
25.606967129, 25.609994491
25.616967135, 25.620051622
25.626967118, 25.630061763
25.636967137, 25.639943925
25.646967122, 25.649943580
25.656967142, 25.659761878
25.666967139, 25.669691344
25.676967125, 25.679737080
25.686967149, 25.689882936
25.696967170, 25.700026255
25.706967125, 25.709879132
25.716967124, 25.719882802
25.726967122, 25.729969519
25.736967142, 25.739956897
25.746967130, 25.749921836
25.756967125, 25.759925657
25.766970060, 25.769939798
25.776967139, 25.779865155
25.786967134, 25.789974989
25.796967130, 25.800009400
25.806967119, 25.810019303
25.816967120, 25.819965976
25.826967163, 25.829804572
25.836967130, 25.839986780
25.846967194, 25.849926909
25.856967130, 25.859991182
25.866967140, 25.870034184
25.876967165, 25.879750232
25.886967122, 25.889928802
25.896967117, 25.899969947
25.906967142, 25.909990868
25.916967148, 25.919733852
25.926969628, 25.929952126
25.936967129, 25.939770863
25.946967114, 25.949732591
25.956967136, 25.960012738
25.966967144, 25.969877414
25.976967127, 25.979955000
25.986967123, 25.989785077
25.996967135, 25.999920233
26.006967122, 26.009943423
26.016967132, 26.019983962
26.026967154, 26.030017254
26.036967160, 26.039981899
26.046967124, 26.049720231
26.056967113, 26.059933200
26.066967115, 26.069888624
26.076967144, 26.079640626
26.086967129, 26.089919418
26.096967125, 26.099942232
26.106967147, 26.109916319
26.116967140, 26.120025147
26.126967127, 26.130000792
26.136967148, 26.140019775
26.146967154, 26.149857745
26.156967120, 26.159766599
26.166967136, 26.169799278
26.176967121, 26.179652992
26.186967122, 26.189660899
26.196967119, 26.199847552
26.206967149, 26.209897187
26.216967125, 26.219927947
26.226967165, 26.229981888
26.236967117, 26.239938923
26.246967131, 26.250047643
26.256967124, 26.260000611
26.266967172, 26.270002595
26.276967130, 26.280055577
26.286967153, 26.289985486
26.296967117, 26.299984567
26.306967148, 26.310067423
26.316967130, 26.320001729
26.326967169, 26.329828098
26.336967137, 26.339625531
26.346967125, 26.349841410
26.356967127, 26.359990206
26.366967130, 26.369933257
26.376967117, 26.379972452
26.386967127, 26.389982420
26.396967165, 26.399929664
26.406967119, 26.409917615
26.416967117, 26.419972055
26.426967120, 26.430017240
26.436967141, 26.440061775
26.446967118, 26.449893188
26.456967120, 26.460043603
26.466967118, 26.469893900
26.476967150, 26.479567804
26.486967120, 26.489777761
26.496967130, 26.499974773
26.506967122, 26.510024594
26.516967158, 26.520005694
26.526967130, 26.530055417
26.536967146, 26.540017292
26.546967119, 26.550082985
26.556967124, 26.559914285
26.566967154, 26.569966451
26.576967158, 26.580020873
26.586967128, 26.589967306
26.596967119, 26.599932887
26.606967144, 26.609939841
26.616967137, 26.620049159
26.626967172, 26.629951924
26.636967127, 26.639931287
26.646967134, 26.649778459
26.656967119, 26.659940803
26.666967140, 26.669976830
26.676967158, 26.679679432
26.686967159, 26.689731614
26.696967117, 26.699668979
26.706967166, 26.709967850
26.716967119, 26.720034970
26.726967112, 26.729996422
26.736967117, 26.739906735
26.746967129, 26.750019637
26.756967132, 26.759961583
26.766967138, 26.770042080
26.776967158, 26.780049076
26.786967115, 26.790007559
26.796967149, 26.800022612
26.806967152, 26.809976450
26.816967140, 26.819955518
26.826967129, 26.829936856
26.836967130, 26.839876487
26.846967115, 26.849607182
26.856967142, 26.859689520
26.866967139, 26.869577799
26.876967168, 26.879641656
26.886967127, 26.889706008
26.896967156, 26.899860869
26.906967122, 26.909822490
26.916967134, 26.920023923
26.926967142, 26.929946882
26.936967205, 26.939988435
26.946967154, 26.949969710
26.956967145, 26.960010690
26.966971331, 26.969636409
26.976967143, 26.979601315
26.986967149, 26.989698141
26.996967127, 26.999989275
27.006969528, 27.009950106
27.016967147, 27.019956620
27.026967132, 27.029923619
27.036967115, 27.039937116
27.046968735, 27.049902838
27.056967150, 27.059874872
27.066968025, 27.069931113
27.076967142, 27.079994073
27.086967121, 27.089915021
27.096967122, 27.099978700
27.106967124, 27.109668742
27.116967140, 27.119716408
27.126967119, 27.130006648
27.136967115, 27.139971505
27.146967142, 27.149890992
27.156967111, 27.160056088
27.166967124, 27.170027328
27.176967130, 27.179994251
27.186967115, 27.189993380
27.196967116, 27.200045967
27.206967115, 27.209646790
27.216967127, 27.219799903
27.226967137, 27.229776151
27.236967122, 27.239748528
27.246967127, 27.249769462
27.256967116, 27.259786227
27.266967129, 27.270003214
27.276967135, 27.279938569
27.286967132, 27.289881479
27.296967130, 27.299666192
27.306967140, 27.309934793
27.316967122, 27.319942613
27.326967147, 27.329971977
27.336967118, 27.339908995
27.346967129, 27.349997839
27.356967132, 27.359844912
27.366967122, 27.370010024
27.376967130, 27.379899915
27.386967119, 27.390027819
27.396967116, 27.400024496
27.406967134, 27.410023293
27.416967137, 27.419926985
27.426967128, 27.430008831
27.436967143, 27.439935662
27.446967115, 27.449939379
27.456967115, 27.460000133
27.466967132, 27.469926771
27.476967140, 27.479843925
27.486967128, 27.489987291
27.496967135, 27.499769348
27.506967126, 27.510016485
27.516967115, 27.520005078
27.526967134, 27.529973473
27.536967165, 27.539999366
27.546967128, 27.549876613
27.556967136, 27.559974365
27.566967111, 27.569995586
27.576967122, 27.579775446
27.586967134, 27.589792192
27.596967127, 27.599823475
27.606967121, 27.609887091
27.616967123, 27.620008338
27.626967135, 27.630130098
27.636967122, 27.639983116
27.646967127, 27.649895087
27.656967132, 27.660062055
27.666967136, 27.669907810
27.676967112, 27.679872812
27.686967125, 27.689996012
27.696967114, 27.699912859
27.706967129, 27.710016111
27.716967160, 27.719762516
27.726967126, 27.729849635
27.736967113, 27.740000303
27.746967132, 27.749840887
27.756967145, 27.759992191
27.766967124, 27.769849269
27.776967122, 27.780040864
27.786967130, 27.789908516
27.796967115, 27.800066695
27.806967133, 27.810059256
27.816967121, 27.819969159
27.826967127, 27.830036760
27.836972017, 27.840072848
27.846967149, 27.849871165
27.856967117, 27.859898929
27.866967139, 27.869937598
27.876967136, 27.879996274
27.886967127, 27.890040464
27.896967135, 27.899632007
27.906967122, 27.909894311
27.916967116, 27.919950175
27.926967139, 27.929902098
27.936967121, 27.939935863
27.946967124, 27.949911579
27.956967132, 27.959877706
27.966967136, 27.969967683
27.976967111, 27.979986503
27.986967121, 27.989918087
27.996967114, 28.000009475
28.006967137, 28.009971418
28.016967153, 28.020019392
28.026967111, 28.029751160
28.036967146, 28.039730452
28.046967117, 28.049906743
28.056967150, 28.059993152
28.066967132, 28.070004841
28.076967127, 28.079883520
28.086967113, 28.090027748
28.096967156, 28.099627324
28.106967132, 28.109912346
28.116967109, 28.119782134
28.126967134, 28.129952006
28.136967142, 28.140013914
28.146967131, 28.149985367
28.156967119, 28.159893242
28.166967137, 28.169888850
28.176967120, 28.179622648
28.186967157, 28.189735909
28.196967137, 28.199997504
28.206967129, 28.209807081
28.216967122, 28.219616045
28.226967148, 28.229673363
28.236967122, 28.239742491
28.246967159, 28.249825352
28.256967125, 28.259792611
28.266967137, 28.269853496
28.276967135, 28.280059499
28.286975009, 28.289988737
28.296967124, 28.299926781
28.306967124, 28.310003438
28.316967160, 28.319943527
28.326967120, 28.329941693
28.336967115, 28.340014022
28.346967127, 28.349951732
28.356967150, 28.359808719
28.366967137, 28.369932868
28.376967127, 28.380006108
28.386967177, 28.389996692
28.396967120, 28.399928089
28.406967117, 28.409911744
28.416967116, 28.419884757
28.426967159, 28.429926648
28.436967115, 28.439830264
28.446967116, 28.449955475
28.456967124, 28.459890856
28.466967123, 28.470019660
28.476967139, 28.479993200
28.486967137, 28.489944762
28.496967130, 28.500038082
28.506967138, 28.509573067
28.516967157, 28.519668613
28.526967142, 28.529992901
28.536967120, 28.540020490
28.546967164, 28.549963587
28.556967150, 28.559845118
28.566967176, 28.569970975
28.576967113, 28.580000101
28.586967151, 28.590032490
28.596967116, 28.599915784
28.606968883, 28.609976541
28.616967135, 28.619821659
28.626967132, 28.629922313
28.636967164, 28.640002597
28.646967112, 28.649909853
28.656967122, 28.659940684
28.666967152, 28.669941957
28.676967127, 28.680039388
28.686967121, 28.690047355
28.696967158, 28.699671462
28.706967125, 28.709672719
28.716967123, 28.719880758
28.726967122, 28.730063720
28.736967132, 28.739898554
28.746967114, 28.750002672
28.756967115, 28.760011605
28.766967120, 28.769982640
28.776967124, 28.779991374
28.786967164, 28.790062635
28.796967132, 28.799903057
28.806967112, 28.809644230
28.816967130, 28.820034137
28.826967117, 28.829921787
28.836967137, 28.839924548
28.846967164, 28.850055528
28.856967142, 28.859977560
28.866967133, 28.869930246
28.876967115, 28.879612852
28.886967136, 28.890017987
28.896967118, 28.899900208
28.906967132, 28.910060678
28.916967125, 28.920034894
28.926967127, 28.930014933
28.936967126, 28.939952354
28.946967137, 28.950009580
28.956967123, 28.959888462
28.966967134, 28.969559970
28.976967132, 28.979606789
28.986967113, 28.989746937
28.996967119, 28.999692427
29.006967115, 29.009999576
29.016967120, 29.020004849
29.026967132, 29.029865223
29.036967155, 29.040037638
29.046967135, 29.049888826
29.056967122, 29.059997002
29.066967161, 29.070047697
29.076967137, 29.079798329
29.086967162, 29.089760187
29.096967122, 29.099995046
29.106967121, 29.109724597
29.116967131, 29.119688872
29.126967122, 29.129782270
29.136967116, 29.139874130
29.146967122, 29.150043794
29.156967150, 29.160030456
29.166967137, 29.169877685
29.176967113, 29.179930619
29.186967116, 29.190076025
29.196967124, 29.199855605
29.206967127, 29.210038462
29.216967150, 29.219795027
29.226967129, 29.229716072
29.236967147, 29.239781691
29.246967132, 29.249892348
29.256967131, 29.259808155
29.266967129, 29.269942153
29.276967153, 29.280021164
29.286967118, 29.290040738
29.296967164, 29.299878626
29.306967135, 29.309945925
29.316967161, 29.319975123
29.326967147, 29.330000957
29.336967125, 29.339995414
29.346967148, 29.350055357
29.356967121, 29.360006070
29.366967154, 29.370035056
29.376967125, 29.379817121
29.386967132, 29.389736232
29.396967122, 29.399625907
29.406967168, 29.409929872
29.416967113, 29.420026620
29.426967115, 29.429988283
29.436967116, 29.440052152
29.446967157, 29.449987815
29.456967175, 29.459978586
29.466967138, 29.469955552
29.476967124, 29.480043939
29.486967119, 29.489818549
29.496967134, 29.500009372
29.506967142, 29.510004144
29.516967170, 29.519584580
29.526967113, 29.529625628
29.536967123, 29.539811744
29.546967151, 29.550001233
29.556967131, 29.559846975
29.566967134, 29.569996834
29.576967158, 29.580013498
29.586967131, 29.589999710
29.596967134, 29.599957484
29.606967125, 29.609860131
29.616967143, 29.620057548
29.626967142, 29.629991825
29.636967170, 29.640098457
29.646967131, 29.650022120
29.656967130, 29.659728621
29.666967122, 29.669672046
29.676967181, 29.679997534
29.686967144, 29.689807113
29.696967132, 29.699783479
29.706967135, 29.709848712
29.716967155, 29.719819777
29.726967135, 29.729964898
29.736967117, 29.739978760
29.746967132, 29.749983562
29.756967173, 29.759959408
29.766970522, 29.769694903
29.776967122, 29.779960048
29.786967138, 29.789767443
29.796967125, 29.799888711
29.806967132, 29.810045248
29.816967142, 29.820033972
29.826967134, 29.829839259
29.836967160, 29.839979285
29.846967113, 29.849842006
29.856967123, 29.859624925
29.866967152, 29.869857356
29.876967163, 29.879702828
29.886967132, 29.889650083
29.896967123, 29.899554906
29.906967141, 29.909888474
29.916967130, 29.919889748
29.926967164, 29.929876747
29.936967125, 29.939986791
29.946967149, 29.949847193
29.956967117, 29.959771543
29.966967119, 29.969842772
29.976967118, 29.979818109
29.986970946, 29.989773196
29.996967120, 29.999682982
30.006967145, 30.009892219
30.016967142, 30.020026044
30.026967116, 30.029918906
30.036967126, 30.040029038
30.046967132, 30.049886128
30.056967158, 30.060048500
30.066967122, 30.069974002
30.076967151, 30.080020532
30.086967140, 30.090031507
30.096967148, 30.100043278
30.106967129, 30.110023536
30.116967163, 30.119654970
30.126967139, 30.129988036
30.136967123, 30.140015993
30.146967144, 30.149964770
30.156967116, 30.159976232
30.166967164, 30.169891421
30.176967135, 30.179604315
30.186967123, 30.189645294
30.196967122, 30.199874432
30.206967147, 30.209885131
30.216967124, 30.219954842
30.226967157, 30.229956475
30.236967122, 30.239961876
30.246967122, 30.249909972
30.256967122, 30.259849526
30.266967112, 30.269878534
30.276967125, 30.279943975
30.286967114, 30.289645674
30.296967129, 30.299733503
30.306967122, 30.309863515
30.316967128, 30.320004256
30.326967126, 30.329969175
30.336967130, 30.339945365
30.346967132, 30.349892280
30.356967122, 30.359864259
30.366967132, 30.370036949
30.376967114, 30.379939113
30.386967148, 30.389582206
30.396967119, 30.399799855
30.406967139, 30.409821272
30.416967125, 30.419838928
30.426967124, 30.429912333
30.436967124, 30.439953248
30.446967133, 30.449852584
30.456967116, 30.459773629
30.466967157, 30.470021850
30.476967132, 30.479856061
30.486967115, 30.489968213
30.496967140, 30.499928173
30.506967154, 30.509937396
30.516967128, 30.520049674
30.526967137, 30.529857096
30.536967142, 30.539982561
30.546967125, 30.549966731
30.556967119, 30.559611069
30.566967123, 30.569821265
30.576967143, 30.579885382
30.586967169, 30.589832784
30.596967127, 30.599680165
30.606967119, 30.609907196
30.616967119, 30.619812090
30.626967122, 30.630057777
30.636967113, 30.639960255
30.646967137, 30.649868889
30.656967130, 30.659883199
30.666967112, 30.669853926
30.676967133, 30.679757449
30.686967141, 30.689893650
30.696967121, 30.699947181
30.706967134, 30.709972513
30.716967130, 30.719950784
30.726967136, 30.730021794
30.736967141, 30.739961714
30.746967153, 30.750060821
30.756967115, 30.760088012
30.766967184, 30.769977212
30.776967137, 30.780024354
30.786967137, 30.789642859
30.796967141, 30.799650161
30.806967140, 30.809881876
30.816967134, 30.819908584
30.826967134, 30.829934700
30.836967163, 30.839978942
30.846967118, 30.849875040
30.856967111, 30.859823314
30.866967131, 30.869823838
30.876967156, 30.879917350
30.886967144, 30.889812564
30.896967155, 30.899916893
30.906967135, 30.910023169
30.916967122, 30.919909084
30.926967148, 30.929588484
30.936967120, 30.939851714
30.946967147, 30.949814400
30.956967120, 30.959745924
30.966967132, 30.969888427
30.976967111, 30.979972184
30.986967150, 30.989927839
30.996967124, 30.999938872
31.006967179, 31.009904329
31.016967125, 31.019967921
31.026967146, 31.029958184
31.036967121, 31.039948767
31.046967114, 31.049796552
31.056967120, 31.059859642
31.066967129, 31.069796622
31.076967163, 31.079895396
31.086967125, 31.089862364
31.096967123, 31.100000646
31.106967141, 31.110015090
31.116967140, 31.119776895
31.126967169, 31.130014868
31.136967170, 31.139932970
31.146967111, 31.149885000
31.156967138, 31.159907084
31.166967133, 31.169963482
31.176967128, 31.179982010
31.186967149, 31.189950951
31.196967150, 31.199955020
31.206967122, 31.209895405
31.216967120, 31.219863516
31.226967150, 31.229921556
31.236967117, 31.239867943
31.246969319, 31.250028115
31.256967127, 31.259871866
31.266967148, 31.270016103
31.276967115, 31.279809669
31.286967134, 31.289961593
31.296967121, 31.299934106
31.306967134, 31.309875106
31.316967127, 31.320005494
31.326967145, 31.329754349
31.336967122, 31.339766046
31.346967123, 31.349945906
31.356967118, 31.359944924
31.366967132, 31.369723486
31.376967137, 31.379933553
31.386967241, 31.390023121
31.396967137, 31.399879509
31.406967120, 31.409896421
31.416967148, 31.419966831
31.426967134, 31.429923673
31.436967132, 31.439949491
31.446967120, 31.450041421
31.456967142, 31.459899245
31.466967122, 31.470030942
31.476967122, 31.479935033
31.486967129, 31.490007375
31.496967132, 31.499936582
31.506967134, 31.509902227
31.516967116, 31.519923001
31.526967115, 31.529602882
31.536967122, 31.539707046
31.546967164, 31.549851878
31.556967125, 31.559829039
31.566967123, 31.569955129
31.576967131, 31.579867804
31.586967122, 31.589874533
31.596967153, 31.599922372
31.606967124, 31.610017504
31.616967127, 31.619961347
31.626967120, 31.629993125
31.636967123, 31.639914249
31.646967131, 31.650032554
31.656967126, 31.660073471
31.666967127, 31.669808351
31.676967153, 31.679742074
31.686967134, 31.689675440
31.696967137, 31.699897205
31.706967122, 31.709938103
31.716967119, 31.719885240
31.726967139, 31.729880204
31.736967131, 31.739876695
31.746967122, 31.749920577
31.756967113, 31.759824562
31.766967121, 31.769868597
31.776967124, 31.779896183
31.786967134, 31.790008893
31.796967140, 31.799931533
31.806967120, 31.809921610
31.816967136, 31.820037197
31.826967122, 31.829733672
31.836967119, 31.839599009
31.846967167, 31.850063923
31.856967125, 31.860016675
31.866967124, 31.869855841
31.876967128, 31.879917041
31.886967125, 31.889997852
31.896967122, 31.900080325
31.906967147, 31.909907026
31.916967148, 31.919883876
31.926967115, 31.929876716
31.936967138, 31.939874085
31.946967125, 31.949999221
31.956967141, 31.959973915
31.966967129, 31.969889862
31.976967132, 31.979904280
31.986967125, 31.989949370
31.996967117, 31.999617879
32.006967150, 32.009507674
32.016967128, 32.019699607
32.026967122, 32.029882396
32.036967122, 32.039918274
32.046967157, 32.049960303
32.056967120, 32.059869132
------------------------------
