------------------------------
test was performed using the following parameters: --mps=100 --burst=1 --reply-every=1 --msg-size=14 --time=30
------------------------------
sockperf: [Total Run] RunTime=30.100 sec; SentMessages=3011; ReceivedMessages=3010
sockperf: ========= Printing statistics for Server No: 0
sockperf: [Valid Duration] RunTime=29.993 sec; SentMessages=3000; ReceivedMessages=3000
sockperf: [2;35m====> avg-lat=1507.590 (std-dev=56.070)[0m
sockperf: # dropped messages = 0; # duplicated messages = 0; # out-of-order messages = 0
sockperf: [2;35mTotal 3000 observations[0m; each percentile contains 30.00 observations
sockperf: ---> <MAX> observation = 1718.574
sockperf: ---> percentile 99.999 = 1718.574
sockperf: ---> percentile 99.990 = 1718.574
sockperf: ---> percentile 99.900 = 1681.443
sockperf: ---> percentile 99.000 = 1606.546
sockperf: ---> percentile 90.000 = 1565.925
sockperf: ---> percentile 75.000 = 1544.730
sockperf: ---> percentile 50.000 = 1519.142
sockperf: ---> percentile 25.000 = 1482.838
sockperf: ---> <MIN> observation = 1291.012
------------------------------
txTime, rxTime
2.066795018, 2.070002696
2.076787011, 2.079732740
2.086787004, 2.089777923
2.096787005, 2.099942630
2.106787002, 2.109797194
2.116786980, 2.119993407
2.126787008, 2.129824274
2.136786986, 2.139780741
2.146786986, 2.149748167
2.156787000, 2.160006757
2.166787009, 2.169876614
2.176787002, 2.179992040
2.186787003, 2.189847302
2.196787006, 2.199748037
2.206786998, 2.209882810
2.216786994, 2.219816100
2.226787004, 2.229893763
2.236787041, 2.239842897
2.246787008, 2.250007001
2.256787031, 2.259891942
2.266786997, 2.269963170
2.276786998, 2.279861558
2.286787002, 2.289931178
2.296787007, 2.299685270
2.306787015, 2.309944135
2.316787001, 2.319828486
2.326787001, 2.330032880
2.336787010, 2.339929879
2.346787011, 2.349941367
2.356787800, 2.359926936
2.366787011, 2.369811042
2.376787063, 2.379864523
2.386786985, 2.389744180
2.396793569, 2.399989706
2.406786986, 2.409914490
2.416786992, 2.420096658
2.426787021, 2.429958099
2.436787049, 2.439871017
2.446786976, 2.449775841
2.456791884, 2.460034342
2.466786987, 2.469853607
2.476787010, 2.479721419
2.486787082, 2.489750740
2.496790509, 2.499845643
2.506786990, 2.509774845
2.516787000, 2.519845083
2.526786976, 2.529867036
2.536786987, 2.539731794
2.546786993, 2.549966228
2.556787005, 2.559905384
2.566786995, 2.569883094
2.576786995, 2.580000088
2.586786978, 2.589924464
2.596787061, 2.599869644
2.606787006, 2.609903625
2.616786976, 2.619933588
2.626787037, 2.629924794
2.636786999, 2.639862370
2.646786988, 2.649737143
2.656786981, 2.659751231
2.666786991, 2.669755426
2.676786994, 2.679896963
2.686786987, 2.689938855
2.696787008, 2.699856613
2.706786988, 2.709906004
2.716787004, 2.720014529
2.726787021, 2.729968539
2.736787009, 2.739594970
2.746786994, 2.749908298
2.756786996, 2.759767599
2.766787856, 2.769740924
2.776786978, 2.779826975
2.786787050, 2.789897678
2.796787008, 2.799857566
2.806786986, 2.809965678
2.816787008, 2.819546044
2.826786998, 2.829806358
2.836787004, 2.839870468
2.846786986, 2.849583017
2.856787003, 2.859901249
2.866786996, 2.869729789
2.876787008, 2.879886461
2.886787023, 2.889971853
2.896787003, 2.899764400
2.906791082, 2.909808112
2.916787008, 2.919882992
2.926786987, 2.929991172
2.936787005, 2.939841443
2.946786988, 2.949870156
2.956787008, 2.959829009
2.966786990, 2.969858690
2.976787186, 2.980111272
2.986786982, 2.989610719
2.996787003, 2.999953458
3.006791002, 3.010058224
3.016787607, 3.019828260
3.026787011, 3.029877339
3.036786979, 3.039806003
3.046786981, 3.049972437
3.056787005, 3.059652580
3.066786989, 3.069837179
3.076787014, 3.079960369
3.086787028, 3.089894295
3.096786989, 3.099867660
3.106786984, 3.109824987
3.116786998, 3.119982799
3.126787002, 3.129775534
3.136787008, 3.139910745
3.146787021, 3.149948819
3.156786985, 3.159953651
3.166786991, 3.169657061
3.176786987, 3.179827155
3.186787001, 3.190009738
3.196787004, 3.199760236
3.206786998, 3.209962274
3.216787007, 3.219950463
3.226787002, 3.229857099
3.236786988, 3.239867695
3.246786991, 3.250004913
3.256787009, 3.260053737
3.266787021, 3.269872633
3.276786985, 3.279904614
3.286786988, 3.289798519
3.296787005, 3.299923315
3.306786985, 3.309740745
3.316787010, 3.319770880
3.326786992, 3.329934861
3.336787011, 3.339886105
3.346786980, 3.349913953
3.356787031, 3.359960186
3.366786984, 3.369660161
3.376786979, 3.379795363
3.386786985, 3.389890410
3.396787003, 3.399903044
3.406786977, 3.409834933
3.416787003, 3.419861075
3.426787018, 3.429859944
3.436786997, 3.439792916
3.446786989, 3.449929713
3.456786998, 3.459895131
3.466786976, 3.469843535
3.476787008, 3.480032532
3.486786998, 3.489927542
3.496786987, 3.499978825
3.506787074, 3.509996032
3.516787009, 3.519909790
3.526786979, 3.529644562
3.536787009, 3.539823355
3.546786993, 3.549848488
3.556787004, 3.559975841
3.566787021, 3.569864103
3.576788683, 3.580132007
3.586786986, 3.590002094
3.596787004, 3.599709054
3.606786998, 3.609919406
3.616787079, 3.619851549
3.626787028, 3.629808346
3.636787004, 3.639998993
3.646787001, 3.649815375
3.656786978, 3.659961646
3.666786997, 3.669993149
3.676787011, 3.679961339
3.686786988, 3.689813201
3.696787073, 3.699939126
3.706789227, 3.710152115
3.716787000, 3.719833079
3.726787023, 3.729723098
3.736787007, 3.739903455
3.746787021, 3.749894578
3.756787003, 3.759975315
3.766787007, 3.769919931
3.776787009, 3.779579530
3.786787000, 3.789892117
3.796786990, 3.799943547
3.806787001, 3.809901916
3.816787021, 3.819937099
3.826786985, 3.829683744
3.836787001, 3.839919266
3.846786987, 3.849861000
3.856787017, 3.859854227
3.866787010, 3.869831532
3.876786990, 3.879962935
3.886786988, 3.889834862
3.896787006, 3.899678435
3.906786999, 3.909636551
3.916787071, 3.919930201
3.926788997, 3.929744999
3.936786981, 3.939793986
3.946787002, 3.949963400
3.956787012, 3.959907045
3.966787009, 3.969857864
3.976787014, 3.979907956
3.986787021, 3.989803690
3.996786998, 3.999834719
4.006787008, 4.009764298
4.016787001, 4.019579044
4.026787005, 4.029829438
4.036787048, 4.039909801
4.046787045, 4.049870392
4.056787008, 4.059705580
4.066787011, 4.069750692
4.076787011, 4.079916214
4.086787011, 4.089814759
4.096787012, 4.099791313
4.106787018, 4.109784544
4.116787040, 4.119955027
4.126787003, 4.129833943
4.136787043, 4.139737160
4.146787009, 4.149820937
4.156787057, 4.159878927
4.166787016, 4.169893387
4.176787018, 4.179931461
4.186787008, 4.189939762
4.196787012, 4.199496487
4.206787006, 4.210015230
4.216787009, 4.219819882
4.226787018, 4.229812069
4.236787005, 4.239890536
4.246787003, 4.249923256
4.256787011, 4.259922947
4.266787011, 4.269902657
4.276787014, 4.279862780
4.286787013, 4.289748550
4.296787006, 4.299784499
4.306787012, 4.309780372
4.316801717, 4.319912906
4.326786999, 4.329603690
4.336787019, 4.339878706
4.346787016, 4.349872563
4.356787011, 4.359910704
4.366787005, 4.369893157
4.376787015, 4.379873038
4.386787006, 4.389996062
4.396787014, 4.399650480
4.406787021, 4.409751935
4.416787014, 4.419901523
4.426787005, 4.429914298
4.436787011, 4.439873809
4.446787011, 4.449842392
4.456788500, 4.459896223
4.466787024, 4.469894710
4.476787017, 4.479877464
4.486787002, 4.489949276
4.496787003, 4.499729412
4.506787002, 4.509828984
4.516787019, 4.519962360
4.526787013, 4.529727592
4.536787005, 4.539809855
4.546787003, 4.549986330
4.556787004, 4.559901833
4.566787008, 4.569855119
4.576787022, 4.579973261
4.586787023, 4.589710476
4.596787017, 4.599890423
4.606787949, 4.609886451
4.616787005, 4.619864351
4.626787009, 4.630091824
4.636787014, 4.640012899
4.646787018, 4.649640560
4.656787009, 4.659929437
4.666787004, 4.669899626
4.676787002, 4.679790192
4.686787008, 4.689857210
4.696787017, 4.699904004
4.706787018, 4.709836827
4.716787008, 4.719776348
4.726786968, 4.729931141
4.736787033, 4.739856295
4.746787012, 4.749891214
4.756787068, 4.759904324
4.766788672, 4.769988593
4.776787011, 4.779927711
4.786787008, 4.789871740
4.796787011, 4.799782793
4.806787010, 4.809928471
4.816787014, 4.819956811
4.826787018, 4.829853164
4.836787013, 4.839952252
4.846787011, 4.849975588
4.856787006, 4.859811998
4.866790158, 4.869913931
4.876787019, 4.879984513
4.886787013, 4.889779842
4.896790154, 4.899910168
4.906787009, 4.909897380
4.916787044, 4.919774541
4.926787005, 4.929924790
4.936787014, 4.939819952
4.946787013, 4.949752034
4.956787013, 4.959895520
4.966787009, 4.969959288
4.976788404, 4.979947197
4.986790192, 4.989887997
4.996787014, 4.999952301
5.006787013, 5.009887787
5.016787059, 5.019925555
5.026787002, 5.029880085
5.036787046, 5.039967968
5.046787013, 5.050158007
5.056787014, 5.059887961
5.066787019, 5.069873439
5.076786993, 5.079918184
5.086787016, 5.089895301
5.096787005, 5.099616552
5.106787001, 5.109949927
5.116787004, 5.119997800
5.126790051, 5.129889155
5.136787007, 5.139830604
5.146787021, 5.149942456
5.156787006, 5.159893398
5.166787005, 5.169727886
5.176788889, 5.179833216
5.186787016, 5.189776512
5.196787005, 5.199843858
5.206792863, 5.209768714
5.216787005, 5.219838600
5.226787000, 5.229932645
5.236787017, 5.239693874
5.246789111, 5.249990731
5.256787086, 5.259784800
5.266787022, 5.269846115
5.276787014, 5.279835310
5.286787042, 5.289915520
5.296787027, 5.299884508
5.306787036, 5.309607282
5.316787033, 5.319612991
5.326787010, 5.329847070
5.336787003, 5.339842349
5.346787013, 5.349836193
5.356787034, 5.359852533
5.366787046, 5.369888604
5.376787026, 5.379809142
5.386787004, 5.389752462
5.396787016, 5.399873393
5.406787011, 5.409722442
5.416787067, 5.419846153
5.426787041, 5.429485943
5.436787025, 5.439617750
5.446787016, 5.449874548
5.456787019, 5.459924142
5.466787013, 5.469877263
5.476787029, 5.479854718
5.486787046, 5.489518439
5.496787025, 5.499458829
5.506787018, 5.509504570
5.516787020, 5.519857406
5.526787023, 5.529789884
5.536787027, 5.539831523
5.546787056, 5.549757644
5.556787015, 5.559801994
5.566787017, 5.569870660
5.576787019, 5.579533097
5.586787026, 5.589863931
5.596787032, 5.599841314
5.606787018, 5.609876728
5.616787016, 5.619808185
5.626787037, 5.629828912
5.636787030, 5.639928910
5.646787022, 5.649779245
5.656787042, 5.659899849
5.666787041, 5.669882850
5.676787015, 5.679839143
5.686786988, 5.689854939
5.696787009, 5.700224159
5.706787026, 5.709652396
5.716787017, 5.719840913
5.726787031, 5.729871074
5.736787014, 5.739872688
5.746787040, 5.749897308
5.756787027, 5.759922777
5.766787021, 5.769818330
5.776787017, 5.779606997
5.786787028, 5.789614770
5.796787008, 5.799771007
5.806787025, 5.809799684
5.816787013, 5.819810594
5.826787018, 5.829589048
5.836787027, 5.839882129
5.846787036, 5.849558142
5.856787021, 5.859847159
5.866787025, 5.869925486
5.876787019, 5.879870722
5.886786995, 5.889696956
5.896787047, 5.899546309
5.906787028, 5.909640708
5.916787014, 5.919689579
5.926787033, 5.929831687
5.936787026, 5.939859104
5.946787018, 5.949862063
5.956787049, 5.959629434
5.966787049, 5.969634976
5.976787021, 5.979610119
5.986787016, 5.989878904
5.996787017, 5.999803933
6.006787013, 6.009875432
6.016787037, 6.019888101
6.026787044, 6.029787090
6.036787037, 6.039852906
6.046787017, 6.049906752
6.056787038, 6.059859430
6.066787010, 6.069852828
6.076787052, 6.079951298
6.086787046, 6.089825933
6.096787011, 6.099896244
6.106787018, 6.109872213
6.116787019, 6.119851239
6.126787018, 6.129735130
6.136787027, 6.139707792
6.146787018, 6.149876307
6.156787025, 6.159710568
6.166787023, 6.169650781
6.176787016, 6.179903765
6.186787038, 6.189866221
6.196787044, 6.199851295
6.206787041, 6.209590482
6.216787056, 6.219802505
6.226787007, 6.229847020
6.236787024, 6.239734886
6.246787013, 6.249787135
6.256787024, 6.259907155
6.266787038, 6.269918070
6.276787025, 6.279789868
6.286787001, 6.289824432
6.296787017, 6.299785448
6.306787025, 6.309907516
6.316787032, 6.319866369
6.326787036, 6.329858685
6.336787008, 6.339855421
6.346787049, 6.349845650
6.356787041, 6.359634695
6.366787017, 6.369892511
6.376787027, 6.379828152
6.386787038, 6.390007645
6.396786983, 6.399575460
6.406787018, 6.409567383
6.416787015, 6.419876476
6.426787007, 6.429903274
6.436787012, 6.439815970
6.446787026, 6.449786546
6.456787014, 6.459890651
6.466787007, 6.469825788
6.476787018, 6.479467476
6.486787055, 6.489864401
6.496787054, 6.499829415
6.506787049, 6.509674246
6.516787037, 6.519729375
6.526787021, 6.529825578
6.536787011, 6.539917166
6.546787021, 6.549905223
6.556787037, 6.559895208
6.566787041, 6.569959968
6.576787012, 6.579952497
6.586787013, 6.589892228
6.596787028, 6.599618189
6.606787015, 6.609944939
6.616787032, 6.619876100
6.626787038, 6.629889902
6.636787016, 6.639869306
6.646787008, 6.649812966
6.656787018, 6.659776626
6.666787026, 6.669864874
6.676787052, 6.679917382
6.686787031, 6.689619509
6.696787050, 6.699700422
6.706787007, 6.709904274
6.716787017, 6.719876593
6.726787009, 6.729843011
6.736787052, 6.739761401
6.746787028, 6.749733341
6.756787025, 6.759967543
6.766787080, 6.769843594
6.776787023, 6.779815360
6.786787026, 6.789871343
6.796787032, 6.799739657
6.806787018, 6.809691643
6.816787018, 6.819881738
6.826787064, 6.829914979
6.836787021, 6.839927156
6.846787013, 6.849856633
6.856787039, 6.859837464
6.866787018, 6.869770330
6.876787012, 6.879874519
6.886787009, 6.889821072
6.896787003, 6.899755328
6.906787015, 6.909667037
6.916787032, 6.919757951
6.926787023, 6.929603035
6.936786998, 6.939544577
6.946787012, 6.949634750
6.956787030, 6.959759476
6.966787035, 6.969800226
6.976787032, 6.979879087
6.986787023, 6.989695577
6.996787029, 6.999940220
7.006787020, 7.009608031
7.016787040, 7.019852168
7.026787017, 7.029888091
7.036787072, 7.039872902
7.046787036, 7.049780296
7.056787014, 7.059941799
7.066787023, 7.069777427
7.076787009, 7.079783850
7.086787001, 7.089817324
7.096787029, 7.099865915
7.106787031, 7.109868207
7.116787011, 7.119844582
7.126787005, 7.129802156
7.136787015, 7.139671229
7.146787019, 7.149846720
7.156787014, 7.159868351
7.166787044, 7.169891802
7.176787032, 7.179602364
7.186787034, 7.189865965
7.196787021, 7.199877144
7.206787028, 7.209769254
7.216787014, 7.219757725
7.226787026, 7.229646061
7.236787036, 7.239804135
7.246786983, 7.249918414
7.256787016, 7.259880781
7.266787028, 7.269868660
7.276787042, 7.279589092
7.286787018, 7.289872433
7.296787012, 7.299875744
7.306787036, 7.309728929
7.316787006, 7.319913244
7.326787016, 7.329801598
7.336787037, 7.339874967
7.346787023, 7.349782952
7.356787015, 7.359748950
7.366786980, 7.369553975
7.376787020, 7.379797328
7.386787007, 7.389823051
7.396787049, 7.399862437
7.406787036, 7.409888769
7.416787016, 7.419876141
7.426787026, 7.429867755
7.436787041, 7.439496141
7.446787013, 7.449893032
7.456787019, 7.459919850
7.466787023, 7.469870909
7.476787017, 7.479834851
7.486787041, 7.489869451
7.496787019, 7.499901323
7.506787010, 7.509742040
7.516787037, 7.519849077
7.526787026, 7.529797979
7.536787016, 7.539786545
7.546787003, 7.549852816
7.556787029, 7.559529752
7.566787009, 7.569885217
7.576787027, 7.579903375
7.586787031, 7.589519198
7.596787019, 7.599650374
7.606787013, 7.609772459
7.616787025, 7.619853348
7.626787024, 7.629818560
7.636787037, 7.639920955
7.646787051, 7.649922350
7.656787008, 7.659856113
7.666787022, 7.669887390
7.676787016, 7.679695020
7.686787035, 7.689824014
7.696787044, 7.699723593
7.706787018, 7.709816175
7.716787021, 7.719897581
7.726786981, 7.729405286
7.736787012, 7.739802146
7.746787037, 7.749878293
7.756787039, 7.759857062
7.766792572, 7.769673895
7.776787026, 7.779725895
7.786787030, 7.789776591
7.796787021, 7.799812045
7.806786985, 7.809909192
7.816787017, 7.819790008
7.826787046, 7.829820102
7.836787016, 7.839799144
7.846787015, 7.849863590
7.856787029, 7.859842093
7.866787014, 7.869945653
7.876787042, 7.879773829
7.886787026, 7.889881637
7.896787016, 7.899888583
7.906787022, 7.909878719
7.916787054, 7.919777797
7.926787028, 7.929928168
7.936787032, 7.939919459
7.946787023, 7.949723918
7.956787011, 7.959699713
7.966787009, 7.969895296
7.976787019, 7.979671655
7.986787012, 7.989893573
7.996787024, 7.999882906
8.006787046, 8.009808221
8.016787016, 8.019780689
8.026787005, 8.029884606
8.036787009, 8.039789980
8.046787025, 8.049838595
8.056787034, 8.059847072
8.066787051, 8.069783581
8.076787019, 8.079833355
8.086787017, 8.089842106
8.096787012, 8.099806437
8.106787021, 8.109789987
8.116787052, 8.119945705
8.126787038, 8.129826008
8.136787005, 8.139870808
8.146787011, 8.149565734
8.156787013, 8.159859401
8.166787012, 8.169895846
8.176787104, 8.179889236
8.186787056, 8.189914178
8.196787005, 8.199927620
8.206787025, 8.209868985
8.216787008, 8.219776741
8.226787006, 8.229901478
8.236787037, 8.239694691
8.246787031, 8.249825317
8.256787010, 8.259845479
8.266787024, 8.269871075
8.276786999, 8.279819451
8.286787038, 8.289792117
8.296787034, 8.299947158
8.306787049, 8.309800951
8.316787035, 8.319498499
8.326787013, 8.329924156
8.336787018, 8.340022051
8.346787014, 8.349892295
8.356787052, 8.359872153
8.366787033, 8.369837180
8.376787032, 8.379802732
8.386787024, 8.389860660
8.396787018, 8.399822041
8.406787025, 8.409708222
8.416787027, 8.419768674
8.426787044, 8.429865541
8.436787033, 8.439872064
8.446787020, 8.449783435
8.456787004, 8.459734931
8.466787016, 8.469759350
8.476787029, 8.479566097
8.486786998, 8.489684268
8.496787018, 8.499733458
8.506787012, 8.509832753
8.516787016, 8.519882386
8.526787005, 8.529733769
8.536787042, 8.539506175
8.546787028, 8.549898553
8.556787023, 8.559864265
8.566787017, 8.569715161
8.576786997, 8.579887993
8.586787024, 8.589883069
8.596787029, 8.599919254
8.606787028, 8.609912915
8.616787018, 8.619882105
8.626787025, 8.629862338
8.636787038, 8.639823611
8.646787011, 8.649467990
8.656787034, 8.659866239
8.666787033, 8.669572544
8.676787033, 8.679821132
8.686787031, 8.689833741
8.696787008, 8.699805013
8.706787098, 8.709792540
8.716787064, 8.719896389
8.726787033, 8.729675434
8.736786993, 8.739717138
8.746787022, 8.749899118
8.756787025, 8.759767961
8.766786983, 8.769608183
8.776787052, 8.779931491
8.786787038, 8.789638618
8.796787035, 8.799835120
8.806787024, 8.809835257
8.816787011, 8.819861709
8.826787014, 8.829836615
8.836787027, 8.839893364
8.846787044, 8.849744327
8.856787011, 8.859872937
8.866787033, 8.869800210
8.876787021, 8.879789565
8.886787024, 8.889762526
8.896787014, 8.899903501
8.906787021, 8.909905901
8.916787045, 8.919875153
8.926787019, 8.929810122
8.936787008, 8.939808985
8.946787025, 8.949844248
8.956787039, 8.959765346
8.966787066, 8.969842819
8.976787056, 8.979462574
8.986787026, 8.989924559
8.996787011, 8.999845611
9.006787021, 9.009875670
9.016787054, 9.019885600
9.026787051, 9.029591502
9.036787021, 9.039515399
9.046787011, 9.049868534
9.056787024, 9.059796194
9.066787008, 9.069643735
9.076787014, 9.079861685
9.086787021, 9.089947729
9.096787028, 9.099880233
9.106787032, 9.109863154
9.116787016, 9.119851634
9.126787013, 9.129826414
9.136787022, 9.139752680
9.146787011, 9.149827106
9.156787013, 9.159816677
9.166787014, 9.169891790
9.176787029, 9.179900761
9.186787023, 9.189795121
9.196787044, 9.199810259
9.206787026, 9.209547348
9.216787016, 9.219885617
9.226787022, 9.229916123
9.236787041, 9.240015848
9.246787015, 9.249871250
9.256787047, 9.259992983
9.266787018, 9.269643883
9.276787023, 9.279787543
9.286787005, 9.289879273
9.296787024, 9.299821359
9.306787012, 9.309830037
9.316787032, 9.319872915
9.326787033, 9.329899317
9.336787026, 9.339744690
9.346787021, 9.349702836
9.356787021, 9.359786676
9.366787018, 9.369731301
9.376787027, 9.379806036
9.386787033, 9.389580227
9.396787043, 9.399883704
9.406787013, 9.409406107
9.416787006, 9.419819203
9.426787020, 9.429908837
9.436787039, 9.439986132
9.446787023, 9.450022942
9.456787011, 9.459836406
9.466787016, 9.469848496
9.476787017, 9.479866689
9.486786985, 9.489746810
9.496787027, 9.499635468
9.506787059, 9.509886496
9.516787013, 9.519584497
9.526787008, 9.529716364
9.536787025, 9.539845618
9.546787007, 9.549561307
9.556787009, 9.559937497
9.566787064, 9.569864837
9.576787018, 9.579969241
9.586787018, 9.589862294
9.596787015, 9.599939895
9.606787009, 9.609783911
9.616787047, 9.619835813
9.626787031, 9.629910542
9.636787013, 9.639779536
9.646787039, 9.649781643
9.656787013, 9.659889666
9.666787026, 9.669567790
9.676787032, 9.679947151
9.686787031, 9.689891145
9.696786978, 9.699926149
9.706786990, 9.709929180
9.716787015, 9.719718149
9.726786987, 9.729798629
9.736787027, 9.739640145
9.746787036, 9.749849041
9.756787017, 9.759813660
9.766791147, 9.769843451
9.776787019, 9.779913853
9.786787028, 9.789587149
9.796787049, 9.799686990
9.806787016, 9.809385937
9.816787035, 9.819630606
9.826787010, 9.829818504
9.836787033, 9.839778962
9.846787011, 9.849830570
9.856787047, 9.859739792
9.866787036, 9.869830417
9.876787016, 9.879781969
9.886787018, 9.889943919
9.896787012, 9.899893434
9.906787024, 9.909897467
9.916787042, 9.919957305
9.926787018, 9.929853865
9.936787016, 9.939881025
9.946787037, 9.949902422
9.956787025, 9.959822759
9.966787019, 9.969884000
9.976787037, 9.979853004
9.986787049, 9.989652960
9.996786998, 9.999522074
10.006787019, 10.009894008
10.016787000, 10.019765743
10.026787012, 10.029819248
10.036787014, 10.039900100
10.046787026, 10.049903563
10.056787048, 10.059792903
10.066787015, 10.069931899
10.076787019, 10.079924838
10.086787015, 10.089706249
10.096787039, 10.099890322
10.106787031, 10.109882757
10.116787018, 10.119946645
10.126787033, 10.129857437
10.136788796, 10.140197363
10.146787057, 10.149848464
10.156787012, 10.159750579
10.166787039, 10.169853001
10.176787018, 10.179387022
10.186787013, 10.189848008
10.196787019, 10.199907226
10.206786987, 10.209838637
10.216787027, 10.219661341
10.226786993, 10.229873375
10.236787036, 10.239580535
10.246787005, 10.249906521
10.256787026, 10.259800639
10.266787028, 10.269717996
10.276787039, 10.279823070
10.286787044, 10.289912033
10.296787021, 10.299924335
10.306787020, 10.309791965
10.316787028, 10.319641891
10.326787012, 10.329692872
10.336787027, 10.339954789
10.346787044, 10.349708466
10.356787031, 10.359894170
10.366786985, 10.369889238
10.376787021, 10.379786779
10.386787010, 10.389707880
10.396787034, 10.399850907
10.406787031, 10.409836208
10.416786984, 10.419856714
10.426787018, 10.429885295
10.436787011, 10.439567246
10.446787015, 10.449828356
10.456787022, 10.459830743
10.466787026, 10.469757834
10.476787013, 10.479705176
10.486787004, 10.489843919
10.496787012, 10.499892551
10.506787028, 10.509767772
10.516787034, 10.519588826
10.526787044, 10.529801966
10.536787013, 10.539892850
10.546787013, 10.549816955
10.556786982, 10.559815024
10.566786994, 10.569820216
10.576787032, 10.579391800
10.586787041, 10.589870014
10.596787028, 10.599585114
10.606787008, 10.609799304
10.616787006, 10.619882868
10.626787037, 10.629859267
10.636787049, 10.639568372
10.646787033, 10.649856903
10.656787024, 10.659760970
10.666787015, 10.669807605
10.676786978, 10.679717684
10.686786994, 10.689735680
10.696787017, 10.699670686
10.706787033, 10.709855630
10.716787011, 10.719826204
10.726787037, 10.729775678
10.736787021, 10.739650321
10.746787029, 10.749922024
10.756787034, 10.759969256
10.766787066, 10.769653045
10.776787038, 10.779892310
10.786787011, 10.789868329
10.796787014, 10.799817488
10.806787018, 10.809683256
10.816787029, 10.819733657
10.826787016, 10.829882306
10.836787008, 10.839867716
10.846787022, 10.849868578
10.856787006, 10.859818906
10.866787012, 10.869662081
10.876787054, 10.879874909
10.886787023, 10.889848813
10.896787014, 10.899896139
10.906787027, 10.909879860
10.916787008, 10.919877177
10.926787055, 10.929791031
10.936787023, 10.939711491
10.946787051, 10.949873788
10.956787033, 10.959814002
10.966787025, 10.969913153
10.976787032, 10.979723487
10.986787018, 10.989985734
10.996787024, 10.999943617
11.006787016, 11.009453304
11.016787056, 11.019602901
11.026787005, 11.029933266
11.036787011, 11.039951216
11.046787021, 11.049696046
11.056787047, 11.059610757
11.066787031, 11.069942371
11.076787013, 11.079836795
11.086787016, 11.089837511
11.096787016, 11.099855621
11.106787008, 11.109922253
11.116787029, 11.119836845
11.126787033, 11.129856028
11.136787046, 11.139919838
11.146786990, 11.149510281
11.156787012, 11.159471444
11.166787028, 11.169763338
11.176787024, 11.179776097
11.186787071, 11.189880602
11.196787019, 11.199951587
11.206787045, 11.209786675
11.216787005, 11.219888775
11.226787013, 11.229991639
11.236787022, 11.239890607
11.246787038, 11.249882537
11.256787018, 11.259824609
11.266787023, 11.269608274
11.276787030, 11.279767042
11.286787040, 11.289508150
11.296787049, 11.299857783
11.306787036, 11.309593730
11.316787022, 11.319710292
11.326787017, 11.329807924
11.336787010, 11.339677489
11.346787026, 11.349756580
11.356787032, 11.359922577
11.366787033, 11.369718309
11.376787044, 11.379826532
11.386787036, 11.389683251
11.396787016, 11.399710710
11.406787048, 11.409784681
11.416787022, 11.419786938
11.426787038, 11.429826555
11.436787030, 11.439900184
11.446787010, 11.449818353
11.456787016, 11.459728384
11.466787025, 11.469864999
11.476787017, 11.479935989
11.486787041, 11.489912481
11.496787031, 11.499940071
11.506787018, 11.509907745
11.516787009, 11.519932581
11.526787013, 11.529753899
11.536787034, 11.539901115
11.546787018, 11.549913709
11.556787033, 11.559747973
11.566787010, 11.569779094
11.576787011, 11.579841999
11.586787016, 11.589729042
11.596787022, 11.599904721
11.606787036, 11.609711771
11.616787006, 11.619705836
11.626787114, 11.629939302
11.636787044, 11.639700324
11.646787011, 11.649852091
11.656787024, 11.659880423
11.666787046, 11.669713891
11.676787020, 11.679369046
11.686787034, 11.689580053
11.696787012, 11.699904776
11.706787009, 11.709733475
11.716787027, 11.719779492
11.726787011, 11.729725181
11.736787008, 11.739618987
11.746787008, 11.749825375
11.756787014, 11.759790696
11.766787020, 11.769448749
11.776787039, 11.779781272
11.786787018, 11.789861115
11.796787028, 11.799863197
11.806787025, 11.809589338
11.816787031, 11.819854743
11.826787005, 11.829699997
11.836787037, 11.839792554
11.846787011, 11.849483946
11.856787018, 11.859778317
11.866787017, 11.869769494
11.876787018, 11.879811819
11.886787012, 11.889814901
11.896787029, 11.899531884
11.906787003, 11.909791959
11.916787041, 11.919607938
11.926787021, 11.929761909
11.936787003, 11.939837573
11.946787030, 11.949865093
11.956787044, 11.959925714
11.966787041, 11.969879635
11.976787018, 11.979810631
11.986787011, 11.989733318
11.996786986, 11.999608621
12.006787008, 12.009805511
12.016787032, 12.019858650
12.026787031, 12.029726832
12.036787017, 12.039763013
12.046787027, 12.049815984
12.056787041, 12.059846466
12.066787005, 12.069685430
12.076787019, 12.079780951
12.086787026, 12.089491902
12.096787020, 12.099741761
12.106787041, 12.109959059
12.116787031, 12.120005924
12.126787047, 12.129930504
12.136787027, 12.139605055
12.146787054, 12.149889885
12.156786983, 12.159751229
12.166787031, 12.169877880
12.176787012, 12.179922137
12.186787026, 12.189822131
12.196787042, 12.199627762
12.206787036, 12.209675148
12.216787015, 12.219571667
12.226787025, 12.229810276
12.236787005, 12.239652451
12.246787003, 12.249832826
12.256787014, 12.259843043
12.266787046, 12.269595564
12.276787043, 12.279826869
12.286787012, 12.289737368
12.296787022, 12.299881214
12.306787021, 12.309851799
12.316787042, 12.319795408
12.326787018, 12.329787243
12.336787048, 12.339947794
12.346787060, 12.349939144
12.356787021, 12.359871879
12.366787013, 12.369924706
12.376786999, 12.379810708
12.386787018, 12.389753416
12.396787011, 12.399878040
12.406787030, 12.409582940
12.416787003, 12.419861027
12.426787006, 12.429710164
12.436787039, 12.439654995
12.446787036, 12.449867781
12.456787021, 12.459629554
12.466787028, 12.469750061
12.476787028, 12.479825535
12.486787013, 12.489438192
12.496787034, 12.499791719
12.506787054, 12.509485978
12.516787008, 12.519815369
12.526787021, 12.529891013
12.536787039, 12.539894480
12.546787030, 12.549729792
12.556787022, 12.559572758
12.566787031, 12.569789944
12.576787020, 12.579661279
12.586787014, 12.589882021
12.596787018, 12.599832606
12.606787005, 12.609711006
12.616787152, 12.619880733
12.626787041, 12.629534730
12.636787012, 12.639893600
12.646787015, 12.649800993
12.656787043, 12.659750897
12.666787024, 12.669672133
12.676787022, 12.679882420
12.686787023, 12.689709288
12.696787013, 12.699458987
12.706787030, 12.709849079
12.716787036, 12.719850658
12.726787019, 12.729820227
12.736787037, 12.739671540
12.746787021, 12.749966993
12.756787026, 12.759822683
12.766787009, 12.769925670
12.776787026, 12.779927237
12.786786997, 12.789897967
12.796787074, 12.799899077
12.806787054, 12.809972772
12.816787030, 12.819883526
12.826787030, 12.829531286
12.836787007, 12.839916885
12.846787018, 12.849837273
12.856787039, 12.859851581
12.866787021, 12.869792270
12.876787018, 12.879832825
12.886787017, 12.889929703
12.896787024, 12.899814075
12.906787022, 12.909839456
12.916787112, 12.919838174
12.926787018, 12.929503194
12.936787012, 12.939800386
12.946787017, 12.949935187
12.956787013, 12.959931668
12.966787015, 12.969891352
12.976787062, 12.979836432
12.986787033, 12.989787110
12.996787013, 12.999781755
13.006787033, 13.009762314
13.016787011, 13.019847389
13.026787027, 13.029908973
13.036787024, 13.039774403
13.046787021, 13.049844658
13.056787036, 13.059930351
13.066787013, 13.069748133
13.076787010, 13.079905138
13.086787008, 13.089652894
13.096787044, 13.099827152
13.106787033, 13.109433472
13.116787010, 13.119461416
13.126787026, 13.129846364
13.136787019, 13.139769133
13.146787022, 13.149701346
13.156787019, 13.159849862
13.166792594, 13.169747963
13.176787010, 13.179763443
13.186787018, 13.189814029
13.196787013, 13.199861148
13.206787014, 13.209915698
13.216787049, 13.219994314
13.226787044, 13.229502395
13.236787026, 13.239747959
13.246787013, 13.249744523
13.256787017, 13.259714168
13.266787002, 13.269927221
13.276787002, 13.279745969
13.286787023, 13.289904567
13.296786998, 13.299761245
13.306786994, 13.309740148
13.316787025, 13.319756277
13.326787012, 13.329773364
13.336787014, 13.339747513
13.346787028, 13.349822162
13.356787017, 13.359878052
13.366787012, 13.369734439
13.376787038, 13.379883320
13.386787017, 13.389803926
13.396787049, 13.399716020
13.406787018, 13.409872428
13.416787036, 13.419913112
13.426787109, 13.429373526
13.436787017, 13.439928968
13.446787002, 13.449784237
13.456787047, 13.459880102
13.466787021, 13.469761518
13.476787023, 13.479761133
13.486787016, 13.489752232
13.496786989, 13.499506839
13.506787014, 13.509791196
13.516787019, 13.519710922
13.526787038, 13.529860216
13.536787031, 13.539743420
13.546787005, 13.549653821
13.556787043, 13.559720621
13.566787011, 13.569757256
13.576787034, 13.579752477
13.586787026, 13.589852993
13.596787021, 13.599867473
13.606787017, 13.609706277
13.616786999, 13.619809453
13.626787022, 13.629733693
13.636787022, 13.639699217
13.646787031, 13.649892062
13.656787014, 13.659816301
13.666787008, 13.669813749
13.676787015, 13.679612052
13.686787008, 13.689933444
13.696787019, 13.699891645
13.706787028, 13.709771114
13.716787007, 13.719775203
13.726787056, 13.729555625
13.736787007, 13.739961230
13.746786981, 13.749672288
13.756787029, 13.759753610
13.766787041, 13.769717172
13.776787048, 13.779571778
13.786787016, 13.789868413
13.796787021, 13.799820156
13.806787025, 13.809679278
13.816787039, 13.819594244
13.826787033, 13.829688856
13.836787015, 13.839791225
13.846787051, 13.849663730
13.856787012, 13.859775608
13.866787006, 13.869927404
13.876787029, 13.879849571
13.886787028, 13.889953558
13.896787013, 13.899874658
13.906787023, 13.909866281
13.916787017, 13.919909822
13.926787021, 13.929708336
13.936787019, 13.939881300
13.946787056, 13.949866919
13.956787025, 13.959609813
13.966787035, 13.969530837
13.976787033, 13.979876903
13.986787018, 13.989888985
13.996787027, 13.999796749
14.006787036, 14.009921711
14.016787006, 14.019789643
14.026787015, 14.029689183
14.036787016, 14.039613396
14.046787025, 14.049647508
14.056787032, 14.059787767
14.066787038, 14.069699517
14.076787025, 14.079879812
14.086787012, 14.089807555
14.096787018, 14.099801304
14.106786997, 14.109643426
14.116787042, 14.120015748
14.126787018, 14.129736420
14.136787028, 14.139979306
14.146787027, 14.149493988
14.156787012, 14.159590646
14.166787008, 14.169813285
14.176787002, 14.179875338
14.186787021, 14.189956352
14.196786991, 14.199802621
14.206787013, 14.209683554
14.216787003, 14.219774994
14.226787006, 14.229907320
14.236787047, 14.239854891
14.246787038, 14.249749304
14.256787014, 14.259595089
14.266787020, 14.269909287
14.276787015, 14.279746652
14.286787029, 14.289742947
14.296787012, 14.299837424
14.306787041, 14.309532397
14.316787023, 14.319650480
14.326787017, 14.329769169
14.336787021, 14.339816999
14.346787011, 14.349883662
14.356787037, 14.359701452
14.366787051, 14.369750948
14.376786984, 14.379552572
14.386787028, 14.389555782
14.396787018, 14.399585689
14.406787009, 14.409776573
14.416787052, 14.419566194
14.426787049, 14.429610036
14.436787025, 14.439614091
14.446787049, 14.449729886
14.456787013, 14.459825859
14.466786987, 14.469830290
14.476787032, 14.479783274
14.486787016, 14.489783674
14.496787015, 14.499796581
14.506787028, 14.509861184
14.516787049, 14.519838770
14.526787031, 14.529735822
14.536787019, 14.539690313
14.546787028, 14.549870939
14.556787019, 14.559858824
14.566786991, 14.569530715
14.576787051, 14.579841581
14.586787023, 14.589885617
14.596787019, 14.599819225
14.606787054, 14.609942033
14.616787016, 14.619875963
14.626787007, 14.629919415
14.636787026, 14.639740722
14.646787025, 14.649737119
14.656787027, 14.659678860
14.666787023, 14.669750454
14.676787020, 14.679625815
14.686787007, 14.689937439
14.696787016, 14.699840328
14.706787016, 14.709713866
14.716787034, 14.719721533
14.726787031, 14.729825775
14.736787016, 14.739833262
14.746787004, 14.749799146
14.756787030, 14.759596892
14.766787008, 14.769862943
14.776787019, 14.779809001
14.786787028, 14.789975338
14.796787021, 14.799827743
14.806787017, 14.809596331
14.816787015, 14.819922914
14.826787015, 14.829742245
14.836787047, 14.839976414
14.846787051, 14.849511332
14.856787037, 14.859559434
14.866787022, 14.869678008
14.876787010, 14.879958567
14.886787026, 14.889728166
14.896787037, 14.899754735
14.906787023, 14.909747617
14.916787023, 14.919454049
14.926787041, 14.929752718
14.936787044, 14.939730797
14.946787044, 14.949877517
14.956787032, 14.959865474
14.966787041, 14.969857707
14.976787022, 14.979813569
14.986787038, 14.989935543
14.996787033, 14.999875448
15.006787031, 15.009750567
15.016787064, 15.019518397
15.026787018, 15.029945581
15.036787064, 15.039890961
15.046787020, 15.049827351
15.056787011, 15.059768790
15.066787023, 15.069826131
15.076787034, 15.079890808
15.086787056, 15.089868701
15.096787010, 15.099659091
15.106787004, 15.109763626
15.116787006, 15.119708221
15.126787014, 15.129853981
15.136787039, 15.139722999
15.146787021, 15.149454076
15.156787051, 15.159708618
15.166787021, 15.169834349
15.176787066, 15.179896548
15.186787026, 15.189743976
15.196787067, 15.199523386
15.206787018, 15.209514314
15.216787024, 15.219809764
15.226795379, 15.229800882
15.236786978, 15.239814122
15.246787004, 15.249801840
15.256787027, 15.259783194
15.266787016, 15.269803925
15.276787019, 15.279893587
15.286787005, 15.289797398
15.296787019, 15.299795426
15.306787006, 15.309888546
15.316787052, 15.319743664
15.326787021, 15.329762651
15.336787014, 15.339832000
15.346787027, 15.349858681
15.356787013, 15.359760996
15.366787031, 15.369837140
15.376787054, 15.379774340
15.386786998, 15.389810338
15.396787033, 15.399812725
15.406787016, 15.409791191
15.416787013, 15.419846148
15.426787012, 15.429820477
15.436787044, 15.439641997
15.446787044, 15.449802642
15.456787011, 15.459759516
15.466787018, 15.469913572
15.476787017, 15.479657499
15.486787015, 15.489778531
15.496787022, 15.499619758
15.506787036, 15.509617111
15.516787014, 15.519779511
15.526787008, 15.529849271
15.536787022, 15.539798720
15.546787010, 15.549765871
15.556787022, 15.559775628
15.566787023, 15.569652098
15.576787008, 15.579604292
15.586787043, 15.589808283
15.596787016, 15.599811026
15.606787025, 15.609779147
15.616787029, 15.619582145
15.626787016, 15.629507413
15.636787008, 15.639753637
15.646787025, 15.649798542
15.656787011, 15.659750905
15.666787007, 15.669865985
15.676787029, 15.679879338
15.686787033, 15.689725209
15.696787012, 15.699845888
15.706787008, 15.709749801
15.716787018, 15.719894311
15.726787002, 15.729637890
15.736787022, 15.739777227
15.746787031, 15.749730622
15.756787027, 15.759826789
15.766787020, 15.769784103
15.776787019, 15.779690135
15.786787023, 15.789804907
15.796787019, 15.799811627
15.806787021, 15.809766104
15.816787016, 15.819736601
15.826787020, 15.829459051
15.836787010, 15.839745085
15.846787032, 15.849893019
15.856787057, 15.859808292
15.866787041, 15.869928257
15.876787023, 15.879739169
15.886787013, 15.889938893
15.896787014, 15.899783742
15.906787024, 15.909886265
15.916787042, 15.919834425
15.926787049, 15.929737230
15.936787024, 15.939816887
15.946787015, 15.949753693
15.956787011, 15.959768944
15.966787043, 15.969840467
15.976787019, 15.979833441
15.986787021, 15.989764475
15.996787013, 15.999762022
16.006787011, 16.009822411
16.016787014, 16.019590163
16.026787024, 16.029724030
16.036787032, 16.039676790
16.046787026, 16.049676807
16.056787026, 16.059768431
16.066787018, 16.069560648
16.076787033, 16.079799766
16.086787010, 16.089800746
16.096786999, 16.099544911
16.106787036, 16.109564249
16.116787020, 16.119583391
16.126787023, 16.129791362
16.136787113, 16.139817142
16.146787000, 16.149761927
16.156787024, 16.159885264
16.166787038, 16.169804379
16.176787014, 16.179735458
16.186786984, 16.189565613
16.196787018, 16.199559619
16.206787043, 16.209798909
16.216787034, 16.219629760
16.226787031, 16.229525453
16.236787026, 16.239867974
16.246787019, 16.249761769
16.256787010, 16.259796620
16.266787020, 16.269822032
16.276787054, 16.279582479
16.286787028, 16.289763942
16.296787012, 16.299568488
16.306787031, 16.309833237
16.316786984, 16.319780519
16.326787020, 16.329634876
16.336787014, 16.339726979
16.346787038, 16.349776798
16.356787013, 16.359757380
16.366795758, 16.369870187
16.376787020, 16.379827962
16.386787010, 16.389781712
16.396787024, 16.399872351
16.406787036, 16.409852602
16.416787028, 16.419818037
16.426787021, 16.429820659
16.436787012, 16.439658378
16.446787019, 16.449816050
16.456787027, 16.459807500
16.466787046, 16.469575649
16.476787005, 16.479616120
16.486787015, 16.489596193
16.496787035, 16.499459676
16.506787011, 16.509519548
16.516787029, 16.519730530
16.526787033, 16.529497606
16.536787013, 16.539622921
16.546787010, 16.549876602
16.556787025, 16.559813955
16.566787027, 16.569782214
16.576787032, 16.579798313
16.586787018, 16.589872170
16.596787023, 16.599713025
16.606787007, 16.609790484
16.616787006, 16.619846791
16.626787013, 16.629835803
16.636787034, 16.639559521
16.646787023, 16.649636480
16.656787021, 16.659587838
16.666787018, 16.669785545
16.676787008, 16.679821062
16.686787012, 16.689713472
16.696787022, 16.699510290
16.706787011, 16.709458094
16.716787077, 16.719703096
16.726787016, 16.729870722
16.736787031, 16.739792152
16.746787023, 16.749855639
16.756787029, 16.759724292
16.766787046, 16.769738566
16.776787020, 16.779671658
16.786787028, 16.789742049
16.796787012, 16.799793135
16.806787013, 16.809838351
16.816787002, 16.819751417
16.826787038, 16.829769585
16.836787010, 16.839784403
16.846787017, 16.849785431
16.856787016, 16.859764912
16.866787013, 16.869537934
16.876787034, 16.879804665
16.886787021, 16.889532528
16.896787041, 16.899770432
16.906787030, 16.909801312
16.916787011, 16.919710679
16.926787030, 16.929848007
16.936787037, 16.939768180
16.946787044, 16.949857427
16.956787031, 16.959701957
16.966787016, 16.969814796
16.976787023, 16.979698860
16.986787011, 16.989799829
16.996787022, 16.999904776
17.006787026, 17.009753101
17.016787008, 17.019903735
17.026787013, 17.029815770
17.036787008, 17.039784428
17.046787008, 17.049789605
17.056786987, 17.059850912
17.066787018, 17.069791012
17.076787020, 17.079802830
17.086787005, 17.089705399
17.096787033, 17.099759607
17.106787008, 17.109782804
17.116787054, 17.119807219
17.126787059, 17.129852357
17.136787033, 17.139725535
17.146787012, 17.149710801
17.156787038, 17.159875660
17.166787014, 17.169786209
17.176787047, 17.179792824
17.186787026, 17.189816959
17.196787008, 17.199826427
17.206786993, 17.209829353
17.216787009, 17.219637904
17.226787002, 17.229804388
17.236787032, 17.239799501
17.246787033, 17.249849685
17.256787003, 17.259810448
17.266787010, 17.269781324
17.276787026, 17.279651690
17.286787009, 17.289568160
17.296787042, 17.299861825
17.306787049, 17.309856985
17.316787023, 17.319778173
17.326787009, 17.329806778
17.336787008, 17.339786003
17.346787012, 17.349778969
17.356787029, 17.359796391
17.366787023, 17.369749457
17.376787011, 17.379747258
17.386787015, 17.389820477
17.396786998, 17.399820492
17.406787107, 17.409654001
17.416787047, 17.419667952
17.426787026, 17.429569562
17.436787018, 17.439670101
17.446787035, 17.449845317
17.456787032, 17.459829508
17.466787036, 17.469791375
17.476787019, 17.479755269
17.486787036, 17.489818831
17.496787034, 17.499851395
17.506787008, 17.509853553
17.516786985, 17.519837815
17.526787007, 17.529768897
17.536787024, 17.539825017
17.546787018, 17.549844769
17.556787011, 17.559834381
17.566787032, 17.569748848
17.576787029, 17.579771718
17.586787013, 17.589831747
17.596787039, 17.599916903
17.606787044, 17.609904550
17.616787011, 17.619813376
17.626787014, 17.629584764
17.636787014, 17.639880411
17.646787005, 17.649700232
17.656787019, 17.659601524
17.666787028, 17.669686470
17.676787018, 17.679789198
17.686787019, 17.689610609
17.696787004, 17.699857196
17.706787010, 17.709882863
17.716786994, 17.719828468
17.726787044, 17.729729845
17.736787022, 17.739804189
17.746787004, 17.749874010
17.756787018, 17.759768418
17.766787017, 17.769818170
17.776787022, 17.779661516
17.786787033, 17.789552057
17.796786983, 17.799541718
17.806787025, 17.809625479
17.816787024, 17.819763934
17.826787018, 17.829841175
17.836787057, 17.839799814
17.846787038, 17.849776404
17.856787022, 17.859888993
17.866787008, 17.869898631
17.876787016, 17.879911334
17.886787015, 17.889798372
17.896787019, 17.899869156
17.906787056, 17.909852585
17.916787013, 17.919850017
17.926787018, 17.929919406
17.936787014, 17.939737639
17.946787012, 17.949722742
17.956787037, 17.959631148
17.966787046, 17.969558475
17.976787015, 17.980065817
17.986786968, 17.989774825
17.996786993, 17.999621294
18.006787024, 18.009806989
18.016787022, 18.019787885
18.026787023, 18.029706945
18.036787009, 18.039922849
18.046787023, 18.049891587
18.056787016, 18.059765143
18.066787020, 18.069483546
18.076787019, 18.079890494
18.086787038, 18.089686771
18.096787018, 18.099872433
18.106787031, 18.109774627
18.116787018, 18.119790710
18.126787004, 18.129895163
18.136787019, 18.139786980
18.146787023, 18.149799941
18.156787028, 18.159883919
18.166787009, 18.169793147
18.176787018, 18.179762979
18.186787011, 18.189731139
18.196787014, 18.199618498
18.206787008, 18.209559204
18.216787024, 18.219776603
18.226787025, 18.229725930
18.236787005, 18.239745286
18.246787028, 18.249766776
18.256787029, 18.259831174
18.266787046, 18.269907412
18.276787038, 18.279856867
18.286787023, 18.289900607
18.296787028, 18.299812305
18.306787033, 18.309885393
18.316787042, 18.319883733
18.326787044, 18.329748119
18.336787026, 18.339775900
18.346787036, 18.349856691
18.356787011, 18.359871472
18.366787027, 18.369832775
18.376787027, 18.379850616
18.386787054, 18.389813330
18.396787021, 18.399807529
18.406787007, 18.409793213
18.416787012, 18.419886174
18.426787016, 18.429840554
18.436787027, 18.439785071
18.446787018, 18.449815616
18.456787015, 18.459768707
18.466787029, 18.469830919
18.476787026, 18.479820213
18.486787011, 18.489704678
18.496787047, 18.499657770
18.506787026, 18.509653002
18.516787026, 18.519677814
18.526787019, 18.529840811
18.536787013, 18.539804235
18.546787010, 18.549845266
18.556787047, 18.559851448
18.566787044, 18.569538607
18.576787046, 18.579599715
18.586787003, 18.589791202
18.596787012, 18.599853573
18.606787018, 18.609777824
18.616787027, 18.619833502
18.626787046, 18.629852046
18.636787021, 18.639703944
18.646787011, 18.649723368
18.656787014, 18.659813290
18.666787019, 18.669728806
18.676787027, 18.679802260
18.686787031, 18.689713287
18.696787018, 18.699492779
18.706787018, 18.709852031
18.716787007, 18.719945917
18.726787019, 18.729725355
18.736787029, 18.739637401
18.746787046, 18.749902049
18.756787018, 18.759826458
18.766787010, 18.769844698
18.776787016, 18.779854378
18.786787022, 18.789837684
18.796787032, 18.799654447
18.806787016, 18.809630573
18.816787000, 18.819859921
18.826786992, 18.829843513
18.836787013, 18.839809354
18.846787001, 18.849843070
18.856787024, 18.859852927
18.866787049, 18.869761744
18.876787025, 18.879756798
18.886787020, 18.889825328
18.896786983, 18.899783515
18.906787020, 18.909752336
18.916787027, 18.919690985
18.926787064, 18.929684102
18.936787013, 18.939503621
18.946791579, 18.949777940
18.956787014, 18.959856624
18.966787059, 18.969848506
18.976787019, 18.979902817
18.986787061, 18.989821573
18.996787009, 18.999921980
19.006787010, 19.009809211
19.016787011, 19.019885847
19.026787003, 19.029846573
19.036787037, 19.039895156
19.046787028, 19.049859279
19.056787032, 19.059784794
19.066787064, 19.069891405
19.076787047, 19.079817831
19.086787008, 19.089791916
19.096787027, 19.099893853
19.106787031, 19.109849066
19.116787023, 19.119777418
19.126787031, 19.129841656
19.136787018, 19.139883760
19.146787072, 19.149854787
19.156787034, 19.159963259
19.166787026, 19.169836777
19.176787012, 19.179857697
19.186787016, 19.189818651
19.196787015, 19.199747462
19.206787011, 19.209827310
19.216787029, 19.219827513
19.226787018, 19.229878159
19.236787017, 19.239802836
19.246787012, 19.249902391
19.256787018, 19.259776685
19.266787008, 19.269609491
19.276787052, 19.279832741
19.286787033, 19.289643329
19.296787020, 19.299692041
19.306786983, 19.309785921
19.316787018, 19.319756120
19.326787030, 19.329760198
19.336787022, 19.339880941
19.346787031, 19.349795194
19.356787016, 19.359800939
19.366787021, 19.369874697
19.376787029, 19.379892046
19.386787013, 19.389773443
19.396787039, 19.399904280
19.406787036, 19.409848658
19.416787013, 19.419799537
19.426787018, 19.429635432
19.436787001, 19.439776407
19.446787013, 19.449806081
19.456787029, 19.459693180
19.466787021, 19.469824172
19.476787019, 19.479760911
19.486787014, 19.489620454
19.496787008, 19.499839931
19.506787014, 19.509796326
19.516787044, 19.519627136
19.526787031, 19.529722773
19.536787010, 19.539809816
19.546787018, 19.549736261
19.556787016, 19.559823128
19.566787018, 19.569802720
19.576787049, 19.579681449
19.586786991, 19.589912361
19.596787047, 19.599797747
19.606787011, 19.609892006
19.616786993, 19.619796192
19.626787040, 19.629880003
19.636787052, 19.639895975
19.646787049, 19.649822500
19.656787033, 19.659852472
19.666787014, 19.669887877
19.676787026, 19.679878308
19.686787018, 19.689815878
19.696787032, 19.699813259
19.706787023, 19.709813338
19.716787018, 19.719853423
19.726787018, 19.729758399
19.736787017, 19.739829169
19.746787030, 19.749818174
19.756787049, 19.759644849
19.766787041, 19.769694460
19.776787034, 19.779930733
19.786787042, 19.789776281
19.796787018, 19.799772090
19.806787015, 19.809847765
19.816787027, 19.819783670
19.826787031, 19.829834226
19.836787029, 19.839911509
19.846787015, 19.849843738
19.856787020, 19.859751470
19.866787018, 19.869833432
19.876787297, 19.879790206
19.886787021, 19.889845165
19.896787014, 19.899838450
19.906787015, 19.909860947
19.916787036, 19.919835028
19.926787025, 19.929823603
19.936787079, 19.939929340
19.946787174, 19.949752028
19.956787054, 19.959816332
19.966787011, 19.969802082
19.976787006, 19.979745212
19.986786985, 19.989795546
19.996787014, 19.999747608
20.006787023, 20.009737315
20.016787036, 20.019764534
20.026787012, 20.029843871
20.036787014, 20.039840168
20.046787024, 20.049470668
20.056787014, 20.059839219
20.066787066, 20.069600832
20.076787045, 20.079836299
20.086787009, 20.089837214
20.096787020, 20.099740829
20.106787014, 20.109904525
20.116787037, 20.119914374
20.126787066, 20.129909066
20.136787030, 20.139867089
20.146787014, 20.149793729
20.156787042, 20.159850358
20.166787038, 20.169777828
20.176787054, 20.179825185
20.186787044, 20.189683248
20.196787011, 20.199540864
20.206787014, 20.209772621
20.216787005, 20.219769624
20.226787023, 20.229598419
20.236787044, 20.239596570
20.246787038, 20.249487885
20.256787020, 20.259483536
20.266787017, 20.269892204
20.276787011, 20.279849583
20.286787019, 20.289621223
20.296787034, 20.299672315
20.306787026, 20.309815210
20.316787024, 20.319795860
20.326787021, 20.329661638
20.336787045, 20.339656142
20.346787013, 20.349816102
20.356787009, 20.359780485
20.366787023, 20.369814741
20.376787016, 20.379572421
20.386787011, 20.389802583
20.396787013, 20.399782333
20.406787023, 20.409761086
20.416787037, 20.419731660
20.426787023, 20.429804239
20.436787005, 20.439794342
20.446787015, 20.449749200
20.456787054, 20.459950657
20.466787036, 20.469833623
20.476787034, 20.479806011
20.486787038, 20.489955377
20.496787018, 20.499852933
20.506787011, 20.509750922
20.516787020, 20.519832999
20.526787025, 20.529802316
20.536787042, 20.539895938
20.546787011, 20.549845826
20.556787016, 20.559580845
20.566786985, 20.569885556
20.576787023, 20.579781112
20.586787010, 20.589642280
20.596786994, 20.599812321
20.606787028, 20.609761130
20.616787021, 20.619840501
20.626787011, 20.629616481
20.636787002, 20.639846760
20.646787021, 20.649747713
20.656787034, 20.659457297
20.666787034, 20.669808880
20.676787025, 20.679726949
20.686787007, 20.689856082
20.696787026, 20.699697831
20.706787018, 20.709811020
20.716787019, 20.719783058
20.726787016, 20.729806389
20.736787020, 20.739785531
20.746787019, 20.749622410
20.756787011, 20.759816140
20.766787006, 20.769736902
20.776787009, 20.779796188
20.786787046, 20.789847728
20.796787024, 20.799876101
20.806787022, 20.809901779
20.816787016, 20.819821200
20.826787016, 20.829779363
20.836787049, 20.839828966
20.846787013, 20.849793455
20.856787008, 20.859738824
20.866787036, 20.869733970
20.876787016, 20.879807923
20.886787043, 20.889776649
20.896787032, 20.899828783
20.906787036, 20.909821821
20.916787022, 20.919786304
20.926787009, 20.929854528
20.936787018, 20.939846120
20.946787018, 20.949698391
20.956787029, 20.959621953
20.966787026, 20.969807401
20.976787025, 20.979593304
20.986787039, 20.989832415
20.996787016, 20.999887104
21.006787028, 21.009813571
21.016787024, 21.019826901
21.026787028, 21.029843300
21.036787007, 21.039751747
21.046787013, 21.049514668
21.056787011, 21.059803471
21.066787025, 21.069730619
21.076787024, 21.079816083
21.086787033, 21.089772780
21.096787014, 21.099775603
21.106787036, 21.109769607
21.116787018, 21.119840316
21.126787018, 21.129630375
21.136787052, 21.139776593
21.146787036, 21.149752544
21.156787033, 21.159763803
21.166787027, 21.169848317
21.176787014, 21.179809113
21.186787026, 21.189837578
21.196787019, 21.199870602
21.206787049, 21.209552285
21.216787032, 21.219851260
21.226787021, 21.229805726
21.236787031, 21.239797546
21.246787024, 21.249848840
21.256787047, 21.259581163
21.266787021, 21.269506643
21.276787031, 21.279689739
21.286787013, 21.289828451
21.296787011, 21.299742968
21.306787005, 21.309789392
21.316787039, 21.319894276
21.326787061, 21.329674669
21.336787019, 21.339739033
21.346787023, 21.349853601
21.356787026, 21.359829459
21.366787023, 21.369810015
21.376787029, 21.379797578
21.386787036, 21.389865240
21.396787011, 21.399892138
21.406787027, 21.409806194
21.416787004, 21.419843071
21.426787019, 21.429932836
21.436787024, 21.439885217
21.446787033, 21.449828793
21.456787016, 21.459870830
21.466787008, 21.469823998
21.476787016, 21.479770685
21.486787013, 21.489797248
21.496787027, 21.499802099
21.506787018, 21.509830018
21.516787005, 21.519774538
21.526787011, 21.529722813
21.536787005, 21.539717668
21.546787012, 21.549764228
21.556787024, 21.559582218
21.566787023, 21.569622111
21.576787010, 21.579788051
21.586787032, 21.589500106
21.596787022, 21.599867298
21.606787021, 21.609847737
21.616787057, 21.619835352
21.626787026, 21.629729925
21.636787021, 21.639541239
21.646787010, 21.649813158
21.656787016, 21.659793324
21.666787010, 21.669579770
21.676787027, 21.679623745
21.686787031, 21.689672011
21.696787018, 21.699630392
21.706787038, 21.709782738
21.716787011, 21.719847027
21.726787006, 21.729735663
21.736787027, 21.739749666
21.746787028, 21.749807025
21.756787014, 21.759796301
21.766787033, 21.769809755
21.776787037, 21.779638659
21.786787024, 21.789808737
21.796787037, 21.799861124
21.806787071, 21.809795019
21.816787036, 21.819791359
21.826787018, 21.829845026
21.836787007, 21.839977094
21.846787023, 21.849900087
21.856787042, 21.859908874
21.866787044, 21.869876420
21.876787027, 21.879853780
21.886787018, 21.889828812
21.896787019, 21.899826475
21.906787025, 21.909820969
21.916787019, 21.919819950
21.926787049, 21.929799282
21.936787028, 21.939789248
21.946787036, 21.949648302
21.956787027, 21.959717525
21.966787028, 21.969818048
21.976787034, 21.979451832
21.986787028, 21.989439273
21.996787000, 21.999556882
22.006787018, 22.009837030
22.016787022, 22.019891229
22.026787020, 22.029893143
22.036787032, 22.039930716
22.046787051, 22.049681538
22.056787041, 22.059758177
22.066787011, 22.069847656
22.076787007, 22.079874086
22.086787031, 22.089838822
22.096787032, 22.099844511
22.106787026, 22.109884171
22.116787013, 22.119842473
22.126787009, 22.129879243
22.136787012, 22.139814472
22.146787026, 22.149747098
22.156787019, 22.159713459
22.166787031, 22.169714555
22.176787020, 22.179680229
22.186787011, 22.189777446
22.196786993, 22.199774765
22.206787018, 22.209491158
22.216787049, 22.219785301
22.226787054, 22.229600273
22.236787018, 22.239554043
22.246787003, 22.249892894
22.256787054, 22.259847357
22.266787030, 22.269912051
22.276787024, 22.279800969
22.286787059, 22.289574022
22.296787013, 22.299910381
22.306787015, 22.309820534
22.316787048, 22.319799014
22.326787025, 22.329769985
22.336787039, 22.339895191
22.346787049, 22.349765468
22.356787021, 22.359830367
22.366787031, 22.369834129
22.376787007, 22.379771244
22.386787011, 22.389771799
22.396787009, 22.399813371
22.406787026, 22.409803953
22.416787004, 22.419791112
22.426787024, 22.429716372
22.436787028, 22.439719873
22.446787022, 22.449820770
22.456787024, 22.459808730
22.466787049, 22.469809050
22.476787017, 22.479413451
22.486787025, 22.489893523
22.496787020, 22.499851808
22.506787014, 22.509820040
22.516787027, 22.519852120
22.526787038, 22.529835213
22.536787024, 22.539727839
22.546787006, 22.549677059
22.556787018, 22.559816241
22.566787026, 22.569856783
22.576787024, 22.579783585
22.586787026, 22.589871671
22.596787021, 22.599717655
22.606787023, 22.609630757
22.616787017, 22.619856316
22.626787020, 22.629748770
22.636786997, 22.639775508
22.646787016, 22.649801700
22.656787026, 22.659514663
22.666787020, 22.669741993
22.676787022, 22.679962772
22.686787015, 22.689835989
22.696787039, 22.699770476
22.706787016, 22.709624451
22.716787027, 22.719898701
22.726787019, 22.729916605
22.736787013, 22.739828951
22.746787018, 22.749788751
22.756787024, 22.759868725
22.766787031, 22.769621246
22.776787015, 22.779893314
22.786786982, 22.789874415
22.796786985, 22.799837663
22.806787015, 22.809587319
22.816787032, 22.819800982
22.826787036, 22.829853567
22.836787016, 22.839825707
22.846787028, 22.849801137
22.856786980, 22.859848586
22.866787021, 22.869765698
22.876787027, 22.879493883
22.886787033, 22.889838586
22.896787018, 22.899889004
22.906787008, 22.909879144
22.916787028, 22.919781163
22.926787025, 22.929870319
22.936787024, 22.939543943
22.946787041, 22.949845317
22.956787025, 22.959842132
22.966787017, 22.969789915
22.976787011, 22.979806043
22.986787023, 22.989455773
22.996787034, 22.999803781
23.006787026, 23.009836719
23.016787018, 23.019891534
23.026787012, 23.029771397
23.036787013, 23.039549365
23.046787013, 23.049811427
23.056787027, 23.059896917
23.066787041, 23.069778800
23.076787027, 23.079801761
23.086787014, 23.089772463
23.096787031, 23.099882905
23.106787062, 23.109778842
23.116787072, 23.119925589
23.126787049, 23.129494767
23.136787016, 23.139832630
23.146787015, 23.149832029
23.156787021, 23.159945556
23.166787015, 23.169896382
23.176787027, 23.179850190
23.186787031, 23.189940980
23.196787041, 23.199798802
23.206787020, 23.209754119
23.216787011, 23.219774631
23.226787021, 23.229811988
23.236787022, 23.239743576
23.246787054, 23.249893686
23.256787011, 23.259853877
23.266787005, 23.269784520
23.276787013, 23.279553777
23.286787004, 23.289864765
23.296787037, 23.299718661
23.306787033, 23.309718312
23.316787015, 23.319856170
23.326787028, 23.329556557
23.336787031, 23.339919282
23.346787013, 23.349904710
23.356787024, 23.359843043
23.366787036, 23.369859647
23.376787014, 23.379883667
23.386787015, 23.389813394
23.396787012, 23.399875935
23.406787003, 23.409869688
23.416787057, 23.419701242
23.426787028, 23.429786090
23.436786991, 23.439868783
23.446787027, 23.449747196
23.456787015, 23.459802867
23.466787021, 23.469845173
23.476787044, 23.479861389
23.486787031, 23.489608177
23.496787020, 23.499569024
23.506787002, 23.509814199
23.516787010, 23.519884146
23.526787020, 23.529844718
23.536787027, 23.539729745
23.546787026, 23.549730589
23.556787021, 23.559598345
23.566787012, 23.569929474
23.576787020, 23.579837210
23.586787040, 23.589487205
23.596787032, 23.599926564
23.606787049, 23.609584743
23.616787018, 23.619587233
23.626787013, 23.629848731
23.636787025, 23.639869594
23.646787021, 23.649844996
23.656787034, 23.659773789
23.666787018, 23.669854642
23.676787021, 23.679788960
23.686787013, 23.689819088
23.696787015, 23.699825640
23.706787020, 23.709884808
23.716787067, 23.719863910
23.726787056, 23.729766480
23.736787037, 23.739796797
23.746787016, 23.749796764
23.756787013, 23.759950095
23.766787022, 23.769868025
23.776787037, 23.779921106
23.786787026, 23.789908920
23.796787023, 23.799919420
23.806787033, 23.809884241
23.816787019, 23.819904390
23.826787012, 23.829618206
23.836787032, 23.839678251
23.846787036, 23.849875846
23.856787010, 23.859823444
23.866787016, 23.869834549
23.876787017, 23.879929127
23.886787015, 23.889612876
23.896787024, 23.899785991
23.906787033, 23.909835614
23.916787025, 23.919816011
23.926787013, 23.929742044
23.936787017, 23.939769229
23.946787006, 23.949726510
23.956787014, 23.959879052
23.966787045, 23.969697209
23.976787016, 23.979708844
23.986787018, 23.989935656
23.996787031, 23.999856292
24.006787018, 24.009940917
24.016787037, 24.019890291
24.026787044, 24.029734907
24.036787016, 24.039865853
24.046787025, 24.049813957
24.056787005, 24.059865389
24.066787011, 24.069750003
24.076787024, 24.079796130
24.086787026, 24.089915361
24.096787023, 24.099913793
24.106787027, 24.109795790
24.116787023, 24.119845449
24.126787012, 24.129792690
24.136787034, 24.139876498
24.146787023, 24.149841240
24.156787033, 24.159747907
24.166787022, 24.169797289
24.176787012, 24.179822693
24.186786988, 24.189555964
24.196787054, 24.199709642
24.206787038, 24.209818473
24.216787026, 24.219772727
24.226787018, 24.229524565
24.236787008, 24.239913463
24.246787018, 24.249854845
24.256787037, 24.259883563
24.266787016, 24.269941436
24.276787026, 24.279794514
24.286787008, 24.289802365
24.296787008, 24.299712301
24.306787016, 24.309678696
24.316787034, 24.319936726
24.326787041, 24.329884021
24.336787026, 24.339830365
24.346787037, 24.349862919
24.356787044, 24.359783933
24.366787013, 24.369673907
24.376787047, 24.379856986
24.386787038, 24.389615850
24.396787021, 24.399567843
24.406787029, 24.409803778
24.416787025, 24.419852671
24.426787018, 24.429901271
24.436787029, 24.439868409
24.446787044, 24.449926443
24.456787036, 24.459959700
24.466787016, 24.469930999
24.476787011, 24.479674584
24.486787019, 24.489929339
24.496787039, 24.499927007
24.506787041, 24.509865067
24.516787026, 24.519581020
24.526787023, 24.529821323
24.536787001, 24.539813385
24.546786987, 24.549824862
24.556787037, 24.559868750
24.566787023, 24.569793613
24.576787019, 24.579898388
24.586787012, 24.589894361
24.596787013, 24.599839878
24.606787015, 24.609731624
24.616787037, 24.619851395
24.626787028, 24.629845944
24.636787031, 24.639828339
24.646787018, 24.649531683
24.656787011, 24.659592497
24.666787018, 24.669860925
24.676787042, 24.679849260
24.686787028, 24.689617296
24.696787030, 24.699483725
24.706787009, 24.709896286
24.716787029, 24.719830259
24.726787015, 24.729670296
24.736786997, 24.739658890
24.746787036, 24.749832108
24.756786978, 24.759782541
24.766787043, 24.769841735
24.776787016, 24.779883033
24.786787020, 24.789597909
24.796787009, 24.799841985
24.806787023, 24.809897754
24.816787008, 24.819820666
24.826787014, 24.829602280
24.836786998, 24.839794033
24.846787016, 24.849836545
24.856787047, 24.859925596
24.866787041, 24.869815268
24.876786985, 24.879803076
24.886787011, 24.889643347
24.896787013, 24.899888627
24.906787023, 24.909848169
24.916787049, 24.919847571
24.926787049, 24.929863038
24.936787030, 24.939880667
24.946787018, 24.949783130
24.956787044, 24.959813849
24.966786998, 24.969847921
24.976787037, 24.979765439
24.986787021, 24.989893010
24.996787011, 24.999585860
25.006787021, 25.009638555
25.016787019, 25.019850164
25.026787012, 25.029790115
25.036787037, 25.039874789
25.046787041, 25.049823643
25.056787016, 25.059490519
25.066787008, 25.069787296
25.076787024, 25.079950836
25.086787002, 25.089769488
25.096787049, 25.099660697
25.106787051, 25.109774126
25.116787033, 25.119934336
25.126787019, 25.129889414
25.136787074, 25.139846014
25.146787018, 25.149928563
25.156787034, 25.159931398
25.166787046, 25.169771332
25.176787046, 25.179607302
25.186787023, 25.189853599
25.196787016, 25.199892123
25.206787028, 25.209867164
25.216787039, 25.219872469
25.226787041, 25.229846553
25.236787036, 25.239743273
25.246787019, 25.249877833
25.256787012, 25.259849001
25.266787020, 25.269760470
25.276787024, 25.279811041
25.286787003, 25.289899149
25.296787006, 25.299848555
25.306787030, 25.309938290
25.316787037, 25.319842629
25.326787018, 25.329913427
25.336787052, 25.339959335
25.346787051, 25.349913033
25.356787033, 25.359841565
25.366787023, 25.369834835
25.376787014, 25.379870972
25.386787013, 25.389847606
25.396787047, 25.399701257
25.406787028, 25.409657180
25.416787023, 25.419885433
25.426787020, 25.429920421
25.436787018, 25.439831193
25.446787021, 25.449844022
25.456787024, 25.459813802
25.466787056, 25.469852387
25.476787018, 25.479815307
25.486787010, 25.489551272
25.496787023, 25.499651765
25.506787013, 25.509753730
25.516787014, 25.519974923
25.526787041, 25.529869260
25.536787021, 25.539689369
25.546787021, 25.549930271
25.556787016, 25.559765233
25.566787037, 25.569813543
25.576787052, 25.579907240
25.586787049, 25.589797999
25.596787017, 25.599840408
25.606787013, 25.609900538
25.616787031, 25.619908127
25.626787032, 25.629862399
25.636787022, 25.639820799
25.646787051, 25.649860539
25.656787022, 25.659668391
25.666787028, 25.669826625
25.676787001, 25.679867038
25.686787012, 25.689604364
25.696787034, 25.699826761
25.706787041, 25.709857695
25.716787023, 25.719833790
25.726787028, 25.729836036
25.736787026, 25.739620070
25.746787032, 25.749906660
25.756787032, 25.759863988
25.766787033, 25.769853612
25.776787006, 25.779900029
25.786787042, 25.789933892
25.796787035, 25.799625180
25.806787015, 25.809849946
25.816787029, 25.819934017
25.826787023, 25.829796345
25.836787019, 25.839869459
25.846787026, 25.849944904
25.856787022, 25.859751653
25.866787023, 25.869799801
25.876787032, 25.879878608
25.886787044, 25.889873668
25.896787018, 25.899841377
25.906787028, 25.909814720
25.916787021, 25.919590754
25.926787018, 25.929572617
25.936787027, 25.939806783
25.946787018, 25.949884602
25.956787027, 25.959957710
25.966787012, 25.969781074
25.976787016, 25.979955856
25.986787018, 25.989951618
25.996787027, 25.999934393
26.006787041, 26.009955435
26.016787030, 26.019697970
26.026787015, 26.029686885
26.036787011, 26.039880849
26.046787021, 26.049889733
26.056787034, 26.059829916
26.066787028, 26.069936183
26.076787033, 26.079738836
26.086787016, 26.089600927
26.096787033, 26.099871739
26.106787022, 26.109879231
26.116787019, 26.119750485
26.126787189, 26.129826397
26.136787006, 26.139630653
26.146787010, 26.149789768
26.156787008, 26.159789071
26.166786978, 26.169799021
26.176787017, 26.179662483
26.186787041, 26.189782248
26.196787028, 26.199846674
26.206787016, 26.209942295
26.216787026, 26.219789432
26.226787016, 26.229877552
26.236787034, 26.239836101
26.246787041, 26.249936532
26.256787008, 26.259873278
26.266787024, 26.269841534
26.276787024, 26.279856227
26.286787023, 26.289839473
26.296787034, 26.299873138
26.306787021, 26.309831116
26.316787023, 26.319789326
26.326787001, 26.330127061
26.336786984, 26.339769316
26.346786993, 26.349578889
26.356787042, 26.359790514
26.366787028, 26.369887910
26.376787024, 26.379807773
26.386787009, 26.389807489
26.396787020, 26.399849551
26.406787003, 26.409872885
26.416787042, 26.419899995
26.426787064, 26.429882244
26.436787005, 26.439871836
26.446787019, 26.449839260
26.456786990, 26.459855765
26.466787008, 26.469946488
26.476787034, 26.479870353
26.486787049, 26.489546995
26.496787011, 26.499381621
26.506787027, 26.509899389
26.516787023, 26.519884221
26.526787035, 26.529759242
26.536787029, 26.539771513
26.546787021, 26.549877467
26.556787013, 26.559909518
26.566787010, 26.569833650
26.576787014, 26.579829129
26.586787020, 26.589754303
26.596787009, 26.599817642
26.606787234, 26.609797999
26.616787021, 26.619894285
26.626787008, 26.629924439
26.636787023, 26.639800242
26.646787013, 26.649660192
26.656787044, 26.659845386
26.666787038, 26.669647414
26.676787020, 26.679575470
26.686787030, 26.689513536
26.696787059, 26.699901485
26.706787010, 26.709903000
26.716787039, 26.719876974
26.726786988, 26.729831499
26.736787014, 26.739850995
26.746787024, 26.749848029
26.756787026, 26.759754925
26.766787013, 26.769643065
26.776787032, 26.779721438
26.786787036, 26.789793515
26.796787026, 26.799750744
26.806787021, 26.809847260
26.816787002, 26.819846816
26.826787008, 26.829654731
26.836787032, 26.839755046
26.846787036, 26.849547789
26.856787022, 26.859687975
26.866786996, 26.869710057
26.876787010, 26.879758366
26.886787015, 26.889879084
26.896787014, 26.899833425
26.906787033, 26.909883725
26.916787031, 26.919894961
26.926787031, 26.929558961
26.936787024, 26.939556889
26.946787094, 26.949850296
26.956787032, 26.959806555
26.966787023, 26.969913810
26.976787028, 26.979837332
26.986787010, 26.989806155
26.996786989, 26.999530722
27.006787011, 27.009810074
27.016787024, 27.019790231
27.026787021, 27.029883767
27.036787015, 27.039861098
27.046787007, 27.049861801
27.056787023, 27.059885423
27.066791376, 27.070071769
27.076787037, 27.079874458
27.086787031, 27.089775828
27.096787036, 27.099745787
27.106787010, 27.109847306
27.116787013, 27.119924867
27.126787017, 27.129866725
27.136787039, 27.139844624
27.146787041, 27.149850430
27.156787008, 27.159760812
27.166787011, 27.169861921
27.176787014, 27.179563127
27.186787042, 27.189851872
27.196787021, 27.199866221
27.206787006, 27.209849876
27.216786980, 27.219831366
27.226786988, 27.229864311
27.236786988, 27.239769645
27.246786988, 27.249731778
27.256786994, 27.259736855
27.266786988, 27.269822302
27.276786985, 27.279703536
27.286786987, 27.289873189
27.296786982, 27.299710538
27.306786988, 27.309514036
27.316786999, 27.319653890
27.326786996, 27.329917806
27.336786983, 27.339844032
27.346787003, 27.349861205
27.356787008, 27.359917424
27.366786983, 27.369780578
27.376787012, 27.379509746
27.386786988, 27.389807599
27.396786983, 27.399782897
27.406787012, 27.409764621
27.416786988, 27.419819204
27.426786985, 27.429843882
27.436786997, 27.439833537
27.446786993, 27.449740548
27.456786978, 27.459547686
27.466786980, 27.469787165
27.476786977, 27.479820156
27.486786988, 27.489713231
27.496787024, 27.499750297
27.506786988, 27.509831271
27.516786978, 27.519835940
27.526786985, 27.529672969
27.536786988, 27.539753604
27.546786981, 27.549854521
27.556786987, 27.559849888
27.566786998, 27.569787624
27.576786979, 27.579919831
27.586786987, 27.589834866
27.596786990, 27.599682847
27.606786993, 27.609716038
27.616786994, 27.619833994
27.626787003, 27.629810055
27.636787003, 27.639867228
27.646786979, 27.649768176
27.656786982, 27.659844634
27.666786979, 27.669631873
27.676786992, 27.679745686
27.686786998, 27.689843220
27.696786990, 27.699768853
27.706787014, 27.709745025
27.716786976, 27.719796395
27.726786987, 27.729929424
27.736786989, 27.739613749
27.746786996, 27.749853865
27.756787011, 27.759856970
27.766787020, 27.769800210
27.776787011, 27.779865394
27.786787010, 27.789922227
27.796786997, 27.799859974
27.806787021, 27.809581417
27.816786989, 27.819776190
27.826786981, 27.829848331
27.836786984, 27.839906691
27.846786983, 27.849835181
27.856786999, 27.859928606
27.866786998, 27.869896924
27.876786993, 27.879723321
27.886786985, 27.889614382
27.896786979, 27.899760470
27.906786985, 27.909864839
27.916786989, 27.919847722
27.926786998, 27.929686546
27.936786988, 27.939858213
27.946787013, 27.949850827
27.956786981, 27.959851195
27.966787010, 27.969546786
27.976786992, 27.979816111
27.986786993, 27.989833495
27.996786985, 27.999871079
28.006786987, 28.009849679
28.016786982, 28.019852921
28.026786980, 28.029801882
28.036786994, 28.039564543
28.046787008, 28.049805188
28.056786988, 28.059884932
28.066786980, 28.069841145
28.076787011, 28.079833352
28.086786989, 28.089817628
28.096787002, 28.099836053
28.106786991, 28.109658894
28.116786977, 28.119848061
28.126786979, 28.129790695
28.136786977, 28.139810835
28.146786989, 28.149835789
28.156786997, 28.159812299
28.166786996, 28.169713581
28.176786981, 28.179725947
28.186786987, 28.189817844
28.196786979, 28.199924406
28.206787015, 28.209885766
28.216786994, 28.219835089
28.226787018, 28.229872425
28.236787015, 28.239839233
28.246786988, 28.249618937
28.256786977, 28.259722057
28.266786990, 28.269855603
28.276786997, 28.279851523
28.286787003, 28.289861173
28.296787008, 28.299794615
28.306787008, 28.309722850
28.316786987, 28.319747183
28.326786982, 28.329725195
28.336786999, 28.339788314
28.346787013, 28.349859096
28.356786991, 28.359813154
28.366787008, 28.369893554
28.376786974, 28.379670584
28.386786968, 28.389760272
28.396787007, 28.399857585
28.406787003, 28.409865619
28.416786990, 28.419918810
28.426786986, 28.429772111
28.436786987, 28.439837912
28.446786985, 28.449799607
28.456786994, 28.459875230
28.466787028, 28.469847430
28.476786985, 28.479855572
28.486786985, 28.489880931
28.496786986, 28.499868612
28.506786988, 28.509890489
28.516786989, 28.519639212
28.526787001, 28.529807872
28.536786988, 28.539858170
28.546786990, 28.549861935
28.556786990, 28.559829118
28.566786983, 28.569813174
28.576786989, 28.579907410
28.586786991, 28.589816019
28.596786979, 28.599622909
28.606786981, 28.609862125
28.616786990, 28.619848979
28.626786980, 28.629863602
28.636786994, 28.639885289
28.646786996, 28.649537161
28.656786984, 28.659632785
28.666786982, 28.669884411
28.676786990, 28.679828733
28.686786989, 28.689872595
28.696787022, 28.699872697
28.706786991, 28.709875716
28.716786989, 28.719847160
28.726786977, 28.729656419
28.736786988, 28.739611316
28.746786983, 28.749823364
28.756786987, 28.759907089
28.766786996, 28.769774196
28.776789627, 28.779840571
28.786786977, 28.789883035
28.796786981, 28.799866843
28.806786981, 28.809847194
28.816786994, 28.819776989
28.826786988, 28.829807053
28.836786990, 28.839830686
28.846786980, 28.849834274
28.856786990, 28.859909273
28.866786992, 28.869894282
28.876787022, 28.879670282
28.886786988, 28.889976444
28.896786986, 28.899866358
28.906786990, 28.909817677
28.916786987, 28.919922686
28.926786978, 28.929889182
28.936786999, 28.939898150
28.946787003, 28.949658765
28.956786983, 28.959864409
28.966786981, 28.969792980
28.976786982, 28.979796467
28.986786987, 28.989794052
28.996786997, 28.999825621
29.006786996, 29.009802053
29.016786978, 29.019558257
29.026786984, 29.029795684
29.036786982, 29.039859268
29.046786981, 29.049864975
29.056786997, 29.059850298
29.066787023, 29.069898395
29.076787016, 29.079936054
29.086786987, 29.089890956
29.096786989, 29.099621671
29.106786982, 29.109694825
29.116786994, 29.119913512
29.126786996, 29.129873493
29.136786986, 29.139881879
29.146786982, 29.149800515
29.156786982, 29.159866632
29.166786984, 29.169870002
29.176787004, 29.179594663
29.186786988, 29.189857484
29.196787008, 29.199830827
29.206786980, 29.209779667
29.216786983, 29.219779004
29.226786987, 29.229935821
29.236786997, 29.239579932
29.246786993, 29.249712505
29.256786986, 29.259894415
29.266786985, 29.269915778
29.276786981, 29.279884447
29.286786979, 29.289854042
29.296786994, 29.299881750
29.306786993, 29.309780056
29.316786980, 29.319630751
29.326786988, 29.329800439
29.336787008, 29.339919851
29.346786980, 29.349819708
29.356786989, 29.359811773
29.366786993, 29.369700096
29.376786978, 29.379918831
29.386786978, 29.389614919
29.396786974, 29.399834334
29.406787015, 29.409780816
29.416786980, 29.419728775
29.426786996, 29.429792368
29.436786985, 29.439846767
29.446786985, 29.449777647
29.456786980, 29.459569716
29.466786979, 29.469724539
29.476786997, 29.479854476
29.486786993, 29.489863890
29.496786993, 29.499867829
29.506786986, 29.509808037
29.516786988, 29.519568390
29.526786980, 29.529605939
29.536786992, 29.539860305
29.546786998, 29.549886682
29.556786985, 29.559888211
29.566786991, 29.569873463
29.576786982, 29.579852024
29.586786990, 29.589851799
29.596786999, 29.599788233
29.606786996, 29.609841616
29.616786982, 29.619869594
29.626786978, 29.629884872
29.636786977, 29.639841886
29.646786988, 29.649628259
29.656786992, 29.659857415
29.666786991, 29.669823274
29.676786978, 29.679806654
29.686786985, 29.689888449
29.696786986, 29.699834655
29.706786992, 29.709830932
29.716786994, 29.719795648
29.726786996, 29.729876610
29.736786984, 29.739840249
29.746786980, 29.749888768
29.756786985, 29.759855851
29.766786983, 29.769877529
29.776786997, 29.779527336
29.786786988, 29.789905861
29.796786988, 29.799891398
29.806786980, 29.809827576
29.816786984, 29.819796316
29.826786982, 29.829884751
29.836786992, 29.839897639
29.846786993, 29.849674036
29.856786983, 29.859845903
29.866786987, 29.869885532
29.876786981, 29.879785721
29.886786993, 29.889889004
29.896786997, 29.899688669
29.906786988, 29.909638525
29.916786977, 29.919892802
29.926786985, 29.929890248
29.936787006, 29.939784895
29.946786978, 29.949962733
29.956786989, 29.959867685
29.966786996, 29.969594888
29.976786979, 29.979814987
29.986786977, 29.989919510
29.996786988, 29.999912071
30.006786981, 30.009830279
30.016787002, 30.019866156
30.026786996, 30.029891393
30.036786993, 30.039909629
30.046786990, 30.049824101
30.056786987, 30.059587843
30.066786983, 30.069820677
30.076786992, 30.079848699
30.086787001, 30.089794305
30.096786978, 30.099808616
30.106786986, 30.109833973
30.116786990, 30.119896524
30.126786987, 30.129832468
30.136786999, 30.139556569
30.146786986, 30.149904217
30.156786991, 30.159889761
30.166786985, 30.169849363
30.176786991, 30.179892078
30.186786985, 30.189731545
30.196786999, 30.199759605
30.206786991, 30.209846731
30.216786990, 30.219910412
30.226786984, 30.229842299
30.236786981, 30.239938151
30.246786985, 30.249848581
30.256787002, 30.259675855
30.266786998, 30.269728105
30.276786977, 30.279825370
30.286786987, 30.289856090
30.296786990, 30.299894039
30.306786990, 30.309804803
30.316787024, 30.319849761
30.326787018, 30.329908900
30.336786986, 30.339870566
30.346786990, 30.349807985
30.356786998, 30.359852304
30.366786980, 30.369821014
30.376786997, 30.379598347
30.386786988, 30.389772916
30.396786987, 30.399841123
30.406786979, 30.409895452
30.416786982, 30.419847361
30.426786983, 30.429893653
30.436787022, 30.439921817
30.446786993, 30.449933094
30.456787013, 30.459669963
30.466787011, 30.469809434
30.476786978, 30.479827865
30.486786978, 30.489809686
30.496787009, 30.499894678
30.506787013, 30.509823785
30.516786983, 30.519882500
30.526786985, 30.529861208
30.536786992, 30.539861846
30.546786980, 30.549795346
30.556787002, 30.559874962
30.566787001, 30.569473871
30.576786978, 30.579784873
30.586786977, 30.589842664
30.596787017, 30.599863852
30.606786989, 30.609917870
30.616787002, 30.619923890
30.626786998, 30.629824239
30.636786981, 30.639758294
30.646786986, 30.649858007
30.656786990, 30.659873300
30.666786990, 30.669870240
30.676786989, 30.679883748
30.686787001, 30.689846327
30.696786984, 30.699702207
30.706786981, 30.709849135
30.716786989, 30.719791472
30.726786990, 30.729897703
30.736786994, 30.739904065
30.746787003, 30.749795886
30.756786980, 30.759878078
30.766786991, 30.769656302
30.776786988, 30.779786235
30.786786988, 30.789776654
30.796786994, 30.799915319
30.806787003, 30.809802833
30.816786987, 30.819668074
30.826786979, 30.829856138
30.836786988, 30.839868934
30.846786991, 30.849837025
30.856786999, 30.859857600
30.866786991, 30.869902738
30.876786983, 30.879900166
30.886786983, 30.889973279
30.896786981, 30.899619896
30.906787008, 30.909824524
30.916787009, 30.919889966
30.926786996, 30.929902984
30.936787013, 30.939876437
30.946786980, 30.949588943
30.956786984, 30.959664702
30.966786984, 30.969819058
30.976786987, 30.979933245
30.986787001, 30.989797643
30.996786978, 30.999864537
31.006786985, 31.009870957
31.016786986, 31.019676973
31.026786992, 31.029752006
31.036786999, 31.039908468
31.046787001, 31.049888957
31.056786993, 31.059893693
31.066786990, 31.069919471
31.076787007, 31.079652455
31.086786980, 31.089860899
31.096786994, 31.099871416
31.106786998, 31.109895686
31.116786985, 31.119885795
31.126786989, 31.129908528
31.136786986, 31.139778928
31.146786990, 31.149620008
31.156786987, 31.159782174
31.166787001, 31.169864555
31.176786983, 31.179846525
31.186786982, 31.189767560
31.196787011, 31.199841488
31.206786982, 31.209831485
31.216787033, 31.219889474
31.226787013, 31.229640758
31.236786990, 31.239817310
31.246786986, 31.249826613
31.256786977, 31.259899240
31.266786988, 31.269863931
31.276786994, 31.279831214
31.286787003, 31.289904866
31.296786980, 31.299912414
31.306786985, 31.309888457
31.316786983, 31.319896430
31.326786983, 31.329922871
31.336787002, 31.339588034
31.346786996, 31.349863431
31.356786989, 31.359878940
31.366786982, 31.369858037
31.376786980, 31.379936115
31.386786983, 31.389969593
31.396787002, 31.399789855
31.406786996, 31.409726852
31.416786982, 31.419742361
31.426786980, 31.429794255
31.436786999, 31.439787150
31.446786979, 31.449941677
31.456787004, 31.459857171
31.466787001, 31.469535371
31.476786979, 31.479942525
31.486786980, 31.489876340
31.496786992, 31.499951253
31.506786980, 31.509954904
31.516786994, 31.519595738
31.526786988, 31.529922907
31.536786983, 31.539845005
31.546786981, 31.549894581
31.556786990, 31.559951903
31.566786987, 31.569897244
31.576787004, 31.579935407
31.586787006, 31.589877121
31.596786989, 31.599677885
31.606786977, 31.609769453
31.616786986, 31.619710108
31.626786984, 31.629827789
31.636786999, 31.639931423
31.646787016, 31.649761230
31.656786988, 31.659856664
31.666786980, 31.669804523
31.676786985, 31.679722976
31.686786976, 31.689834340
31.696786989, 31.699966868
31.706787003, 31.709937868
31.716786983, 31.719979435
31.726786985, 31.729811818
31.736786988, 31.739754615
31.746786984, 31.749827601
31.756786997, 31.759925474
31.766787001, 31.769825307
31.776786985, 31.779883889
31.786786990, 31.789935702
31.796786980, 31.799627774
31.806786989, 31.809726884
31.816786984, 31.819898055
31.826786996, 31.829806594
31.836786983, 31.839910599
31.846786983, 31.849831395
31.856786991, 31.859824582
31.866786983, 31.869755671
31.876786999, 31.879823659
31.886787003, 31.889774467
31.896786978, 31.899727648
31.906786978, 31.909939877
31.916786989, 31.919838740
31.926786983, 31.929551208
31.936786989, 31.939919534
31.946786993, 31.949839381
31.956786991, 31.959874750
31.966786985, 31.969930042
31.976786982, 31.979800620
31.986786993, 31.989657123
31.996787014, 31.999871622
32.006786991, 32.009867962
32.016786988, 32.019909427
32.026786985, 32.029962452
32.036786986, 32.039891845
32.046786990, 32.049702280
32.056786992, 32.059813576
------------------------------
