------------------------------
test was performed using the following parameters: --mps=100 --burst=1 --reply-every=1 --msg-size=14 --time=30
------------------------------
sockperf: [Total Run] RunTime=30.100 sec; SentMessages=3011; ReceivedMessages=3010
sockperf: ========= Printing statistics for Server No: 0
sockperf: [Valid Duration] RunTime=29.993 sec; SentMessages=3000; ReceivedMessages=3000
sockperf: [2;35m====> avg-lat=1504.538 (std-dev=50.829)[0m
sockperf: # dropped messages = 0; # duplicated messages = 0; # out-of-order messages = 0
sockperf: [2;35mTotal 3000 observations[0m; each percentile contains 30.00 observations
sockperf: ---> <MAX> observation = 1606.818
sockperf: ---> percentile 99.999 = 1606.818
sockperf: ---> percentile 99.990 = 1606.818
sockperf: ---> percentile 99.900 = 1601.856
sockperf: ---> percentile 99.000 = 1584.758
sockperf: ---> percentile 90.000 = 1558.181
sockperf: ---> percentile 75.000 = 1539.177
sockperf: ---> percentile 50.000 = 1516.349
sockperf: ---> percentile 25.000 = 1482.453
sockperf: ---> <MIN> observation = 1276.747
------------------------------
txTime, rxTime
2.066573660, 2.069648338
2.076573647, 2.079589806
2.086573611, 2.089538639
2.096573647, 2.099644472
2.106573643, 2.109343370
2.116573632, 2.119570919
2.126573662, 2.129621393
2.136573612, 2.139633026
2.146573650, 2.149599185
2.156573625, 2.159578409
2.166573644, 2.169507776
2.176573625, 2.179519936
2.186573660, 2.189672714
2.196573591, 2.199668790
2.206573612, 2.209761080
2.216573630, 2.219509376
2.226573622, 2.229688915
2.236573648, 2.239590447
2.246573647, 2.249537599
2.256573630, 2.259661454
2.266573651, 2.269590279
2.276573634, 2.279643714
2.286573617, 2.289623866
2.296573650, 2.299618053
2.306573626, 2.309651126
2.316573646, 2.319327761
2.326573646, 2.329645887
2.336573634, 2.339670915
2.346573638, 2.349583375
2.356573619, 2.359541772
2.366573660, 2.369685760
2.376573607, 2.379620105
2.386573629, 2.389525245
2.396573631, 2.399673654
2.406573632, 2.409354864
2.416573621, 2.419617750
2.426573662, 2.429650175
2.436573658, 2.439659065
2.446573623, 2.449448976
2.456573645, 2.459648938
2.466573636, 2.469683737
2.476573637, 2.479647120
2.486573662, 2.489631016
2.496573645, 2.499482053
2.506573651, 2.509537620
2.516573647, 2.519615845
2.526573635, 2.529632035
2.536573665, 2.539637125
2.546573650, 2.549662384
2.556573633, 2.559640370
2.566573637, 2.569413226
2.576573640, 2.579527225
2.586573645, 2.589619750
2.596573611, 2.599509054
2.606573647, 2.609488333
2.616573625, 2.619597678
2.626573628, 2.629679850
2.636573635, 2.639682299
2.646573620, 2.649653909
2.656573636, 2.659641510
2.666573652, 2.669709189
2.676573640, 2.679682694
2.686573640, 2.689664762
2.696573642, 2.699590069
2.706573618, 2.709530107
2.716573639, 2.719611324
2.726573657, 2.729720554
2.736573646, 2.739624485
2.746573610, 2.749654489
2.756573623, 2.759541411
2.766573616, 2.769314238
2.776573629, 2.779590218
2.786573650, 2.789584354
2.796573632, 2.799609033
2.806573608, 2.809608022
2.816573626, 2.819589591
2.826573646, 2.829464826
2.836573623, 2.839578973
2.846573643, 2.849506119
2.856573624, 2.859612119
2.866573628, 2.869697830
2.876573636, 2.879570876
2.886573659, 2.889651525
2.896573637, 2.899657939
2.906573651, 2.909655973
2.916573640, 2.919681552
2.926573627, 2.929604586
2.936573637, 2.939630808
2.946573635, 2.949701209
2.956573641, 2.959533258
2.966573639, 2.969371421
2.976573649, 2.979677814
2.986573624, 2.989599282
2.996573645, 2.999651768
3.006573656, 3.009499970
3.016573615, 3.019620999
3.026573640, 3.029385393
3.036573614, 3.039578685
3.046573639, 3.049571653
3.056573618, 3.059701701
3.066573645, 3.069584873
3.076573632, 3.079690446
3.086573645, 3.089490020
3.096573650, 3.099631394
3.106573637, 3.109627502
3.116573633, 3.119698132
3.126573637, 3.129513011
3.136573613, 3.139624663
3.146573640, 3.149624486
3.156573646, 3.159513452
3.166573653, 3.169719365
3.176573646, 3.179432031
3.186573640, 3.189635312
3.196573627, 3.199640474
3.206573665, 3.209651398
3.216573646, 3.219606846
3.226573633, 3.229288126
3.236573627, 3.239524442
3.246573642, 3.249625352
3.256573627, 3.259451834
3.266573637, 3.269590524
3.276573655, 3.279597137
3.286573640, 3.289646655
3.296573627, 3.299665319
3.306573640, 3.309544638
3.316573633, 3.319655381
3.326573624, 3.329708135
3.336573638, 3.339538546
3.346573644, 3.349375550
3.356573627, 3.359704388
3.366573640, 3.369600091
3.376573621, 3.379622123
3.386573660, 3.389687952
3.396573634, 3.399634613
3.406573628, 3.409449835
3.416573648, 3.419640784
3.426573664, 3.429644438
3.436573604, 3.439651754
3.446573649, 3.449392074
3.456573654, 3.459565468
3.466573643, 3.469567979
3.476573624, 3.479526619
3.486573642, 3.489630130
3.496573633, 3.499550334
3.506573627, 3.509467766
3.516573648, 3.519599021
3.526573645, 3.529676898
3.536573631, 3.539787269
3.546573620, 3.549700652
3.556573638, 3.559700659
3.566573662, 3.569388498
3.576573635, 3.579670510
3.586573654, 3.589713248
3.596573628, 3.599617424
3.606573622, 3.609680259
3.616573628, 3.619601618
3.626573667, 3.629550676
3.636573635, 3.639622431
3.646573614, 3.649615986
3.656573637, 3.659488532
3.666573639, 3.669561260
3.676573648, 3.679614616
3.686573655, 3.689654550
3.696573657, 3.699412508
3.706573627, 3.709577530
3.716573599, 3.719492380
3.726573620, 3.729702636
3.736573632, 3.739563788
3.746573652, 3.749414383
3.756573617, 3.759758368
3.766573625, 3.769644056
3.776573644, 3.779613291
3.786573652, 3.789667858
3.796573656, 3.799277889
3.806573632, 3.809283248
3.816573642, 3.819659762
3.826573634, 3.829627433
3.836573655, 3.839610552
3.846573642, 3.849697112
3.856573653, 3.859422507
3.866573612, 3.869405271
3.876573634, 3.879564174
3.886573636, 3.889663929
3.896573634, 3.899640354
3.906573642, 3.909544433
3.916573630, 3.919701468
3.926573681, 3.929570819
3.936573625, 3.939394378
3.946573613, 3.949398097
3.956573655, 3.959584570
3.966573619, 3.969660256
3.976573628, 3.979585984
3.986573630, 3.989445333
3.996573613, 3.999615854
4.006573615, 4.009609450
4.016573625, 4.019693294
4.026573604, 4.029734008
4.036573601, 4.039464136
4.046573607, 4.049681550
4.056573594, 4.059652894
4.066573608, 4.069596419
4.076573607, 4.079643570
4.086573606, 4.089724415
4.096573603, 4.099358019
4.106573607, 4.109404446
4.116573599, 4.119564646
4.126573593, 4.129629133
4.136573602, 4.139640213
4.146573609, 4.149635025
4.156573602, 4.159602418
4.166573617, 4.169306816
4.176573591, 4.179636654
4.186573598, 4.189709184
4.196573601, 4.199636461
4.206573619, 4.209620282
4.216573599, 4.219654679
4.226573610, 4.229545631
4.236573591, 4.239530853
4.246573597, 4.249615884
4.256573605, 4.259606862
4.266573616, 4.269616701
4.276573592, 4.279621053
4.286573599, 4.289680510
4.296573605, 4.299566683
4.306573597, 4.309404041
4.316573601, 4.319558826
4.326573601, 4.329531333
4.336573602, 4.339638837
4.346573607, 4.349644353
4.356573594, 4.359713682
4.366573609, 4.369489085
4.376573610, 4.379656586
4.386573604, 4.389670631
4.396573600, 4.399630614
4.406573597, 4.409667983
4.416573601, 4.419736358
4.426573606, 4.429361352
4.436573605, 4.439603815
4.446573611, 4.449615879
4.456573597, 4.459679218
4.466573612, 4.469505753
4.476573592, 4.479633410
4.486573609, 4.489601296
4.496573598, 4.499633585
4.506573599, 4.509640156
4.516573608, 4.519624113
4.526573604, 4.529630334
4.536573596, 4.539694054
4.546573602, 4.549643970
4.556573599, 4.559501898
4.566573611, 4.569634737
4.576573592, 4.579588440
4.586573610, 4.589538439
4.596573597, 4.599691385
4.606573601, 4.609670655
4.616573600, 4.619393160
4.626573596, 4.629629003
4.636573598, 4.639744973
4.646573615, 4.649647142
4.656573591, 4.659600350
4.666573595, 4.669712147
4.676573595, 4.679577453
4.686573601, 4.689647993
4.696573598, 4.699648152
4.706573615, 4.709633445
4.716573593, 4.719651862
4.726573599, 4.729644147
4.736573606, 4.739636792
4.746573607, 4.749602121
4.756573628, 4.759564507
4.766573610, 4.769617199
4.776573597, 4.779372189
4.786573595, 4.789648854
4.796573598, 4.799610084
4.806573609, 4.809637990
4.816573603, 4.819615140
4.826573602, 4.829486914
4.836573593, 4.839680199
4.846573603, 4.849644401
4.856573602, 4.859606653
4.866593421, 4.869671555
4.876573596, 4.879659734
4.886573602, 4.889341859
4.896573596, 4.899668006
4.906573594, 4.909681756
4.916573601, 4.919744807
4.926573601, 4.929605108
4.936573589, 4.939349833
4.946573602, 4.949635180
4.956573599, 4.959736171
4.966573591, 4.969482007
4.976573600, 4.979627276
4.986573599, 4.989557935
4.996573592, 4.999499046
5.006573604, 5.009702746
5.016573605, 5.019605634
5.026573590, 5.029568387
5.036573604, 5.039612351
5.046573609, 5.049616300
5.056573596, 5.059464815
5.066573610, 5.069571917
5.076573599, 5.079688389
5.086573595, 5.089693379
5.096573632, 5.099628679
5.106573609, 5.109695455
5.116573596, 5.119671346
5.126573604, 5.129664883
5.136573599, 5.139471059
5.146573593, 5.149610496
5.156573607, 5.159623675
5.166573606, 5.169652241
5.176573589, 5.179677386
5.186573610, 5.189651573
5.196573591, 5.199625490
5.206573595, 5.209411209
5.216573601, 5.219628854
5.226573599, 5.229475612
5.236573601, 5.239595433
5.246573610, 5.249610364
5.256573598, 5.259516572
5.266573593, 5.269647493
5.276573593, 5.279659401
5.286573614, 5.289567455
5.296573590, 5.299610692
5.306573604, 5.309722897
5.316573604, 5.319655720
5.326573599, 5.329653011
5.336573602, 5.339639567
5.346573621, 5.349729201
5.356573601, 5.359627915
5.366573602, 5.369590296
5.376573594, 5.379550364
5.386573602, 5.389605834
5.396573594, 5.399356551
5.406573609, 5.409682311
5.416573604, 5.419549083
5.426573610, 5.429599521
5.436573596, 5.439682929
5.446573595, 5.449551848
5.456573600, 5.459641707
5.466573601, 5.469608474
5.476573593, 5.479467682
5.486573607, 5.489609281
5.496573599, 5.499683714
5.506573594, 5.509618584
5.516573599, 5.519721026
5.526573606, 5.529369881
5.536573599, 5.539667933
5.546573607, 5.549486817
5.556573597, 5.559471894
5.566573594, 5.569639039
5.576573599, 5.579652553
5.586573606, 5.589628875
5.596573594, 5.599573034
5.606573607, 5.609582918
5.616573597, 5.619687263
5.626573604, 5.629626593
5.636573607, 5.639580675
5.646573614, 5.649686920
5.656573595, 5.659672500
5.666573620, 5.669623365
5.676573599, 5.679614052
5.686573603, 5.689557373
5.696573597, 5.699580276
5.706573601, 5.709750931
5.716573606, 5.719672437
5.726573607, 5.729413283
5.736573601, 5.739618766
5.746573598, 5.749665708
5.756573591, 5.759456898
5.766573596, 5.769646480
5.776573602, 5.779589992
5.786573612, 5.789632277
5.796573593, 5.799648832
5.806573593, 5.809434964
5.816573596, 5.819664129
5.826573599, 5.829598795
5.836573596, 5.839611772
5.846573612, 5.849669982
5.856573591, 5.859597775
5.866573592, 5.869572653
5.876573593, 5.879495218
5.886573604, 5.889581166
5.896573598, 5.899539052
5.906573612, 5.909586296
5.916573600, 5.919743425
5.926573599, 5.929672629
5.936573606, 5.939376991
5.946573599, 5.949505579
5.956573602, 5.959648512
5.966573610, 5.969683892
5.976573588, 5.979680410
5.986573596, 5.989519522
5.996573605, 5.999347567
6.006573596, 6.009443675
6.016573593, 6.019665967
6.026573602, 6.029533457
6.036573606, 6.039572746
6.046573605, 6.049633901
6.056573602, 6.059647722
6.066573614, 6.069561859
6.076573592, 6.079664587
6.086573607, 6.089350384
6.096573593, 6.099460084
6.106573597, 6.109598488
6.116573597, 6.119650426
6.126573609, 6.129644809
6.136573595, 6.139604967
6.146573602, 6.149702004
6.156573600, 6.159554081
6.166573599, 6.169648145
6.176573603, 6.179592448
6.186573611, 6.189642869
6.196573602, 6.199623206
6.206573612, 6.209622686
6.216573597, 6.219626788
6.226573593, 6.229403343
6.236573605, 6.239635337
6.246573604, 6.249598738
6.256573599, 6.259406702
6.266573602, 6.269715553
6.276573604, 6.279639650
6.286573595, 6.289596310
6.296573590, 6.299616296
6.306573606, 6.309434331
6.316573600, 6.319658676
6.326573612, 6.329646466
6.336573590, 6.339311398
6.346573599, 6.349329069
6.356573605, 6.359531791
6.366573604, 6.369679036
6.376573592, 6.379597237
6.386573615, 6.389668278
6.396573602, 6.399748194
6.406573601, 6.409738773
6.416573596, 6.419625696
6.426573606, 6.429316357
6.436573604, 6.439654762
6.446573612, 6.449551941
6.456573601, 6.459629947
6.466573598, 6.469667811
6.476573599, 6.479660336
6.486573609, 6.489611223
6.496573597, 6.499634196
6.506573612, 6.509645095
6.516573602, 6.519559559
6.526573594, 6.529621359
6.536573599, 6.539531465
6.546573604, 6.549398118
6.556573601, 6.559414326
6.566573612, 6.569649077
6.576573601, 6.579600124
6.586573601, 6.589667164
6.596573604, 6.599714745
6.606573611, 6.609590161
6.616573594, 6.619600746
6.626573615, 6.629674967
6.636573594, 6.639367435
6.646573593, 6.649424371
6.656573601, 6.659631569
6.666573604, 6.669621863
6.676573595, 6.679642574
6.686573617, 6.689632733
6.696573606, 6.699643545
6.706573592, 6.709499082
6.716573605, 6.719647676
6.726573614, 6.729473752
6.736573599, 6.739434897
6.746573597, 6.749311052
6.756573591, 6.759589953
6.766573604, 6.769683150
6.776573599, 6.779578582
6.786573611, 6.789396996
6.796573600, 6.799707410
6.806573604, 6.809698805
6.816573609, 6.819562020
6.826573592, 6.829659174
6.836573601, 6.839420366
6.846573604, 6.849457398
6.856573595, 6.859667684
6.866577927, 6.869459384
6.876573590, 6.879641511
6.886573591, 6.889690366
6.896573604, 6.899270921
6.906573596, 6.909716037
6.916573603, 6.919633800
6.926573604, 6.929650308
6.936573599, 6.939613533
6.946573590, 6.949627904
6.956573597, 6.959596982
6.966573616, 6.969564696
6.976573590, 6.979553368
6.986573615, 6.989596208
6.996573592, 6.999601052
7.006573597, 7.009628858
7.016573602, 7.019636227
7.026573609, 7.029696392
7.036573609, 7.039703033
7.046573615, 7.049613517
7.056573595, 7.059633742
7.066573598, 7.069610674
7.076573603, 7.079659465
7.086573606, 7.089590130
7.096573603, 7.099636059
7.106573602, 7.109373525
7.116573599, 7.119583231
7.126573595, 7.129425936
7.136573625, 7.139662640
7.146573606, 7.149677642
7.156573599, 7.159570743
7.166573612, 7.169652804
7.176573597, 7.179725585
7.186573598, 7.189521604
7.196573603, 7.199396113
7.206573604, 7.209468557
7.216573599, 7.219549763
7.226573597, 7.229654911
7.236573596, 7.239692601
7.246573603, 7.249632947
7.256573594, 7.259533347
7.266573609, 7.269690478
7.276573591, 7.279563002
7.286573604, 7.289701754
7.296573594, 7.299670707
7.306573592, 7.309712944
7.316573607, 7.319571480
7.326573604, 7.329686213
7.336573597, 7.339633013
7.346573604, 7.349536787
7.356573601, 7.359543292
7.366573590, 7.369656443
7.376573592, 7.379651948
7.386573609, 7.389631692
7.396573596, 7.399440433
7.406573610, 7.409619952
7.416573605, 7.419680346
7.426573600, 7.429596838
7.436573609, 7.439662830
7.446573619, 7.449554454
7.456573599, 7.459644946
7.466573602, 7.469607263
7.476573593, 7.479743891
7.486573599, 7.489604829
7.496573598, 7.499345074
7.506573604, 7.509633682
7.516573592, 7.519690446
7.526573610, 7.529690244
7.536573599, 7.539682293
7.546573594, 7.549702880
7.556573603, 7.559716379
7.566573614, 7.569626956
7.576573596, 7.579558534
7.586573610, 7.589636061
7.596573593, 7.599520334
7.606573589, 7.609633638
7.616573605, 7.619428933
7.626573609, 7.629649171
7.636573599, 7.639583218
7.646573602, 7.649657275
7.656573595, 7.659527098
7.666573597, 7.669677131
7.676573600, 7.679759465
7.686573609, 7.689738547
7.696573592, 7.699664573
7.706573602, 7.709602062
7.716573599, 7.719614498
7.726573598, 7.729716765
7.736573599, 7.739563400
7.746573616, 7.749612090
7.756573594, 7.759573956
7.766573602, 7.769664970
7.776573595, 7.779598871
7.786573592, 7.789636465
7.796573601, 7.799652842
7.806573641, 7.809516711
7.816573596, 7.819266281
7.826573602, 7.829694980
7.836573604, 7.839433787
7.846573600, 7.849652006
7.856573598, 7.859396430
7.866573601, 7.869329985
7.876573599, 7.879358617
7.886573612, 7.889394330
7.896573605, 7.899609409
7.906573600, 7.909670531
7.916573602, 7.919655258
7.926573609, 7.929649590
7.936573596, 7.939653616
7.946573597, 7.949663602
7.956573604, 7.959760171
7.966573599, 7.969427744
7.976573608, 7.979545631
7.986573604, 7.989647472
7.996573601, 7.999704680
8.006573637, 8.009642624
8.016573593, 8.019618313
8.026573603, 8.029719834
8.036573604, 8.039671060
8.046573599, 8.049666425
8.056573604, 8.059551597
8.066573604, 8.069656771
8.076573604, 8.079471630
8.086573603, 8.089623070
8.096573607, 8.099610716
8.106573614, 8.109385458
8.116573602, 8.119730545
8.126573615, 8.129621441
8.136573600, 8.139706460
8.146573598, 8.149636380
8.156573603, 8.159657276
8.166573609, 8.169341983
8.176573591, 8.179458848
8.186573607, 8.189514046
8.196573598, 8.199488786
8.206573601, 8.209443727
8.216573592, 8.219470140
8.226573616, 8.229618540
8.236573592, 8.239668888
8.246573607, 8.249713419
8.256573599, 8.259604638
8.266573600, 8.269357363
8.276573599, 8.279651950
8.286573606, 8.289588654
8.296573593, 8.299419318
8.306573602, 8.309604410
8.316573599, 8.319582577
8.326573597, 8.329581870
8.336573597, 8.339407166
8.346573609, 8.349535183
8.356573591, 8.359407923
8.366573607, 8.369525144
8.376573598, 8.379634997
8.386573598, 8.389383197
8.396573597, 8.399752450
8.406573606, 8.409577073
8.416573595, 8.419576236
8.426573612, 8.429611334
8.436573601, 8.439526040
8.446573609, 8.449563182
8.456573594, 8.459395738
8.466573621, 8.469600319
8.476573597, 8.479716789
8.486573602, 8.489501835
8.496573594, 8.499619339
8.506573599, 8.509446241
8.516573597, 8.519676379
8.526573596, 8.529677402
8.536573601, 8.539615495
8.546573612, 8.549632935
8.556573597, 8.559647880
8.566573591, 8.569659891
8.576573600, 8.579562089
8.586573611, 8.589690697
8.596573602, 8.599491881
8.606573599, 8.609695398
8.616573604, 8.619620368
8.626573589, 8.629658300
8.636573599, 8.639679914
8.646573611, 8.649631632
8.656573597, 8.659589374
8.666573617, 8.669661464
8.676573592, 8.679605520
8.686573603, 8.689563650
8.696573604, 8.699509221
8.706573604, 8.709708081
8.716573602, 8.719674652
8.726573610, 8.729634114
8.736573590, 8.739660635
8.746573590, 8.749538852
8.756573599, 8.759197205
8.766573611, 8.769721127
8.776573592, 8.779715804
8.786573602, 8.789661805
8.796573596, 8.799705965
8.806573593, 8.809688059
8.816573606, 8.819676141
8.826573604, 8.829127099
8.836573590, 8.839438107
8.846573612, 8.849701017
8.856573625, 8.859688213
8.866573608, 8.869540172
8.876573607, 8.879738763
8.886573604, 8.889689877
8.896573604, 8.899441870
8.906573607, 8.909696023
8.916573592, 8.919660596
8.926573609, 8.929503800
8.936573598, 8.939627169
8.946573609, 8.949390628
8.956573600, 8.959694451
8.966573617, 8.969668098
8.976573594, 8.979514738
8.986573590, 8.989605068
8.996573599, 8.999503346
9.006573606, 9.009740161
9.016573602, 9.019639174
9.026573620, 9.029674649
9.036573596, 9.039549549
9.046573595, 9.049432632
9.056573592, 9.059591331
9.066573609, 9.069696874
9.076573602, 9.079633405
9.086573607, 9.089543210
9.096573600, 9.099699362
9.106573594, 9.109645427
9.116573599, 9.119620895
9.126573619, 9.129650991
9.136573596, 9.139714231
9.146573607, 9.149661765
9.156573594, 9.159486796
9.166573602, 9.169357124
9.176573595, 9.179573496
9.186573596, 9.189689504
9.196573600, 9.199528567
9.206573597, 9.209607806
9.216573600, 9.219663564
9.226573600, 9.229632258
9.236573597, 9.239581761
9.246573604, 9.249715561
9.256573602, 9.259669403
9.266573617, 9.269649291
9.276573592, 9.279556851
9.286573596, 9.289565604
9.296573596, 9.299645922
9.306573614, 9.309689759
9.316573594, 9.319706615
9.326573599, 9.329555309
9.336573597, 9.339314445
9.346573593, 9.349639194
9.356573600, 9.359493778
9.366573601, 9.369621974
9.376573607, 9.379683111
9.386573612, 9.389615221
9.396573597, 9.399689921
9.406573601, 9.409630738
9.416573604, 9.419563478
9.426573601, 9.429720987
9.436573599, 9.439654984
9.446573610, 9.449288453
9.456573593, 9.459419161
9.466573635, 9.469484123
9.476573599, 9.479579145
9.486573604, 9.489725598
9.496573608, 9.499715835
9.506573610, 9.509666652
9.516573600, 9.519690784
9.526573629, 9.529483820
9.536573598, 9.539554557
9.546573604, 9.549677753
9.556573599, 9.559586498
9.566573610, 9.569565474
9.576573594, 9.579722945
9.586573594, 9.589485042
9.596573597, 9.599565025
9.606573614, 9.609537761
9.616573601, 9.619681059
9.626573607, 9.629635565
9.636573594, 9.639273701
9.646573600, 9.649549164
9.656573594, 9.659618108
9.666573601, 9.669688552
9.676573601, 9.679491143
9.686573594, 9.689279644
9.696573607, 9.699401594
9.706573604, 9.709470257
9.716573589, 9.719702069
9.726573606, 9.729659800
9.736573599, 9.739671227
9.746573612, 9.749579668
9.756573594, 9.759563933
9.766573628, 9.769312077
9.776573600, 9.779622880
9.786573611, 9.789704998
9.796573594, 9.799530843
9.806573610, 9.809577069
9.816573601, 9.819516249
9.826573605, 9.829514826
9.836573596, 9.839654753
9.846573606, 9.849607802
9.856573590, 9.859575895
9.866573610, 9.869554680
9.876573596, 9.879567704
9.886573595, 9.889339337
9.896573596, 9.899559679
9.906573599, 9.909676567
9.916573606, 9.919786475
9.926573602, 9.929679933
9.936573601, 9.939699001
9.946573604, 9.949209524
9.956573599, 9.959444886
9.966573596, 9.969722628
9.976573598, 9.979703935
9.986573604, 9.989768679
9.996573592, 9.999626680
10.006573599, 10.009458403
10.016573594, 10.019612470
10.026573601, 10.029493730
10.036573596, 10.039586940
10.046573607, 10.049674977
10.056573593, 10.059605958
10.066573589, 10.069573975
10.076573607, 10.079594889
10.086573604, 10.089489899
10.096573594, 10.099653924
10.106573612, 10.109374417
10.116573594, 10.119697308
10.126573601, 10.129439776
10.136573598, 10.139331826
10.146573614, 10.149601935
10.156573603, 10.159674302
10.166573612, 10.169670416
10.176573601, 10.179582642
10.186573587, 10.189635595
10.196573605, 10.199612024
10.206573614, 10.209612357
10.216573597, 10.219678268
10.226573607, 10.229708154
10.236573604, 10.239670654
10.246573603, 10.249489909
10.256573604, 10.259617627
10.266573606, 10.269620397
10.276573593, 10.279596847
10.286573622, 10.289338696
10.296573601, 10.299590634
10.306573592, 10.309655771
10.316573594, 10.319551598
10.326573611, 10.329591938
10.336573597, 10.339632483
10.346573602, 10.349718649
10.356573602, 10.359537576
10.366573590, 10.369360639
10.376573591, 10.379706161
10.386573599, 10.389511882
10.396573598, 10.399558775
10.406573599, 10.409504361
10.416573593, 10.419628483
10.426573607, 10.429675430
10.436573599, 10.439623732
10.446573604, 10.449649282
10.456573595, 10.459707121
10.466573607, 10.469626405
10.476573593, 10.479579416
10.486573597, 10.489696513
10.496573599, 10.499543020
10.506573599, 10.509700124
10.516573603, 10.519697870
10.526573604, 10.529637675
10.536573601, 10.539529643
10.546573596, 10.549492824
10.556573602, 10.559548340
10.566573599, 10.569557492
10.576573597, 10.579593237
10.586573620, 10.589621122
10.596573596, 10.599664515
10.606573607, 10.609672465
10.616573598, 10.619697800
10.626573609, 10.629661185
10.636573596, 10.639702475
10.646573612, 10.649739139
10.656573599, 10.659682188
10.666573600, 10.669537219
10.676573593, 10.679645960
10.686573614, 10.689613994
10.696573604, 10.699681881
10.706573602, 10.709761294
10.716573594, 10.719697629
10.726573603, 10.729585300
10.736573604, 10.739543464
10.746573609, 10.749636002
10.756573608, 10.759571169
10.766573599, 10.769453808
10.776573600, 10.779567434
10.786573594, 10.789384857
10.796573604, 10.799442125
10.806573606, 10.809565109
10.816573591, 10.819498417
10.826573602, 10.829540529
10.836573593, 10.839645956
10.846573601, 10.849537306
10.856573600, 10.859581091
10.866577851, 10.869634439
10.876573597, 10.879623347
10.886573602, 10.889397342
10.896573593, 10.899666885
10.906573604, 10.909530836
10.916573599, 10.919612968
10.926573604, 10.929406704
10.936573595, 10.939678801
10.946573610, 10.949510370
10.956573593, 10.959441126
10.966573601, 10.969600604
10.976573599, 10.979561865
10.986573602, 10.989577708
10.996573598, 10.999547100
11.006573594, 11.009500778
11.016573589, 11.019665300
11.026573594, 11.029501004
11.036573603, 11.039675037
11.046573601, 11.049682311
11.056573608, 11.059630471
11.066573612, 11.069689975
11.076573596, 11.079354935
11.086573595, 11.089361343
11.096573599, 11.099211579
11.106573601, 11.109556429
11.116573594, 11.119523369
11.126573602, 11.129640882
11.136573594, 11.139501353
11.146573594, 11.149625373
11.156573599, 11.159617312
11.166573604, 11.169590866
11.176573596, 11.179375511
11.186573612, 11.189631498
11.196573601, 11.199539673
11.206573598, 11.209597346
11.216573589, 11.219444416
11.226573609, 11.229615591
11.236573591, 11.239553246
11.246573602, 11.249550385
11.256573594, 11.259413152
11.266573603, 11.269557387
11.276573592, 11.279616598
11.286573609, 11.289566093
11.296573595, 11.299693927
11.306573607, 11.309639539
11.316573596, 11.319592241
11.326573603, 11.329573380
11.336573600, 11.339386784
11.346573611, 11.349228794
11.356573599, 11.359507003
11.366573602, 11.369652844
11.376573609, 11.379602014
11.386573593, 11.389645820
11.396573595, 11.399520925
11.406573606, 11.409641596
11.416573613, 11.419498839
11.426573607, 11.429652298
11.436573596, 11.439585310
11.446573595, 11.449597832
11.456573597, 11.459592470
11.466573609, 11.469679256
11.476573592, 11.479470321
11.486573615, 11.489679422
11.496573595, 11.499555133
11.506573593, 11.509535901
11.516573589, 11.519420110
11.526573604, 11.529516558
11.536573599, 11.539481375
11.546573607, 11.549526332
11.556573592, 11.559502345
11.566573602, 11.569542350
11.576573605, 11.579345121
11.586573609, 11.589540175
11.596573598, 11.599529379
11.606573604, 11.609621783
11.616573590, 11.619606313
11.626573600, 11.629603609
11.636573599, 11.639695344
11.646573616, 11.649555196
11.656573589, 11.659685318
11.666573599, 11.669485163
11.676573601, 11.679575922
11.686573600, 11.689684835
11.696573605, 11.699589766
11.706573606, 11.709527715
11.716573594, 11.719714493
11.726573620, 11.729641108
11.736573599, 11.739665055
11.746573606, 11.749669477
11.756573603, 11.759732245
11.766573609, 11.769664824
11.776573603, 11.779710352
11.786573617, 11.789577061
11.796573597, 11.799546081
11.806573601, 11.809515221
11.816573594, 11.819717247
11.826573601, 11.829593951
11.836573592, 11.839668642
11.846573617, 11.849489151
11.856573601, 11.859489790
11.866573605, 11.869535966
11.876573603, 11.879704257
11.886573604, 11.889699735
11.896573595, 11.899620274
11.906573604, 11.909710409
11.916573596, 11.919699862
11.926573601, 11.929700374
11.936573598, 11.939541373
11.946573611, 11.949413082
11.956573597, 11.959659755
11.966573617, 11.969375856
11.976573598, 11.979474315
11.986573597, 11.989314967
11.996573598, 11.999536408
12.006573601, 12.009650211
12.016573604, 12.019547728
12.026573607, 12.029652118
12.036573602, 12.039534501
12.046573595, 12.049644650
12.056573599, 12.059212044
12.066573609, 12.069632103
12.076573598, 12.079468459
12.086573604, 12.089595777
12.096573604, 12.099504908
12.106573590, 12.109595810
12.116573601, 12.119733870
12.126573621, 12.129759504
12.136573595, 12.139740271
12.146573617, 12.149651087
12.156573592, 12.159341433
12.166573598, 12.169527180
12.176573599, 12.179369314
12.186573604, 12.189652550
12.196573597, 12.199719911
12.206573607, 12.209540424
12.216573590, 12.219683741
12.226573600, 12.229513892
12.236573601, 12.239540956
12.246573596, 12.249620330
12.256573590, 12.259298107
12.266573617, 12.269732775
12.276573602, 12.279691618
12.286573607, 12.289615095
12.296573604, 12.299489637
12.306573599, 12.309437077
12.316573605, 12.319496053
12.326573610, 12.329520416
12.336573597, 12.339688194
12.346573604, 12.349580471
12.356573603, 12.359519712
12.366573609, 12.369507283
12.376573600, 12.379609949
12.386573602, 12.389479998
12.396573592, 12.399546904
12.406573593, 12.409509329
12.416573601, 12.419677624
12.426573599, 12.429685566
12.436573603, 12.439751738
12.446573607, 12.449506800
12.456573600, 12.459700257
12.466573590, 12.469515139
12.476573593, 12.479495420
12.486573599, 12.489491407
12.496573589, 12.499492475
12.506573610, 12.509593844
12.516573600, 12.519668924
12.526573603, 12.529487434
12.536573594, 12.539544395
12.546573609, 12.549732858
12.556573606, 12.559611236
12.566573612, 12.569717752
12.576573599, 12.579581414
12.586573592, 12.589708086
12.596573599, 12.599718533
12.606573616, 12.609717952
12.616573594, 12.619718168
12.626573617, 12.629626839
12.636573599, 12.639544328
12.646573600, 12.649689579
12.656573607, 12.659562550
12.666573609, 12.669508409
12.676573592, 12.679367305
12.686573602, 12.689621629
12.696573597, 12.699619664
12.706573592, 12.709469298
12.716573599, 12.719340381
12.726573599, 12.729552316
12.736573597, 12.739610798
12.746573604, 12.749415581
12.756573599, 12.759602304
12.766573597, 12.769544768
12.776573596, 12.779671933
12.786573619, 12.789511603
12.796573594, 12.799553915
12.806573615, 12.809732870
12.816573599, 12.819675441
12.826573598, 12.829680039
12.836573595, 12.839527997
12.846573601, 12.849700775
12.856573597, 12.859609596
12.866573620, 12.869431161
12.876573599, 12.879481380
12.886573603, 12.889508871
12.896573597, 12.899603970
12.906573606, 12.909501757
12.916573602, 12.919569787
12.926573602, 12.929586311
12.936573593, 12.939556305
12.946573597, 12.949655892
12.956573597, 12.959361186
12.966573609, 12.969717934
12.976573604, 12.979246686
12.986573604, 12.989507113
12.996573599, 12.999608702
13.006573589, 13.009694750
13.016573597, 13.019625725
13.026573621, 13.029393144
13.036573596, 13.039591998
13.046573604, 13.049403662
13.056573600, 13.059448005
13.066573600, 13.069648325
13.076573595, 13.079676102
13.086573609, 13.089544385
13.096573589, 13.099613093
13.106573615, 13.109521826
13.116573597, 13.119615503
13.126573599, 13.129404016
13.136573608, 13.139675097
13.146573614, 13.149524061
13.156573606, 13.159644610
13.166573599, 13.169497154
13.176573592, 13.179419599
13.186573600, 13.189371416
13.196573598, 13.199710398
13.206573601, 13.209638918
13.216573588, 13.219603205
13.226573612, 13.229548505
13.236573596, 13.239588347
13.246573600, 13.249456270
13.256573599, 13.259581822
13.266573614, 13.269568245
13.276573596, 13.279703850
13.286573604, 13.289506863
13.296573601, 13.299308710
13.306573605, 13.309547842
13.316573595, 13.319498907
13.326573601, 13.329377922
13.336573601, 13.339619039
13.346573604, 13.349384115
13.356573604, 13.359569457
13.366573625, 13.369543408
13.376573604, 13.379463913
13.386573606, 13.389577437
13.396573599, 13.399665264
13.406573604, 13.409426710
13.416573604, 13.419524619
13.426573599, 13.429592979
13.436573601, 13.439576552
13.446573594, 13.449341496
13.456573597, 13.459589778
13.466573617, 13.469478460
13.476573594, 13.479673749
13.486573603, 13.489474339
13.496573598, 13.499702322
13.506573611, 13.509522550
13.516573594, 13.519393372
13.526573599, 13.529522242
13.536573594, 13.539647597
13.546573596, 13.549627462
13.556573599, 13.559532573
13.566573606, 13.569562757
13.576573599, 13.579374729
13.586573605, 13.589473768
13.596573587, 13.599566762
13.606573597, 13.609460030
13.616573599, 13.619622045
13.626573596, 13.629609699
13.636573588, 13.639623035
13.646573610, 13.649667326
13.656573604, 13.659583339
13.666573600, 13.669673309
13.676573595, 13.679709004
13.686573611, 13.689589676
13.696573599, 13.699599764
13.706573610, 13.709694055
13.716573606, 13.719706761
13.726573599, 13.729577273
13.736573600, 13.739405289
13.746573596, 13.749650342
13.756573593, 13.759607186
13.766573599, 13.769518806
13.776573599, 13.779536696
13.786573595, 13.789494717
13.796573594, 13.799437562
13.806573611, 13.809617854
13.816573596, 13.819668809
13.826573610, 13.829676831
13.836573602, 13.839668764
13.846573605, 13.849635924
13.856573600, 13.859496531
13.866573601, 13.869424113
13.876573595, 13.879702406
13.886573604, 13.889655845
13.896573595, 13.899498618
13.906573595, 13.909369549
13.916573594, 13.919528569
13.926573604, 13.929318474
13.936573597, 13.939452226
13.946573617, 13.949579025
13.956573594, 13.959540076
13.966573594, 13.969682398
13.976573597, 13.979668384
13.986573609, 13.989481952
13.996573596, 13.999736556
14.006573607, 14.009692186
14.016573597, 14.019458042
14.026573599, 14.029446117
14.036573597, 14.039610647
14.046573606, 14.049590107
14.056573589, 14.059709578
14.066573610, 14.069665940
14.076573602, 14.079532366
14.086573598, 14.089418929
14.096573592, 14.099500371
14.106573604, 14.109633471
14.116573606, 14.119703333
14.126573620, 14.129366861
14.136573600, 14.139568890
14.146573594, 14.149570522
14.156573596, 14.159560044
14.166573604, 14.169578993
14.176573599, 14.179729957
14.186573604, 14.189534948
14.196573599, 14.199305237
14.206573600, 14.209547122
14.216573597, 14.219525997
14.226573614, 14.229388460
14.236573600, 14.239673926
14.246573610, 14.249633066
14.256573599, 14.259526821
14.266573590, 14.269543751
14.276573595, 14.279619194
14.286573616, 14.289518442
14.296573598, 14.299442494
14.306573604, 14.309520969
14.316573602, 14.319649839
14.326573599, 14.329574538
14.336573604, 14.339686799
14.346573609, 14.349371211
14.356573597, 14.359673161
14.366573612, 14.369576535
14.376573594, 14.379754127
14.386573596, 14.389511809
14.396573603, 14.399509225
14.406573609, 14.409610892
14.416573593, 14.419546020
14.426573607, 14.429611898
14.436573593, 14.439505142
14.446573603, 14.449555570
14.456573604, 14.459479063
14.466573596, 14.469526910
14.476573598, 14.479601906
14.486573610, 14.489717209
14.496573601, 14.499640837
14.506573606, 14.509580536
14.516573599, 14.519561349
14.526573596, 14.529564105
14.536573591, 14.539571902
14.546573599, 14.549589417
14.556573589, 14.559635943
14.566573603, 14.569612375
14.576573596, 14.579510909
14.586573609, 14.589348887
14.596573598, 14.599673495
14.606573617, 14.609312198
14.616573592, 14.619642238
14.626573596, 14.629671230
14.636573595, 14.639364465
14.646573609, 14.649673758
14.656573597, 14.659672107
14.666573607, 14.669679089
14.676573596, 14.679609653
14.686573590, 14.689600314
14.696573602, 14.699554783
14.706573604, 14.709554248
14.716573596, 14.719281549
14.726573607, 14.729679194
14.736573591, 14.739580254
14.746573595, 14.749510960
14.756573597, 14.759578128
14.766573596, 14.769512854
14.776573595, 14.779673619
14.786573612, 14.789423425
14.796573591, 14.799556110
14.806573616, 14.809564516
14.816573596, 14.819640637
14.826573614, 14.829442938
14.836573593, 14.839632461
14.846573612, 14.849531680
14.856573591, 14.859512599
14.866577039, 14.869498752
14.876573609, 14.879483238
14.886573606, 14.889482498
14.896573591, 14.899516050
14.906573597, 14.909671153
14.916573604, 14.919545110
14.926573595, 14.929497412
14.936573596, 14.939496240
14.946573611, 14.949522933
14.956573598, 14.959592663
14.966573602, 14.969279740
14.976573594, 14.979397381
14.986573613, 14.989631969
14.996573607, 14.999666048
15.006573606, 15.009691949
15.016573598, 15.019567167
15.026573610, 15.029538090
15.036573601, 15.039683416
15.046573591, 15.049460063
15.056573604, 15.059531064
15.066573599, 15.069607391
15.076573598, 15.079413701
15.086573615, 15.089554745
15.096573601, 15.099629856
15.106573600, 15.109506530
15.116573599, 15.119238439
15.126573611, 15.129603166
15.136573590, 15.139508062
15.146573607, 15.149632214
15.156573600, 15.159494683
15.166573592, 15.169337176
15.176573595, 15.179713128
15.186573604, 15.189623487
15.196573597, 15.199581683
15.206573594, 15.209539409
15.216573593, 15.219671734
15.226573598, 15.229627374
15.236573605, 15.239661874
15.246573616, 15.249322116
15.256573599, 15.259713743
15.266573602, 15.269624281
15.276573591, 15.279612458
15.286573603, 15.289672759
15.296573604, 15.299570845
15.306573611, 15.309596565
15.316573593, 15.319553264
15.326573607, 15.329297194
15.336573602, 15.339647423
15.346573596, 15.349541700
15.356573605, 15.359546729
15.366573614, 15.369773124
15.376573594, 15.379564729
15.386573632, 15.389512800
15.396573644, 15.399668439
15.406573593, 15.409565561
15.416573598, 15.419598990
15.426573659, 15.429584571
15.436573625, 15.439767384
15.446573610, 15.449586003
15.456573626, 15.459569338
15.466573630, 15.469529628
15.476573617, 15.479639414
15.486573627, 15.489552801
15.496573648, 15.499549054
15.506573607, 15.509541151
15.516573597, 15.519708979
15.526573595, 15.529527306
15.536573604, 15.539403170
15.546573604, 15.549695141
15.556573598, 15.559534736
15.566573607, 15.569525788
15.576573601, 15.579653999
15.586573600, 15.589569247
15.596573591, 15.599538621
15.606573606, 15.609554585
15.616573602, 15.619558624
15.626573620, 15.629638508
15.636573601, 15.639660023
15.646573597, 15.649563824
15.656573602, 15.659581960
15.666573609, 15.669528341
15.676573601, 15.679644050
15.686573612, 15.689595611
15.696573599, 15.699724807
15.706573598, 15.709505144
15.716573595, 15.719588041
15.726573616, 15.729563749
15.736573615, 15.739711979
15.746573612, 15.749238057
15.756573589, 15.759513554
15.766573601, 15.769536118
15.776573598, 15.779560301
15.786573606, 15.789682151
15.796573592, 15.799532780
15.806573607, 15.809369555
15.816573603, 15.819614627
15.826573599, 15.829508153
15.836573596, 15.839547050
15.846573596, 15.849607003
15.856573597, 15.859671016
15.866573612, 15.869594551
15.876573600, 15.879620222
15.886573601, 15.889473320
15.896573608, 15.899561157
15.906573611, 15.909577326
15.916573599, 15.919577875
15.926573612, 15.929647599
15.936573607, 15.939521516
15.946573600, 15.949654086
15.956573595, 15.959552731
15.966573606, 15.969474376
15.976573620, 15.979569499
15.986573604, 15.989577382
15.996573602, 15.999646259
16.006573605, 16.009554143
16.016573606, 16.019746378
16.026573604, 16.029535807
16.036573594, 16.039617857
16.046573602, 16.049566971
16.056573597, 16.059595249
16.066573627, 16.069639621
16.076573620, 16.079644101
16.086573611, 16.089578787
16.096573592, 16.099623656
16.106573617, 16.109561955
16.116573589, 16.119676332
16.126573599, 16.129583533
16.136573592, 16.139322305
16.146573599, 16.149622242
16.156573593, 16.159649783
16.166573607, 16.169617118
16.176573594, 16.179437496
16.186573595, 16.189561568
16.196573599, 16.199516256
16.206573609, 16.209665040
16.216573604, 16.219634949
16.226573602, 16.229608427
16.236573595, 16.239507010
16.246573605, 16.249555064
16.256573596, 16.259501147
16.266573604, 16.269518954
16.276573597, 16.279476102
16.286573604, 16.289572919
16.296573594, 16.299596073
16.306573599, 16.309608541
16.316573604, 16.319338857
16.326573606, 16.329563844
16.336573597, 16.339579113
16.346573620, 16.349705520
16.356573602, 16.359639289
16.366573598, 16.369594153
16.376573594, 16.379524729
16.386573599, 16.389626236
16.396573601, 16.399646061
16.406573607, 16.409717542
16.416573605, 16.419640250
16.426573589, 16.429633861
16.436573599, 16.439577210
16.446573601, 16.449618260
16.456573627, 16.459655440
16.466573645, 16.469565283
16.476573624, 16.479707664
16.486573619, 16.489571647
16.496573626, 16.499511126
16.506573634, 16.509722656
16.516573632, 16.519665332
16.526573630, 16.529588306
16.536573626, 16.539669432
16.546573630, 16.549646374
16.556573620, 16.559435071
16.566573636, 16.569484305
16.576573623, 16.579554170
16.586573630, 16.589444080
16.596573593, 16.599611805
16.606573603, 16.609573437
16.616573600, 16.619292096
16.626573606, 16.629581040
16.636573599, 16.639629455
16.646573615, 16.649485221
16.656573595, 16.659654075
16.666573602, 16.669518482
16.676573601, 16.679352897
16.686573616, 16.689512796
16.696573593, 16.699588961
16.706573612, 16.709532710
16.716573601, 16.719500497
16.726573602, 16.729563595
16.736573606, 16.739610772
16.746573614, 16.749601294
16.756573600, 16.759576157
16.766573620, 16.769643446
16.776573603, 16.779656190
16.786573598, 16.789564347
16.796573610, 16.799632473
16.806573619, 16.809382396
16.816573601, 16.819522958
16.826573610, 16.829583510
16.836573596, 16.839636068
16.846573605, 16.849547352
16.856573596, 16.859427895
16.866573604, 16.869641957
16.876573592, 16.879642061
16.886573602, 16.889629789
16.896573595, 16.899482023
16.906573606, 16.909573506
16.916573599, 16.919568963
16.926573606, 16.929609872
16.936573596, 16.939572404
16.946573610, 16.949722807
16.956573592, 16.959606217
16.966573607, 16.969295668
16.976573602, 16.979683093
16.986573607, 16.989602424
16.996573610, 16.999561310
17.006573605, 17.009363940
17.016573598, 17.019414508
17.026573600, 17.029243930
17.036573596, 17.039654590
17.046573609, 17.049671513
17.056573601, 17.059661664
17.066573612, 17.069565306
17.076573597, 17.079432703
17.086573605, 17.089505463
17.096573598, 17.099523388
17.106573606, 17.109556597
17.116573590, 17.119656850
17.126573615, 17.129584223
17.136573589, 17.139528130
17.146573597, 17.149541710
17.156573597, 17.159414361
17.166573616, 17.169390157
17.176573597, 17.179491790
17.186573604, 17.189225775
17.196573599, 17.199354157
17.206573594, 17.209558986
17.216573598, 17.219658997
17.226573614, 17.229539661
17.236573595, 17.239356765
17.246573599, 17.249322568
17.256573596, 17.259375583
17.266573594, 17.269335650
17.276573598, 17.279638959
17.286573609, 17.289590568
17.296573587, 17.299561441
17.306573612, 17.309548646
17.316573594, 17.319483343
17.326579750, 17.329546418
17.336573607, 17.339538755
17.346573609, 17.349653181
17.356573596, 17.359552308
17.366573617, 17.369585905
17.376573600, 17.379671294
17.386573596, 17.389374783
17.396573603, 17.399679288
17.406573599, 17.409672768
17.416573599, 17.419615994
17.426573604, 17.429552345
17.436573604, 17.439597552
17.446573602, 17.449554578
17.456573604, 17.459591733
17.466573609, 17.469455862
17.476573598, 17.479567933
17.486573610, 17.489661805
17.496573607, 17.499583513
17.506573592, 17.509566998
17.516573587, 17.519580364
17.526573611, 17.529700402
17.536573592, 17.539614733
17.546573617, 17.549584735
17.556573593, 17.559621222
17.566573597, 17.569600585
17.576573602, 17.579552102
17.586573624, 17.589641182
17.596573629, 17.599584938
17.606573640, 17.609420095
17.616573643, 17.619362682
17.626573601, 17.629627520
17.636573591, 17.639681586
17.646573614, 17.649605903
17.656573611, 17.659551864
17.666573607, 17.669585098
17.676573599, 17.679695761
17.686573601, 17.689678807
17.696573606, 17.699503017
17.706573611, 17.709301940
17.716573591, 17.719541240
17.726573610, 17.729657412
17.736573599, 17.739560654
17.746573597, 17.749465689
17.756573602, 17.759389453
17.766573609, 17.769575226
17.776573594, 17.779675960
17.786573612, 17.789506853
17.796573596, 17.799557883
17.806573598, 17.809544292
17.816573604, 17.819480614
17.826573611, 17.829337197
17.836573600, 17.839480840
17.846573602, 17.849626440
17.856573597, 17.859651825
17.866573604, 17.869540403
17.876573603, 17.879556467
17.886573596, 17.889627587
17.896573592, 17.899364556
17.906573610, 17.909583575
17.916573594, 17.919608888
17.926573601, 17.929389618
17.936573602, 17.939316193
17.946573599, 17.949376015
17.956573600, 17.959607085
17.966573607, 17.969559269
17.976573603, 17.979550841
17.986573598, 17.989384642
17.996573594, 17.999524706
18.006573606, 18.009514187
18.016573599, 18.019266693
18.026573604, 18.029475658
18.036573603, 18.039486544
18.046573603, 18.049265297
18.056573597, 18.059612738
18.066573611, 18.069623485
18.076573598, 18.079673725
18.086573597, 18.089603252
18.096573591, 18.099608988
18.106573610, 18.109532534
18.116573601, 18.119584347
18.126573611, 18.129586478
18.136573600, 18.139546127
18.146573612, 18.149436163
18.156573593, 18.159301939
18.166573593, 18.169420880
18.176573592, 18.179586077
18.186573604, 18.189603712
18.196573595, 18.199535180
18.206573610, 18.209526232
18.216573592, 18.219617421
18.226573604, 18.229566993
18.236573593, 18.239358711
18.246573606, 18.249445262
18.256573599, 18.259512322
18.266573607, 18.269654773
18.276573596, 18.279564511
18.286573589, 18.289610506
18.296573595, 18.299675057
18.306573616, 18.309609601
18.316573601, 18.319602977
18.326573610, 18.329575048
18.336573600, 18.339546344
18.346573604, 18.349640148
18.356573597, 18.359627074
18.366573606, 18.369557372
18.376573591, 18.379418302
18.386573602, 18.389607577
18.396573592, 18.399593001
18.406573600, 18.409628832
18.416573599, 18.419566647
18.426573606, 18.429470339
18.436573590, 18.439427705
18.446573602, 18.449506697
18.456573604, 18.459621454
18.466573604, 18.469447010
18.476573601, 18.479631475
18.486573599, 18.489734711
18.496573602, 18.499551180
18.506573597, 18.509611697
18.516573591, 18.519649230
18.526573591, 18.529627832
18.536573608, 18.539539798
18.546573609, 18.549484315
18.556573592, 18.559645925
18.566573602, 18.569645198
18.576573599, 18.579600037
18.586573599, 18.589562923
18.596573597, 18.599335653
18.606573614, 18.609558922
18.616573599, 18.619639699
18.626573602, 18.629657821
18.636573592, 18.639567544
18.646573589, 18.649398705
18.656573598, 18.659606437
18.666573601, 18.669517322
18.676573597, 18.679505069
18.686573597, 18.689563420
18.696573600, 18.699574949
18.706573602, 18.709504573
18.716573602, 18.719395594
18.726573604, 18.729710643
18.736573602, 18.739668361
18.746573607, 18.749602761
18.756573602, 18.759708455
18.766573599, 18.769606784
18.776573604, 18.779640309
18.786573611, 18.789596385
18.796573590, 18.799645034
18.806573602, 18.809590935
18.816573597, 18.819685395
18.826573604, 18.829664003
18.836573607, 18.839448907
18.846573614, 18.849371670
18.856573599, 18.859595642
18.866573615, 18.869612464
18.876573599, 18.879569110
18.886573592, 18.889638732
18.896573599, 18.899348145
18.906573606, 18.909505485
18.916573592, 18.919672977
18.926573612, 18.929644120
18.936573601, 18.939650839
18.946573604, 18.949525042
18.956573603, 18.959536874
18.966573601, 18.969516305
18.976573599, 18.979598648
18.986573612, 18.989663657
18.996573596, 18.999572560
19.006573590, 19.009608449
19.016573604, 19.019708350
19.026573616, 19.029648566
19.036573598, 19.039617005
19.046573610, 19.049636434
19.056573597, 19.059646062
19.066573592, 19.069542696
19.076573603, 19.079601457
19.086573609, 19.089564125
19.096573596, 19.099281079
19.106573597, 19.109575327
19.116573597, 19.119604725
19.126573593, 19.129442436
19.136573600, 19.139435583
19.146573609, 19.149302787
19.156573598, 19.159287549
19.166573602, 19.169690776
19.176573597, 19.179584642
19.186573595, 19.189569736
19.196573601, 19.199629914
19.206573601, 19.209643137
19.216573601, 19.219565793
19.226573607, 19.229504154
19.236573595, 19.239655243
19.246573593, 19.249466242
19.256573604, 19.259589361
19.266577631, 19.269699921
19.276573594, 19.279617467
19.286573607, 19.289565157
19.296573604, 19.299616551
19.306573596, 19.309339250
19.316573599, 19.319546426
19.326573606, 19.329545953
19.336573595, 19.339532337
19.346573599, 19.349571258
19.356573603, 19.359636336
19.366573597, 19.369611592
19.376573594, 19.379366343
19.386573616, 19.389643059
19.396573599, 19.399606403
19.406573607, 19.409650744
19.416573607, 19.419390406
19.426573594, 19.429602883
19.436573600, 19.439597901
19.446573619, 19.449647044
19.456573603, 19.459619577
19.466573635, 19.469633136
19.476573593, 19.479637615
19.486573595, 19.489567301
19.496573604, 19.499423366
19.506573601, 19.509568563
19.516573599, 19.519613761
19.526573599, 19.529541674
19.536573598, 19.539628341
19.546573607, 19.549561802
19.556573601, 19.559308160
19.566573614, 19.569501246
19.576573593, 19.579597016
19.586573617, 19.589610354
19.596573593, 19.599625060
19.606573595, 19.609521994
19.616573600, 19.619697561
19.626573604, 19.629646412
19.636573596, 19.639692116
19.646573599, 19.649581876
19.656573599, 19.659683209
19.666573608, 19.669603860
19.676573597, 19.679389287
19.686573599, 19.689501677
19.696573592, 19.699490931
19.706573607, 19.709446716
19.716573602, 19.719476274
19.726573601, 19.729302255
19.736573599, 19.739583789
19.746573601, 19.749575392
19.756573604, 19.759553380
19.766573599, 19.769561829
19.776573592, 19.779565837
19.786573598, 19.789554339
19.796573599, 19.799601248
19.806573621, 19.809691087
19.816573602, 19.819621256
19.826573607, 19.829698173
19.836573592, 19.839593310
19.846573600, 19.849627741
19.856573600, 19.859399341
19.866573614, 19.869401065
19.876573599, 19.879595165
19.886573617, 19.889621155
19.896573601, 19.899614979
19.906573598, 19.909556014
19.916573594, 19.919657587
19.926573609, 19.929578543
19.936573595, 19.939554006
19.946573602, 19.949607730
19.956573599, 19.959551184
19.966573597, 19.969338402
19.976573596, 19.979535138
19.986573609, 19.989595701
19.996573607, 19.999549020
20.006573606, 20.009535940
20.016573597, 20.019300357
20.026573603, 20.029270765
20.036573591, 20.039231591
20.046573600, 20.049592811
20.056573595, 20.059588572
20.066573612, 20.069636266
20.076573602, 20.079590651
20.086573593, 20.089364414
20.096573604, 20.099339877
20.106573609, 20.109352977
20.116573602, 20.119344669
20.126573612, 20.129675913
20.136573599, 20.139602972
20.146573599, 20.149540626
20.156573599, 20.159554549
20.166573609, 20.169566155
20.176573599, 20.179557751
20.186573610, 20.189598800
20.196573589, 20.199621643
20.206573607, 20.209558718
20.216573599, 20.219517051
20.226573604, 20.229658857
20.236573609, 20.239547145
20.246573629, 20.249696546
20.256573611, 20.259578687
20.266573589, 20.269451653
20.276573591, 20.279630273
20.286573616, 20.289569292
20.296573593, 20.299630831
20.306573612, 20.309683933
20.316573594, 20.319651048
20.326573605, 20.329691060
20.336573598, 20.339602690
20.346573606, 20.349586924
20.356573594, 20.359590207
20.366573612, 20.369573751
20.376573599, 20.379657665
20.386573602, 20.389559950
20.396573603, 20.399543554
20.406573606, 20.409391224
20.416573597, 20.419581787
20.426573615, 20.429562917
20.436573594, 20.439543896
20.446573602, 20.449657258
20.456573602, 20.459443348
20.466573611, 20.469652014
20.476573591, 20.479714767
20.486573615, 20.489640233
20.496573606, 20.499614806
20.506573603, 20.509658743
20.516573599, 20.519600822
20.526573611, 20.529517342
20.536573598, 20.539555576
20.546573604, 20.549644293
20.556573600, 20.559604495
20.566573595, 20.569590978
20.576573605, 20.579574758
20.586573611, 20.589581905
20.596573594, 20.599543833
20.606573604, 20.609320222
20.616573596, 20.619600441
20.626573602, 20.629542822
20.636573603, 20.639605139
20.646573606, 20.649352363
20.656573593, 20.659539300
20.666573597, 20.669611214
20.676573592, 20.679350504
20.686573588, 20.689601514
20.696573600, 20.699645694
20.706573601, 20.709724578
20.716573599, 20.719579426
20.726573607, 20.729645664
20.736573601, 20.739630641
20.746573608, 20.749571211
20.756573597, 20.759513880
20.766573599, 20.769337011
20.776573607, 20.779441322
20.786573615, 20.789602067
20.796573599, 20.799605121
20.806573594, 20.809560880
20.816573602, 20.819627205
20.826573609, 20.829609967
20.836573602, 20.839610957
20.846573617, 20.849576305
20.856573601, 20.859657578
20.866573600, 20.869626182
20.876573603, 20.879413461
20.886573614, 20.889637616
20.896573599, 20.899643147
20.906573607, 20.909681465
20.916573596, 20.919638651
20.926573599, 20.929608234
20.936573596, 20.939660479
20.946584192, 20.949677091
20.956573591, 20.959594532
20.966573617, 20.969666572
20.976573597, 20.979667853
20.986573620, 20.989685247
20.996573623, 20.999701121
21.006573624, 21.009572415
21.016573592, 21.019636713
21.026573602, 21.029701590
21.036573606, 21.039613554
21.046573593, 21.049574959
21.056573592, 21.059513504
21.066573609, 21.069382220
21.076573605, 21.079600303
21.086573617, 21.089611361
21.096573594, 21.099685737
21.106573598, 21.109532300
21.116573589, 21.119710323
21.126573609, 21.129661383
21.136573604, 21.139635523
21.146573604, 21.149631309
21.156573596, 21.159580842
21.166573602, 21.169623491
21.176573593, 21.179653017
21.186573601, 21.189625033
21.196573592, 21.199624684
21.206573612, 21.209635088
21.216573599, 21.219648756
21.226573604, 21.229605926
21.236573599, 21.239541541
21.246573599, 21.249562596
21.256573604, 21.259609921
21.266573602, 21.269642196
21.276573610, 21.279561940
21.286573590, 21.289574054
21.296573594, 21.299433153
21.306573611, 21.309453878
21.316573597, 21.319602544
21.326573622, 21.329646975
21.336573591, 21.339669667
21.346573600, 21.349641572
21.356573605, 21.359451356
21.366573611, 21.369559654
21.376573593, 21.379657652
21.386573612, 21.389649408
21.396573606, 21.399674766
21.406573599, 21.409675833
21.416573598, 21.419603314
21.426573609, 21.429546472
21.436573592, 21.439511832
21.446573599, 21.449605455
21.456573595, 21.459623688
21.466573592, 21.469388873
21.476573591, 21.479623622
21.486573606, 21.489531759
21.496573596, 21.499603153
21.506573607, 21.509415097
21.516573593, 21.519366869
21.526573599, 21.529505374
21.536573598, 21.539458425
21.546573596, 21.549574046
21.556573589, 21.559602431
21.566573607, 21.569643589
21.576573603, 21.579641871
21.586573608, 21.589627749
21.596573597, 21.599595337
21.606573604, 21.609661867
21.616573596, 21.619574617
21.626573602, 21.629628513
21.636573604, 21.639605293
21.646573601, 21.649602700
21.656573606, 21.659386624
21.666573604, 21.669596527
21.676573596, 21.679589660
21.686573610, 21.689587347
21.696573592, 21.699609249
21.706573598, 21.709616779
21.716573601, 21.719592397
21.726573614, 21.729347327
21.736573589, 21.739381508
21.746573599, 21.749457792
21.756573605, 21.759489882
21.766573600, 21.769251212
21.776573594, 21.779641763
21.786573599, 21.789598689
21.796573598, 21.799385399
21.806573610, 21.809680490
21.816573597, 21.819635133
21.826573594, 21.829610644
21.836573607, 21.839572004
21.846573604, 21.849542768
21.856573604, 21.859624579
21.866573604, 21.869655548
21.876573590, 21.879548160
21.886573594, 21.889613805
21.896573600, 21.899578883
21.906573601, 21.909572737
21.916573592, 21.919457896
21.926573617, 21.929594618
21.936573593, 21.939587518
21.946573598, 21.949545441
21.956573597, 21.959526193
21.966573606, 21.969528862
21.976573589, 21.979593272
21.986573607, 21.989622508
21.996573604, 21.999642056
22.006573605, 22.009472834
22.016573598, 22.019670344
22.026573606, 22.029597512
22.036573604, 22.039605124
22.046573622, 22.049643910
22.056573601, 22.059599149
22.066573601, 22.069622864
22.076573601, 22.079598853
22.086573609, 22.089618190
22.096573592, 22.099422003
22.106573604, 22.109607023
22.116573596, 22.119605753
22.126573595, 22.129620394
22.136573597, 22.139531409
22.146573606, 22.149610494
22.156573599, 22.159601590
22.166573602, 22.169568491
22.176573593, 22.179539698
22.186573592, 22.189589846
22.196573599, 22.199542200
22.206573606, 22.209632722
22.216573589, 22.219613512
22.226573607, 22.229675033
22.236573598, 22.239631324
22.246573590, 22.249618906
22.256573607, 22.259670189
22.266573619, 22.269656171
22.276573613, 22.279586924
22.286573610, 22.289657294
22.296573594, 22.299616142
22.306573596, 22.309662025
22.316573596, 22.319630973
22.326573609, 22.329619688
22.336573599, 22.339637411
22.346573612, 22.349561787
22.356573599, 22.359575184
22.366573605, 22.369580233
22.376573603, 22.379619584
22.386573601, 22.389624272
22.396573603, 22.399604019
22.406573597, 22.409608956
22.416573595, 22.419401600
22.426573603, 22.429518696
22.436573593, 22.439681626
22.446573609, 22.449617741
22.456573599, 22.459617948
22.466573604, 22.469625520
22.476573595, 22.479576037
22.486573597, 22.489604923
22.496573598, 22.499416165
22.506573606, 22.509591104
22.516573596, 22.519416064
22.526573607, 22.529601736
22.536573594, 22.539669103
22.546573590, 22.549595792
22.556573593, 22.559618181
22.566573604, 22.569557606
22.576573604, 22.579581995
22.586573604, 22.589604222
22.596573600, 22.599574527
22.606573598, 22.609548992
22.616573604, 22.619667258
22.626573616, 22.629613051
22.636573592, 22.639388734
22.646573599, 22.649655661
22.656573597, 22.659686712
22.666573594, 22.669659422
22.676573610, 22.679580405
22.686573601, 22.689474928
22.696573598, 22.699685910
22.706573612, 22.709563336
22.716573599, 22.719567676
22.726573599, 22.729658513
22.736573605, 22.739634884
22.746573599, 22.749380569
22.756573591, 22.759712976
22.766573607, 22.769577793
22.776573607, 22.779642292
22.786573594, 22.789514410
22.796573607, 22.799560173
22.806573609, 22.809575870
22.816573589, 22.819646435
22.826573612, 22.829660254
22.836573596, 22.839295627
22.846573601, 22.849563971
22.856573593, 22.859580837
22.866573611, 22.869616503
22.876573594, 22.879626509
22.886573612, 22.889695714
22.896573597, 22.899653037
22.906573596, 22.909343223
22.916573593, 22.919640869
22.926573601, 22.929646162
22.936573589, 22.939622106
22.946573617, 22.949693273
22.956573599, 22.959690549
22.966573597, 22.969505460
22.976573600, 22.979596957
22.986573611, 22.989577670
22.996573601, 22.999614416
23.006573598, 23.009643344
23.016573595, 23.019636250
23.026573600, 23.029603320
23.036573605, 23.039622720
23.046573601, 23.049533674
23.056573599, 23.059337341
23.066573599, 23.069642722
23.076573600, 23.079525072
23.086573593, 23.089634116
23.096573598, 23.099703785
23.106573604, 23.109694804
23.116573596, 23.119601221
23.126573617, 23.129664153
23.136573609, 23.139625570
23.146573602, 23.149536155
23.156573599, 23.159458746
23.166573606, 23.169692636
23.176573594, 23.179604629
23.186573615, 23.189628167
23.196573596, 23.199648325
23.206573602, 23.209560867
23.216573600, 23.219510543
23.226573606, 23.229604026
23.236573594, 23.239590997
23.246573599, 23.249614594
23.256573603, 23.259312837
23.266573604, 23.269649508
23.276573591, 23.279639436
23.286573621, 23.289385571
23.296573594, 23.299552150
23.306573615, 23.309503713
23.316573593, 23.319708177
23.326573591, 23.329736497
23.336573590, 23.339697835
23.346573601, 23.349393582
23.356573594, 23.359321334
23.366573597, 23.369514496
23.376573616, 23.379512706
23.386573630, 23.389539775
23.396573593, 23.399320267
23.406573604, 23.409620797
23.416573601, 23.419610353
23.426573612, 23.429622852
23.436573597, 23.439620534
23.446573595, 23.449603325
23.456573601, 23.459660850
23.466573601, 23.469577016
23.476573597, 23.479629492
23.486573604, 23.489571588
23.496573598, 23.499638050
23.506573594, 23.509616419
23.516573603, 23.519292844
23.526573609, 23.529699876
23.536573602, 23.539663924
23.546573604, 23.549643634
23.556573602, 23.559618248
23.566573598, 23.569593299
23.576573601, 23.579679838
23.586573619, 23.589603950
23.596573597, 23.599675993
23.606573615, 23.609638740
23.616573597, 23.619680707
23.626573594, 23.629541491
23.636573599, 23.639450955
23.646573614, 23.649553968
23.656573593, 23.659677830
23.666573622, 23.669317796
23.676573599, 23.679622763
23.686573598, 23.689599589
23.696573596, 23.699622163
23.706573609, 23.709543640
23.716573594, 23.719567597
23.726573602, 23.729575082
23.736573594, 23.739575095
23.746573603, 23.749617080
23.756573589, 23.759528283
23.766573604, 23.769661183
23.776573594, 23.779609380
23.786573612, 23.789712434
23.796573594, 23.799402758
23.806573590, 23.809631186
23.816573597, 23.819653121
23.826573611, 23.829554411
23.836573589, 23.839585607
23.846573604, 23.849619062
23.856573599, 23.859390676
23.866573588, 23.869674268
23.876573587, 23.879636671
23.886573606, 23.889579742
23.896573594, 23.899620783
23.906573612, 23.909630417
23.916573593, 23.919457886
23.926573599, 23.929332735
23.936573594, 23.939405993
23.946573599, 23.949526810
23.956573589, 23.959671660
23.966573604, 23.969593514
23.976573596, 23.979721886
23.986573596, 23.989681342
23.996573610, 23.999498612
24.006573606, 24.009669227
24.016573604, 24.019710399
24.026573615, 24.029620864
24.036573589, 24.039648652
24.046573601, 24.049680354
24.056573606, 24.059609395
24.066573604, 24.069659208
24.076573600, 24.079692771
24.086573602, 24.089771216
24.096573597, 24.099625721
24.106573596, 24.109573111
24.116573605, 24.119566424
24.126573604, 24.129630013
24.136573589, 24.139625135
24.146573612, 24.149464423
24.156573607, 24.159275927
24.166573604, 24.169640725
24.176573605, 24.179632374
24.186573611, 24.189681477
24.196573594, 24.199631910
24.206573599, 24.209655344
24.216573591, 24.219663530
24.226573596, 24.229613860
24.236573603, 24.239386204
24.246573604, 24.249671703
24.256573603, 24.259722504
24.266573615, 24.269676450
24.276573604, 24.279336212
24.286573601, 24.289666857
24.296573602, 24.299607157
24.306573599, 24.309618385
24.316573592, 24.319625809
24.326573612, 24.329639389
24.336573595, 24.339623093
24.346573601, 24.349484107
24.356573597, 24.359646467
24.366573614, 24.369646249
24.376573601, 24.379644791
24.386573599, 24.389524565
24.396573589, 24.399596617
24.406573589, 24.409656221
24.416573596, 24.419560128
24.426573621, 24.429576128
24.436573593, 24.439459367
24.446573612, 24.449641298
24.456573599, 24.459657401
24.466573606, 24.469473428
24.476573607, 24.479640576
24.486573604, 24.489604840
24.496573628, 24.499697898
24.506573607, 24.509561163
24.516573593, 24.519626966
24.526573595, 24.529665044
24.536573600, 24.539433116
24.546573609, 24.549412148
24.556573596, 24.559612848
24.566573599, 24.569291232
24.576573592, 24.579575620
24.586573660, 24.589399140
24.596573599, 24.599650204
24.606573620, 24.609622254
24.616573594, 24.619625683
24.626573607, 24.629632788
24.636573594, 24.639728254
24.646573603, 24.649708967
24.656573608, 24.659569881
24.666573606, 24.669574956
24.676573602, 24.679671998
24.686573607, 24.689692192
24.696573603, 24.699577735
24.706573592, 24.709414031
24.716573599, 24.719554440
24.726573614, 24.729665147
24.736573602, 24.739604913
24.746573604, 24.749597240
24.756573598, 24.759670940
24.766573591, 24.769648781
24.776573604, 24.779362576
24.786573616, 24.789612160
24.796573598, 24.799585995
24.806573610, 24.809515586
24.816573593, 24.819565215
24.826573603, 24.829668230
24.836573589, 24.839643732
24.846573606, 24.849582977
24.856573599, 24.859361293
24.866573610, 24.869662299
24.876573596, 24.879620999
24.886573623, 24.889711729
24.896573606, 24.899734588
24.906573609, 24.909602707
24.916573604, 24.919555341
24.926573607, 24.929406188
24.936573591, 24.939690925
24.946587520, 24.949653468
24.956573607, 24.959644803
24.966573614, 24.969703048
24.976573603, 24.979415834
24.986573607, 24.989593567
24.996573592, 24.999668379
25.006573607, 25.009665485
25.016573602, 25.019580420
25.026573609, 25.029569129
25.036573600, 25.039424771
25.046573607, 25.049715406
25.056573595, 25.059615179
25.066573589, 25.069693098
25.076573602, 25.079697780
25.086573599, 25.089690371
25.096573602, 25.099706726
25.106573617, 25.109690266
25.116573594, 25.119693050
25.126573609, 25.129521300
25.136573608, 25.139596761
25.146573606, 25.149641102
25.156573591, 25.159566192
25.166573612, 25.169622120
25.176573601, 25.179599048
25.186573624, 25.189593727
25.196573600, 25.199465777
25.206573622, 25.209669740
25.216573597, 25.219694009
25.226573599, 25.229592321
25.236573601, 25.239610594
25.246573590, 25.249604967
25.256573591, 25.259651878
25.266573606, 25.269618547
25.276573592, 25.279637318
25.286573610, 25.289692349
25.296573594, 25.299708624
25.306573600, 25.309715395
25.316573599, 25.319684478
25.326573614, 25.329671600
25.336573601, 25.339486467
25.346573610, 25.349668897
25.356573596, 25.359638140
25.366573603, 25.369601413
25.376573602, 25.379383566
25.386573606, 25.389651018
25.396573592, 25.399635773
25.406573610, 25.409600525
25.416573598, 25.419597317
25.426573602, 25.429478854
25.436573593, 25.439345164
25.446573609, 25.449386638
25.456573599, 25.459450470
25.466573607, 25.469625246
25.476573600, 25.479544096
25.486573600, 25.489674788
25.496573597, 25.499677052
25.506573609, 25.509664979
25.516573597, 25.519473427
25.526573599, 25.529633106
25.536573594, 25.539637537
25.546573604, 25.549501822
25.556573607, 25.559653012
25.566573601, 25.569630705
25.576573596, 25.579563045
25.586573607, 25.589609886
25.596573592, 25.599586518
25.606573594, 25.609442927
25.616573590, 25.619659546
25.626573601, 25.629688993
25.636573593, 25.639471236
25.646573599, 25.649658948
25.656573591, 25.659618032
25.666573600, 25.669702031
25.676573604, 25.679633221
25.686573619, 25.689624874
25.696573591, 25.699679347
25.706573612, 25.709651286
25.716573598, 25.719556604
25.726573595, 25.729663784
25.736573604, 25.739669748
25.746573616, 25.749703013
25.756573593, 25.759765328
25.766573615, 25.769432918
25.776573599, 25.779450247
25.786573593, 25.789644939
25.796573595, 25.799673007
25.806573614, 25.809705174
25.816573607, 25.819673859
25.826573598, 25.829404249
25.836573597, 25.839565746
25.846573601, 25.849650397
25.856573598, 25.859651176
25.866577864, 25.869662479
25.876573590, 25.879674574
25.886573610, 25.889401477
25.896573602, 25.899585391
25.906573589, 25.909640729
25.916573607, 25.919543338
25.926573604, 25.929703282
25.936573596, 25.939662106
25.946573622, 25.949568075
25.956573600, 25.959646282
25.966573599, 25.969674747
25.976573608, 25.979674642
25.986573614, 25.989661427
25.996573604, 25.999418462
26.006573607, 26.009600683
26.016573590, 26.019657045
26.026573594, 26.029642829
26.036573595, 26.039661372
26.046573614, 26.049647926
26.056573602, 26.059404560
26.066573610, 26.069572616
26.076573602, 26.079692722
26.086573595, 26.089611755
26.096573596, 26.099727941
26.106573599, 26.109681351
26.116573603, 26.119604245
26.126573612, 26.129616080
26.136573603, 26.139638043
26.146573598, 26.149605992
26.156573601, 26.159582222
26.166573599, 26.169736998
26.176573601, 26.179680376
26.186573617, 26.189688432
26.196573594, 26.199649982
26.206573599, 26.209545474
26.216573600, 26.219322918
26.226573609, 26.229340374
26.236573598, 26.239561753
26.246573599, 26.249572751
26.256573599, 26.259624005
26.266573604, 26.269662837
26.276573601, 26.279512919
26.286573596, 26.289694835
26.296573605, 26.299672313
26.306573615, 26.309626653
26.316573593, 26.319639025
26.326573597, 26.329369659
26.336573599, 26.339572801
26.346573611, 26.349542775
26.356573597, 26.359593741
26.366573612, 26.369642904
26.376573597, 26.379637118
26.386573599, 26.389560989
26.396573589, 26.399619191
26.406573609, 26.409664907
26.416573598, 26.419734639
26.426573615, 26.429357637
26.436573602, 26.439461706
26.446573595, 26.449642612
26.456573587, 26.459409981
26.466573609, 26.469617942
26.476573597, 26.479630350
26.486573599, 26.489583276
26.496573598, 26.499545157
26.506573600, 26.509598777
26.516573599, 26.519477816
26.526573611, 26.529590493
26.536573597, 26.539358225
26.546573604, 26.549567436
26.556573594, 26.559329937
26.566573602, 26.569468063
26.576573592, 26.579547234
26.586573599, 26.589345276
26.596573590, 26.599642424
26.606573599, 26.609475335
26.616573600, 26.619572982
26.626573592, 26.629500687
26.636573599, 26.639673319
26.646573609, 26.649590175
26.656573593, 26.659624400
26.666573607, 26.669647162
26.676573596, 26.679583296
26.686573597, 26.689590001
26.696573601, 26.699631489
26.706573641, 26.709581662
26.716573627, 26.719590862
26.726573632, 26.729654473
26.736573625, 26.739611568
26.746573620, 26.749567547
26.756573617, 26.759582830
26.766573634, 26.769600755
26.776573627, 26.779676808
26.786573657, 26.789631475
26.796573637, 26.799288495
26.806573641, 26.809587399
26.816573650, 26.819681857
26.826573620, 26.829718528
26.836573648, 26.839644898
26.846573630, 26.849667880
26.856573623, 26.859696631
26.866573632, 26.869721322
26.876573627, 26.879659204
26.886573666, 26.889726828
26.896573643, 26.899724577
26.906573665, 26.909777378
26.916573654, 26.919687121
26.926573621, 26.929623918
26.936573618, 26.939609750
26.946573631, 26.949643155
26.956573620, 26.959646915
26.966573672, 26.969647874
26.976573601, 26.979585186
26.986573589, 26.989599872
26.996573604, 26.999583026
27.006573604, 27.009492194
27.016573589, 27.019501570
27.026573615, 27.029583555
27.036573590, 27.039705529
27.046573599, 27.049591952
27.056573608, 27.059373850
27.066573609, 27.069555943
27.076573618, 27.079340662
27.086573610, 27.089681625
27.096573603, 27.099624247
27.106573598, 27.109642821
27.116573607, 27.119593490
27.126573621, 27.129414633
27.136573605, 27.139634109
27.146573610, 27.149632708
27.156573599, 27.159288978
27.166573592, 27.169576978
27.176573595, 27.179562189
27.186573609, 27.189604339
27.196573600, 27.199416522
27.206573610, 27.209380223
27.216573597, 27.219533671
27.226573599, 27.229623098
27.236573602, 27.239602284
27.246573614, 27.249651054
27.256573602, 27.259586513
27.266573615, 27.269601816
27.276573596, 27.279248858
27.286573597, 27.289527647
27.296573592, 27.299564029
27.306573601, 27.309605319
27.316573590, 27.319609776
27.326573632, 27.329685760
27.336573593, 27.339642279
27.346573604, 27.349424490
27.356573620, 27.359619536
27.366573614, 27.369582559
27.376573607, 27.379523056
27.386573617, 27.389659825
27.396573596, 27.399608865
27.406573589, 27.409442498
27.416573592, 27.419548147
27.426573609, 27.429589491
27.436573606, 27.439627057
27.446573612, 27.449655234
27.456573601, 27.459545723
27.466573589, 27.469676186
27.476573593, 27.479601649
27.486573601, 27.489611980
27.496573615, 27.499471607
27.506573604, 27.509643419
27.516573592, 27.519600297
27.526573600, 27.529603194
27.536573615, 27.539660358
27.546573604, 27.549656770
27.556573593, 27.559632867
27.566573620, 27.569376941
27.576573620, 27.579567418
27.586573624, 27.589631555
27.596573596, 27.599687052
27.606573604, 27.609628673
27.616573595, 27.619689521
27.626573612, 27.629644812
27.636573596, 27.639648421
27.646573599, 27.649538369
27.656573598, 27.659535315
27.666573609, 27.669579146
27.676573592, 27.679637631
27.686573620, 27.689522227
27.696573589, 27.699514932
27.706573595, 27.709364878
27.716573594, 27.719743112
27.726573604, 27.729694455
27.736573613, 27.739600687
27.746573605, 27.749692508
27.756573608, 27.759636526
27.766573597, 27.769456957
27.776573601, 27.779343455
27.786573609, 27.789634308
27.796573589, 27.799623136
27.806573604, 27.809629019
27.816573602, 27.819621285
27.826573598, 27.829627416
27.836573602, 27.839682363
27.846573609, 27.849322357
27.856573592, 27.859532691
27.866573607, 27.869615734
27.876573598, 27.879546512
27.886573598, 27.889557165
27.896573597, 27.899673460
27.906573611, 27.909711777
27.916573596, 27.919682971
27.926573604, 27.929374831
27.936573596, 27.939446946
27.946573602, 27.949635766
27.956573602, 27.959611597
27.966573611, 27.969604594
27.976573593, 27.979613362
27.986573612, 27.989606658
27.996573595, 27.999590676
28.006573604, 28.009537619
28.016573604, 28.019649752
28.026573616, 28.029671822
28.036573593, 28.039635487
28.046573610, 28.049615649
28.056573601, 28.059563505
28.066573590, 28.069673360
28.076573600, 28.079570310
28.086573606, 28.089618793
28.096573597, 28.099550966
28.106573604, 28.109544706
28.116573589, 28.119626776
28.126573601, 28.129621935
28.136573595, 28.139680610
28.146573601, 28.149665069
28.156573599, 28.159728935
28.166573622, 28.169670143
28.176573604, 28.179746532
28.186573604, 28.189668374
28.196573597, 28.199637688
28.206573604, 28.209570758
28.216573597, 28.219609486
28.226573622, 28.229736171
28.236573606, 28.239660954
28.246573595, 28.249606294
28.256573598, 28.259621876
28.266573614, 28.269652081
28.276573604, 28.279453396
28.286573602, 28.289682479
28.296573594, 28.299628074
28.306573600, 28.309569723
28.316573603, 28.319648636
28.326573601, 28.329576514
28.336573595, 28.339345261
28.346573607, 28.349593476
28.356573589, 28.359640637
28.366573591, 28.369654364
28.376573608, 28.379634406
28.386573619, 28.389657892
28.396573592, 28.399695207
28.406573607, 28.409348064
28.416573590, 28.419517478
28.426573600, 28.429642845
28.436573602, 28.439643536
28.446573606, 28.449592780
28.456573591, 28.459700397
28.466573612, 28.469617900
28.476573601, 28.479580956
28.486573603, 28.489411628
28.496573594, 28.499608286
28.506573614, 28.509677425
28.516573597, 28.519590522
28.526573612, 28.529557332
28.536573600, 28.539625462
28.546573595, 28.549597453
28.556573597, 28.559635574
28.566573606, 28.569428627
28.576573593, 28.579560602
28.586573604, 28.589680720
28.596573602, 28.599652773
28.606573607, 28.609705197
28.616573602, 28.619571177
28.626573604, 28.629542766
28.636573598, 28.639659752
28.646573607, 28.649651992
28.656573595, 28.659562288
28.666573599, 28.669659840
28.676573599, 28.679675190
28.686573599, 28.689632420
28.696573600, 28.699389340
28.706573597, 28.709650490
28.716573602, 28.719624485
28.726573594, 28.729510160
28.736573594, 28.739538258
28.746573611, 28.749625895
28.756573599, 28.759692574
28.766573620, 28.769645135
28.776573593, 28.779454604
28.786573603, 28.789639662
28.796573605, 28.799694558
28.806573619, 28.809718987
28.816573599, 28.819644982
28.826573612, 28.829607723
28.836573604, 28.839409440
28.846573595, 28.849464260
28.856573589, 28.859708028
28.866573604, 28.869656973
28.876573602, 28.879617387
28.886573610, 28.889645821
28.896573600, 28.899586789
28.906573596, 28.909436102
28.916573595, 28.919653382
28.926573604, 28.929654382
28.936573604, 28.939575274
28.946573610, 28.949647343
28.956573598, 28.959603893
28.966573599, 28.969692085
28.976573590, 28.979628248
28.986573609, 28.989319988
28.996573596, 28.999616787
29.006573612, 29.009672293
29.016573597, 29.019631432
29.026573600, 29.029720469
29.036573605, 29.039617343
29.046573619, 29.049535631
29.056573593, 29.059401998
29.066573612, 29.069515293
29.076573595, 29.079657316
29.086573599, 29.089613802
29.096573592, 29.099588489
29.106573616, 29.109611554
29.116573600, 29.119688161
29.126573615, 29.129636041
29.136573604, 29.139603529
29.146573599, 29.149352474
29.156573599, 29.159555318
29.166573609, 29.169593632
29.176573595, 29.179527999
29.186573602, 29.189639900
29.196573600, 29.199592885
29.206573595, 29.209491073
29.216573592, 29.219480277
29.226573626, 29.229682110
29.236573597, 29.239669465
29.246573620, 29.249779791
29.256573591, 29.259658120
29.266573594, 29.269471764
29.276573607, 29.279361231
29.286573616, 29.289584308
29.296573595, 29.299691771
29.306573599, 29.309584642
29.316573592, 29.319667149
29.326573599, 29.329711305
29.336573596, 29.339644507
29.346573609, 29.349624106
29.356573598, 29.359499060
29.366573599, 29.369516017
29.376573600, 29.379611233
29.386573597, 29.389647776
29.396573599, 29.399592861
29.406573611, 29.409658526
29.416573599, 29.419530276
29.426573597, 29.429423232
29.436573592, 29.439669408
29.446573599, 29.449695424
29.456573604, 29.459688006
29.466573611, 29.469627557
29.476573606, 29.479717674
29.486573617, 29.489373863
29.496573594, 29.499449087
29.506573598, 29.509675030
29.516573596, 29.519724238
29.526573601, 29.529613527
29.536573591, 29.539679195
29.546573620, 29.549644902
29.556573592, 29.559637688
29.566573599, 29.569498832
29.576573602, 29.579608467
29.586573614, 29.589549176
29.596573602, 29.599712380
29.606573617, 29.609616273
29.616573597, 29.619405770
29.626573634, 29.629665129
29.636573620, 29.639627474
29.646573609, 29.649565214
29.656573596, 29.659670420
29.666573602, 29.669621511
29.676573593, 29.679557232
29.686573603, 29.689456191
29.696573594, 29.699682550
29.706573609, 29.709634812
29.716573598, 29.719665195
29.726573610, 29.729671316
29.736573601, 29.739651277
29.746573598, 29.749339360
29.756573607, 29.759445190
29.766573596, 29.769702146
29.776573605, 29.779591693
29.786573599, 29.789676596
29.796573599, 29.799666111
29.806573603, 29.809427873
29.816573602, 29.819433344
29.826573616, 29.829652667
29.836573609, 29.839711162
29.846573615, 29.849648225
29.856573609, 29.859672647
29.866573598, 29.869666218
29.876573603, 29.879435338
29.886573606, 29.889711504
29.896573592, 29.899640385
29.906573615, 29.909611657
29.916573606, 29.919640321
29.926573601, 29.929737073
29.936573602, 29.939399739
29.946573616, 29.949618951
29.956573603, 29.959676813
29.966573610, 29.969608888
29.976573597, 29.979640080
29.986573608, 29.989701690
29.996573597, 29.999691933
30.006573606, 30.009451882
30.016573591, 30.019489368
30.026573615, 30.029554286
30.036573595, 30.039657476
30.046573601, 30.049630344
30.056573600, 30.059577726
30.066573606, 30.069580301
30.076573594, 30.079605225
30.086573607, 30.089623230
30.096573597, 30.099450816
30.106573603, 30.109660640
30.116573599, 30.119672283
30.126573619, 30.129692851
30.136573594, 30.139699104
30.146573620, 30.149720664
30.156573598, 30.159661593
30.166573601, 30.169351691
30.176573604, 30.179532715
30.186573604, 30.189606083
30.196573600, 30.199634655
30.206573612, 30.209642238
30.216573589, 30.219554193
30.226573603, 30.229401906
30.236573602, 30.239675913
30.246573616, 30.249628737
30.256573599, 30.259547510
30.266573610, 30.269618223
30.276573595, 30.279598514
30.286573601, 30.289613579
30.296573599, 30.299655327
30.306573604, 30.309670874
30.316573594, 30.319600883
30.326573612, 30.329689216
30.336573591, 30.339755487
30.346573606, 30.349607753
30.356573623, 30.359614316
30.366573601, 30.369639636
30.376573597, 30.379684168
30.386573607, 30.389724568
30.396573602, 30.399623916
30.406573592, 30.409674376
30.416573600, 30.419651548
30.426573606, 30.429422256
30.436573595, 30.439648890
30.446573612, 30.449667115
30.456573595, 30.459606499
30.466573603, 30.469615907
30.476573594, 30.479653106
30.486573606, 30.489618061
30.496573589, 30.499651166
30.506573617, 30.509481825
30.516573595, 30.519689851
30.526573601, 30.529555651
30.536573608, 30.539718425
30.546573611, 30.549538428
30.556573592, 30.559503492
30.566573617, 30.569601525
30.576573595, 30.579613637
30.586573598, 30.589695826
30.596573599, 30.599486763
30.606573611, 30.609574986
30.616573596, 30.619600518
30.626573604, 30.629614354
30.636573601, 30.639643546
30.646573593, 30.649643235
30.656573600, 30.659672822
30.666573621, 30.669540195
30.676573594, 30.679607381
30.686573604, 30.689574456
30.696573596, 30.699581166
30.706573602, 30.709631545
30.716573597, 30.719617220
30.726573609, 30.729302058
30.736573599, 30.739510809
30.746573604, 30.749707142
30.756573606, 30.759714139
30.766573601, 30.769722993
30.776573600, 30.779613853
30.786573611, 30.789361866
30.796573603, 30.799567011
30.806573599, 30.809642451
30.816573594, 30.819643546
30.826573600, 30.829629373
30.836573603, 30.839636988
30.846573606, 30.849681464
30.856573592, 30.859646036
30.866573615, 30.869499673
30.876573592, 30.879672432
30.886573603, 30.889620947
30.896573600, 30.899539822
30.906573631, 30.909661910
30.916573606, 30.919672683
30.926573612, 30.929363917
30.936573594, 30.939595559
30.946573600, 30.949597309
30.956573602, 30.959592258
30.966573611, 30.969585098
30.976573599, 30.979593971
30.986573610, 30.989619560
30.996573591, 30.999527154
31.006573606, 31.009605917
31.016573594, 31.019674479
31.026573609, 31.029665458
31.036573599, 31.039714554
31.046573607, 31.049692587
31.056573601, 31.059476699
31.066573590, 31.069589513
31.076573589, 31.079634458
31.086573609, 31.089624600
31.096573598, 31.099631451
31.106573607, 31.109347943
31.116573597, 31.119625594
31.126573597, 31.129575031
31.136573598, 31.139552127
31.146573616, 31.149505464
31.156573594, 31.159629415
31.166573617, 31.169626139
31.176573596, 31.179630473
31.186573595, 31.189509201
31.196573595, 31.199502514
31.206573611, 31.209657491
31.216573602, 31.219682031
31.226573615, 31.229603382
31.236573604, 31.239754637
31.246573589, 31.249516644
31.256573602, 31.259422225
31.266573611, 31.269712944
31.276573603, 31.279664046
31.286573617, 31.289678345
31.296573609, 31.299721421
31.306573608, 31.309440407
31.316573597, 31.319629970
31.326573601, 31.329512984
31.336573595, 31.339636897
31.346573604, 31.349680004
31.356573594, 31.359647330
31.366573601, 31.369297977
31.376573604, 31.379521903
31.386573609, 31.389669342
31.396573598, 31.399626949
31.406573620, 31.409636385
31.416573599, 31.419731812
31.426573594, 31.429715933
31.436573599, 31.439566348
31.446573616, 31.449514726
31.456573602, 31.459674328
31.466573622, 31.469668404
31.476573594, 31.479690433
31.486573593, 31.489333156
31.496573604, 31.499607154
31.506573609, 31.509681358
31.516573596, 31.519691137
31.526573604, 31.529634402
31.536573597, 31.539655218
31.546573598, 31.549492865
31.556573595, 31.559402525
31.566573609, 31.569603512
31.576573607, 31.579641593
31.586573622, 31.589586667
31.596573599, 31.599621302
31.606573595, 31.609620521
31.616573600, 31.619652362
31.626573609, 31.629726354
31.636573591, 31.639636476
31.646573604, 31.649644725
31.656573594, 31.659399427
31.666573591, 31.669713861
31.676573595, 31.679625617
31.686573609, 31.689647490
31.696573604, 31.699702672
31.706573615, 31.709597308
31.716573592, 31.719537207
31.726573604, 31.729671138
31.736573599, 31.739703674
31.746573614, 31.749661433
31.756573600, 31.759704339
31.766573610, 31.769386551
31.776573600, 31.779413205
31.786573603, 31.789640055
31.796573600, 31.799621441
31.806573619, 31.809615162
31.816573591, 31.819635913
31.826573604, 31.829627230
31.836573601, 31.839323308
31.846573605, 31.849573383
31.856573594, 31.859631452
31.866573616, 31.869770245
31.876573600, 31.879758289
31.886573615, 31.889396579
31.896573594, 31.899337393
31.906573602, 31.909576496
31.916573600, 31.919702527
31.926573604, 31.929616889
31.936573593, 31.939731880
31.946573607, 31.949616800
31.956573595, 31.959509999
31.966573603, 31.969654296
31.976573588, 31.979627161
31.986573609, 31.989579168
31.996573594, 31.999650845
32.006573604, 32.009573133
32.016573591, 32.019409050
32.026573597, 32.029641743
32.036573594, 32.039658476
32.046573609, 32.049460910
32.056573596, 32.059661498
------------------------------
