------------------------------
test was performed using the following parameters: --mps=100 --burst=1 --reply-every=1 --msg-size=14 --time=10
------------------------------
sockperf: [Total Run] RunTime=10.100 sec; SentMessages=1011; ReceivedMessages=1010
sockperf: ========= Printing statistics for Server No: 0
sockperf: [Valid Duration] RunTime=9.980 sec; SentMessages=999; ReceivedMessages=999
sockperf: [2;35m====> avg-lat= 42.426 (std-dev=13.287)[0m
sockperf: # dropped messages = 0; # duplicated messages = 0; # out-of-order messages = 0
sockperf: [2;35mTotal 999 observations[0m; each percentile contains 9.99 observations
sockperf: ---> <MAX> observation =   95.556
sockperf: ---> percentile 99.999 =   95.556
sockperf: ---> percentile 99.990 =   95.556
sockperf: ---> percentile 99.900 =   86.369
sockperf: ---> percentile 99.000 =   76.161
sockperf: ---> percentile 90.000 =   60.671
sockperf: ---> percentile 75.000 =   51.385
sockperf: ---> percentile 50.000 =   40.602
sockperf: ---> percentile 25.000 =   33.037
sockperf: ---> <MIN> observation =   17.580
------------------------------
txTime, rxTime
2.061622931, 2.061741029
2.071621987, 2.071693518
2.081621985, 2.081682403
2.091621988, 2.091741717
2.101621983, 2.101739461
2.111621985, 2.111730848
2.121621965, 2.121752718
2.131621980, 2.131733910
2.141621968, 2.141689169
2.151621984, 2.151684230
2.161621988, 2.161711031
2.171621982, 2.171684924
2.181621982, 2.181710369
2.191621977, 2.191757487
2.201621976, 2.201724138
2.211621985, 2.211774307
2.221621989, 2.221741471
2.231621982, 2.231705181
2.241621989, 2.241746501
2.251621992, 2.251710335
2.261621990, 2.261794730
2.271621991, 2.271785128
2.281621985, 2.281696861
2.291621982, 2.291714713
2.301621989, 2.301757925
2.311621989, 2.311719348
2.321621986, 2.321745450
2.331621985, 2.331734427
2.341621990, 2.341753758
2.351621991, 2.351753403
2.361621990, 2.361699564
2.371621992, 2.371698462
2.381622020, 2.381693829
2.391621986, 2.391694045
2.401621987, 2.401695216
2.411621982, 2.411715153
2.421621988, 2.421704326
2.431621983, 2.431700259
2.441621986, 2.441712592
2.451621990, 2.451704678
2.461622014, 2.461726212
2.471621988, 2.471693080
2.481621989, 2.481699489
2.491621987, 2.491726263
2.501621986, 2.501700238
2.511621981, 2.511719529
2.521621967, 2.521701239
2.531621978, 2.531713985
2.541621990, 2.541693930
2.551621988, 2.551711173
2.561621992, 2.561695483
2.571621981, 2.571694973
2.581621984, 2.581695642
2.591621993, 2.591694429
2.601621988, 2.601718342
2.611621985, 2.611693495
2.621621982, 2.621758816
2.631621990, 2.631769653
2.641621970, 2.641780738
2.651621971, 2.651725934
2.661621969, 2.661752659
2.671621970, 2.671706825
2.681621977, 2.681753389
2.691621969, 2.691695065
2.701621989, 2.701725752
2.711621985, 2.711698191
2.721621972, 2.721695199
2.731621982, 2.731694831
2.741621970, 2.741696000
2.751621975, 2.751715380
2.761621979, 2.761693206
2.771621982, 2.771694565
2.781621986, 2.781705546
2.791621988, 2.791699095
2.801621986, 2.801721248
2.811621985, 2.811729878
2.821621983, 2.821693864
2.831621980, 2.831694232
2.841621985, 2.841695338
2.851621982, 2.851695604
2.861621985, 2.861694425
2.871621988, 2.871720771
2.881621982, 2.881713537
2.891621976, 2.891693414
2.901621984, 2.901708841
2.911621980, 2.911694060
2.921621983, 2.921696762
2.931621982, 2.931707212
2.941621989, 2.941722344
2.951621972, 2.951709424
2.961621993, 2.961702289
2.971621984, 2.971707743
2.981621987, 2.981724121
2.991621985, 2.991762749
3.001621977, 3.001751868
3.011621982, 3.011776665
3.021621990, 3.021734573
3.031621985, 3.031746539
3.041621986, 3.041715008
3.051621981, 3.051713663
3.061621987, 3.061719625
3.071621987, 3.071753320
3.081621980, 3.081714518
3.091621982, 3.091715966
3.101621983, 3.101736477
3.111622167, 3.111714814
3.121621982, 3.121716854
3.131621968, 3.131713168
3.141621986, 3.141721677
3.151621988, 3.151749940
3.161621983, 3.161690976
3.171621971, 3.171738201
3.181621970, 3.181755433
3.191621982, 3.191690965
3.201621967, 3.201705093
3.211621967, 3.211710835
3.221621975, 3.221688744
3.231621974, 3.231730983
3.241621969, 3.241711955
3.251621972, 3.251716332
3.261621974, 3.261709186
3.271621982, 3.271697841
3.281621985, 3.281714506
3.291622018, 3.291742940
3.301621984, 3.301737625
3.311621982, 3.311717002
3.321621986, 3.321742746
3.331621964, 3.331755799
3.341621982, 3.341764348
3.351621988, 3.351694725
3.361621989, 3.361731310
3.371621978, 3.371694291
3.381621984, 3.381755180
3.391621972, 3.391700971
3.401621986, 3.401698471
3.411621988, 3.411730386
3.421621979, 3.421724187
3.431621986, 3.431694695
3.441621967, 3.441731271
3.451622026, 3.451748009
3.461621987, 3.461764571
3.471621981, 3.471693958
3.481621985, 3.481694500
3.491621972, 3.491718462
3.501621975, 3.501744175
3.511621985, 3.511709338
3.521621986, 3.521701722
3.531621982, 3.531754808
3.541621972, 3.541760047
3.551621965, 3.551724494
3.561621962, 3.561714943
3.571621967, 3.571682679
3.581621971, 3.581683730
3.591621974, 3.591701103
3.601621967, 3.601729576
3.611621968, 3.611682988
3.621621969, 3.621731902
3.631621968, 3.631729444
3.641621972, 3.641715710
3.651621970, 3.651745631
3.661621970, 3.661691926
3.671621966, 3.671737531
3.681621965, 3.681706237
3.691621962, 3.691700708
3.701621970, 3.701699757
3.711621964, 3.711682670
3.721621970, 3.721687888
3.731621968, 3.731725534
3.741621960, 3.741690005
3.751621970, 3.751692730
3.761621968, 3.761710012
3.771621970, 3.771701414
3.781621997, 3.781709881
3.791621996, 3.791700689
3.801621969, 3.801703638
3.811621992, 3.811734171
3.821621983, 3.821689605
3.831621984, 3.831689186
3.841621988, 3.841693107
3.851621995, 3.851700241
3.861621989, 3.861741645
3.871621992, 3.871690631
3.881621988, 3.881688462
3.891621966, 3.891734627
3.901621980, 3.901695424
3.911621990, 3.911715330
3.921621967, 3.921755136
3.931621974, 3.931704059
3.941621971, 3.941724703
3.951621980, 3.951698303
3.961621973, 3.961702363
3.971621978, 3.971725167
3.981621967, 3.981692915
3.991621982, 3.991701230
4.001621988, 4.001751443
4.011621974, 4.011707412
4.021635737, 4.021771099
4.031621967, 4.031700520
4.041621969, 4.041742717
4.051621972, 4.051693044
4.061621972, 4.061685079
4.071621965, 4.071728562
4.081621985, 4.081743963
4.091621986, 4.091719003
4.101621980, 4.101712319
4.111621989, 4.111701833
4.121621980, 4.121682638
4.131621984, 4.131714553
4.141621974, 4.141751998
4.151621987, 4.151699896
4.161621980, 4.161699425
4.171622010, 4.171683594
4.181621981, 4.181738845
4.191621971, 4.191683503
4.201621985, 4.201683137
4.211621973, 4.211750231
4.221621979, 4.221684938
4.231621974, 4.231684128
4.241621972, 4.241684841
4.251621994, 4.251705759
4.261621969, 4.261711699
4.271621985, 4.271691042
4.281621967, 4.281717456
4.291621970, 4.291690018
4.301621970, 4.301740039
4.311621974, 4.311695656
4.321621973, 4.321718793
4.331621970, 4.331683056
4.341621980, 4.341683765
4.351621988, 4.351685061
4.361621975, 4.361682707
4.371621980, 4.371742044
4.381621970, 4.381708692
4.391621968, 4.391688420
4.401621971, 4.401721655
4.411621964, 4.411702159
4.421621967, 4.421706903
4.431621970, 4.431683632
4.441621967, 4.441703909
4.451621966, 4.451714895
4.461621971, 4.461719513
4.471621967, 4.471705612
4.481621966, 4.481693032
4.491621984, 4.491693118
4.501621963, 4.501726255
4.511633781, 4.511709096
4.521621974, 4.521721286
4.531621965, 4.531729475
4.541621991, 4.541704758
4.551622000, 4.551699011
4.561621989, 4.561690633
4.571625785, 4.571767668
4.581621999, 4.581751635
4.591621982, 4.591718683
4.601627467, 4.601768917
4.611621985, 4.611718793
4.621621990, 4.621718384
4.631624808, 4.631766541
4.641621984, 4.641720143
4.651621994, 4.651813107
4.661621995, 4.661769184
4.671621991, 4.671755063
4.681621989, 4.681730900
4.691624573, 4.691726465
4.701621970, 4.701734858
4.711621970, 4.711709930
4.721621991, 4.721744220
4.731621985, 4.731724756
4.741621994, 4.741728575
4.751621991, 4.751691174
4.761621962, 4.761759499
4.771621965, 4.771729926
4.781621987, 4.781709019
4.791621982, 4.791723041
4.801621968, 4.801690675
4.811621968, 4.811692885
4.821621966, 4.821731899
4.831621969, 4.831735949
4.841621971, 4.841693431
4.851621972, 4.851724057
4.861621969, 4.861689857
4.871621971, 4.871695702
4.881621965, 4.881724889
4.891621968, 4.891729896
4.901621968, 4.901688885
4.911621967, 4.911724210
4.921621974, 4.921696479
4.931621970, 4.931689422
4.941621972, 4.941689552
4.951621970, 4.951756323
4.961621972, 4.961729120
4.971621967, 4.971691189
4.981621974, 4.981730392
4.991621972, 4.991714124
5.001621969, 5.001708105
5.011621969, 5.011690227
5.021621972, 5.021700721
5.031621961, 5.031689755
5.041621964, 5.041708552
5.051621970, 5.051706063
5.061621966, 5.061689978
5.071621970, 5.071697574
5.081621972, 5.081684398
5.091621965, 5.091731481
5.101621963, 5.101702627
5.111621970, 5.111692596
5.121621966, 5.121686914
5.131621964, 5.131734136
5.141621965, 5.141725371
5.151621972, 5.151690965
5.161621965, 5.161689025
5.171621963, 5.171688455
5.181621967, 5.181733585
5.191621969, 5.191688043
5.201621965, 5.201704780
5.211630353, 5.211743607
5.221621963, 5.221727586
5.231621972, 5.231686414
5.241621969, 5.241711463
5.251621967, 5.251718621
5.261621972, 5.261707566
5.271621965, 5.271701142
5.281621964, 5.281686302
5.291621973, 5.291692684
5.301621964, 5.301691163
5.311621968, 5.311685808
5.321621966, 5.321687742
5.331621964, 5.331688661
5.341621967, 5.341708060
5.351621967, 5.351689666
5.361621962, 5.361748939
5.371621970, 5.371691604
5.381621971, 5.381737874
5.391621971, 5.391685323
5.401621973, 5.401689716
5.411621968, 5.411746483
5.421621966, 5.421729081
5.431621968, 5.431711913
5.441621973, 5.441719961
5.451621970, 5.451688134
5.461621968, 5.461692296
5.471621972, 5.471688812
5.481621962, 5.481688248
5.491621973, 5.491728754
5.501621970, 5.501696203
5.511621967, 5.511690365
5.521621967, 5.521721281
5.531621972, 5.531688611
5.541621970, 5.541703827
5.551621965, 5.551687339
5.561621970, 5.561715832
5.571621970, 5.571712340
5.581621964, 5.581753886
5.591621972, 5.591687003
5.601621969, 5.601688436
5.611621969, 5.611710901
5.621621967, 5.621696785
5.631621970, 5.631750150
5.641621968, 5.641752173
5.651621967, 5.651702631
5.661621965, 5.661686095
5.671621960, 5.671719757
5.681621965, 5.681688915
5.691621971, 5.691726622
5.701621970, 5.701688299
5.711621973, 5.711690903
5.721621965, 5.721690386
5.731621968, 5.731700644
5.741621971, 5.741692887
5.751621965, 5.751704469
5.761621967, 5.761703999
5.771621967, 5.771702046
5.781621970, 5.781721774
5.791621968, 5.791770532
5.801621973, 5.801739789
5.811621972, 5.811691726
5.821621970, 5.821771959
5.831632888, 5.831734755
5.841621970, 5.841708818
5.851621967, 5.851727039
5.861621970, 5.861792488
5.871621999, 5.871718311
5.881621973, 5.881691677
5.891621966, 5.891712263
5.901621965, 5.901690778
5.911621968, 5.911720274
5.921621970, 5.921712895
5.931621970, 5.931718966
5.941621970, 5.941688894
5.951622008, 5.951720114
5.961621965, 5.961765123
5.971621968, 5.971747409
5.981621976, 5.981697562
5.991621971, 5.991778973
6.001621973, 6.001774081
6.011621968, 6.011689903
6.021621975, 6.021686037
6.031621965, 6.031715163
6.041621970, 6.041716945
6.051624269, 6.051770537
6.061621967, 6.061742418
6.071621972, 6.071707768
6.081621969, 6.081751312
6.091621967, 6.091745517
6.101621971, 6.101701242
6.111621971, 6.111743375
6.121621968, 6.121728465
6.131621966, 6.131685525
6.141621967, 6.141687465
6.151621970, 6.151707280
6.161621971, 6.161722679
6.171621966, 6.171779394
6.181621972, 6.181695187
6.191621975, 6.191698563
6.201621982, 6.201702279
6.211621982, 6.211694198
6.221621986, 6.221721472
6.231621989, 6.231687495
6.241621988, 6.241725347
6.251622017, 6.251705606
6.261621988, 6.261689968
6.271621988, 6.271694085
6.281621988, 6.281726131
6.291622013, 6.291720762
6.301621987, 6.301736686
6.311621986, 6.311717547
6.321621982, 6.321718795
6.331621985, 6.331692433
6.341621988, 6.341695573
6.351621988, 6.351746924
6.361621987, 6.361689682
6.371621972, 6.371748516
6.381621984, 6.381730369
6.391621967, 6.391747171
6.401621973, 6.401726918
6.411621984, 6.411694561
6.421621988, 6.421715528
6.431621975, 6.431721347
6.441621977, 6.441710644
6.451621972, 6.451725223
6.461621975, 6.461770427
6.471621971, 6.471708027
6.481621972, 6.481690816
6.491621967, 6.491711989
6.501621981, 6.501758255
6.511622029, 6.511727153
6.521621981, 6.521723403
6.531621982, 6.531764738
6.541621985, 6.541734950
6.551634507, 6.551738062
6.561621985, 6.561691549
6.571621989, 6.571661751
6.581625216, 6.581672095
6.591621984, 6.591670558
6.601621965, 6.601698967
6.611621965, 6.611662249
6.621621984, 6.621660583
6.631621987, 6.631660895
6.641621992, 6.641661058
6.651621984, 6.651689297
6.661621983, 6.661684484
6.671621983, 6.671664474
6.681621981, 6.681686003
6.691621987, 6.691675259
6.701621971, 6.701721681
6.711621989, 6.711660965
6.721621987, 6.721684198
6.731621987, 6.731662524
6.741621981, 6.741704600
6.751621980, 6.751686977
6.761621987, 6.761687940
6.771621982, 6.771719093
6.781621988, 6.781690964
6.791621975, 6.791700924
6.801621971, 6.801673686
6.811621970, 6.811733597
6.821621977, 6.821751130
6.831621967, 6.831692608
6.841621960, 6.841738905
6.851621970, 6.851709239
6.861621990, 6.861688718
6.871621988, 6.871683759
6.881621970, 6.881698034
6.891621999, 6.891679264
6.901621969, 6.901713947
6.911621967, 6.911674957
6.921622004, 6.921723074
6.931621974, 6.931698252
6.941621970, 6.941695100
6.951621974, 6.951672814
6.961626239, 6.961680723
6.971621968, 6.971679759
6.981621966, 6.981666362
6.991621965, 6.991667796
7.001621967, 7.001665709
7.011621984, 7.011682961
7.021621989, 7.021681988
7.031621962, 7.031681596
7.041621969, 7.041689792
7.051621974, 7.051693474
7.061621983, 7.061689128
7.071621969, 7.071679291
7.081621995, 7.081715269
7.091622006, 7.091684855
7.101621985, 7.101703567
7.111621980, 7.111723833
7.121621976, 7.121681508
7.131621972, 7.131732852
7.141621987, 7.141708597
7.151621985, 7.151675723
7.161621970, 7.161671544
7.171621993, 7.171671056
7.181621982, 7.181667469
7.191621994, 7.191715656
7.201621969, 7.201686327
7.211621973, 7.211690708
7.221631312, 7.221726729
7.231622043, 7.231700675
7.241621982, 7.241666913
7.251622009, 7.251669196
7.261621988, 7.261703118
7.271621986, 7.271687113
7.281621964, 7.281677506
7.291621995, 7.291719741
7.301622010, 7.301702455
7.311621972, 7.311695982
7.321621989, 7.321702540
7.331621996, 7.331687837
7.341621982, 7.341669818
7.351621962, 7.351676250
7.361621993, 7.361740094
7.371621980, 7.371665084
7.381621984, 7.381681135
7.391621971, 7.391702747
7.401621981, 7.401726953
7.411621988, 7.411739539
7.421621966, 7.421727371
7.431621988, 7.431690484
7.441621973, 7.441712732
7.451621983, 7.451699966
7.461621964, 7.461667554
7.471621974, 7.471666787
7.481621991, 7.481681786
7.491621986, 7.491687183
7.501621973, 7.501666980
7.511621973, 7.511668591
7.521621991, 7.521706115
7.531621983, 7.531665594
7.541621995, 7.541664508
7.551621994, 7.551670909
7.561621994, 7.561671402
7.571621986, 7.571672290
7.581621961, 7.581692187
7.591621967, 7.591740628
7.601621988, 7.601685877
7.611621985, 7.611704005
7.621621982, 7.621683517
7.631621970, 7.631685731
7.641621989, 7.641730783
7.651621984, 7.651742233
7.661621968, 7.661685557
7.671621985, 7.671704587
7.681621995, 7.681727428
7.691622003, 7.691698037
7.701621995, 7.701700775
7.711621968, 7.711669013
7.721621986, 7.721668566
7.731621986, 7.731679276
7.741621985, 7.741696446
7.751621986, 7.751701915
7.761621985, 7.761700285
7.771621972, 7.771685309
7.781621995, 7.781670263
7.791621985, 7.791667417
7.801621988, 7.801685587
7.811621972, 7.811667460
7.821621967, 7.821670219
7.831621968, 7.831700307
7.841621990, 7.841728932
7.851621980, 7.851703916
7.861621964, 7.861677942
7.871621967, 7.871690611
7.881621965, 7.881730775
7.891621969, 7.891677042
7.901621971, 7.901717334
7.911621988, 7.911721694
7.921621972, 7.921682624
7.931621991, 7.931697806
7.941621985, 7.941669903
7.951621984, 7.951671570
7.961621966, 7.961674499
7.971621967, 7.971682871
7.981621993, 7.981672282
7.991621982, 7.991693680
8.001621980, 8.001670810
8.011621965, 8.011696203
8.021621967, 8.021680221
8.031621990, 8.031676490
8.041621984, 8.041664926
8.051621986, 8.051686822
8.061621967, 8.061664769
8.071621964, 8.071696103
8.081621965, 8.081686330
8.091621966, 8.091676103
8.101621969, 8.101704432
8.111622003, 8.111739391
8.121621976, 8.121675319
8.131621964, 8.131689215
8.141621982, 8.141683009
8.151621988, 8.151679579
8.161621990, 8.161736945
8.171621985, 8.171715033
8.181621995, 8.181727983
8.191621998, 8.191687462
8.201621996, 8.201702152
8.211621989, 8.211710106
8.221621990, 8.221711025
8.231621987, 8.231665712
8.241621970, 8.241727289
8.251621979, 8.251665352
8.261621992, 8.261723681
8.271621988, 8.271690226
8.281621968, 8.281719692
8.291622005, 8.291705532
8.301621970, 8.301675060
8.311632874, 8.311687087
8.321621966, 8.321686638
8.331621989, 8.331665137
8.341621972, 8.341677980
8.351621971, 8.351677245
8.361621964, 8.361675195
8.371621964, 8.371683193
8.381621971, 8.381705491
8.391621960, 8.391731400
8.401621972, 8.401672399
8.411621965, 8.411663027
8.421621960, 8.421663996
8.431621970, 8.431689367
8.441621972, 8.441723003
8.451621965, 8.451686508
8.461621970, 8.461733613
8.471621965, 8.471720416
8.481621972, 8.481662775
8.491621962, 8.491668353
8.501621968, 8.501714297
8.511621967, 8.511723173
8.521621969, 8.521692208
8.531621970, 8.531664765
8.541621965, 8.541663530
8.551621967, 8.551711363
8.561621967, 8.561679097
8.571621970, 8.571681684
8.581621963, 8.581679941
8.591621970, 8.591740524
8.601621967, 8.601694846
8.611621965, 8.611717136
8.621621966, 8.621758870
8.631621962, 8.631678304
8.641621969, 8.641685787
8.651621967, 8.651692479
8.661621970, 8.661723481
8.671621980, 8.671726514
8.681621965, 8.681662871
8.691621965, 8.691664903
8.701621970, 8.701699906
8.711621985, 8.711662967
8.721621969, 8.721691243
8.731621962, 8.731712167
8.741621967, 8.741701050
8.751621969, 8.751708608
8.761621970, 8.761700320
8.771621973, 8.771673907
8.781621979, 8.781677357
8.791621963, 8.791671831
8.801622011, 8.801695090
8.811621965, 8.811668990
8.821621968, 8.821713017
8.831621978, 8.831705377
8.841621977, 8.841676623
8.851621983, 8.851672448
8.861621986, 8.861714351
8.871621964, 8.871706974
8.881621964, 8.881690273
8.891621967, 8.891739981
8.901621964, 8.901707373
8.911621968, 8.911684365
8.921621962, 8.921670497
8.931621964, 8.931672113
8.941621970, 8.941672774
8.951621971, 8.951673078
8.961621972, 8.961695542
8.971621960, 8.971715180
8.981621968, 8.981671158
8.991621965, 8.991720020
9.001621969, 9.001710955
9.011621971, 9.011662408
9.021621966, 9.021711568
9.031621970, 9.031680922
9.041621968, 9.041704747
9.051621960, 9.051688172
9.061621968, 9.061663503
9.071621966, 9.071717273
9.081621965, 9.081726380
9.091621965, 9.091703140
9.101621968, 9.101672658
9.111621966, 9.111701453
9.121621964, 9.121718412
9.131621972, 9.131734401
9.141621974, 9.141704422
9.151621973, 9.151691064
9.161621986, 9.161743160
9.171621988, 9.171688985
9.181621982, 9.181706994
9.191621986, 9.191748560
9.201621980, 9.201741888
9.211621985, 9.211734246
9.221632113, 9.221759001
9.231621975, 9.231719426
9.241621985, 9.241706870
9.251623353, 9.251685652
9.261621984, 9.261698261
9.271621992, 9.271718526
9.281621983, 9.281697543
9.291621970, 9.291728541
9.301621982, 9.301733571
9.311621973, 9.311727686
9.321621969, 9.321669233
9.331621975, 9.331663092
9.341621973, 9.341662154
9.351621974, 9.351726478
9.361621969, 9.361693599
9.371621982, 9.371664026
9.381621966, 9.381659750
9.391621968, 9.391698154
9.401621985, 9.401664407
9.411621972, 9.411698349
9.421621968, 9.421674644
9.431621971, 9.431683381
9.441621974, 9.441668151
9.451621974, 9.451707956
9.461621977, 9.461674454
9.471621972, 9.471695317
9.481621967, 9.481716676
9.491621967, 9.491711782
9.501621986, 9.501699969
9.511621985, 9.511698849
9.521621970, 9.521694922
9.531621982, 9.531689350
9.541621989, 9.541688016
9.551621991, 9.551703740
9.561621986, 9.561725154
9.571621989, 9.571715393
9.581621986, 9.581688167
9.591621990, 9.591692525
9.601621970, 9.601736567
9.611621982, 9.611686488
9.621621984, 9.621682158
9.631621992, 9.631666661
9.641621978, 9.641675585
9.651621991, 9.651673687
9.661621985, 9.661691395
9.671621988, 9.671703997
9.681621985, 9.681658439
9.691621983, 9.691710274
9.701621993, 9.701678173
9.711621985, 9.711668571
9.721621984, 9.721659916
9.731621991, 9.731659738
9.741621982, 9.741693105
9.751621982, 9.751661937
9.761621983, 9.761661054
9.771621988, 9.771669501
9.781621994, 9.781661761
9.791621988, 9.791693303
9.801621982, 9.801677845
9.811621987, 9.811699252
9.821621985, 9.821658377
9.831621995, 9.831669033
9.841621985, 9.841668025
9.851621995, 9.851662715
9.861621988, 9.861720190
9.871621987, 9.871659374
9.881621993, 9.881684468
9.891621989, 9.891663297
9.901621993, 9.901665448
9.911621981, 9.911693447
9.921621990, 9.921677227
9.931622242, 9.931658775
9.941621961, 9.941660036
9.951621994, 9.951657519
9.961621985, 9.961703380
9.971621996, 9.971658761
9.981621985, 9.981666993
9.991621982, 9.991657143
10.001622023, 10.001684069
10.011621990, 10.011681312
10.021621984, 10.021703482
10.031621988, 10.031660321
10.041621982, 10.041728722
10.051621993, 10.051676409
10.061621987, 10.061659311
10.071621994, 10.071678190
10.081623981, 10.081665861
10.091621970, 10.091682197
10.101621991, 10.101665692
10.111621983, 10.111657902
10.121622018, 10.121658688
10.131621965, 10.131683917
10.141621983, 10.141689342
10.151621997, 10.151686714
10.161621986, 10.161740676
10.171621984, 10.171695837
10.181621987, 10.181718468
10.191621985, 10.191738673
10.201621995, 10.201726902
10.211621987, 10.211751474
10.221621988, 10.221718237
10.231621989, 10.231690417
10.241621987, 10.241707305
10.251621994, 10.251718251
10.261621985, 10.261718774
10.271621983, 10.271744158
10.281621988, 10.281688688
10.291621983, 10.291741540
10.301621996, 10.301699282
10.311621989, 10.311689725
10.321621984, 10.321695643
10.331621991, 10.331688064
10.341621982, 10.341758401
10.351621993, 10.351693099
10.361621988, 10.361709707
10.371621986, 10.371739421
10.381621968, 10.381725277
10.391621987, 10.391688574
10.401621993, 10.401697434
10.411621987, 10.411686669
10.421621986, 10.421690309
10.431621993, 10.431689118
10.441622097, 10.441744635
10.451621967, 10.451714348
10.461621989, 10.461724878
10.471622017, 10.471694020
10.481621995, 10.481717278
10.491621985, 10.491720013
10.501621995, 10.501713693
10.511621988, 10.511747295
10.521622015, 10.521743913
10.531621992, 10.531728165
10.541621983, 10.541717002
10.551621985, 10.551685026
10.561621989, 10.561687845
10.571621983, 10.571743752
10.581621988, 10.581762074
10.591621987, 10.591735238
10.601621986, 10.601696950
10.611621982, 10.611686110
10.621621974, 10.621696836
10.631621983, 10.631728785
10.641622009, 10.641709210
10.651621987, 10.651724197
10.661621978, 10.661743322
10.671621981, 10.671685625
10.681621987, 10.681717468
10.691621993, 10.691718503
10.701621985, 10.701687137
10.711621980, 10.711756188
10.721621985, 10.721735952
10.731621984, 10.731684664
10.741621990, 10.741750775
10.751621986, 10.751710148
10.761622013, 10.761711453
10.771621984, 10.771743319
10.781621986, 10.781779688
10.791621980, 10.791686799
10.801622007, 10.801685278
10.811621981, 10.811687159
10.821621984, 10.821706852
10.831621974, 10.831689764
10.841621992, 10.841704326
10.851622010, 10.851730013
10.861621983, 10.861715161
10.871621988, 10.871731774
10.881621981, 10.881712517
10.891621980, 10.891719013
10.901621987, 10.901749246
10.911621985, 10.911712571
10.921621978, 10.921692064
10.931622010, 10.931685956
10.941621988, 10.941723222
10.951621987, 10.951698727
10.961621983, 10.961737770
10.971621989, 10.971740533
10.981622014, 10.981691089
10.991621986, 10.991715466
11.001621974, 11.001690425
11.011621985, 11.011709832
11.021621985, 11.021716512
11.031621985, 11.031733401
11.041621982, 11.041685522
11.051621983, 11.051725906
11.061621985, 11.061723381
11.071621984, 11.071717227
11.081621975, 11.081686510
11.091621986, 11.091770345
11.101621982, 11.101709062
11.111621983, 11.111743457
11.121621988, 11.121728306
11.131622005, 11.131728735
11.141621982, 11.141745529
11.151621990, 11.151742721
11.161621984, 11.161716679
11.171621991, 11.171724037
11.181621984, 11.181706928
11.191621982, 11.191721930
11.201621983, 11.201684201
11.211621984, 11.211716059
11.221621970, 11.221688332
11.231621992, 11.231745178
11.241621988, 11.241688485
11.251621989, 11.251730033
11.261621992, 11.261726205
11.271621980, 11.271687053
11.281621988, 11.281720152
11.291622011, 11.291740748
11.301621980, 11.301706182
11.311621987, 11.311731206
11.321621983, 11.321741376
11.331621982, 11.331733526
11.341621987, 11.341684779
11.351621983, 11.351725005
11.361621980, 11.361723305
11.371621985, 11.371738188
11.381621986, 11.381739771
11.391621980, 11.391741789
11.401621979, 11.401732043
11.411621983, 11.411684918
11.421621984, 11.421764897
11.431621987, 11.431725283
11.441621986, 11.441686310
11.451621964, 11.451737624
11.461621982, 11.461686473
11.471621988, 11.471685505
11.481621985, 11.481704241
11.491621984, 11.491747275
11.501621987, 11.501689069
11.511621984, 11.511703647
11.521621979, 11.521687006
11.531621988, 11.531724860
11.541621981, 11.541729629
11.551622007, 11.551776429
11.561621986, 11.561748166
11.571621979, 11.571739169
11.581621982, 11.581716175
11.591621981, 11.591714270
11.601621981, 11.601713219
11.611621984, 11.611726198
11.621621983, 11.621719606
11.631621985, 11.631688860
11.641622015, 11.641686140
11.651621988, 11.651699663
11.661621985, 11.661742117
11.671621983, 11.671685234
11.681621986, 11.681712810
11.691621982, 11.691759742
11.701621979, 11.701732541
11.711621985, 11.711685494
11.721621985, 11.721743651
11.731621984, 11.731734281
11.741621983, 11.741751161
11.751621984, 11.751704721
11.761621983, 11.761689917
11.771621981, 11.771722636
11.781621962, 11.781696785
11.791621982, 11.791721598
11.801621963, 11.801719807
11.811621980, 11.811734451
11.821621962, 11.821720644
11.831621981, 11.831715150
11.841621961, 11.841709828
11.851621984, 11.851739333
11.861621982, 11.861696955
11.871621964, 11.871697631
11.881621982, 11.881696935
11.891621961, 11.891697784
11.901621964, 11.901703168
11.911621962, 11.911708241
11.921621982, 11.921706977
11.931621969, 11.931691565
11.941621977, 11.941698730
11.951621971, 11.951749843
11.961621967, 11.961686485
11.971621970, 11.971685438
11.981621980, 11.981745091
11.991621981, 11.991730351
12.001621985, 12.001714942
12.011621981, 12.011714343
12.021621981, 12.021702345
12.031621983, 12.031719705
12.041621975, 12.041760787
------------------------------
