------------------------------
test was performed using the following parameters: --mps=100 --burst=1 --reply-every=1 --msg-size=14 --time=10
------------------------------
sockperf: [Total Run] RunTime=10.100 sec; SentMessages=1011; ReceivedMessages=1010
sockperf: ========= Printing statistics for Server No: 0
sockperf: [Valid Duration] RunTime=9.990 sec; SentMessages=1000; ReceivedMessages=1000
sockperf: [2;35m====> avg-lat=113.282 (std-dev=27.905)[0m
sockperf: # dropped messages = 0; # duplicated messages = 0; # out-of-order messages = 0
sockperf: [2;35mTotal 1000 observations[0m; each percentile contains 10.00 observations
sockperf: ---> <MAX> observation =  207.573
sockperf: ---> percentile 99.999 =  207.573
sockperf: ---> percentile 99.990 =  207.573
sockperf: ---> percentile 99.900 =  204.472
sockperf: ---> percentile 99.000 =  179.802
sockperf: ---> percentile 90.000 =  149.932
sockperf: ---> percentile 75.000 =  132.044
sockperf: ---> percentile 50.000 =  113.986
sockperf: ---> percentile 25.000 =   94.089
sockperf: ---> <MIN> observation =   40.683
------------------------------
txTime, rxTime
2.061611611, 2.061808247
2.071611616, 2.071736414
2.081611613, 2.081798069
2.091611611, 2.091852535
2.101611612, 2.101808571
2.111611614, 2.111859861
2.121611590, 2.121795369
2.131611589, 2.131852235
2.141611618, 2.141804038
2.151611593, 2.151989930
2.161611612, 2.161853592
2.171611615, 2.171896797
2.181611610, 2.181726035
2.191611618, 2.191870643
2.201611613, 2.201933389
2.211611610, 2.211820205
2.221611613, 2.221839389
2.231611601, 2.231759732
2.241611600, 2.241834011
2.251611609, 2.251877882
2.261611618, 2.261911349
2.271611614, 2.271866051
2.281611607, 2.281875575
2.291611616, 2.291761910
2.301611606, 2.301836343
2.311611616, 2.311831611
2.321611590, 2.321873340
2.331611612, 2.331935179
2.341611619, 2.341886652
2.351611619, 2.351790399
2.361611609, 2.361901631
2.371611613, 2.371885570
2.381611596, 2.381881198
2.391611616, 2.391883580
2.401611611, 2.401845234
2.411611610, 2.411863285
2.421611612, 2.421853200
2.431611601, 2.431879201
2.441611611, 2.441759157
2.451611612, 2.451829324
2.461611612, 2.461862236
2.471611611, 2.471793156
2.481611614, 2.481775234
2.491611614, 2.491779082
2.501611615, 2.501893642
2.511611607, 2.511805180
2.521611616, 2.521751210
2.531611614, 2.531765815
2.541611609, 2.541881776
2.551611609, 2.551848850
2.561611611, 2.561865692
2.571611607, 2.571842839
2.581611618, 2.581872803
2.591611609, 2.591831541
2.601611606, 2.601862451
2.611611609, 2.611783557
2.621611609, 2.621912601
2.631611614, 2.631808906
2.641611608, 2.641820496
2.651611610, 2.651836075
2.661611614, 2.661776776
2.671611612, 2.671862741
2.681611616, 2.681798224
2.691611610, 2.691848852
2.701611623, 2.701746359
2.711611615, 2.711873542
2.721611614, 2.721857375
2.731611617, 2.731918872
2.741611616, 2.741816550
2.751611612, 2.751842817
2.761611616, 2.761899348
2.771611608, 2.771832769
2.781611606, 2.781860410
2.791611609, 2.791902410
2.801611624, 2.801851004
2.811611602, 2.811926963
2.821611611, 2.821738612
2.831611609, 2.831897584
2.841611615, 2.841929449
2.851611608, 2.851903919
2.861611611, 2.861794890
2.871611609, 2.871806546
2.881611628, 2.881699528
2.891611614, 2.891756838
2.901611607, 2.901811766
2.911611617, 2.911787563
2.921611619, 2.921814058
2.931611617, 2.931748601
2.941611618, 2.941974604
2.951611591, 2.951778063
2.961611624, 2.961754106
2.971611621, 2.971822823
2.981611614, 2.981848821
2.991611610, 2.991875699
3.001611623, 3.001864922
3.011611626, 3.011692993
3.021611617, 3.021843971
3.031611613, 3.031842825
3.041611618, 3.041828190
3.051611614, 3.051843197
3.061611637, 3.061779142
3.071611614, 3.071789323
3.081611610, 3.081748748
3.091611617, 3.091852160
3.101611611, 3.101926723
3.111611607, 3.111871103
3.121611614, 3.121808042
3.131611615, 3.131796629
3.141611609, 3.141876976
3.151611617, 3.151852327
3.161611616, 3.161825134
3.171611590, 3.171852250
3.181611682, 3.181902894
3.191611608, 3.191845692
3.201611622, 3.201792797
3.211611613, 3.211826070
3.221611613, 3.221806083
3.231611609, 3.231847705
3.241611611, 3.241874946
3.251611609, 3.251893247
3.261611616, 3.261790679
3.271611611, 3.271783033
3.281611611, 3.281862517
3.291611614, 3.291842711
3.301611612, 3.301785762
3.311611600, 3.311875173
3.321611615, 3.321822849
3.331611616, 3.331757434
3.341611613, 3.341889212
3.351611612, 3.351798695
3.361611608, 3.361862641
3.371611964, 3.371797007
3.381611615, 3.381862184
3.391611611, 3.391783542
3.401611609, 3.401762896
3.411611607, 3.411912242
3.421611613, 3.421942940
3.431611610, 3.431852952
3.441611611, 3.441873989
3.451611613, 3.451845519
3.461611624, 3.461870589
3.471611672, 3.471724659
3.481611611, 3.481693729
3.491611614, 3.491870612
3.501611617, 3.501923304
3.511611616, 3.511799795
3.521611613, 3.521834459
3.531611612, 3.531788349
3.541611616, 3.541831062
3.551611594, 3.551900951
3.561611611, 3.561770103
3.571611614, 3.571892102
3.581611615, 3.581833435
3.591611617, 3.591921606
3.601611617, 3.601858031
3.611611614, 3.611854303
3.621611610, 3.621900973
3.631611609, 3.631865281
3.641611611, 3.641782322
3.651611606, 3.651865716
3.661611608, 3.661790337
3.671611609, 3.671936473
3.681611610, 3.681778681
3.691611616, 3.691876220
3.701611619, 3.701821946
3.711611616, 3.711885013
3.721611614, 3.721866779
3.731611608, 3.731823999
3.741611610, 3.741897997
3.751611609, 3.751913551
3.761611609, 3.761906463
3.771611611, 3.771896124
3.781611609, 3.781804574
3.791611628, 3.791921167
3.801611611, 3.801883343
3.811611608, 3.811838771
3.821611613, 3.821791195
3.831611611, 3.831837262
3.841611609, 3.841814898
3.851611611, 3.851782818
3.861611614, 3.861813333
3.871611639, 3.871751746
3.881611618, 3.881860860
3.891611601, 3.891891963
3.901611609, 3.901804403
3.911611614, 3.911794703
3.921611610, 3.921866701
3.931611618, 3.931807493
3.941611595, 3.941765526
3.951611606, 3.951836426
3.961611612, 3.961717521
3.971611608, 3.971856715
3.981611610, 3.981861031
3.991611616, 3.991812693
4.001611611, 4.001863889
4.011611609, 4.011915756
4.021611613, 4.021925063
4.031611614, 4.031823395
4.041611607, 4.041786750
4.051629871, 4.051901441
4.061611608, 4.061782569
4.071611614, 4.071730802
4.081611608, 4.081907769
4.091611614, 4.091836080
4.101611614, 4.101896305
4.111611611, 4.111837460
4.121611611, 4.121878599
4.131611616, 4.131826710
4.141611614, 4.141840407
4.151611610, 4.151814566
4.161611612, 4.161822975
4.171611612, 4.171762904
4.181611616, 4.181816359
4.191611625, 4.191729681
4.201611617, 4.201863185
4.211611608, 4.211773256
4.221611617, 4.221884374
4.231611618, 4.231750492
4.241611608, 4.241835648
4.251611607, 4.251809944
4.261611609, 4.261879006
4.271611609, 4.271841458
4.281611607, 4.281906724
4.291611609, 4.291934562
4.301611608, 4.301750263
4.311611609, 4.311838612
4.321611613, 4.321868458
4.331611610, 4.331721042
4.341611617, 4.341847502
4.351611614, 4.351876949
4.361611613, 4.361823082
4.371611611, 4.371919975
4.381611612, 4.381894319
4.391611611, 4.391841838
4.401611616, 4.401828977
4.411611611, 4.411838849
4.421611611, 4.421792235
4.431611612, 4.431888946
4.441611607, 4.441832550
4.451611616, 4.451827166
4.461611624, 4.461882570
4.471611616, 4.471806637
4.481611609, 4.481772997
4.491611611, 4.491882543
4.501611609, 4.501741886
4.511611613, 4.511814824
4.521611610, 4.521782978
4.531611626, 4.531923716
4.541611608, 4.541756803
4.551611610, 4.551877070
4.561611614, 4.561818214
4.571611616, 4.571777395
4.581611612, 4.581824507
4.591611617, 4.591837921
4.601611616, 4.601740603
4.611611612, 4.611811719
4.621611618, 4.621924371
4.631611613, 4.631778699
4.641611614, 4.641845194
4.651611617, 4.651869193
4.661611614, 4.661808173
4.671611616, 4.671814830
4.681611621, 4.681955564
4.691611608, 4.691775435
4.701611609, 4.701859818
4.711611624, 4.711944369
4.721611616, 4.721802087
4.731611607, 4.731836688
4.741611618, 4.741779137
4.751611619, 4.751896416
4.761611607, 4.761871602
4.771611613, 4.771845759
4.781611609, 4.781805380
4.791611607, 4.791836486
4.801611609, 4.801812217
4.811611614, 4.811728452
4.821611619, 4.821848946
4.831611617, 4.831941613
4.841611611, 4.841908929
4.851611631, 4.851789188
4.861611614, 4.861778335
4.871611610, 4.871845019
4.881611614, 4.881858996
4.891611613, 4.891885632
4.901611615, 4.901840168
4.911611617, 4.911875094
4.921611617, 4.921883835
4.931611614, 4.931796124
4.941611615, 4.941825967
4.951611617, 4.951766069
4.961611610, 4.961868405
4.971611611, 4.971891415
4.981611608, 4.981804190
4.991611609, 4.991755426
5.001611611, 5.001801662
5.011611613, 5.011779811
5.021611613, 5.021860603
5.031611624, 5.031867233
5.041611612, 5.041822526
5.051611610, 5.051805842
5.061611616, 5.061710911
5.071611616, 5.071848501
5.081611614, 5.081876941
5.091611614, 5.091790460
5.101611633, 5.101893092
5.111611614, 5.111832113
5.121611616, 5.121892113
5.131611614, 5.131874019
5.141611616, 5.141887125
5.151611616, 5.151843815
5.161611608, 5.161736375
5.171611614, 5.171817475
5.181611609, 5.181778418
5.191611617, 5.191744542
5.201611610, 5.201919668
5.211611612, 5.211893611
5.221611608, 5.221833855
5.231611608, 5.231879357
5.241611607, 5.241792163
5.251611612, 5.251891499
5.261611610, 5.261895421
5.271611607, 5.271762757
5.281611609, 5.281842388
5.291611613, 5.291884665
5.301611615, 5.301910814
5.311611616, 5.311810359
5.321611613, 5.321813635
5.331611615, 5.331894901
5.341611613, 5.341713947
5.351611618, 5.351822691
5.361611616, 5.361790283
5.371611616, 5.371792329
5.381611613, 5.381768084
5.391611616, 5.391916018
5.401611607, 5.401723637
5.411611609, 5.411876277
5.421611606, 5.421786737
5.431611608, 5.431844207
5.441611606, 5.441927089
5.451611609, 5.451839682
5.461611612, 5.461733586
5.471611613, 5.471841668
5.481611611, 5.481764916
5.491611609, 5.491864791
5.501611608, 5.501728675
5.511611612, 5.511756395
5.521611609, 5.521816644
5.531611610, 5.531939358
5.541611612, 5.541875368
5.551611612, 5.551794161
5.561611614, 5.561894817
5.571611614, 5.571818295
5.581611612, 5.581958555
5.591611610, 5.591804841
5.601611610, 5.601878386
5.611611617, 5.611793893
5.621611605, 5.621947830
5.631611615, 5.631813680
5.641611608, 5.641935127
5.651611609, 5.651844763
5.661611606, 5.661859226
5.671611618, 5.671879864
5.681611611, 5.681909444
5.691611609, 5.691844420
5.701611609, 5.701794741
5.711611606, 5.711933380
5.721611607, 5.721771239
5.731611612, 5.731853857
5.741611611, 5.741711043
5.751611614, 5.751818704
5.761611613, 5.761760664
5.771611609, 5.771748817
5.781611614, 5.781804855
5.791611609, 5.791809731
5.801611611, 5.801811060
5.811617416, 5.811863783
5.821611616, 5.821869050
5.831611615, 5.831873132
5.841612254, 5.841851282
5.851611617, 5.851840806
5.861611611, 5.861735200
5.871611606, 5.871932046
5.881611614, 5.881852930
5.891611609, 5.891890180
5.901611615, 5.901921020
5.911611613, 5.911864316
5.921611611, 5.921901400
5.931611610, 5.931861098
5.941611614, 5.941807343
5.951611611, 5.951909061
5.961611616, 5.961892679
5.971611617, 5.971912959
5.981611605, 5.981771492
5.991611615, 5.991841209
6.001611614, 6.001705584
6.011611614, 6.011828061
6.021611606, 6.021764208
6.031611617, 6.031840902
6.041611608, 6.041773379
6.051611612, 6.051897632
6.061611608, 6.061753305
6.071611608, 6.071867048
6.081611607, 6.081851424
6.091611611, 6.091885332
6.101614309, 6.101805935
6.111611609, 6.111879430
6.121611616, 6.121890671
6.131611606, 6.131936312
6.141611607, 6.141803909
6.151611607, 6.151840877
6.161611611, 6.161823637
6.171611607, 6.171879184
6.181611612, 6.181851412
6.191611613, 6.191836003
6.201611606, 6.201802823
6.211611612, 6.211860302
6.221611608, 6.221925720
6.231611614, 6.231928519
6.241611613, 6.241829332
6.251611610, 6.251800730
6.261611614, 6.261885747
6.271611614, 6.271865648
6.281611616, 6.281873621
6.291611616, 6.291785274
6.301611616, 6.301795103
6.311611610, 6.311880680
6.321611605, 6.321857908
6.331611616, 6.331801396
6.341611616, 6.341919896
6.351611607, 6.351947207
6.361611608, 6.361839077
6.371611615, 6.371745105
6.381611607, 6.381730535
6.391611607, 6.391887715
6.401611616, 6.401821755
6.411611611, 6.411881899
6.421611613, 6.421813417
6.431611611, 6.431832052
6.441611611, 6.441797430
6.451611616, 6.451755558
6.461611613, 6.461918812
6.471611612, 6.471785198
6.481611613, 6.481849067
6.491611608, 6.491795543
6.501611606, 6.501728318
6.511611616, 6.511775417
6.521611610, 6.521893600
6.531611609, 6.531839180
6.541611606, 6.541842996
6.551611613, 6.551870827
6.561611606, 6.561723636
6.571611613, 6.571829355
6.581611610, 6.581971216
6.591611610, 6.591900033
6.601611609, 6.601865911
6.611611614, 6.611742371
6.621611598, 6.621922997
6.631611616, 6.631760026
6.641611596, 6.641806732
6.651611615, 6.651855153
6.661611613, 6.661801024
6.671611613, 6.671751440
6.681611607, 6.681923676
6.691611609, 6.691771177
6.701611613, 6.701876509
6.711611610, 6.711808101
6.721611613, 6.721778196
6.731611610, 6.731822907
6.741611612, 6.741915785
6.751611618, 6.751804973
6.761611618, 6.761885568
6.771611614, 6.771852696
6.781611612, 6.781873005
6.791611615, 6.791834994
6.801611617, 6.801873702
6.811611612, 6.811794785
6.821611614, 6.821825279
6.831611617, 6.831830887
6.841611613, 6.841792623
6.851611616, 6.851843827
6.861611615, 6.861888072
6.871611616, 6.871848394
6.881611608, 6.881832925
6.891611612, 6.891861784
6.901611612, 6.901835052
6.911611613, 6.911865988
6.921611610, 6.921835770
6.931611612, 6.931880631
6.941611601, 6.941861254
6.951611615, 6.951838551
6.961611616, 6.961803582
6.971611614, 6.971815479
6.981611611, 6.981859424
6.991611612, 6.991827747
7.001611618, 7.001811059
7.011611612, 7.011836119
7.021611611, 7.021933999
7.031611610, 7.031791716
7.041611607, 7.041897283
7.051611622, 7.051807635
7.061611616, 7.061866336
7.071611610, 7.071915063
7.081611616, 7.081897721
7.091611615, 7.091847847
7.101611610, 7.101901018
7.111611613, 7.111878518
7.121611606, 7.121877924
7.131611632, 7.131865287
7.141611613, 7.141811654
7.151611616, 7.151810999
7.161611616, 7.161754497
7.171611611, 7.171809497
7.181611629, 7.181862978
7.191611609, 7.191838770
7.201611611, 7.201820637
7.211611613, 7.211807281
7.221611617, 7.221840912
7.231611616, 7.231898718
7.241611616, 7.241721826
7.251611611, 7.251922470
7.261611613, 7.261796939
7.271611615, 7.271784366
7.281611614, 7.281775226
7.291611614, 7.291789834
7.301611613, 7.301727455
7.311611617, 7.311784982
7.321611619, 7.321872417
7.331611614, 7.331860202
7.341611609, 7.341757452
7.351611617, 7.351825641
7.361611611, 7.361906795
7.371611621, 7.371822349
7.381611613, 7.381814911
7.391611610, 7.391822754
7.401611590, 7.401872357
7.411611611, 7.411861498
7.421611614, 7.421889206
7.431611611, 7.431907719
7.441611611, 7.441740017
7.451611613, 7.451847559
7.461611609, 7.461833345
7.471611617, 7.471906557
7.481611614, 7.481727349
7.491611634, 7.491936723
7.501611614, 7.501800940
7.511611624, 7.511855762
7.521611614, 7.521778768
7.531611613, 7.531860506
7.541611614, 7.541888819
7.551611616, 7.551905332
7.561611617, 7.561760797
7.571611618, 7.571837658
7.581611631, 7.581887443
7.591611618, 7.591919380
7.601611613, 7.601791487
7.611611615, 7.611825231
7.621611619, 7.621795345
7.631611608, 7.631856198
7.641611610, 7.641794361
7.651611614, 7.651874961
7.661611614, 7.661868566
7.671611615, 7.671975990
7.681611614, 7.681850585
7.691611616, 7.691931443
7.701611614, 7.701745798
7.711611618, 7.711846445
7.721611614, 7.721767106
7.731611615, 7.731804599
7.741611617, 7.741860209
7.751611594, 7.751763098
7.761611632, 7.761836118
7.771611619, 7.771839311
7.781611619, 7.781799886
7.791611614, 7.791980769
7.801611616, 7.801879480
7.811611615, 7.811878793
7.821611610, 7.821815378
7.831611596, 7.831891725
7.841611619, 7.841861210
7.851611610, 7.851755063
7.861611618, 7.861808749
7.871611610, 7.871837625
7.881611612, 7.881786963
7.891611608, 7.891759432
7.901611623, 7.901862557
7.911611614, 7.911766696
7.921611611, 7.921874264
7.931611614, 7.931758146
7.941611615, 7.941806306
7.951611616, 7.951720513
7.961611654, 7.961839337
7.971611614, 7.971869859
7.981611617, 7.981752376
7.991611615, 7.991858316
8.001611619, 8.001838760
8.011611618, 8.011841808
8.021611615, 8.021797610
8.031611616, 8.031757628
8.041611616, 8.041723899
8.051611614, 8.051870793
8.061611615, 8.061846965
8.071611614, 8.071951344
8.081611616, 8.081786883
8.091611617, 8.091795502
8.101611621, 8.101841697
8.111611614, 8.111790530
8.121611616, 8.121830824
8.131611611, 8.131912187
8.141611615, 8.141770116
8.151611612, 8.151900998
8.161611613, 8.161899175
8.171611614, 8.171938576
8.181611617, 8.181808201
8.191611613, 8.191875354
8.201611616, 8.201853816
8.211611612, 8.211802207
8.221611619, 8.221777969
8.231611615, 8.231916251
8.241611617, 8.241922488
8.251611613, 8.251793881
8.261611615, 8.261781645
8.271611615, 8.271929335
8.281611608, 8.281809444
8.291611599, 8.291872412
8.301611607, 8.301924692
8.311611616, 8.311880229
8.321611610, 8.321829063
8.331611612, 8.331880636
8.341611616, 8.341781211
8.351611615, 8.351729680
8.361611617, 8.361752041
8.371611611, 8.371795578
8.381611611, 8.381753306
8.391611615, 8.391869690
8.401611617, 8.401820726
8.411611619, 8.411827139
8.421611609, 8.421818368
8.431611619, 8.431892825
8.441611609, 8.441859039
8.451611612, 8.451889353
8.461611609, 8.461865651
8.471611599, 8.471828693
8.481611609, 8.481919456
8.491611608, 8.491872920
8.501611610, 8.501835935
8.511611609, 8.511851463
8.521611611, 8.521869852
8.531611616, 8.531821786
8.541611600, 8.541716070
8.551611616, 8.551821522
8.561611595, 8.561738001
8.571611596, 8.571934317
8.581617570, 8.582026515
8.591611613, 8.591840803
8.601611616, 8.601791688
8.611611614, 8.611801563
8.621611599, 8.621908149
8.631611616, 8.631911481
8.641611617, 8.641867205
8.651611609, 8.651892663
8.661611615, 8.661734872
8.671611618, 8.671812911
8.681611618, 8.681865942
8.691611617, 8.691792759
8.701611611, 8.701841476
8.711611611, 8.711902281
8.721611612, 8.721873974
8.731611611, 8.731788356
8.741611595, 8.741802537
8.751611610, 8.751882900
8.761611614, 8.761819145
8.771611598, 8.771896282
8.781611595, 8.781841766
8.791611614, 8.791791789
8.801611614, 8.801818833
8.811611614, 8.811765602
8.821611612, 8.821914881
8.831611614, 8.831871368
8.841611616, 8.841832926
8.851611614, 8.851842830
8.861611611, 8.861905755
8.871611612, 8.871840670
8.881611618, 8.881779890
8.891611616, 8.891838920
8.901611611, 8.901868527
8.911611614, 8.911892690
8.921611613, 8.921809197
8.931611619, 8.931808891
8.941611616, 8.941934793
8.951611615, 8.951787106
8.961611610, 8.961840690
8.971611618, 8.971839380
8.981611613, 8.981848153
8.991611617, 8.991912098
9.001611608, 9.001822291
9.011611615, 9.011854511
9.021611610, 9.021818341
9.031611609, 9.031852097
9.041611609, 9.041786964
9.051611595, 9.051911680
9.061611616, 9.061845297
9.071611616, 9.071773722
9.081611617, 9.081812907
9.091611611, 9.091767786
9.101611614, 9.102026762
9.111611607, 9.111850116
9.121611616, 9.121814813
9.131611611, 9.131836331
9.141611607, 9.141879537
9.151611619, 9.151773742
9.161611616, 9.161915647
9.171611615, 9.171921215
9.181611618, 9.181856041
9.191611619, 9.191860259
9.201611612, 9.201872634
9.211611614, 9.211785974
9.221611614, 9.221802627
9.231611616, 9.231775436
9.241611613, 9.241728201
9.251611619, 9.251783453
9.261611615, 9.261926558
9.271611609, 9.271753007
9.281611611, 9.281802041
9.291611619, 9.291845889
9.301611611, 9.301874742
9.311611614, 9.311771620
9.321611609, 9.321818306
9.331611612, 9.331886559
9.341611614, 9.341937903
9.351611616, 9.351837978
9.361611614, 9.361843371
9.371611614, 9.371771888
9.381611615, 9.381986634
9.391611616, 9.391850643
9.401611610, 9.401841968
9.411611597, 9.411737237
9.421611612, 9.421872665
9.431611615, 9.431956654
9.441611612, 9.441828786
9.451611611, 9.451826981
9.461611620, 9.461877842
9.471611617, 9.471809170
9.481611613, 9.481778766
9.491611609, 9.491782715
9.501611609, 9.501792522
9.511611641, 9.511725339
9.521611611, 9.521825313
9.531611611, 9.531882945
9.541611613, 9.541858375
9.551611613, 9.551773037
9.561611615, 9.561828995
9.571611614, 9.571818402
9.581611614, 9.581813362
9.591611614, 9.591780975
9.601611629, 9.601822051
9.611611610, 9.611840640
9.621611615, 9.621889469
9.631611613, 9.631938690
9.641611633, 9.641854708
9.651611615, 9.651784646
9.661611614, 9.661813469
9.671611611, 9.671847094
9.681611612, 9.681826884
9.691611608, 9.691857283
9.701611611, 9.701891180
9.711611614, 9.711857857
9.721611614, 9.721878803
9.731611613, 9.731865899
9.741611614, 9.741780845
9.751611609, 9.751822658
9.761611610, 9.761875463
9.771611611, 9.771771731
9.781611618, 9.781802534
9.791611611, 9.791798861
9.801611611, 9.801934922
9.811611609, 9.811865192
9.821611613, 9.821876549
9.831611610, 9.831885547
9.841611613, 9.841823054
9.851611615, 9.851847656
9.861611616, 9.861847287
9.871611598, 9.871810059
9.881611615, 9.881837531
9.891611615, 9.891823739
9.901611609, 9.901783756
9.911611619, 9.911974266
9.921611611, 9.921783160
9.931611608, 9.931839580
9.941611613, 9.941821429
9.951611619, 9.951840037
9.961611617, 9.961885001
9.971611619, 9.971847759
9.981611609, 9.981864832
9.991611611, 9.991833397
10.001611683, 10.001938771
10.011611607, 10.011834184
10.021611613, 10.021818158
10.031611608, 10.031894831
10.041611611, 10.041902005
10.051611613, 10.051788710
10.061611614, 10.061778958
10.071611615, 10.071792058
10.081611616, 10.081854460
10.091611613, 10.091805963
10.101611616, 10.101966756
10.111611618, 10.111795759
10.121611619, 10.121831379
10.131611611, 10.131856141
10.141611616, 10.141956320
10.151611613, 10.151820693
10.161611615, 10.161923211
10.171611619, 10.171855605
10.181611616, 10.181811476
10.191613745, 10.191868779
10.201611606, 10.201880230
10.211611599, 10.211840361
10.221611610, 10.221994082
10.231611608, 10.231872936
10.241611608, 10.241811410
10.251611611, 10.251866943
10.261611611, 10.261852528
10.271611611, 10.271870351
10.281611610, 10.281822934
10.291611613, 10.291811771
10.301611611, 10.301838444
10.311611615, 10.311865381
10.321611616, 10.321802887
10.331611611, 10.331791785
10.341611617, 10.341847097
10.351611617, 10.351809811
10.361611618, 10.361865382
10.371611619, 10.371940848
10.381611618, 10.381818320
10.391611613, 10.391776453
10.401611598, 10.401733890
10.411611614, 10.411835224
10.421611618, 10.421923337
10.431611596, 10.431833942
10.441611608, 10.441885195
10.451611589, 10.451864052
10.461611609, 10.461811602
10.471611611, 10.471874012
10.481611611, 10.481826522
10.491611609, 10.491777051
10.501611609, 10.501831371
10.511611609, 10.511807781
10.521611593, 10.521923503
10.531611608, 10.531761714
10.541611613, 10.541808439
10.551611610, 10.551861556
10.561611612, 10.561783766
10.571612799, 10.571893283
10.581611612, 10.581846451
10.591611614, 10.591836048
10.601611613, 10.601916402
10.611611617, 10.611800354
10.621611614, 10.621863046
10.631611619, 10.631831078
10.641611611, 10.641905590
10.651611619, 10.651835081
10.661611618, 10.661890244
10.671611612, 10.671807277
10.681611602, 10.681732779
10.691611779, 10.691901145
10.701611609, 10.701870131
10.711611616, 10.711853706
10.721611611, 10.721868442
10.731611612, 10.731885547
10.741611613, 10.741890164
10.751611611, 10.751924356
10.761611614, 10.761784338
10.771611609, 10.771743952
10.781611611, 10.781843548
10.791611609, 10.791836634
10.801611616, 10.801818743
10.811611616, 10.811814978
10.821611612, 10.821858211
10.831611619, 10.831816022
10.841611613, 10.841822909
10.851611614, 10.851740293
10.861611616, 10.861824246
10.871611611, 10.871894454
10.881611616, 10.881831275
10.891611612, 10.891791593
10.901611618, 10.901938982
10.911611617, 10.911848031
10.921611603, 10.921861805
10.931611614, 10.931804150
10.941611617, 10.941766876
10.951611609, 10.951723186
10.961611610, 10.961849816
10.971611617, 10.971936230
10.981611609, 10.981891676
10.991611613, 10.991892341
11.001611614, 11.001843906
11.011611613, 11.011883303
11.021611614, 11.021694223
11.031611612, 11.031822414
11.041611611, 11.041811335
11.051611624, 11.051912002
11.061611611, 11.061840809
11.071611613, 11.071926468
11.081611616, 11.081848092
11.091611617, 11.091801426
11.101611612, 11.101804121
11.111611613, 11.111863108
11.121611615, 11.121776269
11.131611618, 11.131850957
11.141611615, 11.141758994
11.151611615, 11.151741058
11.161611618, 11.161886551
11.171611615, 11.171861098
11.181611615, 11.181858077
11.191611609, 11.191846569
11.201611608, 11.201902489
11.211611617, 11.211901637
11.221611619, 11.221784088
11.231611608, 11.231799758
11.241611609, 11.241793941
11.251611616, 11.251979111
11.261611609, 11.261869698
11.271611615, 11.271739484
11.281611611, 11.281733102
11.291611615, 11.291839846
11.301611614, 11.301773965
11.311611616, 11.311857502
11.321611611, 11.321761088
11.331611612, 11.331764159
11.341611651, 11.341862497
11.351611610, 11.351770758
11.361611612, 11.361848648
11.371611611, 11.371844455
11.381611611, 11.381850796
11.391611607, 11.391850727
11.401611607, 11.401900531
11.411611613, 11.411876676
11.421611646, 11.421872295
11.431611617, 11.431961150
11.441611608, 11.441892807
11.451611617, 11.451836222
11.461611641, 11.461890161
11.471611606, 11.471813599
11.481611611, 11.481822951
11.491611609, 11.491841751
11.501611615, 11.501867461
11.511611637, 11.511894650
11.521611609, 11.521751234
11.531611613, 11.531788343
11.541611611, 11.541759230
11.551611612, 11.551877447
11.561611616, 11.561850748
11.571611611, 11.571829837
11.581611618, 11.581748391
11.591611611, 11.591806441
11.601611615, 11.601929792
11.611611617, 11.611841947
11.621611618, 11.621729740
11.631611615, 11.631786116
11.641611613, 11.641967296
11.651611640, 11.651840321
11.661611610, 11.661804675
11.671611616, 11.671848951
11.681611619, 11.681845952
11.691611612, 11.691778908
11.701611611, 11.701942792
11.711611611, 11.711735267
11.721611641, 11.721792648
11.731611612, 11.731856099
11.741611614, 11.741882888
11.751611609, 11.751881536
11.761611592, 11.761885746
11.771611596, 11.771797704
11.781611614, 11.781826191
11.791611597, 11.791823541
11.801611616, 11.801828693
11.811611614, 11.811844316
11.821611617, 11.821765523
11.831611611, 11.831837068
11.841611611, 11.841801705
11.851611616, 11.851733401
11.861611616, 11.861809499
11.871611611, 11.871790846
11.881611621, 11.881781891
11.891611616, 11.891803407
11.901611617, 11.901807466
11.911611619, 11.911776956
11.921611618, 11.921816437
11.931611598, 11.931932343
11.941611611, 11.941903347
11.951611610, 11.951764638
11.961611600, 11.961835674
11.971611609, 11.971843673
11.981611611, 11.981778857
11.991611612, 11.991880662
12.001611614, 12.001849897
12.011611609, 12.011817903
12.021611609, 12.021806505
12.031611611, 12.031926589
12.041611609, 12.041846435
12.051611607, 12.051923611
------------------------------
