------------------------------
test was performed using the following parameters: --mps=100 --burst=1 --reply-every=1 --msg-size=14 --time=5
------------------------------
sockperf: [Total Run] RunTime=5.100 sec; SentMessages=511; ReceivedMessages=510
sockperf: ========= Printing statistics for Server No: 0
sockperf: [Valid Duration] RunTime=4.997 sec; SentMessages=500; ReceivedMessages=500
sockperf: [2;35m====> avg-lat=3421.654 (std-dev=1263.934)[0m
sockperf: # dropped messages = 0; # duplicated messages = 0; # out-of-order messages = 0
sockperf: [2;35mTotal 500 observations[0m; each percentile contains 5.00 observations
sockperf: ---> <MAX> observation = 10081.938
sockperf: ---> percentile 99.999 = 10081.938
sockperf: ---> percentile 99.990 = 10081.938
sockperf: ---> percentile 99.900 = 10081.938
sockperf: ---> percentile 99.000 = 8256.876
sockperf: ---> percentile 90.000 = 4929.745
sockperf: ---> percentile 75.000 = 3487.742
sockperf: ---> percentile 50.000 = 3079.337
sockperf: ---> percentile 25.000 = 2730.634
sockperf: ---> <MIN> observation = 1531.790
------------------------------
txTime, rxTime
2.057648564, 2.062657137
2.067399100, 2.071230909
2.077414815, 2.081709764
2.087399020, 2.092716323
2.097399091, 2.101656640
2.107399025, 2.112531415
2.117399094, 2.122880402
2.127399256, 2.132454934
2.137399239, 2.142843585
2.147399092, 2.151729692
2.157565103, 2.162668585
2.167399024, 2.171411463
2.177404295, 2.182631582
2.187399031, 2.192402441
2.197437010, 2.202976999
2.207805720, 2.212580106
2.217455479, 2.222260764
2.227399031, 2.231141332
2.237399026, 2.242435782
2.247399095, 2.251201403
2.257399018, 2.262126593
2.267399093, 2.280949157
2.280949634, 2.286031506
2.287401762, 2.293878759
2.297410397, 2.303245785
2.307573483, 2.313932506
2.317399030, 2.323813292
2.327399027, 2.333862058
2.337407699, 2.342726428
2.347404900, 2.354380385
2.357555882, 2.362983895
2.367413232, 2.373549536
2.377419553, 2.384027744
2.387405047, 2.392927635
2.397401290, 2.403571351
2.407399126, 2.413935248
2.417399093, 2.423140822
2.427399025, 2.431870365
2.437422813, 2.443890719
2.447400153, 2.452466926
2.457399199, 2.463924029
2.467399943, 2.473094340
2.477399016, 2.483618763
2.487410014, 2.492548221
2.497399091, 2.504111744
2.507403884, 2.513104789
2.517399026, 2.523882615
2.527399098, 2.533600703
2.537399014, 2.542885598
2.547399024, 2.552895691
2.557401219, 2.563240897
2.567400312, 2.573884660
2.577399030, 2.584163778
2.587569858, 2.592759053
2.597450627, 2.602923845
2.607529211, 2.612183163
2.617399030, 2.623247511
2.627399030, 2.633173165
2.637500633, 2.644124532
2.647399094, 2.652639310
2.657401207, 2.662669859
2.667399094, 2.673184844
2.677433067, 2.682366401
2.687409439, 2.693267799
2.697399093, 2.702797631
2.707399084, 2.712980817
2.717400949, 2.723342286
2.727399024, 2.734137149
2.737634003, 2.743373908
2.747509932, 2.754314838
2.757401453, 2.763606207
2.767399017, 2.773345450
2.777399094, 2.783906660
2.787402088, 2.792849823
2.797402453, 2.803604342
2.807399030, 2.814287315
2.817399032, 2.822985318
2.827399016, 2.833284439
2.837401231, 2.843323738
2.847399027, 2.853718906
2.857399096, 2.863557772
2.867399094, 2.873017800
2.877399032, 2.883653209
2.887399033, 2.893528612
2.897399149, 2.902831712
2.907399112, 2.913235113
2.917399086, 2.923108416
2.927399027, 2.933672503
2.937409220, 2.942404527
2.947399099, 2.954108644
2.957399086, 2.963751590
2.967399096, 2.973637763
2.977399026, 2.983860736
2.987399029, 2.993058241
2.997399030, 3.002887014
3.007414941, 3.013461979
3.017418392, 3.022577270
3.027446940, 3.034703515
3.037399029, 3.042975001
3.047399095, 3.053307425
3.057587311, 3.063791463
3.067399093, 3.072562423
3.077399027, 3.084083202
3.087412782, 3.093399987
3.097399025, 3.102846023
3.107399104, 3.112768449
3.117399094, 3.123868255
3.127410654, 3.133277269
3.137399035, 3.143748916
3.147399095, 3.151785084
3.157575769, 3.163976163
3.167439469, 3.174140142
3.177471474, 3.183144844
3.187399029, 3.193858359
3.197399099, 3.203244331
3.207432725, 3.214308306
3.217399025, 3.223449220
3.227399026, 3.233290941
3.237416582, 3.242566058
3.247400634, 3.253401682
3.257401461, 3.263515976
3.267399028, 3.273384115
3.277399027, 3.283977891
3.287415127, 3.293156630
3.297457299, 3.303932055
3.307682636, 3.314243980
3.317399029, 3.322878490
3.327399093, 3.333332136
3.337399028, 3.343710262
3.347399092, 3.352619812
3.357399017, 3.361755701
3.367399092, 3.372687353
3.377406453, 3.382824459
3.387399028, 3.393765580
3.397399028, 3.403280420
3.407399104, 3.413403873
3.417406156, 3.423993062
3.427399030, 3.432712566
3.437430761, 3.443413596
3.447462666, 3.453003959
3.457423158, 3.463675449
3.467399032, 3.472734393
3.477401526, 3.483746285
3.487399027, 3.492815943
3.497400538, 3.502794478
3.507399084, 3.513129717
3.517399019, 3.524130655
3.528881837, 3.534204210
3.537399027, 3.542165807
3.547399027, 3.552164038
3.557425004, 3.563947912
3.567399030, 3.573496049
3.577399033, 3.583883511
3.587399031, 3.592900908
3.597400235, 3.603422534
3.607628119, 3.614195724
3.617399029, 3.623738845
3.627400724, 3.633656397
3.637400737, 3.643512171
3.647719748, 3.653692232
3.657401932, 3.664718925
3.667399096, 3.673142580
3.677410632, 3.683092390
3.687399107, 3.694164753
3.697399020, 3.702464747
3.707399032, 3.712579689
3.717399028, 3.723941205
3.727400981, 3.733229025
3.737399028, 3.743738033
3.747399118, 3.765350688
3.765351326, 3.771528287
3.771529143, 3.776939388
3.777416612, 3.783402498
3.787399038, 3.793797694
3.797399086, 3.801938557
3.807399119, 3.813843201
3.817456737, 3.823599740
3.827460701, 3.834296372
3.837420566, 3.843376914
3.847404587, 3.853113481
3.857399083, 3.863817551
3.867401064, 3.873308566
3.877400793, 3.883516534
3.887401965, 3.893747543
3.897399028, 3.903690955
3.907399095, 3.912649674
3.917399027, 3.923031048
3.927399033, 3.933166059
3.937399037, 3.944282431
3.947462455, 3.953503413
3.957404457, 3.964147737
3.967405874, 3.973204991
3.977441207, 3.983374584
3.987512355, 3.993437457
3.997399096, 4.003507737
4.007408598, 4.013086839
4.017399026, 4.024306571
4.027406061, 4.033307449
4.037414524, 4.043143222
4.047399028, 4.053198707
4.057405793, 4.063855114
4.067399033, 4.073219687
4.077411792, 4.082919159
4.087402437, 4.093857669
4.097399018, 4.101439459
4.107406892, 4.112846413
4.117399027, 4.123214613
4.127406226, 4.133165865
4.137399027, 4.143565773
4.147399029, 4.153782797
4.157568460, 4.162879408
4.167399096, 4.173072749
4.177399019, 4.183505849
4.187399033, 4.193493787
4.197438493, 4.202143185
4.207399102, 4.212812840
4.217399086, 4.222801502
4.227399031, 4.234210906
4.237399241, 4.243025306
4.247399082, 4.252732042
4.257400738, 4.262794855
4.267399031, 4.274132304
4.277399096, 4.283841975
4.287401930, 4.293395418
4.297400998, 4.302688627
4.307401726, 4.314117423
4.327500989, 4.332464148
4.332464565, 4.336482459
4.337593611, 4.343031278
4.347612617, 4.354745074
4.357416811, 4.363599101
4.367399094, 4.373267576
4.377399093, 4.383920713
4.387399030, 4.392589921
4.397399029, 4.402384464
4.407401335, 4.413349618
4.417399025, 4.423447918
4.427406075, 4.433744811
4.437399034, 4.443842243
4.447467704, 4.453115518
4.457659611, 4.462904438
4.467977307, 4.472936690
4.477399080, 4.483720590
4.487659593, 4.493034181
4.497661252, 4.503511716
4.507400933, 4.514846051
4.517401157, 4.523203425
4.527402610, 4.547566488
4.547567055, 4.552760305
4.552760674, 4.561677568
4.561678237, 4.575531829
4.575532827, 4.580710496
4.580711163, 4.586976500
4.587399313, 4.597280685
4.597399049, 4.605701204
4.607399503, 4.614326920
4.617399017, 4.629282100
4.629282634, 4.642487695
4.642488347, 4.650400806
4.650401392, 4.666915146
4.666915610, 4.675472312
4.675473118, 4.683135028
4.683135570, 4.694550033
4.694550576, 4.706256668
4.706257285, 4.716120859
4.716121246, 4.734169342
4.734169701, 4.741989619
4.741990225, 4.747124264
4.747124805, 4.754425578
4.754426679, 4.762166357
4.762166892, 4.771383480
4.771384306, 4.777208062
4.777399025, 4.786836269
4.787400364, 4.794980750
4.797410302, 4.807036709
4.807404185, 4.815432502
4.817399029, 4.832823792
4.832824125, 4.849263133
4.849263527, 4.859123018
4.859123460, 4.864500942
4.864501716, 4.870780228
4.870781059, 4.877265855
4.877412830, 4.882916377
4.887419309, 4.896418030
4.897407132, 4.902250572
4.907399148, 4.915303060
4.917399087, 4.923070504
4.927399032, 4.933606160
4.939386102, 4.945084090
4.947411318, 4.963253386
4.963253915, 4.969250766
4.969251315, 4.975746099
4.977399078, 4.982506068
4.989292046, 4.995693179
4.997399307, 5.002422523
5.007399018, 5.013397648
5.017399041, 5.023783559
5.029518727, 5.035820341
5.037399029, 5.043330683
5.047399619, 5.053715655
5.057399119, 5.063456697
5.067399033, 5.073839680
5.077409033, 5.083969703
5.093069291, 5.109777612
5.109778017, 5.116227314
5.116227684, 5.120059938
5.120060303, 5.125224933
5.127399033, 5.142299943
5.142300382, 5.157356096
5.157357893, 5.161516696
5.161517245, 5.165255173
5.167399027, 5.173330373
5.177400000, 5.189614145
5.189615171, 5.194260756
5.197504829, 5.204398035
5.207399031, 5.211702150
5.217887103, 5.223383065
5.227399028, 5.231935543
5.237489943, 5.245380330
5.247403625, 5.262915088
5.262915555, 5.270989623
5.270990605, 5.275003715
5.277399030, 5.285139987
5.287399026, 5.296042349
5.297399097, 5.303700659
5.307399198, 5.316767943
5.317399030, 5.322814461
5.327400910, 5.335429751
5.337399030, 5.343767906
5.347399077, 5.354959077
5.357399037, 5.367153400
5.367399018, 5.378212505
5.378212854, 5.383216910
5.387399160, 5.393113334
5.397399027, 5.406278789
5.407451050, 5.422628087
5.422628420, 5.430026670
5.430026959, 5.435365126
5.437423407, 5.449601607
5.449602056, 5.454823931
5.457416915, 5.468267587
5.468268090, 5.473523889
5.477399089, 5.484171649
5.487399029, 5.493768697
5.497399031, 5.503768520
5.507410622, 5.513819528
5.517401970, 5.523790040
5.530196226, 5.535642686
5.537437411, 5.543195610
5.547399095, 5.553615311
5.557400513, 5.564027605
5.567399029, 5.575786613
5.577399103, 5.582234946
5.587414360, 5.594317142
5.597399031, 5.602982005
5.607399032, 5.613368733
5.617399091, 5.623791793
5.627416615, 5.634221530
5.637399023, 5.644215896
5.647399018, 5.653601871
5.657401169, 5.667210806
5.667399014, 5.673436836
5.677414963, 5.686283904
5.687399030, 5.691859348
5.697399090, 5.706994504
5.707399028, 5.711880135
5.717409887, 5.727832928
5.727833377, 5.739951221
5.739951739, 5.747302743
5.747399026, 5.752315750
5.757399039, 5.763835193
5.767399091, 5.778092908
5.778093419, 5.783482463
5.787399030, 5.793081540
5.797506958, 5.805626590
5.807399187, 5.815299121
5.817399055, 5.823647997
5.827399110, 5.846921479
5.846921814, 5.856044415
5.856044896, 5.859612422
5.859612760, 5.864656620
5.867399028, 5.873057098
5.877401373, 5.883108401
5.887399029, 5.895866167
5.897407115, 5.905065144
5.907399155, 5.918844596
5.918844945, 5.927087170
5.927402976, 5.934496965
5.937399028, 5.941882307
5.947399093, 5.954007375
5.957402637, 5.963406674
5.967399029, 5.973897664
5.977399018, 5.983140091
5.987427944, 5.995656082
5.997407752, 6.001958265
6.007475295, 6.013431704
6.017399090, 6.030184712
6.030185233, 6.037990461
6.037991794, 6.043311702
6.047408615, 6.055107894
6.057399132, 6.066459518
6.067401145, 6.077343394
6.077399030, 6.090800254
6.090800803, 6.097055595
6.097399355, 6.108820631
6.108821395, 6.113915418
6.117399095, 6.130804118
6.130804515, 6.139447954
6.139448795, 6.144764735
6.147400005, 6.155148057
6.157399090, 6.164568734
6.167399090, 6.173675136
6.177405561, 6.183575859
6.187429929, 6.193151918
6.197399025, 6.202876007
6.207402361, 6.219407537
6.219407971, 6.224800190
6.227399021, 6.233154174
6.237399803, 6.244663456
6.247399020, 6.256863233
6.257399029, 6.262860299
6.267399094, 6.273275338
6.277399083, 6.283741214
6.287414698, 6.292554495
6.297399028, 6.305073311
6.307399030, 6.315056481
6.317399092, 6.327496361
6.327496714, 6.338673177
6.338673805, 6.349702640
6.349703017, 6.362989909
6.362990512, 6.371512928
6.371513487, 6.382018846
6.382019277, 6.386709938
6.387399032, 6.393869771
6.397399909, 6.402668050
6.407399020, 6.412887493
6.417399091, 6.429868854
6.429869351, 6.436794664
6.437399032, 6.441782121
6.447399092, 6.453721003
6.457399365, 6.466637007
6.467399026, 6.472652352
6.477414970, 6.485510798
6.487408361, 6.501887052
6.501887741, 6.517931326
6.517931708, 6.520995291
6.520995679, 6.526487009
6.527399093, 6.538301992
6.538303004, 6.552383100
6.552383515, 6.559376922
6.559377626, 6.563491251
6.567413806, 6.576760119
6.577462369, 6.584277320
6.587399028, 6.593274065
6.597399029, 6.603785771
6.607399213, 6.614492153
6.617399031, 6.624463864
6.627418122, 6.631217389
6.637417082, 6.643600966
6.647399162, 6.653001191
6.657459602, 6.664586536
6.667399027, 6.671792707
6.677406502, 6.684874568
6.687420916, 6.693038444
6.697399093, 6.703529641
6.707399089, 6.713104840
6.717542446, 6.722892021
6.727399093, 6.735058705
6.737399087, 6.746235700
6.747399088, 6.754306412
6.757401359, 6.763464786
6.767399095, 6.773908741
6.777399109, 6.788637211
6.788637813, 6.794772138
6.797399028, 6.802396516
6.807400758, 6.819227158
6.819227614, 6.826562783
6.827406544, 6.832393110
6.837403260, 6.845840588
6.847440931, 6.853651320
6.857407422, 6.864004778
6.867399021, 6.880195757
6.880196241, 6.891417254
6.891417977, 6.895704084
6.897399090, 6.906410762
6.907399026, 6.913047651
6.917399034, 6.925972188
6.927399102, 6.932180411
6.937405612, 6.944316064
6.947399030, 6.955904434
6.957399140, 6.965241492
6.967399030, 6.975141798
6.977399084, 6.981507474
6.987399100, 6.999889185
6.999889564, 7.006935747
7.007536967, 7.011465689
7.017407016, 7.026718266
7.027399028, 7.034599779
7.037399027, 7.041938556
7.047399099, 7.054483995
------------------------------
