------------------------------
test was performed using the following parameters: --mps=100 --burst=1 --reply-every=1 --msg-size=14 --time=10
------------------------------
sockperf: [Total Run] RunTime=10.100 sec; SentMessages=1011; ReceivedMessages=1010
sockperf: ========= Printing statistics for Server No: 0
sockperf: [Valid Duration] RunTime=9.990 sec; SentMessages=1000; ReceivedMessages=1000
sockperf: [2;35m====> avg-lat=132.929 (std-dev=28.737)[0m
sockperf: # dropped messages = 0; # duplicated messages = 0; # out-of-order messages = 0
sockperf: [2;35mTotal 1000 observations[0m; each percentile contains 10.00 observations
sockperf: ---> <MAX> observation =  230.876
sockperf: ---> percentile 99.999 =  230.876
sockperf: ---> percentile 99.990 =  230.876
sockperf: ---> percentile 99.900 =  225.296
sockperf: ---> percentile 99.000 =  198.786
sockperf: ---> percentile 90.000 =  168.876
sockperf: ---> percentile 75.000 =  151.065
sockperf: ---> percentile 50.000 =  134.733
sockperf: ---> percentile 25.000 =  114.836
sockperf: ---> <MIN> observation =   40.295
------------------------------
txTime, rxTime
2.061779564, 2.062129241
2.071779572, 2.072046346
2.081779565, 2.082072844
2.091779567, 2.092094968
2.101779573, 2.102025159
2.111779551, 2.112020285
2.121779549, 2.122056738
2.131779551, 2.132121166
2.141779546, 2.141927298
2.151779552, 2.151970915
2.161779548, 2.162031719
2.171779551, 2.172052856
2.181779547, 2.182073920
2.191779555, 2.192130207
2.201779568, 2.202045106
2.211779549, 2.212090382
2.221779553, 2.222037287
2.231779555, 2.232071655
2.241779554, 2.242013436
2.251779550, 2.252106129
2.261779550, 2.261994269
2.271779550, 2.271935772
2.281779553, 2.282088395
2.291779555, 2.292014865
2.301779550, 2.302074379
2.311779546, 2.312070427
2.321779548, 2.321949543
2.331779552, 2.332037665
2.341779551, 2.342056394
2.351779565, 2.352131318
2.361779569, 2.362041664
2.371779572, 2.372058483
2.381779569, 2.381895971
2.391779594, 2.392115225
2.401783127, 2.402112502
2.411779565, 2.411901374
2.421779548, 2.421959163
2.431779571, 2.432041301
2.441779564, 2.442024605
2.451779553, 2.451978631
2.461779597, 2.462032452
2.471779568, 2.472069663
2.481779550, 2.481949186
2.491779563, 2.492083395
2.501783556, 2.502039891
2.511779547, 2.512006108
2.521779563, 2.522028391
2.531779554, 2.532103899
2.541779568, 2.542012159
2.551779606, 2.552138283
2.561779550, 2.562095257
2.571779552, 2.572030529
2.581779563, 2.582066682
2.591779551, 2.592139962
2.601779550, 2.602116495
2.611779550, 2.612054161
2.621779549, 2.622080734
2.631779550, 2.632104591
2.641779548, 2.642047189
2.651782734, 2.652126210
2.661779552, 2.662112961
2.671779555, 2.672101261
2.681779545, 2.681985903
2.691779549, 2.692035757
2.701779555, 2.702029391
2.711779549, 2.712087960
2.721779710, 2.722069342
2.731779563, 2.732051604
2.741779571, 2.742090406
2.751779564, 2.752024134
2.761779553, 2.761977585
2.771779550, 2.772066506
2.781779559, 2.782097129
2.791779572, 2.792106150
2.801779565, 2.801993420
2.811781706, 2.812081008
2.821779552, 2.822107848
2.831780505, 2.832076649
2.841779549, 2.842134858
2.851781369, 2.852115973
2.861779565, 2.862084824
2.871779547, 2.872051425
2.881779552, 2.882071222
2.891779551, 2.892031270
2.901779563, 2.902122945
2.911779551, 2.912016465
2.921779551, 2.922027634
2.931789649, 2.932074867
2.941779546, 2.942108436
2.951779569, 2.951959864
2.961779552, 2.962100569
2.971779622, 2.972109399
2.981779555, 2.982044960
2.991779550, 2.992194349
3.001779606, 3.002138438
3.011779563, 3.012123808
3.021779616, 3.022087942
3.031779553, 3.032064190
3.041779550, 3.042097685
3.051779617, 3.051935029
3.061779572, 3.062159699
3.071779556, 3.072066252
3.081779544, 3.082079784
3.091779566, 3.092072975
3.101779563, 3.101956543
3.111784366, 3.112048491
3.121779571, 3.121985766
3.131779556, 3.132068525
3.141779569, 3.141992136
3.151779568, 3.152049036
3.161779553, 3.162044601
3.171779566, 3.172147196
3.181779562, 3.182028884
3.191779570, 3.192050986
3.201779573, 3.202079623
3.211779568, 3.211976038
3.221779555, 3.222077405
3.231779552, 3.232123611
3.241779557, 3.241986711
3.251779553, 3.251967402
3.261779553, 3.262066537
3.271779551, 3.272148492
3.281779550, 3.282016656
3.291779553, 3.292083575
3.301779550, 3.302075598
3.311779569, 3.312142842
3.321779550, 3.322089611
3.331779562, 3.332017158
3.341779549, 3.342037129
3.351779554, 3.352075478
3.361779555, 3.362090722
3.371779556, 3.372082182
3.381779556, 3.382039186
3.391779550, 3.392134324
3.401779555, 3.402027169
3.411779564, 3.411995634
3.421779548, 3.422056500
3.431779549, 3.432041272
3.441779572, 3.442080517
3.451779553, 3.452060207
3.461779551, 3.462067050
3.471779545, 3.472121735
3.481779556, 3.482117924
3.491779624, 3.492038205
3.501779604, 3.502034288
3.511779555, 3.512030732
3.521779550, 3.522030442
3.531779611, 3.532090956
3.541779557, 3.542023555
3.551779551, 3.552032750
3.561779549, 3.562057038
3.571779551, 3.571994179
3.581779550, 3.582125883
3.591779592, 3.592112471
3.601779558, 3.602055334
3.611779555, 3.612081214
3.621779609, 3.622029325
3.631779548, 3.632156713
3.641779554, 3.641995675
3.651779552, 3.652048081
3.661779566, 3.662054435
3.671779551, 3.671961889
3.681779564, 3.682058836
3.691779551, 3.691950341
3.701779561, 3.702062739
3.711779545, 3.712104145
3.721779570, 3.722000604
3.731779555, 3.732031086
3.741779553, 3.742098583
3.751779595, 3.752038895
3.761779613, 3.762104858
3.771779552, 3.772012739
3.781779547, 3.782071472
3.791779570, 3.792041386
3.801779609, 3.802060512
3.811779558, 3.812047013
3.821779556, 3.822074933
3.831779564, 3.832089145
3.841779552, 3.842055009
3.851779553, 3.852133203
3.861779563, 3.862024200
3.871779637, 3.872097740
3.881779568, 3.882042528
3.891779547, 3.892069603
3.901779567, 3.902089691
3.911779570, 3.912150354
3.921779559, 3.922051865
3.931779556, 3.932082254
3.941779555, 3.942056470
3.951779547, 3.952099535
3.961779552, 3.962007416
3.971779564, 3.972140477
3.981779568, 3.982197856
3.991779556, 3.992112685
4.001779553, 4.001947652
4.011779561, 4.012100821
4.021779550, 4.022034125
4.031779568, 4.032161281
4.041779557, 4.042102225
4.051779557, 4.051998076
4.061799492, 4.062101750
4.071779581, 4.071985495
4.081779567, 4.081911262
4.091779559, 4.091974297
4.101779569, 4.102021472
4.111779571, 4.112118411
4.121779575, 4.122063355
4.131779552, 4.132022856
4.141779572, 4.141958113
4.151779571, 4.152057382
4.161779572, 4.162027753
4.171779566, 4.172037884
4.181779565, 4.182033943
4.191779572, 4.192030428
4.201779581, 4.201967717
4.211779556, 4.211981371
4.221779567, 4.222067918
4.231779577, 4.232062373
4.241779570, 4.241974118
4.251779577, 4.252096119
4.261779568, 4.262082494
4.271779575, 4.272095533
4.281783417, 4.281971609
4.291779578, 4.292047055
4.301779569, 4.302061667
4.311779571, 4.312050791
4.321779570, 4.322067483
4.331779558, 4.331926249
4.341779557, 4.342149021
4.351779555, 4.352032441
4.361779555, 4.362050922
4.371779569, 4.372031050
4.381779571, 4.382031662
4.391779569, 4.391950604
4.401779571, 4.402026313
4.411779572, 4.411905129
4.421779573, 4.421962944
4.431779574, 4.431941593
4.441779571, 4.442049866
4.451779568, 4.452023214
4.461779567, 4.461978231
4.471779572, 4.472043871
4.481779629, 4.482166435
4.491779569, 4.492081750
4.501779566, 4.501968309
4.511779560, 4.512080058
4.521779553, 4.522081732
4.531779552, 4.532055657
4.541779553, 4.542015774
4.551779571, 4.552022939
4.561779555, 4.561961748
4.571779553, 4.572117501
4.581779552, 4.582047214
4.591779555, 4.592063692
4.601779551, 4.602193733
4.611779553, 4.612052202
4.621779553, 4.622119436
4.631779551, 4.632018688
4.641779548, 4.641911882
4.651779552, 4.652070645
4.661779556, 4.662013632
4.671779556, 4.672037153
4.681779556, 4.682025046
4.691779575, 4.692087382
4.701779553, 4.702075337
4.711779553, 4.712164015
4.721779553, 4.722007932
4.731779548, 4.732041221
4.741779547, 4.742031481
4.751779573, 4.752022425
4.761779568, 4.761998811
4.771779567, 4.772021993
4.781779568, 4.781966400
4.791779569, 4.791994445
4.801779571, 4.802040407
4.811779554, 4.812008293
4.821779559, 4.821988743
4.831779571, 4.832003529
4.841779570, 4.842034830
4.851779569, 4.851925120
4.861779576, 4.861963975
4.871779554, 4.872091049
4.881779569, 4.882076132
4.891779576, 4.892071139
4.901779569, 4.902080031
4.911779568, 4.912051603
4.921779570, 4.922069291
4.931779575, 4.932121802
4.941779558, 4.942049444
4.951779550, 4.952081951
4.961779560, 4.962068164
4.971779568, 4.972089892
4.981779555, 4.982092217
4.991779554, 4.992115101
5.001779569, 5.002097769
5.011779576, 5.011981493
5.021779568, 5.022020704
5.031779569, 5.031956224
5.041779573, 5.041943074
5.051779559, 5.052056892
5.061779572, 5.062148984
5.071779571, 5.072080071
5.081779571, 5.082028467
5.091779571, 5.091910621
5.101779571, 5.102033653
5.111779564, 5.112081758
5.121779569, 5.122057273
5.131779580, 5.131956857
5.141779570, 5.141988145
5.151779567, 5.152092316
5.161779576, 5.162025651
5.171779574, 5.172079404
5.181779574, 5.182117760
5.191779573, 5.192118995
5.201779569, 5.202098698
5.211779566, 5.211999664
5.221779566, 5.222039172
5.231779574, 5.232031071
5.241779571, 5.242055753
5.251779568, 5.251992916
5.261779569, 5.262105027
5.271779569, 5.272039578
5.281779570, 5.281897804
5.291779560, 5.292036024
5.301779567, 5.302027009
5.311779567, 5.312039686
5.321779574, 5.322015850
5.331779572, 5.331978803
5.341779565, 5.342045466
5.351779574, 5.352116694
5.361779573, 5.362157392
5.371779556, 5.372045777
5.381779550, 5.381962991
5.391779558, 5.392052898
5.401779575, 5.402065688
5.411779565, 5.412120966
5.421779553, 5.422036526
5.431779566, 5.432052372
5.441779553, 5.441978693
5.451779572, 5.452018783
5.461788122, 5.462048041
5.471779569, 5.472121896
5.481779572, 5.481974868
5.491779567, 5.491985087
5.501779568, 5.502036340
5.511779574, 5.511998945
5.521779565, 5.522049675
5.531779576, 5.532009474
5.541779553, 5.542029297
5.551779573, 5.552068311
5.561779550, 5.562145998
5.571779549, 5.572142887
5.581779570, 5.582072238
5.591779568, 5.592063750
5.601779568, 5.602049325
5.611779551, 5.612085868
5.621779569, 5.622074623
5.631779569, 5.632069352
5.641779570, 5.641963846
5.651779574, 5.652071588
5.661779568, 5.662148067
5.671779567, 5.672073884
5.681779568, 5.682001736
5.691779553, 5.692059765
5.701779566, 5.702078997
5.711779570, 5.712059210
5.721779572, 5.722098395
5.731779572, 5.732079031
5.741779596, 5.742106704
5.751779569, 5.752009554
5.761779568, 5.762152197
5.771779574, 5.772028606
5.781779586, 5.782075272
5.791779572, 5.791958717
5.801779569, 5.802098485
5.811783872, 5.812113857
5.821779573, 5.821958293
5.831779568, 5.832067527
5.841779564, 5.842061075
5.851779570, 5.851951745
5.861779570, 5.862055125
5.871779572, 5.872059965
5.881779570, 5.882005175
5.891779570, 5.891943735
5.901792190, 5.902066900
5.911779571, 5.912062228
5.921779573, 5.922067986
5.931779568, 5.932086155
5.941779568, 5.942010826
5.951779571, 5.952089796
5.961779571, 5.961958931
5.971779566, 5.972043535
5.981779566, 5.982067119
5.991779552, 5.992073600
6.001779572, 6.002115592
6.011779566, 6.012011718
6.021779562, 6.022052146
6.031779571, 6.031995278
6.041779566, 6.042077344
6.051779550, 6.052081577
6.061779572, 6.062108699
6.071779570, 6.072113282
6.081779568, 6.082048769
6.091779572, 6.092098859
6.101779575, 6.102024760
6.111779571, 6.112035026
6.121782899, 6.122096140
6.131779585, 6.132043200
6.141779554, 6.142081042
6.151779571, 6.152022959
6.161779569, 6.161965546
6.171779567, 6.172017052
6.181779571, 6.182045074
6.191779570, 6.192092684
6.201779568, 6.202047299
6.211779572, 6.212078072
6.221779575, 6.222026190
6.231779572, 6.232063781
6.241779575, 6.242071264
6.251780264, 6.252036608
6.261779576, 6.261962397
6.271779572, 6.272103177
6.281779574, 6.282030854
6.291779569, 6.292104989
6.301779571, 6.302097339
6.311779555, 6.312066787
6.321779576, 6.322048082
6.331779572, 6.332084299
6.341779568, 6.342112903
6.351779558, 6.352032775
6.361779558, 6.361982721
6.371779574, 6.372040698
6.381779574, 6.381971779
6.391779573, 6.391985240
6.401779570, 6.402049974
6.411779573, 6.411943687
6.421779571, 6.422046298
6.431779571, 6.432001313
6.441779579, 6.442101293
6.451779567, 6.452055806
6.461779565, 6.462069069
6.471779556, 6.471982624
6.481779571, 6.482055230
6.491779574, 6.492018916
6.501779568, 6.502060772
6.511779568, 6.512051700
6.521779573, 6.522006310
6.531779566, 6.531996785
6.541779552, 6.542052834
6.551779569, 6.552087591
6.561779569, 6.562053258
6.571779591, 6.572067642
6.581784244, 6.581949748
6.591779569, 6.592017611
6.601779575, 6.601941103
6.611779576, 6.612043226
6.621779572, 6.622109860
6.631779580, 6.632076883
6.641779571, 6.642121405
6.651779571, 6.651906366
6.661779575, 6.662002820
6.671779575, 6.672079273
6.681779571, 6.682122556
6.691779572, 6.692014052
6.701779575, 6.701926540
6.711779568, 6.712164106
6.721779550, 6.721953628
6.731779569, 6.732039951
6.741779573, 6.742111716
6.751779568, 6.751996405
6.761779573, 6.762000786
6.771779573, 6.772063763
6.781779571, 6.782082632
6.791779570, 6.792114061
6.801779564, 6.802046065
6.811779568, 6.811997813
6.821779571, 6.821962864
6.831779571, 6.831982245
6.841779565, 6.841994938
6.851779574, 6.852031947
6.861779554, 6.861982882
6.871779573, 6.872038220
6.881779570, 6.881945354
6.891779572, 6.892000722
6.901779565, 6.902039187
6.911779570, 6.912087774
6.921779567, 6.922075085
6.931779570, 6.932085271
6.941779576, 6.942151439
6.951779574, 6.952073525
6.961779572, 6.962059516
6.971779573, 6.972055384
6.981779569, 6.981986243
6.991779566, 6.992103258
7.001779573, 7.002041156
7.011779554, 7.011877596
7.021779576, 7.022073922
7.031779555, 7.032037267
7.041779571, 7.042099576
7.051779568, 7.052063709
7.061779568, 7.062018353
7.071779552, 7.072064335
7.081779575, 7.082111459
7.091779573, 7.092029826
7.101779572, 7.102041285
7.111779567, 7.112060271
7.121779553, 7.122125890
7.131779572, 7.132045466
7.141780849, 7.142049415
7.151779574, 7.151962513
7.161779549, 7.162015185
7.171779572, 7.172018415
7.181779571, 7.182061950
7.191779576, 7.192051063
7.201779575, 7.202030241
7.211779549, 7.212044271
7.221779569, 7.222049513
7.231779568, 7.231985153
7.241779566, 7.241948611
7.251779572, 7.252019061
7.261779571, 7.261958822
7.271779570, 7.272015484
7.281779569, 7.282177142
7.291779568, 7.292139068
7.301779569, 7.302089680
7.311779566, 7.312054191
7.321779573, 7.322105064
7.331779570, 7.332012302
7.341779556, 7.342058272
7.351779552, 7.351989798
7.361779566, 7.361974662
7.371779569, 7.372064038
7.381779555, 7.381981467
7.391779570, 7.392061512
7.401779579, 7.402058012
7.411779567, 7.412090044
7.421779571, 7.422067281
7.431779569, 7.432058382
7.441779568, 7.441969140
7.451779569, 7.452057969
7.461779567, 7.461992750
7.471779570, 7.472037709
7.481779576, 7.481952086
7.491779572, 7.492055959
7.501779566, 7.502066323
7.511779553, 7.512000421
7.521779572, 7.522116961
7.531779552, 7.532113281
7.541779566, 7.542007483
7.551779562, 7.552023951
7.561779555, 7.562014019
7.571779566, 7.572025877
7.581779558, 7.582103243
7.591779576, 7.592069983
7.601779578, 7.602023332
7.611779552, 7.612069739
7.621779568, 7.622069309
7.631779573, 7.631973893
7.641779569, 7.642061170
7.651779572, 7.652089237
7.661779574, 7.662043608
7.671779569, 7.671993536
7.681779566, 7.682075811
7.691779559, 7.692103475
7.701779572, 7.701978719
7.711779573, 7.712071396
7.721779553, 7.721965497
7.731779571, 7.732004796
7.741779570, 7.742027868
7.751779565, 7.752057915
7.761779574, 7.761998288
7.771779568, 7.772071980
7.781779571, 7.782073595
7.791781787, 7.792000976
7.801779576, 7.802072909
7.811779573, 7.812057697
7.821779572, 7.822123794
7.831779572, 7.832008042
7.841779566, 7.842059405
7.851779569, 7.851996991
7.861779571, 7.861981363
7.871779569, 7.872111532
7.881779569, 7.882139174
7.891779576, 7.892071966
7.901779568, 7.902055421
7.911779571, 7.912000210
7.921779570, 7.921925450
7.931779566, 7.932033847
7.941779568, 7.942091347
7.951779572, 7.952023510
7.961779566, 7.962090588
7.971779576, 7.972069625
7.981779570, 7.982028033
7.991779569, 7.992046499
8.001779569, 8.001879091
8.011779568, 8.012083712
8.021779575, 8.022059085
8.031779571, 8.031994939
8.041779570, 8.041959475
8.051779575, 8.051963961
8.061779572, 8.062001801
8.071779567, 8.071951378
8.081779571, 8.082135418
8.091779572, 8.092035110
8.101779570, 8.102076837
8.111779575, 8.112128694
8.121779573, 8.122036860
8.131779567, 8.132009022
8.141779569, 8.141970230
8.151779564, 8.152027773
8.161779568, 8.162014413
8.171779563, 8.171979144
8.181779556, 8.182021591
8.191779573, 8.192050993
8.201779566, 8.202055112
8.211779552, 8.212065054
8.221779571, 8.222124264
8.231779570, 8.231986091
8.241779572, 8.241956858
8.251779572, 8.252033839
8.261779573, 8.262127839
8.271779571, 8.272099684
8.281779570, 8.282009243
8.291779574, 8.291985928
8.301779572, 8.302078844
8.311779563, 8.312072550
8.321779555, 8.322047173
8.331779552, 8.332044302
8.341779572, 8.341999925
8.351779570, 8.352063562
8.361779568, 8.362058203
8.371779576, 8.371986253
8.381779558, 8.382038476
8.391779571, 8.392051226
8.401779555, 8.402032216
8.411779569, 8.412042320
8.421779567, 8.421964194
8.431786400, 8.431949971
8.441787534, 8.441997514
8.451779572, 8.452009430
8.461779565, 8.461969955
8.471779555, 8.472107940
8.481779558, 8.482241311
8.491779578, 8.492021891
8.501779568, 8.501990405
8.511779566, 8.512035249
8.521779571, 8.522026595
8.531779573, 8.532051679
8.541779572, 8.542061142
8.551779558, 8.551988974
8.561779548, 8.561996099
8.571779572, 8.572037063
8.581779568, 8.582079698
8.591779574, 8.592134569
8.601779569, 8.602042294
8.611779570, 8.612099619
8.621779569, 8.622112293
8.631779567, 8.632000066
8.641779577, 8.642183165
8.651779564, 8.652095212
8.661779564, 8.662048649
8.671779573, 8.671957077
8.681779573, 8.681986195
8.691779569, 8.692024350
8.701779570, 8.701964272
8.711779570, 8.712046806
8.721779571, 8.722058578
8.731779572, 8.732079342
8.741779571, 8.742117324
8.751779571, 8.752020045
8.761779566, 8.762056203
8.771779568, 8.772090370
8.781779568, 8.782155098
8.791779570, 8.792022404
8.801779566, 8.801936070
8.811779574, 8.812079160
8.821779572, 8.822123513
8.831779568, 8.832068623
8.841779573, 8.842033104
8.851779570, 8.852037059
8.861779566, 8.862016098
8.871779568, 8.871958703
8.881779556, 8.882049390
8.891779569, 8.892062597
8.901779569, 8.902142258
8.911779566, 8.911907822
8.921779571, 8.922013345
8.931779566, 8.932041337
8.941779573, 8.942096324
8.951779579, 8.952091627
8.961779569, 8.962138483
8.971782440, 8.972055359
8.981779570, 8.982065489
8.991779569, 8.991955385
9.001779567, 9.002052887
9.011779575, 9.012122802
9.021779571, 9.022094394
9.031779571, 9.032095808
9.041779573, 9.042130568
9.051779552, 9.052037133
9.061779567, 9.062000904
9.071779566, 9.071999974
9.081779563, 9.082021156
9.091779570, 9.092027158
9.101779573, 9.101985179
9.111779569, 9.112077940
9.121779570, 9.122069180
9.131779570, 9.132007764
9.141779594, 9.142075587
9.151779555, 9.152091804
9.161779549, 9.162085505
9.171779547, 9.172153200
9.181779546, 9.182043961
9.191779548, 9.192052682
9.201779553, 9.202097912
9.211779552, 9.212008492
9.221779553, 9.222094259
9.231779544, 9.232027414
9.241779551, 9.242050874
9.251779550, 9.252064217
9.261779548, 9.262054633
9.271779557, 9.271967754
9.281779549, 9.281970600
9.291779550, 9.292012687
9.301779548, 9.301991213
9.311779551, 9.312089937
9.321779554, 9.322005466
9.331779550, 9.332007329
9.341779550, 9.342072324
9.351779554, 9.351984741
9.361779547, 9.362052012
9.371779566, 9.371982079
9.381779564, 9.382058665
9.391779552, 9.392093421
9.401779551, 9.402105420
9.411779563, 9.412038923
9.421779571, 9.421989853
9.431779565, 9.432030345
9.441779544, 9.442051197
9.451779548, 9.452078551
9.461779555, 9.462085691
9.471779550, 9.472015917
9.481779546, 9.482019321
9.491779548, 9.492085568
9.501779550, 9.502048835
9.511779588, 9.512040878
9.521779568, 9.521962677
9.531779566, 9.531938227
9.541779546, 9.542123352
9.551779990, 9.552078129
9.561779562, 9.561999318
9.571779552, 9.572041732
9.581779550, 9.582010293
9.591779548, 9.592040079
9.601779550, 9.602045724
9.611779570, 9.611898759
9.621779553, 9.622088773
9.631779555, 9.632050159
9.641790726, 9.642218333
9.651779569, 9.652065865
9.661779553, 9.662015430
9.671779549, 9.671997651
9.681779564, 9.682177482
9.691779571, 9.692019411
9.701779578, 9.701927706
9.711779567, 9.712003295
9.721779567, 9.722009976
9.731779566, 9.732018708
9.741779569, 9.741956710
9.751779571, 9.752028153
9.761779566, 9.762047170
9.771779567, 9.772101782
9.781779568, 9.782071044
9.791779565, 9.791953343
9.801779571, 9.801984560
9.811779570, 9.812003389
9.821779568, 9.822058461
9.831779567, 9.832062847
9.841779571, 9.842035881
9.851779569, 9.852021562
9.861779571, 9.862062629
9.871779567, 9.871934633
9.881779573, 9.882070676
9.891779569, 9.892093823
9.901779565, 9.902151590
9.911779565, 9.911948281
9.921779587, 9.922047805
9.931779578, 9.932133821
9.941779575, 9.942075099
9.951779562, 9.952067175
9.961779555, 9.962079010
9.971779568, 9.972087700
9.981779574, 9.982007479
9.991779573, 9.992037932
10.001779570, 10.002135678
10.011779556, 10.012015833
10.021779551, 10.022105688
10.031779571, 10.032155733
10.041779579, 10.042002579
10.051779566, 10.052019147
10.061779563, 10.062031378
10.071779593, 10.071918142
10.081779576, 10.082059262
10.091779574, 10.092021544
10.101779579, 10.102053471
10.111779576, 10.112119905
10.121779576, 10.122015324
10.131779558, 10.132002803
10.141779556, 10.142073459
10.151779556, 10.152092029
10.161779568, 10.162069401
10.171779578, 10.171937496
10.181779580, 10.182097480
10.191779568, 10.192066291
10.201779571, 10.201997160
10.211779575, 10.212007523
10.221779577, 10.222102428
10.231784879, 10.232095967
10.241779568, 10.242045724
10.251779626, 10.252064493
10.261779577, 10.261971489
10.271779555, 10.272067921
10.281779573, 10.281974699
10.291779567, 10.292027671
10.301779574, 10.302053070
10.311786779, 10.312023488
10.321779566, 10.321991017
10.331779575, 10.331993499
10.341779559, 10.342099684
10.351779578, 10.352056141
10.361779570, 10.362054950
10.371779567, 10.372103288
10.381779573, 10.382015999
10.391779634, 10.392053818
10.401779563, 10.401996538
10.411779582, 10.412091644
10.421779571, 10.422073973
10.431779593, 10.432078513
10.441779578, 10.442112955
10.451779573, 10.452125641
10.461779572, 10.461860163
10.471779572, 10.472086814
10.481779571, 10.482008935
10.491779572, 10.492056883
10.501779567, 10.502096880
10.511779569, 10.511993333
10.521779573, 10.522166962
10.531779626, 10.532061794
10.541779648, 10.541897289
10.551779614, 10.552038807
10.561779567, 10.562074957
10.571779578, 10.571976072
10.581779577, 10.582015626
10.591779573, 10.591928847
10.601779571, 10.601874463
10.611779571, 10.612084346
10.621779572, 10.622030594
10.631779571, 10.632158835
10.641779573, 10.642025310
10.651779577, 10.652082471
10.661779570, 10.662046404
10.671779581, 10.672095543
10.681779576, 10.682080391
10.691779576, 10.692141323
10.701779566, 10.701937968
10.711779572, 10.712026477
10.721779635, 10.722080901
10.731779552, 10.731965860
10.741779553, 10.742009177
10.751779574, 10.752023044
10.761779569, 10.761908931
10.771779578, 10.772062926
10.781779568, 10.782123682
10.791779571, 10.792075552
10.801779575, 10.802083293
10.811779580, 10.812111907
10.821779567, 10.821972364
10.831779551, 10.832054622
10.841779554, 10.842027814
10.851779557, 10.851940253
10.861779545, 10.862151606
10.871788849, 10.872168653
10.881779566, 10.882038177
10.891779550, 10.891997652
10.901779549, 10.902072829
10.911779556, 10.911968426
10.921779556, 10.922076747
10.931779553, 10.932041709
10.941779557, 10.941906940
10.951781042, 10.952181857
10.961779553, 10.962017565
10.971779552, 10.972068139
10.981779550, 10.981963797
10.991779553, 10.991929021
11.001779550, 11.002121947
11.011779558, 11.012095932
11.021779561, 11.022010978
11.031779552, 11.031946723
11.041779550, 11.042122738
11.051779558, 11.052126158
11.061779557, 11.062142080
11.071779555, 11.072046564
11.081779554, 11.082044534
11.091779564, 11.091998570
11.101779560, 11.102176569
11.111779566, 11.112230160
11.121779557, 11.122070786
11.131779553, 11.132010860
11.141779569, 11.142106391
11.151779552, 11.152011451
11.161779548, 11.161985350
11.171779574, 11.171998457
11.181779568, 11.182045054
11.191779576, 11.191964953
11.201779579, 11.201960437
11.211779573, 11.212032144
11.221779563, 11.222022686
11.231779571, 11.231982629
11.241779571, 11.241948359
11.251779568, 11.252020991
11.261779573, 11.262052306
11.271779569, 11.272129249
11.281779570, 11.281968437
11.291779573, 11.292073806
11.301779573, 11.301969416
11.311779572, 11.312036429
11.321779554, 11.322004013
11.331779567, 11.331991172
11.341779570, 11.342072994
11.351779571, 11.351883399
11.361779573, 11.362068324
11.371779571, 11.371964638
11.381779571, 11.381979228
11.391779569, 11.392155128
11.401779556, 11.402077433
11.411779575, 11.412124264
11.421779567, 11.422038400
11.431779553, 11.432061456
11.441779569, 11.441997783
11.451779574, 11.451976758
11.461779575, 11.462126749
11.471779570, 11.472058918
11.481779568, 11.482125708
11.491779568, 11.492061752
11.501779575, 11.502068067
11.511779579, 11.512161023
11.521779571, 11.522043134
11.531779560, 11.532055493
11.541779573, 11.541945639
11.551779567, 11.552047173
11.561779568, 11.562063941
11.571779568, 11.572117619
11.581779566, 11.582056400
11.591779573, 11.592090795
11.601779569, 11.602081701
11.611779571, 11.612064773
11.621779570, 11.622026185
11.631779567, 11.632093358
11.641779576, 11.642012927
11.651779573, 11.651944611
11.661779569, 11.662148449
11.671779568, 11.672088127
11.681779574, 11.682038175
11.691779571, 11.692019322
11.701779562, 11.702085296
11.711779570, 11.712078827
11.721779568, 11.722034843
11.731779573, 11.732051540
11.741779573, 11.742017616
11.751779572, 11.752076358
11.761779576, 11.761990694
11.771779570, 11.772007148
11.781779567, 11.782033941
11.791779568, 11.791990267
11.801779558, 11.801915060
11.811779568, 11.812073555
11.821779573, 11.822074635
11.831779571, 11.832024261
11.841779573, 11.841992318
11.851779568, 11.852082562
11.861779570, 11.862023416
11.871779566, 11.872098687
11.881779571, 11.881941465
11.891779573, 11.891998872
11.901779568, 11.902035014
11.911779572, 11.912025991
11.921779594, 11.922056314
11.931779563, 11.931930224
11.941779567, 11.942039280
11.951779573, 11.952083156
11.961779567, 11.962000609
11.971779568, 11.971993636
11.981779573, 11.982128641
11.991779571, 11.992021412
12.001779567, 12.002065210
12.011779571, 12.011937403
12.021779573, 12.021931696
12.031779567, 12.032021926
12.041779574, 12.042000749
12.051779566, 12.052210944
------------------------------
