------------------------------
test was performed using the following parameters: --mps=100 --burst=1 --reply-every=1 --msg-size=14 --time=30
------------------------------
sockperf: [Total Run] RunTime=30.100 sec; SentMessages=3011; ReceivedMessages=3010
sockperf: ========= Printing statistics for Server No: 0
sockperf: [Valid Duration] RunTime=29.980 sec; SentMessages=2999; ReceivedMessages=2999
sockperf: [2;35m====> avg-lat=117.742 (std-dev=1.752)[0m
sockperf: # dropped messages = 0; # duplicated messages = 0; # out-of-order messages = 0
sockperf: [2;35mTotal 2999 observations[0m; each percentile contains 29.99 observations
sockperf: ---> <MAX> observation =  130.382
sockperf: ---> percentile 99.999 =  130.382
sockperf: ---> percentile 99.990 =  130.382
sockperf: ---> percentile 99.900 =  128.874
sockperf: ---> percentile 99.000 =  124.612
sockperf: ---> percentile 90.000 =  118.996
sockperf: ---> percentile 75.000 =  118.292
sockperf: ---> percentile 50.000 =  117.623
sockperf: ---> percentile 25.000 =  116.915
sockperf: ---> <MIN> observation =   90.284
------------------------------
txTime, rxTime
2.064053361, 2.064294268
2.074053365, 2.074294379
2.084053368, 2.084290352
2.094053362, 2.094290797
2.104053384, 2.104291515
2.114053370, 2.114293688
2.124053368, 2.124290528
2.134053360, 2.134291634
2.144053354, 2.144290772
2.154053356, 2.154292208
2.164053359, 2.164290462
2.174053359, 2.174292006
2.184053358, 2.184287315
2.194053362, 2.194288656
2.204053406, 2.204309853
2.214053402, 2.214305447
2.224053355, 2.224291327
2.234053356, 2.234287369
2.244053354, 2.244287943
2.254053359, 2.254289495
2.264053355, 2.264291763
2.274053372, 2.274290066
2.284053359, 2.284287714
2.294053360, 2.294286929
2.304053353, 2.304290394
2.314053362, 2.314262105
2.324053360, 2.324290031
2.334053361, 2.334286703
2.344053354, 2.344286857
2.354053356, 2.354289661
2.364053356, 2.364290128
2.374053354, 2.374289556
2.384053358, 2.384292094
2.394053357, 2.394286367
2.404053355, 2.404288718
2.414053354, 2.414290285
2.424053357, 2.424289682
2.434053361, 2.434291210
2.444053360, 2.444286663
2.454053361, 2.454289745
2.464053369, 2.464288782
2.474053356, 2.474288518
2.484053358, 2.484290688
2.494053361, 2.494286261
2.504053356, 2.504286787
2.514053361, 2.514288498
2.524053362, 2.524289648
2.534053360, 2.534290429
2.544053392, 2.544291644
2.554053414, 2.554288344
2.564053356, 2.564287359
2.574053357, 2.574288489
2.584053356, 2.584290664
2.594053359, 2.594289781
2.604053356, 2.604286292
2.614053354, 2.614287816
2.624053354, 2.624288218
2.634053361, 2.634289824
2.644053360, 2.644294049
2.654053378, 2.654291430
2.664053359, 2.664287170
2.674053360, 2.674287276
2.684053360, 2.684288945
2.694053356, 2.694289231
2.704053359, 2.704289737
2.714053397, 2.714310328
2.724053380, 2.724298702
2.734053356, 2.734289289
2.744053354, 2.744289771
2.754053362, 2.754286090
2.764053369, 2.764291167
2.774053370, 2.774287865
2.784053362, 2.784289048
2.794053356, 2.794290729
2.804053360, 2.804289968
2.814053359, 2.814290782
2.824053357, 2.824286957
2.834053360, 2.834288889
2.844053357, 2.844289222
2.854053355, 2.854289556
2.864053356, 2.864290971
2.874053361, 2.874292905
2.884053376, 2.884289055
2.894053370, 2.894288156
2.904053362, 2.904289420
2.914053361, 2.914291253
2.924053358, 2.924286510
2.934053361, 2.934287913
2.944053361, 2.944288193
2.954053359, 2.954290427
2.964053359, 2.964290978
2.974053356, 2.974291167
2.984053361, 2.984289555
2.994053377, 2.994286983
3.004053361, 3.004287106
3.014053354, 3.014290301
3.024053361, 3.024287696
3.034053361, 3.034287378
3.044053359, 3.044287840
3.054053356, 3.054289037
3.064053359, 3.064294819
3.074053384, 3.074290536
3.084053357, 3.084287186
3.094053356, 3.094287796
3.104053354, 3.104288226
3.114053362, 3.114289755
3.124053360, 3.124289879
3.134053359, 3.134286413
3.144053362, 3.144287784
3.154053359, 3.154297499
3.164053356, 3.164289590
3.174053361, 3.174291329
3.184053359, 3.184289488
3.194053358, 3.194287482
3.204053358, 3.204288035
3.214053361, 3.214288994
3.224053355, 3.224289643
3.234053361, 3.234291538
3.244053355, 3.244288621
3.254053358, 3.254287935
3.264053358, 3.264292996
3.274053379, 3.274290309
3.284053355, 3.284290104
3.294053358, 3.294291324
3.304053355, 3.304287323
3.314053358, 3.314288080
3.324053359, 3.324289712
3.334053355, 3.334289120
3.344053361, 3.344290434
3.354053361, 3.354285738
3.364053360, 3.364290173
3.374053358, 3.374288926
3.384053353, 3.384288179
3.394053357, 3.394291095
3.404053355, 3.404291247
3.414053358, 3.414286512
3.424053375, 3.424288288
3.434053360, 3.434288327
3.444053356, 3.444289434
3.454053356, 3.454291786
3.464053360, 3.464289270
3.474053377, 3.474288982
3.484053375, 3.484288768
3.494053360, 3.494290124
3.504053354, 3.504285387
3.514053359, 3.514285678
3.524053358, 3.524287380
3.534053361, 3.534287484
3.544053360, 3.544290233
3.554053354, 3.554290248
3.564053357, 3.564291284
3.574053357, 3.574287675
3.584053360, 3.584287829
3.594053361, 3.594290123
3.604053360, 3.604289634
3.614053359, 3.614284897
3.624053353, 3.624286982
3.634053360, 3.634287133
3.644053365, 3.644287676
3.654053361, 3.654289865
3.664053359, 3.664289352
3.674053374, 3.674294749
3.684053373, 3.684289776
3.694053357, 3.694287945
3.704053361, 3.704289087
3.714053356, 3.714289755
3.724053360, 3.724286105
3.734053354, 3.734286403
3.744053357, 3.744288468
3.754053357, 3.754289436
3.764053358, 3.764289028
3.774053357, 3.774291482
3.784053355, 3.784287450
3.794053360, 3.794288301
3.804053354, 3.804288804
3.814053361, 3.814288883
3.824053354, 3.824291536
3.834053357, 3.834285234
3.844053354, 3.844286065
3.854053360, 3.854287375
3.864053371, 3.864290891
3.874053354, 3.874290547
3.884053360, 3.884291337
3.894053359, 3.894286449
3.904053355, 3.904289634
3.914053358, 3.914288454
3.924053357, 3.924289925
3.934053354, 3.934290368
3.944053356, 3.944285809
3.954053361, 3.954287823
3.964053361, 3.964288204
3.974053354, 3.974291372
3.984053361, 3.984291662
3.994053356, 3.994290684
4.004053358, 4.004286888
4.014053359, 4.014288400
4.024053357, 4.024290146
4.034053355, 4.034290203
4.044053356, 4.044290990
4.054055923, 4.054297583
4.064053366, 4.064288505
4.074053357, 4.074289326
4.084053380, 4.084291166
4.094053358, 4.094284680
4.104053357, 4.104286220
4.114053356, 4.114287506
4.124053359, 4.124289283
4.134053356, 4.134290389
4.144053356, 4.144289907
4.154053360, 4.154286889
4.164053357, 4.164286956
4.174053356, 4.174288584
4.184053356, 4.184288842
4.194053354, 4.194291477
4.204053360, 4.204290601
4.214053355, 4.214287253
4.224053359, 4.224287741
4.234053357, 4.234289517
4.244053361, 4.244290348
4.254053357, 4.254290522
4.264053355, 4.264289317
4.274053366, 4.274287077
4.284053358, 4.284288280
4.294053357, 4.294288861
4.304053371, 4.304290442
4.314053357, 4.314290805
4.324053359, 4.324286100
4.334053355, 4.334289471
4.344053361, 4.344289706
4.354053360, 4.354291365
4.364053356, 4.364290852
4.374053356, 4.374287334
4.384053356, 4.384287933
4.394053358, 4.394289064
4.404053357, 4.404288745
4.414053361, 4.414290998
4.424053354, 4.424286736
4.434053353, 4.434288775
4.444053360, 4.444286987
4.454053355, 4.454288880
4.464053359, 4.464292836
4.474053371, 4.474290948
4.484053369, 4.484287124
4.494053357, 4.494287632
4.504053356, 4.504288965
4.514053358, 4.514291700
4.524053379, 4.524289590
4.534053366, 4.534286323
4.544053360, 4.544287567
4.554053357, 4.554289538
4.564053355, 4.564290322
4.574053354, 4.574285072
4.584053361, 4.584287211
4.594053356, 4.594287757
4.604053356, 4.604287489
4.614053362, 4.614290487
4.624053357, 4.624290335
4.634053356, 4.634290407
4.644053357, 4.644286921
4.654053357, 4.654287346
4.664053361, 4.664292098
4.674053371, 4.674289590
4.684053356, 4.684288684
4.694053359, 4.694285949
4.704053359, 4.704287466
4.714053359, 4.714288064
4.724053353, 4.724289446
4.734053358, 4.734289900
4.744053374, 4.744284550
4.754053354, 4.754287383
4.764053359, 4.764287892
4.774053361, 4.774292132
4.784053356, 4.784289282
4.794053354, 4.794290770
4.804053355, 4.804285446
4.814053355, 4.814287312
4.824053354, 4.824287864
4.834053361, 4.834289316
4.844053356, 4.844289797
4.854053356, 4.854288180
4.864053367, 4.864287431
4.874053354, 4.874288728
4.884053356, 4.884288974
4.894053355, 4.894290001
4.904053355, 4.904286323
4.914053353, 4.914286630
4.924053361, 4.924288401
4.934053360, 4.934287784
4.944053358, 4.944289840
4.954053360, 4.954290513
4.964053363, 4.964289803
4.974053354, 4.974287664
4.984053360, 4.984287543
4.994053359, 4.994291791
5.004053356, 5.004290767
5.014053357, 5.014287970
5.024053356, 5.024287272
5.034053357, 5.034289710
5.044053356, 5.044293529
5.054053399, 5.054290149
5.064053358, 5.064291582
5.074053357, 5.074286748
5.084053355, 5.084287327
5.094053356, 5.094288434
5.104053355, 5.104289966
5.114053355, 5.114290328
5.124053359, 5.124285795
5.134053359, 5.134287203
5.144053360, 5.144288984
5.154053353, 5.154290229
5.164053356, 5.164290245
5.174053360, 5.174291987
5.184053379, 5.184286729
5.194053361, 5.194287702
5.204053360, 5.204289143
5.214053358, 5.214290185
5.224053359, 5.224287132
5.234053355, 5.234290312
5.244053384, 5.244288605
5.254053362, 5.254288291
5.264053358, 5.264288832
5.274053356, 5.274291231
5.284053354, 5.284290015
5.294053359, 5.294288449
5.304053359, 5.304289432
5.314053356, 5.314288670
5.324053359, 5.324291862
5.334053357, 5.334297337
5.344053361, 5.344287950
5.354053360, 5.354287900
5.364053354, 5.364288919
5.374053354, 5.374290140
5.384053360, 5.384290461
5.394053356, 5.394291748
5.404053361, 5.404286757
5.414053360, 5.414287334
5.424053354, 5.424295997
5.434053380, 5.434294596
5.444053355, 5.444288924
5.454053358, 5.454288347
5.464053360, 5.464289818
5.474053359, 5.474291402
5.484053359, 5.484290826
5.494053355, 5.494287178
5.504053358, 5.504286478
5.514053357, 5.514287037
5.524053355, 5.524289421
5.534053361, 5.534289842
5.544053354, 5.544290132
5.554053359, 5.554286251
5.564053360, 5.564287971
5.574053354, 5.574289606
5.584053361, 5.584288833
5.594053356, 5.594290615
5.604053353, 5.604286510
5.614053364, 5.614287365
5.624053364, 5.624294070
5.634053381, 5.634291766
5.644053360, 5.644286405
5.654053359, 5.654287152
5.664053358, 5.664286849
5.674053356, 5.674288653
5.684053399, 5.684308065
5.694053361, 5.694290315
5.704053359, 5.704291607
5.714053355, 5.714286739
5.724053358, 5.724288412
5.734053355, 5.734288636
5.744053361, 5.744289184
5.754053361, 5.754290720
5.764053359, 5.764286777
5.774053355, 5.774289747
5.784053359, 5.784288897
5.794053361, 5.794289888
5.804053355, 5.804290325
5.814053361, 5.814285663
5.824053355, 5.824286965
5.834053366, 5.834288949
5.844053368, 5.844288582
5.854053355, 5.854289522
5.864053377, 5.864294933
5.874053373, 5.874289512
5.884053355, 5.884288357
5.894053360, 5.894288509
5.904053359, 5.904288745
5.914053359, 5.914290481
5.924053360, 5.924286911
5.934053357, 5.934287280
5.944053354, 5.944288804
5.954053358, 5.954289119
5.964053359, 5.964289704
5.974053356, 5.974291056
5.984053361, 5.984287543
5.994053354, 5.994286834
6.004053359, 6.004288982
6.014053358, 6.014289733
6.024053354, 6.024290369
6.034053359, 6.034286609
6.044053359, 6.044287282
6.054056314, 6.054297452
6.064053398, 6.064311147
6.074053425, 6.074307792
6.084053368, 6.084294927
6.094053384, 6.094294254
6.104053358, 6.104288847
6.114053357, 6.114290286
6.124053360, 6.124289872
6.134053358, 6.134291066
6.144053359, 6.144287550
6.154053357, 6.154287791
6.164053360, 6.164288574
6.174053361, 6.174289800
6.184053356, 6.184291161
6.194053360, 6.194285699
6.204053356, 6.204286114
6.214053361, 6.214288580
6.224053354, 6.224290171
6.234053361, 6.234291646
6.244053359, 6.244286967
6.254053353, 6.254288177
6.264053358, 6.264288279
6.274053366, 6.274295108
6.284053378, 6.284290873
6.294053357, 6.294284594
6.304053361, 6.304285060
6.314053358, 6.314288855
6.324053357, 6.324287910
6.334053357, 6.334290466
6.344053358, 6.344289969
6.354053358, 6.354285310
6.364053357, 6.364286566
6.374053358, 6.374288304
6.384053359, 6.384289960
6.394053362, 6.394291391
6.404053356, 6.404285447
6.414053359, 6.414286888
6.424053361, 6.424287083
6.434053356, 6.434288324
6.444053359, 6.444289164
6.454053359, 6.454290725
6.464053353, 6.464287108
6.474053354, 6.474291919
6.484053401, 6.484289691
6.494053359, 6.494289311
6.504053358, 6.504290963
6.514053359, 6.514287302
6.524053356, 6.524287768
6.534053356, 6.534289106
6.544053359, 6.544289024
6.554053355, 6.554289899
6.564053354, 6.564286556
6.574053355, 6.574287069
6.584053354, 6.584287633
6.594053354, 6.594289643
6.604053361, 6.604290736
6.614053358, 6.614291075
6.624053357, 6.624286427
6.634053357, 6.634286529
6.644053360, 6.644289414
6.654053359, 6.654288441
6.664053356, 6.664296594
6.674053388, 6.674291148
6.684053372, 6.684286194
6.694053359, 6.694288393
6.704053360, 6.704289024
6.714053367, 6.714290183
6.724053362, 6.724286211
6.734053354, 6.734286873
6.744053362, 6.744289506
6.754053360, 6.754290052
6.764053361, 6.764290016
6.774053361, 6.774291593
6.784053354, 6.784285639
6.794053355, 6.794287637
6.804053354, 6.804289239
6.814053359, 6.814288489
6.824053355, 6.824291333
6.834053354, 6.834284930
6.844053360, 6.844287625
6.854053355, 6.854293838
6.864053382, 6.864289176
6.874053369, 6.874289050
6.884053353, 6.884286924
6.894053369, 6.894288013
6.904053360, 6.904287256
6.914053358, 6.914287983
6.924053358, 6.924288971
6.934053369, 6.934289580
6.944053354, 6.944287072
6.954053356, 6.954288432
6.964053361, 6.964290008
6.974053361, 6.974289852
6.984053354, 6.984288803
6.994053356, 6.994284919
7.004053358, 7.004286432
7.014053358, 7.014287432
7.024053359, 7.024289432
7.034053354, 7.034289743
7.044053354, 7.044289745
7.054053357, 7.054287099
7.064053354, 7.064287591
7.074053354, 7.074289354
7.084053356, 7.084289808
7.094053359, 7.094292709
7.104053373, 7.104292181
7.114053357, 7.114288254
7.124053356, 7.124289034
7.134053356, 7.134289177
7.144053355, 7.144289770
7.154053379, 7.154291184
7.164053356, 7.164286520
7.174053357, 7.174288262
7.184053353, 7.184290247
7.194053362, 7.194286964
7.204053360, 7.204285633
7.214053399, 7.214305826
7.224053383, 7.224293965
7.234053360, 7.234289108
7.244053358, 7.244289543
7.254053359, 7.254291048
7.264053356, 7.264286951
7.274053359, 7.274287483
7.284053359, 7.284288112
7.294053355, 7.294289541
7.304053356, 7.304290046
7.314053354, 7.314286111
7.324053356, 7.324293423
7.334053378, 7.334287968
7.344053359, 7.344289791
7.354053361, 7.354290100
7.364053359, 7.364290550
7.374053367, 7.374286476
7.384053355, 7.384288298
7.394053356, 7.394287225
7.404053359, 7.404292671
7.414053361, 7.414291344
7.424053356, 7.424291350
7.434053357, 7.434288570
7.444053355, 7.444287796
7.454053360, 7.454289250
7.464053359, 7.464289815
7.474053356, 7.474290352
7.484053356, 7.484286485
7.494053356, 7.494287760
7.504053359, 7.504289267
7.514053358, 7.514295622
7.524053373, 7.524292518
7.534053355, 7.534288042
7.544053354, 7.544287623
7.554053357, 7.554288878
7.564053355, 7.564290154
7.574053353, 7.574290258
7.584053353, 7.584292097
7.594053382, 7.594287099
7.604053396, 7.604309017
7.614053356, 7.614288561
7.624053357, 7.624291312
7.634053359, 7.634290456
7.644053358, 7.644286844
7.654053361, 7.654287989
7.664053355, 7.664288429
7.674053356, 7.674289100
7.684053361, 7.684291162
7.694053354, 7.694286850
7.704053359, 7.704288448
7.714053361, 7.714288742
7.724053356, 7.724289914
7.734053357, 7.734290281
7.744053361, 7.744285843
7.754053360, 7.754290486
7.764053369, 7.764287729
7.774053354, 7.774289500
7.784053358, 7.784290886
7.794053357, 7.794290384
7.804053356, 7.804291240
7.814053373, 7.814287711
7.824053361, 7.824289902
7.834053360, 7.834290660
7.844053356, 7.844292777
7.854053358, 7.854287779
7.864053359, 7.864287660
7.874053359, 7.874287275
7.884053357, 7.884289904
7.894053356, 7.894290869
7.904053358, 7.904286879
7.914053356, 7.914288910
7.924053354, 7.924288281
7.934053358, 7.934290964
7.944053359, 7.944292886
7.954053374, 7.954292328
7.964053360, 7.964286453
7.974053358, 7.974287928
7.984053355, 7.984287999
7.994053354, 7.994289721
8.004053362, 8.004290284
8.014053361, 8.014285439
8.024053360, 8.024287206
8.034053362, 8.034288557
8.044053360, 8.044288862
8.054055936, 8.054299310
8.064053357, 8.064292662
8.074053361, 8.074287659
8.084053353, 8.084288895
8.094053359, 8.094288736
8.104053359, 8.104285127
8.114053359, 8.114291843
8.124053356, 8.124286322
8.134053359, 8.134288195
8.144053361, 8.144290934
8.154053371, 8.154288615
8.164053359, 8.164290428
8.174053360, 8.174286720
8.184053358, 8.184288186
8.194053354, 8.194287565
8.204053358, 8.204289469
8.214053361, 8.214290772
8.224053359, 8.224290825
8.234053355, 8.234285995
8.244053399, 8.244314164
8.254053422, 8.254307102
8.264053361, 8.264289699
8.274053357, 8.274290895
8.284053359, 8.284287959
8.294053355, 8.294288420
8.304053359, 8.304288197
8.314053357, 8.314288685
8.324053360, 8.324290208
8.334053357, 8.334285099
8.344053357, 8.344287821
8.354053358, 8.354289402
8.364053353, 8.364295133
8.374053379, 8.374291097
8.384053373, 8.384290924
8.394053361, 8.394287427
8.404053359, 8.404288318
8.414053354, 8.414288846
8.424053357, 8.424289350
8.434053410, 8.434309572
8.444053416, 8.444303213
8.454053361, 8.454287084
8.464053357, 8.464288249
8.474053365, 8.474289872
8.484053361, 8.484290712
8.494053360, 8.494285463
8.504053356, 8.504288831
8.514053359, 8.514289239
8.524053354, 8.524288690
8.534053358, 8.534301865
8.544053353, 8.544290933
8.554053361, 8.554286217
8.564053355, 8.564288817
8.574053356, 8.574289024
8.584053355, 8.584288078
8.594053356, 8.594291208
8.604053357, 8.604288504
8.614053367, 8.614287569
8.624053353, 8.624288821
8.634053356, 8.634288577
8.644053355, 8.644289947
8.654053358, 8.654284833
8.664053354, 8.664287884
8.674053359, 8.674287997
8.684053365, 8.684289376
8.694053357, 8.694289803
8.704053351, 8.704285989
8.714053359, 8.714286855
8.724053358, 8.724290564
8.734053361, 8.734288069
8.744053355, 8.744290154
8.754053356, 8.754290448
8.764053355, 8.764285588
8.774053356, 8.774287012
8.784053356, 8.784287718
8.794053359, 8.794291201
8.804053374, 8.804289543
8.814053399, 8.814309470
8.824053380, 8.824303522
8.834053392, 8.834298759
8.844053374, 8.844289479
8.854053359, 8.854289250
8.864053360, 8.864290599
8.874053356, 8.874287035
8.884053354, 8.884301539
8.894053432, 8.894304786
8.904053363, 8.904289433
8.914053365, 8.914285619
8.924053358, 8.924287111
8.934053359, 8.934286637
8.944053357, 8.944289337
8.954053359, 8.954289441
8.964053358, 8.964289933
8.974053355, 8.974286343
8.984053358, 8.984286418
8.994053359, 8.994287299
9.004053355, 9.004288110
9.014053355, 9.014288831
9.024053357, 9.024290320
9.034053360, 9.034286600
9.044053354, 9.044286009
9.054053358, 9.054288605
9.064053355, 9.064287751
9.074053397, 9.074309697
9.084053403, 9.084312612
9.094053356, 9.094287819
9.104053350, 9.104294253
9.114053378, 9.114290297
9.124053361, 9.124290039
9.134053363, 9.134291086
9.144053359, 9.144285942
9.154053355, 9.154289228
9.164053349, 9.164289833
9.174053356, 9.174290130
9.184053357, 9.184290948
9.194053355, 9.194285676
9.204053358, 9.204289165
9.214053356, 9.214287484
9.224053359, 9.224288844
9.234053353, 9.234290353
9.244053359, 9.244285500
9.254053355, 9.254287525
9.264053353, 9.264288256
9.274053359, 9.274288321
9.284053356, 9.284289633
9.294053359, 9.294289972
9.304053370, 9.304293202
9.314053365, 9.314286926
9.324053358, 9.324288181
9.334053355, 9.334289789
9.344053377, 9.344290259
9.354053358, 9.354286610
9.364053356, 9.364287066
9.374053355, 9.374287950
9.384053361, 9.384290351
9.394053359, 9.394285946
9.404053365, 9.404285764
9.414053358, 9.414286164
9.424053356, 9.424287358
9.434053354, 9.434287960
9.444053359, 9.444289424
9.454053399, 9.454305159
9.464053373, 9.464297492
9.474053354, 9.474287473
9.484053360, 9.484288420
9.494053349, 9.494289628
9.504053354, 9.504285269
9.514053359, 9.514286570
9.524053406, 9.524307481
9.534053361, 9.534287798
9.544053352, 9.544291500
9.554053373, 9.554290030
9.564053369, 9.564291211
9.574053365, 9.574287327
9.584053355, 9.584291297
9.594053357, 9.594293879
9.604053361, 9.604289777
9.614053355, 9.614291138
9.624053361, 9.624286552
9.634053359, 9.634287110
9.644053358, 9.644288989
9.654053359, 9.654289942
9.664053351, 9.664290996
9.674053355, 9.674286454
9.684053358, 9.684286862
9.694053357, 9.694287401
9.704053351, 9.704288637
9.714053358, 9.714289791
9.724053355, 9.724285218
9.734053354, 9.734289545
9.744053361, 9.744287471
9.754053351, 9.754287926
9.764053359, 9.764289572
9.774053358, 9.774289660
9.784053367, 9.784285974
9.794053364, 9.794287479
9.804053354, 9.804288275
9.814053360, 9.814291020
9.824053354, 9.824290301
9.834053358, 9.834285551
9.844053352, 9.844286633
9.854053360, 9.854287628
9.864053359, 9.864288929
9.874053365, 9.874290168
9.884053359, 9.884285523
9.894053359, 9.894285656
9.904053360, 9.904285297
9.914053358, 9.914288811
9.924053353, 9.924289452
9.934053351, 9.934292892
9.944053370, 9.944286289
9.954053354, 9.954287714
9.964053359, 9.964288063
9.974053359, 9.974288450
9.984053357, 9.984285921
9.994053356, 9.994285346
10.004053370, 10.004286829
10.014053357, 10.014288414
10.024053360, 10.024288852
10.034053360, 10.034290797
10.044053357, 10.044287938
10.054053360, 10.054287272
10.064053359, 10.064287683
10.074053354, 10.074288013
10.084053357, 10.084288323
10.094053355, 10.094290929
10.104053354, 10.104286155
10.114053355, 10.114287821
10.124053351, 10.124290719
10.134053376, 10.134289716
10.144053355, 10.144290369
10.154053358, 10.154285333
10.164053353, 10.164287898
10.174053352, 10.174288353
10.184053360, 10.184287829
10.194053356, 10.194290296
10.204053355, 10.204289463
10.214053358, 10.214287038
10.224053364, 10.224287323
10.234053356, 10.234287782
10.244053358, 10.244289535
10.254053352, 10.254292980
10.264053360, 10.264286743
10.274053358, 10.274286447
10.284053352, 10.284286904
10.294053359, 10.294289452
10.304053353, 10.304288775
10.314053357, 10.314287818
10.324053367, 10.324286659
10.334053355, 10.334287082
10.344053359, 10.344289400
10.354053351, 10.354288930
10.364053358, 10.364289640
10.374053357, 10.374286234
10.384053361, 10.384287301
10.394053356, 10.394287621
10.404053361, 10.404289189
10.414053354, 10.414289873
10.424053358, 10.424286061
10.434053354, 10.434286824
10.444053364, 10.444288090
10.454053349, 10.454288425
10.464053359, 10.464290562
10.474053356, 10.474286362
10.484053358, 10.484286742
10.494053353, 10.494286782
10.504053357, 10.504288293
10.514053360, 10.514292965
10.524053391, 10.524290767
10.534053359, 10.534285949
10.544053360, 10.544287361
10.554053357, 10.554287827
10.564053360, 10.564288268
10.574053354, 10.574291482
10.584053352, 10.584289318
10.594053360, 10.594287544
10.604053353, 10.604288029
10.614053359, 10.614289508
10.624053355, 10.624290018
10.634053360, 10.634284991
10.644053358, 10.644286967
10.654053356, 10.654287650
10.664053365, 10.664288846
10.674053400, 10.674308985
10.684053357, 10.684291997
10.694053360, 10.694287626
10.704053359, 10.704288274
10.714053359, 10.714287952
10.724053359, 10.724289313
10.734053352, 10.734297798
10.744053385, 10.744287070
10.754053366, 10.754286850
10.764053356, 10.764288291
10.774053356, 10.774288748
10.784053349, 10.784288728
10.794053356, 10.794285109
10.804053352, 10.804286711
10.814053355, 10.814288069
10.824053359, 10.824290428
10.834053355, 10.834291047
10.844053358, 10.844289396
10.854053358, 10.854287131
10.864053359, 10.864288130
10.874053360, 10.874288895
10.884053366, 10.884289373
10.894053359, 10.894289382
10.904053354, 10.904285734
10.914053353, 10.914286756
10.924053355, 10.924290210
10.934053373, 10.934288440
10.944053354, 10.944288912
10.954053361, 10.954285108
10.964053353, 10.964285937
10.974053357, 10.974288185
10.984053360, 10.984288680
10.994053355, 10.994288085
11.004053356, 11.004290549
11.014053357, 11.014286078
11.024053354, 11.024287434
11.034053359, 11.034288776
11.044053357, 11.044287767
11.054053358, 11.054289539
11.064053354, 11.064285972
11.074053359, 11.074285530
11.084053351, 11.084286871
11.094053477, 11.094287936
11.104053370, 11.104289294
11.114053358, 11.114285022
11.124053374, 11.124295352
11.134053359, 11.134289488
11.144053360, 11.144288732
11.154053357, 11.154290031
11.164053356, 11.164290366
11.174053349, 11.174285567
11.184053357, 11.184287104
11.194053351, 11.194287591
11.204053355, 11.204290155
11.214053358, 11.214289499
11.224053357, 11.224284592
11.234053360, 11.234287602
11.244053354, 11.244287917
11.254053356, 11.254290567
11.264053354, 11.264289876
11.274053356, 11.274284859
11.284053354, 11.284286239
11.294053356, 11.294285636
11.304053354, 11.304288397
11.314053359, 11.314289961
11.324053363, 11.324291446
11.334053359, 11.334286023
11.344053357, 11.344287466
11.354053354, 11.354288311
11.364053359, 11.364289472
11.374053356, 11.374288398
11.384053354, 11.384285779
11.394053354, 11.394286244
11.404053360, 11.404288910
11.414053349, 11.414287591
11.424053358, 11.424289568
11.434053357, 11.434292404
11.444053354, 11.444285368
11.454055906, 11.454294761
11.464053354, 11.464288452
11.474053350, 11.474288885
11.484053351, 11.484290513
11.494053357, 11.494286554
11.504053355, 11.504286294
11.514053357, 11.514290404
11.524053372, 11.524289046
11.534053369, 11.534290434
11.544053356, 11.544286158
11.554053355, 11.554286128
11.564053358, 11.564288277
11.574053361, 11.574290351
11.584053360, 11.584288762
11.594053354, 11.594290040
11.604053361, 11.604286531
11.614053355, 11.614286866
11.624053360, 11.624288330
11.634053358, 11.634288769
11.644053355, 11.644288940
11.654053354, 11.654285593
11.664053357, 11.664287035
11.674053357, 11.674288466
11.684053354, 11.684289860
11.694053361, 11.694289256
11.704053361, 11.704288213
11.714053369, 11.714288174
11.724053349, 11.724288454
11.734053356, 11.734288431
11.744053354, 11.744289568
11.754053373, 11.754289725
11.764053367, 11.764287093
11.774053356, 11.774286399
11.784053353, 11.784289167
11.794053357, 11.794289466
11.804053358, 11.804290082
11.814053356, 11.814286726
11.824053354, 11.824286630
11.834053355, 11.834287379
11.844053357, 11.844289888
11.854053361, 11.854289369
11.864053356, 11.864290883
11.874053354, 11.874286745
11.884053352, 11.884286313
11.894053353, 11.894293363
11.904053357, 11.904291617
11.914053370, 11.914290094
11.924053354, 11.924285542
11.934053357, 11.934287739
11.944053355, 11.944288228
11.954053358, 11.954289575
11.964053359, 11.964289434
11.974053365, 11.974290571
11.984053349, 11.984286093
11.994053353, 11.994287462
12.004053352, 12.004289683
12.014053358, 12.014285622
12.024053351, 12.024286481
12.034053361, 12.034286178
12.044053350, 12.044290025
12.054053359, 12.054289661
12.064053360, 12.064288115
12.074053351, 12.074291782
12.084053357, 12.084287175
12.094053361, 12.094290942
12.104053369, 12.104288344
12.114053353, 12.114288700
12.124053357, 12.124290184
12.134053358, 12.134285452
12.144053354, 12.144286810
12.154053354, 12.154288326
12.164053358, 12.164289173
12.174053358, 12.174289435
12.184053354, 12.184289656
12.194053385, 12.194290224
12.204053358, 12.204287644
12.214053355, 12.214286731
12.224053355, 12.224290663
12.234053356, 12.234291545
12.244053359, 12.244286008
12.254053359, 12.254286464
12.264053353, 12.264287136
12.274053357, 12.274289602
12.284053353, 12.284292826
12.294053369, 12.294290952
12.304053355, 12.304286941
12.314053358, 12.314287492
12.324053359, 12.324288770
12.334053351, 12.334270771
12.344053358, 12.344289767
12.354053359, 12.354286074
12.364053359, 12.364286132
12.374053354, 12.374289016
12.384053358, 12.384291470
12.394053361, 12.394289899
12.404053356, 12.404285915
12.414053372, 12.414286352
12.424053354, 12.424287638
12.434053360, 12.434290806
12.444053353, 12.444290173
12.454053355, 12.454286764
12.464053359, 12.464286834
12.474053356, 12.474292983
12.484053389, 12.484290054
12.494053356, 12.494285108
12.504053354, 12.504289638
12.514053351, 12.514285967
12.524053351, 12.524287369
12.534053359, 12.534288855
12.544053360, 12.544288372
12.554053356, 12.554289648
12.564053357, 12.564286122
12.574053356, 12.574288551
12.584053355, 12.584287906
12.594053354, 12.594287474
12.604053357, 12.604283290
12.614053360, 12.614289762
12.624053359, 12.624286299
12.634053367, 12.634287916
12.644053355, 12.644288862
12.654053357, 12.654291514
12.664053355, 12.664290911
12.674053349, 12.674290660
12.684053379, 12.684287562
12.694053356, 12.694287791
12.704053351, 12.704289484
12.714053361, 12.714289735
12.724053359, 12.724286103
12.734053358, 12.734287445
12.744053361, 12.744287164
12.754053359, 12.754289590
12.764053360, 12.764289060
12.774053359, 12.774289455
12.784053355, 12.784293814
12.794055170, 12.794288312
12.804053359, 12.804288041
12.814053357, 12.814290346
12.824053353, 12.824289552
12.834053357, 12.834285772
12.844053360, 12.844286118
12.854053364, 12.854287855
12.864053359, 12.864293648
12.874053392, 12.874289566
12.884053360, 12.884287004
12.894053359, 12.894287967
12.904053359, 12.904287986
12.914053359, 12.914288530
12.924053354, 12.924290057
12.934053360, 12.934290460
12.944053356, 12.944286750
12.954053354, 12.954287174
12.964053352, 12.964287328
12.974053358, 12.974288228
12.984053361, 12.984290592
12.994053360, 12.994285990
13.004053349, 13.004287514
13.014053358, 13.014288021
13.024053360, 13.024288167
13.034053354, 13.034289752
13.044053356, 13.044286091
13.054053355, 13.054291949
13.064053388, 13.064287420
13.074053404, 13.074311542
13.084053356, 13.084290609
13.094053358, 13.094291078
13.104053356, 13.104288463
13.114053352, 13.114288318
13.124053356, 13.124289090
13.134053352, 13.134289559
13.144053355, 13.144290790
13.154053359, 13.154285184
13.164053353, 13.164286565
13.174053360, 13.174287985
13.184053358, 13.184289105
13.194053354, 13.194289502
13.204053354, 13.204284511
13.214053354, 13.214286455
13.224053349, 13.224287015
13.234053357, 13.234288348
13.244053351, 13.244289861
13.254053359, 13.254290651
13.264053365, 13.264292446
13.274053371, 13.274286886
13.284053353, 13.284290597
13.294053370, 13.294288980
13.304053354, 13.304289485
13.314053358, 13.314285794
13.324053359, 13.324287353
13.334053351, 13.334291777
13.344053356, 13.344289006
13.354053355, 13.354289572
13.364053360, 13.364285886
13.374053359, 13.374286462
13.384053359, 13.384286579
13.394053355, 13.394289277
13.404053359, 13.404289682
13.414053360, 13.414289214
13.424053358, 13.424285428
13.434053356, 13.434286838
13.444053361, 13.444288328
13.454053354, 13.454294002
13.464053389, 13.464291200
13.474053369, 13.474290768
13.484053356, 13.484287133
13.494053354, 13.494288583
13.504053357, 13.504288255
13.514053368, 13.514289333
13.524053356, 13.524290145
13.534053351, 13.534286546
13.544053358, 13.544289681
13.554053359, 13.554289358
13.564053355, 13.564289453
13.574053360, 13.574290555
13.584053356, 13.584285468
13.594053359, 13.594286906
13.604053355, 13.604287330
13.614053359, 13.614289675
13.624053357, 13.624289026
13.634053355, 13.634284576
13.644053354, 13.644291175
13.654053394, 13.654288308
13.664053355, 13.664291192
13.674053358, 13.674290552
13.684053355, 13.684290126
13.694053356, 13.694286291
13.704053359, 13.704286756
13.714053356, 13.714290095
13.724053351, 13.724288530
13.734053366, 13.734291886
13.744053357, 13.744286083
13.754053356, 13.754286518
13.764053358, 13.764289828
13.774053352, 13.774289641
13.784053353, 13.784289104
13.794053349, 13.794286708
13.804053360, 13.804285879
13.814053354, 13.814287547
13.824053358, 13.824288026
13.834053360, 13.834294573
13.844053373, 13.844291828
13.854053372, 13.854286241
13.864053357, 13.864289032
13.874053355, 13.874289344
13.884053354, 13.884290006
13.894053354, 13.894292087
13.904053350, 13.904285480
13.914053361, 13.914285279
13.924053354, 13.924286971
13.934053359, 13.934288836
13.944053352, 13.944290269
13.954053376, 13.954290971
13.964053359, 13.964286344
13.974053361, 13.974287635
13.984053359, 13.984289566
13.994053360, 13.994290390
14.004053354, 14.004289853
14.014053357, 14.014285391
14.024053353, 14.024292906
14.034053373, 14.034289856
14.044053369, 14.044289549
14.054053350, 14.054290021
14.064053356, 14.064285507
14.074053355, 14.074286969
14.084053358, 14.084287415
14.094053357, 14.094289940
14.104053360, 14.104290324
14.114053360, 14.114285489
14.124053356, 14.124287094
14.134053354, 14.134287549
14.144053358, 14.144289060
14.154053358, 14.154289447
14.164053355, 14.164291823
14.174053356, 14.174286354
14.184053353, 14.184287765
14.194053360, 14.194286867
14.204053359, 14.204291712
14.214053356, 14.214286769
14.224053362, 14.224292479
14.234053369, 14.234286673
14.244053354, 14.244287320
14.254053354, 14.254289115
14.264053355, 14.264289281
14.274053358, 14.274290663
14.284053359, 14.284286075
14.294053354, 14.294286386
14.304053353, 14.304288895
14.314053352, 14.314288154
14.324053356, 14.324285866
14.334053357, 14.334286179
14.344053355, 14.344286449
14.354053355, 14.354288022
14.364053358, 14.364288651
14.374053357, 14.374288854
14.384053356, 14.384291347
14.394053364, 14.394286597
14.404053355, 14.404287876
14.414053356, 14.414287812
14.424053358, 14.424289736
14.434053357, 14.434290691
14.444053351, 14.444286744
14.454053357, 14.454287140
14.464053357, 14.464293311
14.474053375, 14.474288345
14.484053353, 14.484289784
14.494053351, 14.494285201
14.504053360, 14.504287691
14.514053359, 14.514288141
14.524053356, 14.524288604
14.534053360, 14.534290006
14.544053357, 14.544285289
14.554053357, 14.554287044
14.564053356, 14.564287196
14.574053356, 14.574289230
14.584053355, 14.584289767
14.594053354, 14.594290539
14.604053354, 14.604287003
14.614053380, 14.614286493
14.624053359, 14.624288781
14.634053356, 14.634289511
14.644053355, 14.644291991
14.654053355, 14.654290064
14.664053389, 14.664288268
14.674053354, 14.674288000
14.684053359, 14.684289552
14.694053353, 14.694289724
14.704053357, 14.704285282
14.714053356, 14.714286549
14.724053358, 14.724287332
14.734053360, 14.734289694
14.744053359, 14.744289033
14.754053356, 14.754285407
14.764053360, 14.764285577
14.774053355, 14.774286192
14.784053359, 14.784288721
14.794053359, 14.794288218
14.804053358, 14.804285460
14.814053349, 14.814285762
14.824053355, 14.824287246
14.834053379, 14.834287662
14.844053353, 14.844294714
14.854053386, 14.854289427
14.864053353, 14.864285502
14.874053357, 14.874288626
14.884053360, 14.884288638
14.894053355, 14.894287949
14.904053354, 14.904285848
14.914053357, 14.914289834
14.924053360, 14.924285501
14.934053359, 14.934288830
14.944053357, 14.944287861
14.954053358, 14.954288490
14.964053358, 14.964302170
14.974053355, 14.974286886
14.984053356, 14.984286613
14.994053359, 14.994289044
15.004053357, 15.004287093
15.014053351, 15.014288936
15.024053359, 15.024290378
15.034053356, 15.034291927
15.044053370, 15.044287915
15.054053361, 15.054287372
15.064053361, 15.064289798
15.074053358, 15.074289926
15.084053358, 15.084287121
15.094053354, 15.094288923
15.104053350, 15.104287961
15.114053353, 15.114289229
15.124053357, 15.124290557
15.134053360, 15.134285944
15.144053349, 15.144287469
15.154053360, 15.154288217
15.164053355, 15.164288282
15.174053356, 15.174289833
15.184053401, 15.184305027
15.194053385, 15.194299853
15.204053361, 15.204287687
15.214053357, 15.214289634
15.224053356, 15.224289436
15.234053354, 15.234296646
15.244053381, 15.244291932
15.254053361, 15.254287572
15.264053354, 15.264288062
15.274053361, 15.274289508
15.284053370, 15.284285478
15.294053357, 15.294286865
15.304053355, 15.304286514
15.314053358, 15.314289793
15.324053359, 15.324289186
15.334053354, 15.334289862
15.344053411, 15.344308582
15.354053395, 15.354302485
15.364053352, 15.364287457
15.374053360, 15.374289766
15.384053361, 15.384289200
15.394053354, 15.394290787
15.404053358, 15.404286111
15.414053354, 15.414286800
15.424053357, 15.424287142
15.434053358, 15.434291504
15.444053359, 15.444290635
15.454053359, 15.454286193
15.464053356, 15.464287371
15.474053358, 15.474289820
15.484053376, 15.484289467
15.494053355, 15.494289757
15.504053373, 15.504290077
15.514053356, 15.514287256
15.524053354, 15.524287745
15.534053351, 15.534287948
15.544053355, 15.544289853
15.554053353, 15.554290233
15.564053357, 15.564286798
15.574053356, 15.574286061
15.584053355, 15.584287594
15.594053359, 15.594288978
15.604053355, 15.604289173
15.614053356, 15.614286717
15.624053353, 15.624287175
15.634053361, 15.634286559
15.644053356, 15.644288267
15.654057838, 15.654293850
15.664053351, 15.664291275
15.674053371, 15.674291550
15.684053358, 15.684287910
15.694053355, 15.694292622
15.704053360, 15.704289748
15.714053356, 15.714290250
15.724053370, 15.724291807
15.734053449, 15.734285731
15.744053361, 15.744288493
15.754053360, 15.754288907
15.764053359, 15.764290168
15.774053356, 15.774286651
15.784053359, 15.784287083
15.794053358, 15.794288653
15.804053353, 15.804289226
15.814053356, 15.814289807
15.824053359, 15.824291063
15.834053361, 15.834286144
15.844053352, 15.844286546
15.854053359, 15.854289349
15.864053369, 15.864288670
15.874053356, 15.874290069
15.884053350, 15.884285601
15.894053354, 15.894288150
15.904053361, 15.904287431
15.914053358, 15.914287352
15.924053354, 15.924289831
15.934053356, 15.934285867
15.944053365, 15.944290871
15.954053353, 15.954287774
15.964053359, 15.964286868
15.974053350, 15.974290659
15.984053357, 15.984291351
15.994053352, 15.994286873
16.004053358, 16.004287860
16.014053356, 16.014286981
16.024053355, 16.024289549
16.034053353, 16.034289525
16.044053359, 16.044289043
16.054053367, 16.054286244
16.064053356, 16.064287703
16.074053354, 16.074288885
16.084053355, 16.084289428
16.094053354, 16.094284491
16.104053356, 16.104287141
16.114053361, 16.114286482
16.124053353, 16.124288996
16.134053354, 16.134289509
16.144053350, 16.144288616
16.154053353, 16.154287262
16.164053361, 16.164286862
16.174053366, 16.174287005
16.184053354, 16.184288505
16.194053356, 16.194288712
16.204053356, 16.204285841
16.214053349, 16.214288543
16.224053356, 16.224288456
16.234053355, 16.234288970
16.244053355, 16.244293930
16.254053387, 16.254292772
16.264053354, 16.264286491
16.274053354, 16.274288557
16.284053357, 16.284288288
16.294053356, 16.294289406
16.304053354, 16.304289926
16.314053359, 16.314285402
16.324053351, 16.324286499
16.334053358, 16.334287281
16.344053359, 16.344287542
16.354053352, 16.354286079
16.364053350, 16.364285261
16.374053358, 16.374285770
16.384053359, 16.384287940
16.394053369, 16.394288885
16.404053354, 16.404288254
16.414053361, 16.414289015
16.424053354, 16.424286058
16.434053357, 16.434288601
16.444053357, 16.444292467
16.454053371, 16.454288892
16.464053353, 16.464289851
16.474053354, 16.474286401
16.484053355, 16.484288409
16.494053357, 16.494288266
16.504053361, 16.504288576
16.514053356, 16.514290079
16.524053358, 16.524286412
16.534053359, 16.534285855
16.544053359, 16.544287331
16.554053357, 16.554287788
16.564053354, 16.564289024
16.574053355, 16.574288716
16.584053357, 16.584288430
16.594053357, 16.594286653
16.604053359, 16.604288015
16.614053369, 16.614289063
16.624053381, 16.624284436
16.634053354, 16.634292408
16.644053376, 16.644289250
16.654053351, 16.654289242
16.664053354, 16.664288899
16.674053353, 16.674289785
16.684053361, 16.684290512
16.694053353, 16.694285606
16.704053354, 16.704286399
16.714053355, 16.714288801
16.724053359, 16.724290182
16.734053354, 16.734289597
16.744053359, 16.744285673
16.754053350, 16.754286598
16.764053357, 16.764287880
16.774053359, 16.774289200
16.784053353, 16.784288683
16.794053358, 16.794285052
16.804053355, 16.804285748
16.814053358, 16.814287846
16.824053353, 16.824293949
16.834053377, 16.834289648
16.844053371, 16.844290164
16.854053357, 16.854285527
16.864053356, 16.864288111
16.874053354, 16.874290085
16.884053357, 16.884289141
16.894053359, 16.894290503
16.904053353, 16.904287017
16.914053357, 16.914286594
16.924053357, 16.924287119
16.934053359, 16.934288592
16.944053357, 16.944284625
16.954053354, 16.954286264
16.964053358, 16.964286607
16.974053358, 16.974287244
16.984053357, 16.984288455
16.994053359, 16.994289919
17.004053352, 17.004289702
17.014053355, 17.014291946
17.024053374, 17.024287890
17.034053377, 17.034288726
17.044053356, 17.044290997
17.054053354, 17.054291361
17.064053362, 17.064290960
17.074053359, 17.074285258
17.084053358, 17.084287874
17.094053354, 17.094291165
17.104053359, 17.104290343
17.114053355, 17.114286252
17.124053353, 17.124287746
17.134053359, 17.134288101
17.144053355, 17.144288849
17.154053354, 17.154289216
17.164053359, 17.164290488
17.174053349, 17.174286850
17.184053356, 17.184285983
17.194053355, 17.194288619
17.204053359, 17.204295713
17.214053371, 17.214291530
17.224053369, 17.224285973
17.234055873, 17.234293864
17.244053354, 17.244289196
17.254053357, 17.254289374
17.264053355, 17.264284721
17.274053359, 17.274285140
17.284053367, 17.284286317
17.294053353, 17.294287844
17.304053354, 17.304288283
17.314053355, 17.314289602
17.324053359, 17.324291236
17.334053359, 17.334286671
17.344053357, 17.344286929
17.354053355, 17.354288384
17.364053356, 17.364288011
17.374053356, 17.374290803
17.384053359, 17.384285853
17.394053354, 17.394287043
17.404053356, 17.404287540
17.414053355, 17.414292269
17.424053369, 17.424290123
17.434053374, 17.434290288
17.444053354, 17.444286716
17.454053354, 17.454287527
17.464053356, 17.464288536
17.474053356, 17.474289904
17.484053356, 17.484290033
17.494053359, 17.494286845
17.504053366, 17.504289018
17.514053361, 17.514287433
17.524053355, 17.524288792
17.534053353, 17.534291823
17.544053354, 17.544288088
17.554053355, 17.554286249
17.564053359, 17.564286707
17.574053359, 17.574289075
17.584053356, 17.584289495
17.594053356, 17.594286024
17.604053357, 17.604286441
17.614053355, 17.614292230
17.624053375, 17.624288598
17.634053372, 17.634288328
17.644053360, 17.644290538
17.654053350, 17.654286435
17.664053357, 17.664287076
17.674053359, 17.674288618
17.684053354, 17.684288955
17.694053357, 17.694289190
17.704053355, 17.704286243
17.714053356, 17.714285920
17.724053366, 17.724288785
17.734053359, 17.734289383
17.744053354, 17.744289692
17.754053359, 17.754285217
17.764053359, 17.764288843
17.774053358, 17.774287578
17.784053357, 17.784288367
17.794053356, 17.794288755
17.804053349, 17.804295092
17.814053371, 17.814291386
17.824053369, 17.824287140
17.834053353, 17.834288445
17.844053357, 17.844289204
17.854053361, 17.854290518
17.864053354, 17.864285682
17.874053356, 17.874287210
17.884053359, 17.884288732
17.894053360, 17.894289990
17.904053358, 17.904285420
17.914053356, 17.914290055
17.924053355, 17.924286770
17.934053358, 17.934287948
17.944053356, 17.944287068
17.954053359, 17.954289370
17.964053357, 17.964289004
17.974053357, 17.974287204
17.984053356, 17.984288636
17.994053354, 17.994288080
18.004053356, 18.004293029
18.014053361, 18.014289980
18.024053366, 18.024290876
18.034053355, 18.034286936
18.044053355, 18.044286959
18.054053354, 18.054289014
18.064053354, 18.064289570
18.074053356, 18.074283545
18.084053356, 18.084286535
18.094053352, 18.094287787
18.104053360, 18.104290199
18.114053356, 18.114289775
18.124053356, 18.124289942
18.134053360, 18.134286381
18.144053357, 18.144285945
18.154053359, 18.154288126
18.164053369, 18.164288480
18.174053354, 18.174288895
18.184053355, 18.184285456
18.194053360, 18.194287914
18.204053367, 18.204290167
18.214053360, 18.214287938
18.224053356, 18.224288357
18.234053356, 18.234290865
18.244053359, 18.244286234
18.254053354, 18.254297499
18.264059098, 18.264293627
18.274053355, 18.274289807
18.284053359, 18.284291425
18.294053354, 18.294286461
18.304053351, 18.304287626
18.314053354, 18.314288539
18.324053361, 18.324288789
18.334053361, 18.334290322
18.344053358, 18.344290593
18.354053357, 18.354286883
18.364053360, 18.364287221
18.374053350, 18.374287829
18.384053371, 18.384289781
18.394053367, 18.394291654
18.404053358, 18.404286167
18.414053358, 18.414290354
18.424053355, 18.424287772
18.434053356, 18.434289629
18.444053356, 18.444290096
18.454053359, 18.454286318
18.464053353, 18.464288134
18.474053354, 18.474287216
18.484053355, 18.484288453
18.494053359, 18.494289084
18.504053353, 18.504290666
18.514053361, 18.514287005
18.524053354, 18.524287554
18.534053358, 18.534287865
18.544053351, 18.544287987
18.554053358, 18.554284715
18.564053361, 18.564286049
18.574053360, 18.574286558
18.584053358, 18.584290229
18.594053356, 18.594288492
18.604053362, 18.604288890
18.614053349, 18.614285143
18.624053358, 18.624286482
18.634053351, 18.634289930
18.644053359, 18.644288637
18.654053359, 18.654290158
18.664053355, 18.664290508
18.674053359, 18.674285866
18.684053352, 18.684286424
18.694053356, 18.694289084
18.704053355, 18.704292027
18.714053354, 18.714289854
18.724053355, 18.724285959
18.734053359, 18.734287779
18.744053352, 18.744290150
18.754053359, 18.754288390
18.764053358, 18.764291015
18.774053358, 18.774287396
18.784053370, 18.784288826
18.794053353, 18.794288260
18.804053359, 18.804287766
18.814053357, 18.814290018
18.824053359, 18.824289221
18.834053361, 18.834285625
18.844053356, 18.844288878
18.854053355, 18.854290340
18.864053359, 18.864289368
18.874053359, 18.874290753
18.884053359, 18.884285048
18.894053358, 18.894286860
18.904053357, 18.904287710
18.914053355, 18.914289260
18.924053361, 18.924289130
18.934053359, 18.934290526
18.944053358, 18.944286708
18.954053359, 18.954287883
18.964053360, 18.964289709
18.974053360, 18.974288986
18.984053357, 18.984288551
18.994053359, 18.994287005
19.004053353, 19.004286406
19.014053359, 19.014287260
19.024053359, 19.024288722
19.034053358, 19.034289653
19.044053362, 19.044291548
19.054053357, 19.054286605
19.064053355, 19.064287045
19.074053351, 19.074292376
19.084053357, 19.084290002
19.094053351, 19.094286195
19.104053357, 19.104289829
19.114053357, 19.114287243
19.124053356, 19.124290753
19.134053356, 19.134289375
19.144053360, 19.144285198
19.154053356, 19.154286789
19.164053361, 19.164288542
19.174053370, 19.174288646
19.184053353, 19.184289302
19.194053359, 19.194290918
19.204053350, 19.204285186
19.214053359, 19.214286400
19.224053356, 19.224287041
19.234053356, 19.234289347
19.244053349, 19.244289832
19.254053356, 19.254291374
19.264053357, 19.264285174
19.274053353, 19.274287029
19.284053361, 19.284288765
19.294053356, 19.294289965
19.304053356, 19.304290447
19.314053354, 19.314287150
19.324053360, 19.324286987
19.334053350, 19.334288305
19.344053359, 19.344288243
19.354053357, 19.354294299
19.364053373, 19.364303680
19.374053357, 19.374287805
19.384053360, 19.384288365
19.394053356, 19.394288440
19.404053353, 19.404289681
19.414053359, 19.414290257
19.424053353, 19.424287185
19.434053359, 19.434290302
19.444053360, 19.444287564
19.454053355, 19.454288914
19.464053354, 19.464289568
19.474053357, 19.474291838
19.484053368, 19.484286038
19.494053359, 19.494287437
19.504053361, 19.504288254
19.514053355, 19.514290389
19.524053354, 19.524288925
19.534053357, 19.534287410
19.544053360, 19.544287750
19.554053357, 19.554292788
19.564053380, 19.564289694
19.574053358, 19.574286049
19.584053359, 19.584286357
19.594053361, 19.594285930
19.604053354, 19.604288440
19.614053354, 19.614288954
19.624053355, 19.624286217
19.634053356, 19.634285726
19.644053358, 19.644286749
19.654053359, 19.654287712
19.664053350, 19.664288143
19.674053361, 19.674289770
19.684053356, 19.684285966
19.694053364, 19.694286198
19.704053363, 19.704287814
19.714053354, 19.714288183
19.724053359, 19.724289772
19.734053358, 19.734291901
19.744053359, 19.744290620
19.754053370, 19.754287299
19.764053361, 19.764287423
19.774053350, 19.774288986
19.784053355, 19.784291550
19.794053354, 19.794285714
19.804053355, 19.804287278
19.814053354, 19.814288500
19.824053357, 19.824288025
19.834053360, 19.834290510
19.844053358, 19.844289956
19.854053358, 19.854287308
19.864053355, 19.864287589
19.874053350, 19.874287987
19.884053356, 19.884289725
19.894053355, 19.894290493
19.904053358, 19.904286750
19.914053368, 19.914286859
19.924053374, 19.924287658
19.934053359, 19.934296877
19.944053404, 19.944292652
19.954053359, 19.954290203
19.964053358, 19.964287829
19.974053353, 19.974287723
19.984053361, 19.984289056
19.994053360, 19.994290380
20.004053356, 20.004290083
20.014053355, 20.014286447
20.024053355, 20.024286026
20.034053352, 20.034287713
20.044053356, 20.044289792
20.054053349, 20.054290855
20.064053353, 20.064286668
20.074053355, 20.074288016
20.084053359, 20.084288372
20.094053361, 20.094288753
20.104053359, 20.104285085
20.114053350, 20.114285612
20.124053358, 20.124287284
20.134053376, 20.134292725
20.144053356, 20.144288428
20.154053359, 20.154289338
20.164053355, 20.164292650
20.174053363, 20.174287643
20.184053361, 20.184287827
20.194053360, 20.194289229
20.204053349, 20.204288776
20.214053357, 20.214291247
20.224053359, 20.224285059
20.234053356, 20.234287248
20.244053358, 20.244288422
20.254053357, 20.254288990
20.264053359, 20.264290203
20.274053354, 20.274285782
20.284053360, 20.284287358
20.294053354, 20.294288498
20.304053356, 20.304287946
20.314053360, 20.314289552
20.324053355, 20.324296377
20.334053369, 20.334291974
20.344053364, 20.344286721
20.354053368, 20.354288892
20.364053369, 20.364289999
20.374053357, 20.374290084
20.384053355, 20.384288414
20.394053354, 20.394288868
20.404053356, 20.404287405
20.414053363, 20.414288679
20.424053353, 20.424288323
20.434053360, 20.434286727
20.444053359, 20.444286640
20.454053357, 20.454287463
20.464053360, 20.464293462
20.474053355, 20.474289474
20.484053357, 20.484290148
20.494053357, 20.494286624
20.504053354, 20.504286586
20.514053349, 20.514294756
20.524053370, 20.524289338
20.534053354, 20.534289823
20.544053359, 20.544286263
20.554053360, 20.554286807
20.564053360, 20.564288146
20.574053395, 20.574309124
20.584053354, 20.584289634
20.594053354, 20.594292484
20.604053357, 20.604288106
20.614053359, 20.614289368
20.624053353, 20.624289339
20.634053361, 20.634289463
20.644053356, 20.644290843
20.654053360, 20.654286354
20.664053357, 20.664287887
20.674053360, 20.674288366
20.684053356, 20.684288486
20.694053359, 20.694284724
20.704053356, 20.704286092
20.714053355, 20.714292843
20.724053371, 20.724289191
20.734053361, 20.734288734
20.744053360, 20.744289038
20.754053356, 20.754291558
20.764053357, 20.764287543
20.774053356, 20.774287272
20.784053358, 20.784288919
20.794053370, 20.794290102
20.804053359, 20.804289362
20.814053361, 20.814290061
20.824053355, 20.824286604
20.834053358, 20.834288785
20.844053353, 20.844289518
20.854053359, 20.854289897
20.864053359, 20.864285251
20.874053357, 20.874286368
20.884053361, 20.884286880
20.894053353, 20.894289108
20.904053354, 20.904293981
20.914053376, 20.914290084
20.924053370, 20.924286549
20.934053361, 20.934287360
20.944053356, 20.944287362
20.954053354, 20.954289201
20.964053356, 20.964289628
20.974053356, 20.974285917
20.984053354, 20.984286693
20.994053352, 20.994286830
21.004053357, 21.004289121
21.014053371, 21.014289984
21.024053358, 21.024286203
21.034053354, 21.034286549
21.044053358, 21.044288332
21.054053361, 21.054289900
21.064053357, 21.064288827
21.074053356, 21.074291451
21.084053357, 21.084285815
21.094053359, 21.094292675
21.104053389, 21.104290797
21.114053357, 21.114289189
21.124053351, 21.124291216
21.134053358, 21.134285933
21.144053359, 21.144286520
21.154053359, 21.154287847
21.164053350, 21.164288305
21.174053357, 21.174289775
21.184053361, 21.184285818
21.194053358, 21.194286447
21.204053354, 21.204288925
21.214053350, 21.214290666
21.224053354, 21.224290182
21.234053372, 21.234291666
21.244053359, 21.244286741
21.254053360, 21.254288158
21.264053361, 21.264290029
21.274053356, 21.274289780
21.284053356, 21.284292698
21.294053372, 21.294291821
21.304053370, 21.304287574
21.314053350, 21.314287802
21.324053356, 21.324289280
21.334053357, 21.334290115
21.344053356, 21.344286503
21.354053358, 21.354286472
21.364053361, 21.364287113
21.374053354, 21.374287493
21.384053359, 21.384289977
21.394053359, 21.394290527
21.404053358, 21.404287223
21.414053356, 21.414287256
21.424053360, 21.424286680
21.434053354, 21.434289795
21.444053358, 21.444290874
21.454053374, 21.454291907
21.464053354, 21.464287414
21.474053356, 21.474287298
21.484053359, 21.484289714
21.494053353, 21.494291715
21.504053363, 21.504293030
21.514053366, 21.514287471
21.524053359, 21.524287981
21.534053358, 21.534288388
21.544053360, 21.544288972
21.554053359, 21.554290297
21.564053359, 21.564287428
21.574053355, 21.574287710
21.584053360, 21.584288832
21.594053354, 21.594289260
21.604053354, 21.604292126
21.614053355, 21.614287028
21.624053361, 21.624286234
21.634053360, 21.634287705
21.644053355, 21.644289736
21.654053354, 21.654290724
21.664053355, 21.664290818
21.674053369, 21.674291380
21.684053358, 21.684287909
21.694053362, 21.694291558
21.704053369, 21.704290233
21.714053359, 21.714290178
21.724053356, 21.724285678
21.734053355, 21.734287051
21.744053356, 21.744287542
21.754053354, 21.754289026
21.764053354, 21.764289608
21.774053358, 21.774285744
21.784053356, 21.784286946
21.794053359, 21.794287687
21.804053353, 21.804289141
21.814053360, 21.814289750
21.824053355, 21.824290164
21.834053356, 21.834289488
21.844053360, 21.844287576
21.854053360, 21.854288611
21.864053358, 21.864289780
21.874053360, 21.874290145
21.884053360, 21.884287071
21.894053379, 21.894289310
21.904053357, 21.904287388
21.914053358, 21.914290604
21.924053358, 21.924290682
21.934053360, 21.934287319
21.944053356, 21.944287237
21.954053356, 21.954287630
21.964053360, 21.964290027
21.974053353, 21.974284278
21.984053357, 21.984290063
21.994053354, 21.994286401
22.004053353, 22.004286742
22.014053358, 22.014289334
22.024053359, 22.024291462
22.034053359, 22.034291155
22.044053354, 22.044287651
22.054053354, 22.054286862
22.064053356, 22.064287424
22.074053356, 22.074288674
22.084053352, 22.084291374
22.094053360, 22.094290741
22.104053361, 22.104287269
22.114053387, 22.114288441
22.124053359, 22.124287874
22.134053361, 22.134289761
22.144053360, 22.144293314
22.154053355, 22.154286944
22.164053357, 22.164287854
22.174053356, 22.174287997
22.184053356, 22.184288718
22.194053352, 22.194291305
22.204053356, 22.204285317
22.214053353, 22.214287909
22.224053358, 22.224287365
22.234053361, 22.234287853
22.244053354, 22.244284236
22.254053358, 22.254290512
22.264053357, 22.264286811
22.274053353, 22.274289430
22.284053369, 22.284288009
22.294053354, 22.294291040
22.304053353, 22.304285790
22.314053356, 22.314287656
22.324053356, 22.324287655
22.334053369, 22.334287939
22.344053349, 22.344289917
22.354053357, 22.354289904
22.364053353, 22.364286578
22.374053357, 22.374287626
22.384053354, 22.384288173
22.394053356, 22.394288663
22.404053358, 22.404290409
22.414053360, 22.414287247
22.424053356, 22.424285356
22.434053359, 22.434287176
22.444053359, 22.444290001
22.454053356, 22.454290493
22.464053354, 22.464291960
22.474053360, 22.474286430
22.484053351, 22.484286860
22.494053352, 22.494287944
22.504053357, 22.504294136
22.514053378, 22.514289870
22.524053369, 22.524291982
22.534053360, 22.534286801
22.544053356, 22.544288703
22.554053480, 22.554288840
22.564053355, 22.564289230
22.574053359, 22.574285541
22.584053354, 22.584288855
22.594053360, 22.594290005
22.604053351, 22.604288050
22.614053361, 22.614288182
22.624053360, 22.624289173
22.634053355, 22.634284528
22.644053361, 22.644287808
22.654053354, 22.654288055
22.664053358, 22.664288578
22.674053357, 22.674290806
22.684053361, 22.684290528
22.694053353, 22.694293298
22.704053378, 22.704289800
22.714053366, 22.714299227
22.724053369, 22.724290337
22.734053359, 22.734290761
22.744053357, 22.744287393
22.754053359, 22.754287378
22.764053366, 22.764289181
22.774053513, 22.774290392
22.784053360, 22.784289756
22.794053356, 22.794286054
22.804053360, 22.804288455
22.814053354, 22.814286864
22.824053354, 22.824289484
22.834053355, 22.834289139
22.844053354, 22.844291499
22.854053354, 22.854286790
22.864053360, 22.864288162
22.874053351, 22.874288652
22.884053356, 22.884290608
22.894053351, 22.894289521
22.904053354, 22.904291398
22.914053412, 22.914289209
22.924053361, 22.924288594
22.934053360, 22.934288773
22.944053354, 22.944286065
22.954053354, 22.954287183
22.964053353, 22.964286888
22.974053359, 22.974289120
22.984053370, 22.984288732
22.994053359, 22.994288723
23.004053353, 23.004290346
23.014053356, 23.014287184
23.024053359, 23.024289717
23.034053359, 23.034289804
23.044053356, 23.044288921
23.054053358, 23.054290489
23.064053359, 23.064286110
23.074053357, 23.074287475
23.084053358, 23.084287768
23.094053361, 23.094293400
23.104053370, 23.104291730
23.114053370, 23.114290957
23.124053349, 23.124287624
23.134053357, 23.134288042
23.144053355, 23.144287979
23.154053357, 23.154290131
23.164053359, 23.164285173
23.174053353, 23.174286688
23.184053354, 23.184287186
23.194053359, 23.194288837
23.204053366, 23.204289237
23.214053356, 23.214294040
23.224053354, 23.224286717
23.234053356, 23.234291870
23.244053356, 23.244290212
23.254053356, 23.254289465
23.264053350, 23.264289749
23.274053356, 23.274287860
23.284053354, 23.284292825
23.294053392, 23.294288701
23.304053354, 23.304289637
23.314053359, 23.314289919
23.324053360, 23.324284254
23.334053358, 23.334286864
23.344053361, 23.344287257
23.354053359, 23.354288722
23.364053357, 23.364289349
23.374053356, 23.374289592
23.384053353, 23.384286920
23.394053359, 23.394287426
23.404053356, 23.404288638
23.414053350, 23.414289240
23.424053369, 23.424288997
23.434053356, 23.434287534
23.444053355, 23.444287190
23.454053361, 23.454289766
23.464053352, 23.464290673
23.474053354, 23.474293007
23.484053377, 23.484292317
23.494053359, 23.494286767
23.504053354, 23.504286980
23.514053357, 23.514288573
23.524053360, 23.524289010
23.534053355, 23.534290400
23.544053353, 23.544286893
23.554053356, 23.554288164
23.564053356, 23.564287681
23.574053354, 23.574286992
23.584053351, 23.584290263
23.594053359, 23.594285994
23.604053358, 23.604286505
23.614053356, 23.614287926
23.624053359, 23.624288392
23.634053349, 23.634289814
23.644053371, 23.644289918
23.654053370, 23.654288491
23.664053359, 23.664287013
23.674053384, 23.674291775
23.684053368, 23.684289739
23.694053354, 23.694290406
23.704053356, 23.704284683
23.714053355, 23.714287175
23.724053354, 23.724288810
23.734053356, 23.734289215
23.744053353, 23.744289786
23.754053358, 23.754290115
23.764053350, 23.764287236
23.774053354, 23.774287688
23.784053358, 23.784290158
23.794053359, 23.794290110
23.804053360, 23.804289797
23.814053354, 23.814286021
23.824053357, 23.824296572
23.834053355, 23.834287101
23.844053356, 23.844288981
23.854053359, 23.854289401
23.864053374, 23.864294134
23.874053369, 23.874288169
23.884053359, 23.884287527
23.894053354, 23.894290243
23.904053391, 23.904308403
23.914053372, 23.914294231
23.924053358, 23.924286721
23.934053354, 23.934287086
23.944053359, 23.944289720
23.954053358, 23.954288707
23.964053352, 23.964286228
23.974053361, 23.974286509
23.984053359, 23.984288015
23.994053359, 23.994288509
24.004053354, 24.004288745
24.014053355, 24.014290420
24.024053357, 24.024285713
24.034053359, 24.034286599
24.044053359, 24.044288709
24.054053358, 24.054288753
24.064053361, 24.064291656
24.074053366, 24.074290073
24.084053383, 24.084286243
24.094053355, 24.094287722
24.104053358, 24.104289229
24.114053358, 24.114289767
24.124053359, 24.124291555
24.134053359, 24.134285171
24.144053361, 24.144286998
24.154053360, 24.154288272
24.164055337, 24.164289122
24.174053358, 24.174289484
24.184053359, 24.184284366
24.194053359, 24.194288156
24.204053357, 24.204287689
24.214053361, 24.214288054
24.224053354, 24.224289531
24.234053359, 24.234289793
24.244053354, 24.244287219
24.254053356, 24.254288706
24.264053367, 24.264289249
24.274053360, 24.274288515
24.284053350, 24.284290075
24.294053354, 24.294286371
24.304053362, 24.304288015
24.314053354, 24.314287118
24.324053358, 24.324290062
24.334053354, 24.334290706
24.344053356, 24.344287622
24.354053357, 24.354287155
24.364053360, 24.364287337
24.374053356, 24.374287819
24.384053357, 24.384289482
24.394053360, 24.394289814
24.404053359, 24.404286277
24.414053358, 24.414286931
24.424053355, 24.424287397
24.434053356, 24.434287733
24.444053354, 24.444284742
24.454053357, 24.454288537
24.464053373, 24.464285927
24.474053357, 24.474288548
24.484053356, 24.484288773
24.494053356, 24.494290006
24.504053361, 24.504286555
24.514053357, 24.514288968
24.524053370, 24.524288689
24.534053357, 24.534289001
24.544053360, 24.544289401
24.554053358, 24.554292703
24.564053357, 24.564287089
24.574053359, 24.574287871
24.584053359, 24.584288277
24.594053354, 24.594289982
24.604053359, 24.604289805
24.614053351, 24.614285093
24.624053358, 24.624286884
24.634053359, 24.634288262
24.644053354, 24.644290564
24.654053361, 24.654291173
24.664053359, 24.664284433
24.674053355, 24.674286770
24.684053357, 24.684287709
24.694053361, 24.694288779
24.704053354, 24.704290337
24.714053358, 24.714289707
24.724053359, 24.724286919
24.734053356, 24.734287939
24.744053371, 24.744287041
24.754053355, 24.754289564
24.764053360, 24.764290292
24.774053356, 24.774287413
24.784053359, 24.784287741
24.794053354, 24.794287488
24.804053356, 24.804288872
24.814053356, 24.814289218
24.824053356, 24.824289593
24.834053349, 24.834288892
24.844053386, 24.844286499
24.854053358, 24.854287708
24.864053356, 24.864290447
24.874054812, 24.874289645
24.884053356, 24.884286005
24.894053358, 24.894286449
24.904053356, 24.904288204
24.914053359, 24.914290697
24.924053358, 24.924285173
24.934053354, 24.934298718
24.944053351, 24.944286878
24.954053357, 24.954288265
24.964053374, 24.964289050
24.974053359, 24.974289884
24.984053351, 24.984292295
24.994053360, 24.994286659
25.004053350, 25.004288379
25.014053361, 25.014287413
25.024053357, 25.024293955
25.034053384, 25.034289719
25.044053354, 25.044286176
25.054053352, 25.054287980
25.064053356, 25.064288277
25.074053357, 25.074287362
25.084053360, 25.084290855
25.094053353, 25.094285093
25.104053354, 25.104286644
25.114053351, 25.114288068
25.124053353, 25.124288512
25.134053359, 25.134289061
25.144053359, 25.144285313
25.154053355, 25.154286572
25.164053354, 25.164287314
25.174053357, 25.174287697
25.184053356, 25.184289287
25.194053359, 25.194290390
25.204053354, 25.204285944
25.214053360, 25.214288813
25.224053356, 25.224291956
25.234053389, 25.234289981
25.244053360, 25.244288841
25.254053356, 25.254286119
25.264053360, 25.264286802
25.274053360, 25.274287040
25.284053349, 25.284288496
25.294053356, 25.294289000
25.304053358, 25.304290529
25.314053359, 25.314286705
25.324053360, 25.324289198
25.334053359, 25.334289638
25.344053354, 25.344289210
25.354053360, 25.354289658
25.364053359, 25.364286009
25.374053357, 25.374287532
25.384053357, 25.384288794
25.394053358, 25.394288321
25.404053373, 25.404289843
25.414053357, 25.414291632
25.424053368, 25.424287316
25.434053359, 25.434289548
25.444053359, 25.444289471
25.454053359, 25.454288722
25.464053359, 25.464290353
25.474053357, 25.474285694
25.484053359, 25.484287296
25.494053354, 25.494287597
25.504053359, 25.504287748
25.514053351, 25.514284209
25.524053359, 25.524285853
25.534053354, 25.534287625
25.544053358, 25.544287756
25.554053356, 25.554288260
25.564053356, 25.564289531
25.574053360, 25.574284945
25.584053361, 25.584286607
25.594053352, 25.594288144
25.604053356, 25.604294181
25.614053373, 25.614290517
25.624053394, 25.624290044
25.634053356, 25.634291658
25.644053358, 25.644288591
25.654053356, 25.654289894
25.664053353, 25.664289083
25.674053359, 25.674289339
25.684053356, 25.684285040
25.694053358, 25.694287181
25.704053361, 25.704287815
25.714053360, 25.714289207
25.724053358, 25.724289618
25.734053356, 25.734285064
25.744053356, 25.744287190
25.754053355, 25.754288841
25.764053354, 25.764288412
25.774053350, 25.774288752
25.784053356, 25.784285309
25.794053354, 25.794286402
25.804053361, 25.804291984
25.814053369, 25.814289301
25.824053358, 25.824288961
25.834053351, 25.834290462
25.844053378, 25.844291187
25.854053359, 25.854286110
25.864053354, 25.864286714
25.874053355, 25.874290449
25.884053356, 25.884289610
25.894053355, 25.894291120
25.904053355, 25.904286432
25.914053353, 25.914288192
25.924053351, 25.924287658
25.934053354, 25.934289340
25.944053351, 25.944289400
25.954053360, 25.954285806
25.964053360, 25.964286294
25.974053359, 25.974288349
25.984053355, 25.984287799
25.994053360, 25.994295864
26.004053359, 26.004293006
26.014053351, 26.014286678
26.024053358, 26.024287057
26.034053361, 26.034288358
26.044053361, 26.044289700
26.054053353, 26.054290028
26.064053371, 26.064285313
26.074053359, 26.074286687
26.084053353, 26.084288157
26.094053352, 26.094289387
26.104053355, 26.104290184
26.114053356, 26.114286666
26.124053353, 26.124288234
26.134053359, 26.134287738
26.144053354, 26.144288856
26.154053356, 26.154289306
26.164053352, 26.164287576
26.174053358, 26.174285983
26.184053358, 26.184292821
26.194053375, 26.194288787
26.204053360, 26.204289612
26.214053358, 26.214290003
26.224053361, 26.224286285
26.234053353, 26.234286577
26.244053359, 26.244288458
26.254053356, 26.254289859
26.264053356, 26.264289519
26.274053357, 26.274286622
26.284053364, 26.284286446
26.294053354, 26.294286073
26.304053354, 26.304287928
26.314053351, 26.314291594
26.324053356, 26.324287509
26.334053349, 26.334286218
26.344053359, 26.344285313
26.354053353, 26.354289382
26.364053354, 26.364289636
26.374053355, 26.374289036
26.384053355, 26.384290627
26.394053367, 26.394287486
26.404053365, 26.404290555
26.414053355, 26.414289673
26.424053356, 26.424287616
26.434053361, 26.434286011
26.444053360, 26.444286781
26.454053353, 26.454287640
26.464053360, 26.464288895
26.474053354, 26.474289069
26.484053356, 26.484284692
26.494053355, 26.494286226
26.504053365, 26.504287618
26.514053361, 26.514288189
26.524053360, 26.524288713
26.534053358, 26.534291756
26.544053359, 26.544286615
26.554053357, 26.554287031
26.564053355, 26.564287403
26.574053351, 26.574289493
26.584053357, 26.584290026
26.594053378, 26.594292179
26.604053357, 26.604287870
26.614053359, 26.614288393
26.624053353, 26.624287936
26.634053358, 26.634289829
26.644053357, 26.644290703
26.654053360, 26.654286089
26.664053358, 26.664287874
26.674053355, 26.674289120
26.684053351, 26.684288593
26.694053356, 26.694289799
26.704053351, 26.704285959
26.714053383, 26.714286648
26.724053357, 26.724289264
26.734053357, 26.734288714
26.744053359, 26.744291025
26.754053352, 26.754286275
26.764053355, 26.764287877
26.774053353, 26.774290574
26.784053371, 26.784289689
26.794053371, 26.794289387
26.804053354, 26.804290712
26.814053358, 26.814285980
26.824053354, 26.824286422
26.834053355, 26.834287879
26.844053357, 26.844288423
26.854053361, 26.854288826
26.864053354, 26.864286208
26.874053361, 26.874286746
26.884053354, 26.884287888
26.894053358, 26.894289488
26.904053349, 26.904288016
26.914053360, 26.914285473
26.924053359, 26.924286043
26.934053357, 26.934287758
26.944053362, 26.944288367
26.954053354, 26.954289468
26.964053359, 26.964291231
26.974053386, 26.974292830
26.984053359, 26.984288375
26.994053351, 26.994288788
27.004053356, 27.004289425
27.014053354, 27.014289010
27.024053359, 27.024286170
27.034053351, 27.034286568
27.044053360, 27.044289486
27.054053354, 27.054288414
27.064055933, 27.064296359
27.074053356, 27.074289412
27.084053352, 27.084286828
27.094053361, 27.094288318
27.104053358, 27.104287726
27.114053359, 27.114298556
27.124058496, 27.124290775
27.134053356, 27.134287386
27.144053354, 27.144287725
27.154053360, 27.154287871
27.164053366, 27.164291308
27.174053359, 27.174289765
27.184053361, 27.184286143
27.194053356, 27.194288643
27.204053356, 27.204288736
27.214053351, 27.214289550
27.224053354, 27.224290004
27.234053354, 27.234286178
27.244053357, 27.244286437
27.254053350, 27.254286924
27.264053359, 27.264288633
27.274053355, 27.274289084
27.284053360, 27.284289599
27.294053351, 27.294285958
27.304053356, 27.304286113
27.314053356, 27.314288178
27.324053361, 27.324288310
27.334053361, 27.334288684
27.344053358, 27.344285007
27.354053357, 27.354288377
27.364053354, 27.364287880
27.374053358, 27.374288460
27.384053359, 27.384289937
27.394053359, 27.394287304
27.404053359, 27.404286618
27.414053354, 27.414289795
27.424053360, 27.424289294
27.434053354, 27.434289432
27.444053354, 27.444290393
27.454053360, 27.454285952
27.464053356, 27.464288429
27.474053357, 27.474288127
27.484053360, 27.484289121
27.494053359, 27.494290503
27.504053353, 27.504286140
27.514053354, 27.514287442
27.524053355, 27.524287973
27.534053359, 27.534288124
27.544053359, 27.544292002
27.554053356, 27.554290159
27.564053353, 27.564286714
27.574053360, 27.574288177
27.584053353, 27.584287786
27.594053361, 27.594289937
27.604053357, 27.604289620
27.614053374, 27.614290198
27.624053354, 27.624286376
27.634053359, 27.634289002
27.644053359, 27.644290767
27.654053354, 27.654286678
27.664053361, 27.664285748
27.674053359, 27.674286528
27.684053358, 27.684288964
27.694053356, 27.694288526
27.704053356, 27.704289807
27.714053359, 27.714290092
27.724053361, 27.724286437
27.734053354, 27.734286832
27.744053357, 27.744291529
27.754053359, 27.754288978
27.764053355, 27.764289501
27.774053357, 27.774285716
27.784053356, 27.784287459
27.794053358, 27.794288788
27.804053349, 27.804288222
27.814053354, 27.814289453
27.824053356, 27.824294124
27.834053394, 27.834286434
27.844053354, 27.844287672
27.854053356, 27.854288236
27.864053351, 27.864290110
27.874053360, 27.874292509
27.884053358, 27.884285955
27.894053356, 27.894288009
27.904053357, 27.904288286
27.914053353, 27.914288825
27.924053358, 27.924290876
27.934053359, 27.934286322
27.944053373, 27.944287378
27.954053353, 27.954287694
27.964053355, 27.964288155
27.974053355, 27.974289454
27.984053356, 27.984285829
27.994053354, 27.994287385
28.004053360, 28.004287742
28.014053356, 28.014288288
28.024053355, 28.024289663
28.034053355, 28.034290285
28.044053358, 28.044286600
28.054053364, 28.054287436
28.064053360, 28.064288317
28.074053354, 28.074288645
28.084053356, 28.084291513
28.094053359, 28.094287337
28.104053359, 28.104287389
28.114053357, 28.114287802
28.124053351, 28.124289270
28.134053356, 28.134289014
28.144053395, 28.144289980
28.154053355, 28.154287290
28.164053358, 28.164286873
28.174053350, 28.174288183
28.184053353, 28.184289693
28.194053354, 28.194290081
28.204053359, 28.204288536
28.214053355, 28.214290535
28.224053358, 28.224288487
28.234053357, 28.234293848
28.244053354, 28.244289470
28.254053358, 28.254287043
28.264053359, 28.264285827
28.274053359, 28.274287464
28.284053371, 28.284288844
28.294053357, 28.294292650
28.304053358, 28.304284859
28.314053356, 28.314287214
28.324053356, 28.324292516
28.334053374, 28.334288821
28.344053353, 28.344289801
28.354053359, 28.354293856
28.364053355, 28.364285724
28.374053357, 28.374286876
28.384053361, 28.384287360
28.394053356, 28.394287613
28.404053358, 28.404290318
28.414053356, 28.414285681
28.424053353, 28.424286883
28.434053354, 28.434286987
28.444053355, 28.444287863
28.454053359, 28.454294220
28.464053354, 28.464290780
28.474053357, 28.474286188
28.484053359, 28.484287657
28.494053349, 28.494291436
28.504053370, 28.504289368
28.514053359, 28.514295719
28.524053366, 28.524291939
28.534053357, 28.534288026
28.544053355, 28.544289310
28.554053359, 28.554287621
28.564053357, 28.564289188
28.574053359, 28.574287574
28.584053354, 28.584286914
28.594053357, 28.594287407
28.604053359, 28.604288994
28.614053359, 28.614291949
28.624053361, 28.624285618
28.634053355, 28.634292378
28.644053357, 28.644288790
28.654053355, 28.654291208
28.664053359, 28.664290630
28.674053359, 28.674291804
28.684053354, 28.684285104
28.694053359, 28.694291474
28.704053358, 28.704292515
28.714053370, 28.714291614
28.724053374, 28.724288999
28.734053368, 28.734291041
28.744053355, 28.744285669
28.754053359, 28.754305322
28.764053357, 28.764289953
28.774053354, 28.774291266
28.784053356, 28.784285811
28.794053356, 28.794288573
28.804053350, 28.804286363
28.814053359, 28.814289620
28.824053358, 28.824288577
28.834053356, 28.834289531
28.844053359, 28.844285339
28.854053359, 28.854290601
28.864053356, 28.864287986
28.874053355, 28.874289461
28.884053357, 28.884288147
28.894053352, 28.894288129
28.904053354, 28.904291071
28.914053394, 28.914288841
28.924053375, 28.924287817
28.934053355, 28.934289035
28.944053366, 28.944290928
28.954053354, 28.954287593
28.964053360, 28.964287603
28.974053359, 28.974289305
28.984053361, 28.984289715
28.994053356, 28.994290565
29.004053351, 29.004285452
29.014053357, 29.014288512
29.024053351, 29.024288200
29.034053357, 29.034288231
29.044053359, 29.044291007
29.054053360, 29.054291080
29.064053354, 29.064287907
29.074053355, 29.074290621
29.084053359, 29.084287965
29.094053359, 29.094305411
29.104053376, 29.104291761
29.114053356, 29.114290148
29.124053356, 29.124287562
29.134053360, 29.134287857
29.144053359, 29.144288340
29.154053361, 29.154289174
29.164053360, 29.164290822
29.174053360, 29.174286989
29.184053356, 29.184286911
29.194053352, 29.194289006
29.204053354, 29.204291006
29.214053357, 29.214290420
29.224053354, 29.224286784
29.234053355, 29.234287519
29.244053352, 29.244287803
29.254053359, 29.254288770
29.264053355, 29.264286741
29.274053353, 29.274285465
29.284053354, 29.284291521
29.294053373, 29.294288917
29.304053353, 29.304288394
29.314053360, 29.314288926
29.324053360, 29.324286280
29.334053359, 29.334285971
29.344053351, 29.344288401
29.354053360, 29.354287910
29.364053357, 29.364288585
29.374053359, 29.374285564
29.384053354, 29.384285814
29.394053363, 29.394287632
29.404053356, 29.404288257
29.414053353, 29.414288671
29.424053358, 29.424291291
29.434053359, 29.434287180
29.444053354, 29.444286458
29.454053358, 29.454300588
29.464053360, 29.464288281
29.474053360, 29.474301302
29.484053357, 29.484291282
29.494053369, 29.494291617
29.504053365, 29.504289156
29.514053358, 29.514288290
29.524053354, 29.524290091
29.534053358, 29.534289647
29.544053359, 29.544285686
29.554053356, 29.554286450
29.564053353, 29.564287827
29.574053356, 29.574289326
29.584053356, 29.584288252
29.594053359, 29.594287830
29.604053354, 29.604286345
29.614053367, 29.614287668
29.624053358, 29.624288292
29.634053361, 29.634290091
29.644053355, 29.644284975
29.654053353, 29.654288806
29.664053356, 29.664287501
29.674053355, 29.674303424
29.684053366, 29.684290288
29.694053361, 29.694289562
29.704053357, 29.704285792
29.714053359, 29.714287350
29.724053356, 29.724289864
29.734053360, 29.734299485
29.744053356, 29.744285607
29.754053357, 29.754285128
29.764053359, 29.764286244
29.774053355, 29.774287981
29.784053357, 29.784288311
29.794053355, 29.794288809
29.804053354, 29.804290129
29.814053356, 29.814286834
29.824053357, 29.824287806
29.834053351, 29.834287839
29.844053363, 29.844288774
29.854053354, 29.854285286
29.864053354, 29.864285445
29.874053379, 29.874291073
29.884053362, 29.884288562
29.894053351, 29.894288266
29.904053354, 29.904290628
29.914053354, 29.914286862
29.924053356, 29.924288396
29.934053359, 29.934300031
29.944053355, 29.944288425
29.954053356, 29.954289778
29.964053354, 29.964289231
29.974053355, 29.974286702
29.984053360, 29.984286841
29.994053357, 29.994298591
30.004053359, 30.004288693
30.014053358, 30.014290445
30.024053359, 30.024285734
30.034053355, 30.034297152
30.044053353, 30.044287489
30.054053361, 30.054288934
30.064053365, 30.064288105
30.074053358, 30.074291882
30.084053357, 30.084287275
30.094053352, 30.094288007
30.104053353, 30.104289010
30.114053354, 30.114289573
30.124053354, 30.124291183
30.134053353, 30.134287418
30.144053357, 30.144286183
30.154053354, 30.154288375
30.164053359, 30.164288923
30.174053357, 30.174289360
30.184053360, 30.184286258
30.194053359, 30.194297610
30.204053354, 30.204287434
30.214053360, 30.214289084
30.224053354, 30.224288428
30.234053359, 30.234285579
30.244053359, 30.244285973
30.254053359, 30.254287582
30.264053353, 30.264290260
30.274053355, 30.274299796
30.284053358, 30.284290026
30.294053353, 30.294285572
30.304053351, 30.304289938
30.314053355, 30.314288911
30.324053356, 30.324290266
30.334053351, 30.334286688
30.344053351, 30.344286643
30.354053356, 30.354288008
30.364053355, 30.364287173
30.374053354, 30.374287924
30.384053358, 30.384289418
30.394053356, 30.394285956
30.404053360, 30.404286282
30.414053359, 30.414287017
30.424053360, 30.424286982
30.434053358, 30.434290385
30.444053354, 30.444291181
30.454053356, 30.454287920
30.464053359, 30.464288172
30.474053354, 30.474298531
30.484053356, 30.484288822
30.494053359, 30.494284227
30.504053372, 30.504286414
30.514053360, 30.514286202
30.524053358, 30.524288217
30.534053358, 30.534300320
30.544053356, 30.544290898
30.554053351, 30.554289112
30.564053356, 30.564287149
30.574053355, 30.574288133
30.584053355, 30.584289122
30.594053357, 30.594288737
30.604053355, 30.604288760
30.614053353, 30.614285325
30.624053358, 30.624286838
30.634053355, 30.634288387
30.644053359, 30.644289872
30.654053372, 30.654289990
30.664053355, 30.664290543
30.674053356, 30.674286042
30.684053354, 30.684287512
30.694053355, 30.694288056
30.704053354, 30.704288287
30.714053361, 30.714290828
30.724053361, 30.724287013
30.734053387, 30.734297636
30.744053351, 30.744289115
30.754053359, 30.754289319
30.764053355, 30.764292001
30.774053357, 30.774287312
30.784053357, 30.784286856
30.794053354, 30.794288513
30.804053356, 30.804288669
30.814053352, 30.814295999
30.824053359, 30.824285371
30.834053357, 30.834286714
30.844053360, 30.844289195
30.854053368, 30.854288955
30.864053354, 30.864289157
30.874053355, 30.874284768
30.884053360, 30.884286151
30.894053356, 30.894287550
30.904053355, 30.904287932
30.914053355, 30.914289401
30.924053359, 30.924289948
30.934053356, 30.934286033
30.944053354, 30.944286933
30.954053363, 30.954287348
30.964053361, 30.964288333
30.974053354, 30.974288974
30.984053359, 30.984284421
30.994053357, 30.994288976
31.004053351, 31.004286210
31.014053361, 31.014294301
31.024053361, 31.024289131
31.034053353, 31.034302578
31.044053374, 31.044291857
31.054053356, 31.054286564
31.064053359, 31.064289087
31.074053353, 31.074309460
31.084053357, 31.084289841
31.094053359, 31.094285309
31.104053357, 31.104286720
31.114053357, 31.114287501
31.124053360, 31.124288697
31.134053359, 31.134284101
31.144053359, 31.144285256
31.154053355, 31.154288087
31.164053353, 31.164288250
31.174053359, 31.174287645
31.184053370, 31.184288994
31.194053358, 31.194290647
31.204053352, 31.204284637
31.214053359, 31.214293395
31.224053349, 31.224292272
31.234053377, 31.234290037
31.244053358, 31.244288864
31.254053359, 31.254285788
31.264053361, 31.264286746
31.274053356, 31.274287410
31.284053356, 31.284288429
31.294053354, 31.294295433
31.304053360, 31.304285179
31.314053354, 31.314302295
31.324053355, 31.324290135
31.334053353, 31.334291758
31.344053359, 31.344275864
31.354053360, 31.354270262
31.364053356, 31.364266502
31.374053353, 31.374237067
31.384053356, 31.384234464
31.394053354, 31.394233924
31.404053359, 31.404291708
31.414053357, 31.414285039
31.424053355, 31.424293103
31.434053382, 31.434292827
31.444053351, 31.444288952
31.454053354, 31.454289917
31.464053351, 31.464286378
31.474053361, 31.474285823
31.484053355, 31.484287182
31.494053357, 31.494287582
31.504053354, 31.504289369
31.514053360, 31.514293936
31.524053359, 31.524286031
31.534053355, 31.534286441
31.544053354, 31.544289162
31.554053353, 31.554289699
31.564053359, 31.564290887
31.574053358, 31.574285147
31.584053358, 31.584287493
31.594053350, 31.594292514
31.604053354, 31.604288555
31.614053353, 31.614298742
31.624053376, 31.624289000
31.634053358, 31.634285475
31.644053356, 31.644284828
31.654053361, 31.654289928
31.664053355, 31.664289357
31.674053358, 31.674288748
31.684053350, 31.684285761
31.694053358, 31.694286423
31.704053357, 31.704287755
31.714053357, 31.714289361
31.724053358, 31.724288639
31.734053359, 31.734286352
31.744053357, 31.744285047
31.754053356, 31.754288023
31.764053354, 31.764287297
31.774053354, 31.774292517
31.784053356, 31.784289331
31.794053356, 31.794288835
31.804053359, 31.804292810
31.814053375, 31.814289662
31.824053376, 31.824287844
31.834053359, 31.834289510
31.844053371, 31.844289811
31.854053361, 31.854287446
31.864053355, 31.864287771
31.874053354, 31.874293329
31.884053356, 31.884285799
31.894053356, 31.894286698
31.904053349, 31.904286411
31.914053357, 31.914288085
31.924053354, 31.924287188
31.934053358, 31.934291224
31.944053361, 31.944290320
31.954053359, 31.954286872
31.964053359, 31.964288050
31.974053354, 31.974288032
31.984053359, 31.984289987
31.994053354, 31.994290588
32.004053357, 32.004291477
32.014053385, 32.014292413
32.024053358, 32.024286708
32.034053352, 32.034288268
32.044053359, 32.044288638
------------------------------
