------------------------------
test was performed using the following parameters: --mps=100 --burst=1 --reply-every=1 --msg-size=14 --time=30
------------------------------
sockperf: [Total Run] RunTime=30.100 sec; SentMessages=3011; ReceivedMessages=3010
sockperf: ========= Printing statistics for Server No: 0
sockperf: [Valid Duration] RunTime=29.990 sec; SentMessages=3000; ReceivedMessages=3000
sockperf: [2;35m====> avg-lat=119.072 (std-dev=1.862)[0m
sockperf: # dropped messages = 0; # duplicated messages = 0; # out-of-order messages = 0
sockperf: [2;35mTotal 3000 observations[0m; each percentile contains 30.00 observations
sockperf: ---> <MAX> observation =  136.883
sockperf: ---> percentile 99.999 =  136.883
sockperf: ---> percentile 99.990 =  136.883
sockperf: ---> percentile 99.900 =  128.361
sockperf: ---> percentile 99.000 =  122.781
sockperf: ---> percentile 90.000 =  120.795
sockperf: ---> percentile 75.000 =  120.148
sockperf: ---> percentile 50.000 =  119.282
sockperf: ---> percentile 25.000 =  118.228
sockperf: ---> <MIN> observation =   90.308
------------------------------
txTime, rxTime
2.063767813, 2.064000988
2.073767814, 2.074000712
2.083767814, 2.084003875
2.093767814, 2.094002374
2.103767815, 2.104003930
2.113767808, 2.114004338
2.123767814, 2.124001892
2.133767810, 2.134001118
2.143767813, 2.144001459
2.153767813, 2.154003837
2.163767808, 2.163999349
2.173767813, 2.174001028
2.183767815, 2.184001573
2.193767814, 2.194002063
2.203767813, 2.203999220
2.213767808, 2.213998721
2.223767809, 2.224001456
2.233767813, 2.234001168
2.243767810, 2.244003520
2.253767813, 2.254003906
2.263767808, 2.263999207
2.273767813, 2.273999772
2.283767815, 2.284001537
2.293767813, 2.294003201
2.303767815, 2.304004624
2.313767810, 2.314001303
2.323767810, 2.324002762
2.333767810, 2.334001045
2.343767815, 2.344002568
2.353767809, 2.354004454
2.363767814, 2.363999716
2.373767815, 2.374001329
2.383767812, 2.384001659
2.393767810, 2.394003560
2.403767810, 2.404003861
2.413767808, 2.414000626
2.423767812, 2.424001112
2.433767814, 2.434008624
2.443767814, 2.444003774
2.453767814, 2.453999395
2.463767810, 2.464000740
2.473767814, 2.474002568
2.483767814, 2.484000928
2.493767814, 2.494003415
2.503767810, 2.504004219
2.513767812, 2.514000642
2.523767815, 2.524000923
2.533767814, 2.534001420
2.543767812, 2.544001891
2.553767812, 2.554003731
2.563767814, 2.564001015
2.573767810, 2.574002627
2.583767808, 2.584001015
2.593767812, 2.594002691
2.603767814, 2.604003984
2.613767810, 2.614000431
2.623767815, 2.624001731
2.633767809, 2.634003058
2.643767815, 2.644007328
2.653767808, 2.653998954
2.663767812, 2.664002203
2.673767814, 2.674000998
2.683767810, 2.684003496
2.693767815, 2.694002637
2.703767810, 2.704002425
2.713767813, 2.714005050
2.723767808, 2.724003312
2.733767814, 2.734003754
2.743767808, 2.744003296
2.753767813, 2.753998677
2.763767808, 2.763999084
2.773767810, 2.774002114
2.783767808, 2.784002399
2.793767812, 2.793998845
2.803767812, 2.804000434
2.813767810, 2.814000827
2.823767817, 2.824000280
2.833767812, 2.834002980
2.843767814, 2.844004461
2.853767814, 2.854001070
2.863767810, 2.864000573
2.873767810, 2.874002099
2.883767813, 2.884003565
2.893767815, 2.894003224
2.903767810, 2.903999276
2.913767814, 2.914000073
2.923767813, 2.924001638
2.933767810, 2.934002048
2.943767807, 2.944003467
2.953767814, 2.953999978
2.963767810, 2.964002283
2.973767814, 2.974001464
2.983767809, 2.984003056
2.993767813, 2.994009538
3.003767815, 3.003999629
3.013767813, 3.014001460
3.023767815, 3.024002247
3.033767814, 3.034002440
3.043767814, 3.044005214
3.053767809, 3.054000738
3.063767815, 3.064001048
3.073767809, 3.074003758
3.083767813, 3.084003019
3.093767808, 3.094003657
3.103767813, 3.104001960
3.113767809, 3.114002708
3.123767813, 3.124002738
3.133767815, 3.134002653
3.143767810, 3.143999929
3.153767814, 3.154000737
3.163767808, 3.164000930
3.173767810, 3.174002650
3.183767810, 3.183998805
3.193767813, 3.194003734
3.203767812, 3.204000211
3.213767813, 3.214001511
3.223767809, 3.224001206
3.233767813, 3.233997652
3.243767813, 3.243999840
3.253767813, 3.253999639
3.263767808, 3.264001152
3.273767813, 3.274002785
3.283767812, 3.284004108
3.293767808, 3.293999439
3.303767815, 3.304002137
3.313767809, 3.314000485
3.323767813, 3.324003669
3.333767809, 3.334003909
3.343767813, 3.344000549
3.353767808, 3.353999934
3.363767814, 3.364003362
3.373767809, 3.374002842
3.383767812, 3.383998157
3.393767814, 3.393998721
3.403767808, 3.403999051
3.413767815, 3.414000649
3.423767809, 3.424002536
3.433767814, 3.434003000
3.443767812, 3.443999436
3.453767813, 3.454006354
3.463767809, 3.464001696
3.473767813, 3.474002188
3.483767808, 3.484002354
3.493767813, 3.494000245
3.503767808, 3.504002538
3.513767810, 3.514001048
3.523767808, 3.524004609
3.533767809, 3.534003160
3.543767815, 3.544000657
3.553767808, 3.554001421
3.563767814, 3.564002817
3.573767808, 3.574003014
3.583767815, 3.584003991
3.593767810, 3.594000340
3.603767815, 3.604000554
3.613767817, 3.614001298
3.623767810, 3.624002993
3.633767808, 3.633998487
3.643767815, 3.644007007
3.653767817, 3.653999722
3.663767810, 3.664002070
3.673767813, 3.674002489
3.683767808, 3.683999936
3.693767814, 3.694000504
3.703767809, 3.704000196
3.713767812, 3.714001633
3.723767815, 3.724002828
3.733767810, 3.733998539
3.743767808, 3.744000959
3.753767812, 3.754001914
3.763767815, 3.764002100
3.773767809, 3.774002534
3.783767817, 3.783999014
3.793767809, 3.793999633
3.803767813, 3.804001178
3.813767809, 3.814001664
3.823767815, 3.824003233
3.833767809, 3.833999712
3.843767812, 3.844000142
3.853767815, 3.854003663
3.863767810, 3.864002196
3.873767808, 3.874003782
3.883767812, 3.883999235
3.893767815, 3.894000520
3.903767809, 3.904001965
3.913767814, 3.914002668
3.923767810, 3.924003482
3.933767813, 3.933998766
3.943767809, 3.944001713
3.953767812, 3.954002159
3.963767808, 3.964003402
3.973767809, 3.974003153
3.983767817, 3.984000564
3.993767810, 3.993999829
4.003767812, 4.004001301
4.013767808, 4.014003094
4.023767814, 4.024003520
4.033767810, 4.033999108
4.043767814, 4.043999652
4.053769798, 4.054018383
4.063767812, 4.064003600
4.073767809, 4.074003060
4.083767813, 4.083999556
4.093767809, 4.093999915
4.103767810, 4.104002539
4.113767814, 4.114002965
4.123767810, 4.124002713
4.133767810, 4.134016713
4.143767809, 4.143949225
4.153767812, 4.153948428
4.163767812, 4.163948712
4.173767813, 4.174004526
4.183767809, 4.183999978
4.193767813, 4.194000336
4.203767808, 4.204002729
4.213767813, 4.214002684
4.223767815, 4.224000871
4.233767808, 4.233999350
4.243767815, 4.244001334
4.253767809, 4.254001360
4.263767815, 4.264002732
4.273767809, 4.273999519
4.283767813, 4.283999782
4.293767808, 4.294002014
4.303767813, 4.304001926
4.313767810, 4.314002406
4.323767813, 4.323998978
4.333767815, 4.334001629
4.343767810, 4.344002104
4.353767808, 4.354001608
4.363767812, 4.364000074
4.373767815, 4.373998607
4.383767809, 4.384000003
4.393767808, 4.394001557
4.403767812, 4.404001034
4.413767813, 4.414002422
4.423767808, 4.423999355
4.433767813, 4.434000682
4.443767817, 4.444000989
4.453767813, 4.454001713
4.463767808, 4.464003436
4.473767810, 4.473998876
4.483767808, 4.484001307
4.493767808, 4.494001823
4.503767815, 4.504002144
4.513767810, 4.514001944
4.523767813, 4.524000133
4.533767810, 4.533999836
4.543767813, 4.544001220
4.553767808, 4.554003069
4.563767813, 4.564004442
4.573767808, 4.573999810
4.583767810, 4.584000252
4.593767810, 4.594000915
4.603767810, 4.604002400
4.613767808, 4.614003282
4.623767810, 4.623999195
4.633767809, 4.634000822
4.643767808, 4.644003362
4.653767814, 4.654004233
4.663767808, 4.663998463
4.673767813, 4.673998920
4.683767812, 4.684001375
4.693767810, 4.694002010
4.703767815, 4.704002624
4.713767810, 4.713998978
4.723767814, 4.724000073
4.733767810, 4.734001126
4.743767815, 4.744001525
4.753767809, 4.754005098
4.763767810, 4.764000538
4.773767809, 4.773999246
4.783767813, 4.784001522
4.793767810, 4.794001277
4.803767813, 4.804002830
4.813767808, 4.813999259
4.823767812, 4.824000725
4.833767808, 4.834000381
4.843767812, 4.844001684
4.853767814, 4.854002505
4.863767810, 4.863999587
4.873767814, 4.873999271
4.883767814, 4.884000702
4.893767814, 4.894002238
4.903767809, 4.903998175
4.913767813, 4.913999409
4.923767808, 4.923999822
4.933767810, 4.934002009
4.943767809, 4.944002276
4.953767812, 4.953998215
4.963767815, 4.963999092
4.973767809, 4.974002823
4.983767817, 4.984002068
4.993767809, 4.994001758
5.003767813, 5.004004192
5.013767808, 5.013998326
5.023767812, 5.023999960
5.033767810, 5.034000520
5.043767813, 5.044001896
5.053767809, 5.054003627
5.063767813, 5.063998855
5.073767809, 5.074001627
5.083767815, 5.084001410
5.093767814, 5.094002939
5.103767815, 5.104003321
5.113767813, 5.113998841
5.123767814, 5.124002080
5.133767813, 5.134001027
5.143767807, 5.144002167
5.153767808, 5.154003772
5.163767815, 5.163999002
5.173767814, 5.174002896
5.183767815, 5.184001495
5.193767810, 5.194001828
5.203767814, 5.204000272
5.213767809, 5.213999655
5.223767815, 5.224001330
5.233767810, 5.234002117
5.243767813, 5.244001510
5.253767809, 5.253999124
5.263767812, 5.263999454
5.273767808, 5.274000924
5.283767812, 5.284001597
5.293767809, 5.294003238
5.303767810, 5.303998534
5.313767814, 5.313999117
5.323767812, 5.324000544
5.333767813, 5.334001598
5.343767810, 5.344002589
5.353767814, 5.353999282
5.363767810, 5.363999721
5.373767814, 5.374001324
5.383767808, 5.384001806
5.393767812, 5.394003447
5.403767808, 5.403998487
5.413767810, 5.413999183
5.423767812, 5.424001901
5.433767813, 5.434001415
5.443767814, 5.444002650
5.453767815, 5.453999061
5.463767815, 5.464004729
5.473767809, 5.474001588
5.483767814, 5.484001960
5.493767809, 5.494004798
5.503767809, 5.503999973
5.513767810, 5.514000394
5.523767813, 5.524001153
5.533767815, 5.534001619
5.543767812, 5.543999158
5.553767808, 5.553999472
5.563767812, 5.564001270
5.573767814, 5.574002164
5.583767812, 5.584004959
5.593767814, 5.594002539
5.603767808, 5.604000118
5.613767815, 5.614000502
5.623767808, 5.624001996
5.633767814, 5.634003823
5.643767812, 5.644004684
5.653767813, 5.653999712
5.663767810, 5.664000109
5.673767812, 5.674001692
5.683767815, 5.683998296
5.693767810, 5.694003674
5.703767815, 5.703999013
5.713767812, 5.714000741
5.723767815, 5.724001058
5.733767808, 5.734001594
5.743767813, 5.743998349
5.753767808, 5.753998762
5.763767813, 5.764000071
5.773767808, 5.774000708
5.783767813, 5.784003434
5.793767813, 5.793998805
5.803767812, 5.803999616
5.813767808, 5.814000887
5.823767817, 5.824001262
5.833767813, 5.834004120
5.843767810, 5.843998261
5.853767814, 5.854000870
5.863767810, 5.864001386
5.873767810, 5.874002416
5.883767810, 5.884002597
5.893767813, 5.893998975
5.903767815, 5.904001756
5.913767812, 5.914001379
5.923767814, 5.924001446
5.933767813, 5.934003392
5.943767815, 5.943999681
5.953767809, 5.954000372
5.963767813, 5.964000948
5.973767810, 5.974001281
5.983767815, 5.984004031
5.993767810, 5.993998334
6.003767812, 6.003999975
6.013767815, 6.014001454
6.023767812, 6.024002034
6.033767808, 6.034003401
6.043767812, 6.043998925
6.053769624, 6.054007426
6.063767812, 6.064002034
6.073767814, 6.074002506
6.083767808, 6.084003008
6.093767813, 6.093999554
6.103767813, 6.103999939
6.113767812, 6.114001446
6.123767812, 6.124000889
6.133767814, 6.134003619
6.143767810, 6.143999330
6.153767812, 6.153999722
6.163767815, 6.164001760
6.173767809, 6.174003093
6.183767809, 6.184004169
6.193767812, 6.193998539
6.203767812, 6.204001337
6.213767813, 6.214001790
6.223767812, 6.224003173
6.233767808, 6.234002689
6.243767812, 6.244000195
6.253767857, 6.254019876
6.263767821, 6.264004515
6.273767808, 6.274004323
6.283767812, 6.284003690
6.293767814, 6.294001173
6.303767809, 6.304001614
6.313767812, 6.314001003
6.323767810, 6.324003706
6.333767813, 6.334004996
6.343767809, 6.343999494
6.353767813, 6.354001174
6.363767810, 6.364001627
6.373767808, 6.374003377
6.383767815, 6.384006955
6.393767813, 6.394000142
6.403767808, 6.404001017
6.413767809, 6.414002655
6.423767808, 6.424002718
6.433767809, 6.433999230
6.443767814, 6.444000627
6.453767809, 6.454001118
6.463767812, 6.464001683
6.473767808, 6.474003226
6.483767812, 6.483998369
6.493767815, 6.494000053
6.503767812, 6.504001755
6.513767808, 6.514002337
6.523767812, 6.524003589
6.533767814, 6.533998604
6.543767809, 6.543999748
6.553767814, 6.554000395
6.563767810, 6.564003092
6.573767815, 6.574004516
6.583767809, 6.583998876
6.593767814, 6.594000416
6.603767817, 6.604000910
6.613767813, 6.614003555
6.623767809, 6.624003170
6.633767810, 6.633998432
6.643767817, 6.644001750
6.653767810, 6.654000777
6.663767812, 6.664006190
6.673767810, 6.674003799
6.683767813, 6.684000063
6.693767809, 6.694000619
6.703767815, 6.704001083
6.713767808, 6.714002655
6.723767814, 6.723997893
6.733767808, 6.733999687
6.743767810, 6.743999975
6.753767815, 6.754001953
6.763767812, 6.764002310
6.773767810, 6.774002978
6.783767810, 6.784000015
6.793767814, 6.794000743
6.803767808, 6.804001291
6.813767808, 6.814002664
6.823767809, 6.823999305
6.833767814, 6.834000916
6.843767808, 6.844000414
6.853767813, 6.854002356
6.863767809, 6.864003852
6.873767812, 6.873997736
6.883767815, 6.883999502
6.893767809, 6.894001251
6.903767808, 6.904001564
6.913767810, 6.914003257
6.923767815, 6.923998443
6.933767809, 6.934000004
6.943767813, 6.944000539
6.953767808, 6.954001314
6.963767812, 6.964002401
6.973767809, 6.973997853
6.983767812, 6.984001746
6.993767814, 6.994000931
7.003767810, 7.004002427
7.013767814, 7.014003827
7.023767809, 7.023999582
7.033767813, 7.034000054
7.043767810, 7.044000596
7.053767814, 7.054002093
7.063767808, 7.064002780
7.073767820, 7.074007097
7.083767815, 7.083999914
7.093767810, 7.094000226
7.103767808, 7.104002704
7.113767810, 7.114003476
7.123767815, 7.124000897
7.133767810, 7.134000248
7.143767815, 7.144001025
7.153767809, 7.154002460
7.163767810, 7.164003946
7.173767810, 7.173999989
7.183767813, 7.184001112
7.193767810, 7.194000312
7.203767810, 7.204004135
7.213767809, 7.214005075
7.223767809, 7.224000101
7.233767814, 7.234000634
7.243767812, 7.244000800
7.253767815, 7.254002379
7.263767809, 7.264004809
7.273767808, 7.274000781
7.283767808, 7.284002808
7.293767815, 7.294000730
7.303767809, 7.304003109
7.313767812, 7.313998301
7.323767808, 7.324000077
7.333767813, 7.334001250
7.343767809, 7.344001018
7.353767810, 7.354002812
7.363767815, 7.364003139
7.373767809, 7.373999463
7.383767815, 7.383999681
7.393767810, 7.394001392
7.403767814, 7.404002112
7.413767810, 7.414003034
7.423767813, 7.424000629
7.433767809, 7.434000723
7.443767812, 7.444001506
7.453767815, 7.454002802
7.463767812, 7.463998197
7.473767814, 7.473998698
7.483767810, 7.484000221
7.493767815, 7.494002178
7.503767815, 7.504004198
7.513767810, 7.513998937
7.523767808, 7.524000257
7.533767813, 7.534001317
7.543767808, 7.544002607
7.553767812, 7.554003159
7.563767808, 7.563999353
7.573767813, 7.574000007
7.583767808, 7.584000601
7.593767810, 7.594003056
7.603767812, 7.603999145
7.613767809, 7.613998954
7.623767808, 7.623999034
7.633767809, 7.634001255
7.643767826, 7.644004465
7.653767809, 7.654003602
7.663767813, 7.663999791
7.673767808, 7.674003252
7.683767813, 7.684000980
7.693767809, 7.694002198
7.703767810, 7.703998874
7.713767814, 7.713999453
7.723767812, 7.724000647
7.733767817, 7.734000497
7.743767808, 7.744001771
7.753767814, 7.754003650
7.763767808, 7.763999735
7.773767813, 7.774001593
7.783767809, 7.784002983
7.793767813, 7.794002808
7.803767815, 7.804002721
7.813767810, 7.814000146
7.823767815, 7.824001860
7.833767810, 7.834001481
7.843767814, 7.844003004
7.853767809, 7.854004378
7.863767815, 7.864000010
7.873767809, 7.874000450
7.883767813, 7.884003244
7.893767808, 7.894002786
7.903767813, 7.903999326
7.913767809, 7.913999460
7.923767812, 7.923999935
7.933767817, 7.934002812
7.943767810, 7.944002125
7.953767815, 7.954003855
7.963767812, 7.964000088
7.973767814, 7.973999736
7.983767810, 7.984002407
7.993767814, 7.994001922
8.003767812, 8.003999369
8.013767813, 8.013999683
8.023767815, 8.024000473
8.033767809, 8.034002153
8.043767810, 8.043998112
8.053775162, 8.054034139
8.063767853, 8.064013542
8.073767809, 8.074001265
8.083767815, 8.084002934
8.093767809, 8.094003303
8.103767815, 8.104000436
8.113767810, 8.114000128
8.123767814, 8.124000558
8.133767809, 8.134003128
8.143767813, 8.144004801
8.153767808, 8.154001065
8.163767813, 8.164000134
8.173767809, 8.174003336
8.183767810, 8.184001820
8.193767814, 8.194003125
8.203767810, 8.203999786
8.213767815, 8.214000351
8.223767812, 8.224002562
8.233767808, 8.234002476
8.243767808, 8.244002857
8.253767817, 8.253999187
8.263767812, 8.264000751
8.273767814, 8.274001356
8.283767817, 8.284002942
8.293767810, 8.293999598
8.303767815, 8.304000128
8.313767808, 8.313999444
8.323767814, 8.324001890
8.333767810, 8.334003927
8.343767813, 8.344003602
8.353767810, 8.353999331
8.363767813, 8.363999755
8.373767808, 8.374001360
8.383767812, 8.384001750
8.393767809, 8.394002351
8.403767812, 8.403999931
8.413767808, 8.414000173
8.423767812, 8.424001701
8.433767814, 8.434004088
8.443767810, 8.444003084
8.453767815, 8.453999904
8.463767809, 8.464001786
8.473767809, 8.474001448
8.483767810, 8.484003150
8.493767815, 8.494000631
8.503767810, 8.503999910
8.513767812, 8.514000460
8.523767815, 8.524003013
8.533767810, 8.534002894
8.543767809, 8.543999198
8.553767812, 8.553999868
8.563767815, 8.564000146
8.573767809, 8.574001590
8.583767815, 8.584003080
8.593767809, 8.594003783
8.603767815, 8.604000122
8.613767810, 8.614000728
8.623767863, 8.624041630
8.633767836, 8.634011488
8.643767830, 8.644012338
8.653767837, 8.654008402
8.663767831, 8.664010284
8.673767832, 8.674009329
8.683767826, 8.684011649
8.693767836, 8.694011132
8.703767833, 8.704008288
8.713767829, 8.714007240
8.723767824, 8.724007244
8.733767824, 8.734009436
8.743767828, 8.744004673
8.753767823, 8.754008464
8.763767827, 8.764007104
8.773767838, 8.774008520
8.783767824, 8.784011429
8.793767820, 8.794005690
8.803767831, 8.804008011
8.813767827, 8.814006876
8.823767827, 8.824008082
8.833767827, 8.834008186
8.843767824, 8.844003665
8.853767824, 8.854006219
8.863767826, 8.864007788
8.873767826, 8.874007893
8.883767826, 8.884006042
8.893767827, 8.894004284
8.903767828, 8.904006797
8.913767829, 8.914008023
8.923767827, 8.924009778
8.933767819, 8.934009382
8.943767824, 8.944008114
8.953767823, 8.954005250
8.963767829, 8.964006618
8.973767831, 8.974010016
8.983767826, 8.984008730
8.993767826, 8.994010006
9.003767844, 9.004006506
9.013767831, 9.014007408
9.023767826, 9.024003337
9.033767823, 9.034009947
9.043767824, 9.044004950
9.053767822, 9.054006386
9.063767832, 9.064007031
9.073767827, 9.074008872
9.083767826, 9.084009484
9.093767823, 9.094005382
9.103767820, 9.104007787
9.113767824, 9.114006279
9.123767829, 9.124008099
9.133767823, 9.134011889
9.143767822, 9.144006104
9.153767826, 9.154006674
9.163767823, 9.164006020
9.173767820, 9.174008568
9.183767829, 9.184005081
9.193767826, 9.194005827
9.203767824, 9.204006164
9.213767824, 9.214006732
9.223767833, 9.224008060
9.233767824, 9.234004437
9.243767827, 9.244005455
9.253767826, 9.254008476
9.263767846, 9.264024950
9.273767846, 9.274015061
9.283767829, 9.284004599
9.293767829, 9.294008091
9.303767827, 9.304008685
9.313767822, 9.314010207
9.323767823, 9.324009665
9.333767824, 9.334004937
9.343767823, 9.344005258
9.353767824, 9.354012127
9.363767833, 9.364008728
9.373767823, 9.374003150
9.383767822, 9.384005613
9.393767820, 9.394006128
9.403767829, 9.404006493
9.413767820, 9.414008473
9.423767820, 9.424008699
9.433767824, 9.434005262
9.443767824, 9.444006427
9.453767831, 9.454005877
9.463767832, 9.464008733
9.473767822, 9.474004021
9.483767822, 9.484006431
9.493767820, 9.494007343
9.503767826, 9.504006606
9.513767828, 9.514008384
9.523767820, 9.524008853
9.533767826, 9.534005162
9.543767822, 9.544005669
9.553767822, 9.554011856
9.563767834, 9.564009751
9.573767826, 9.574008447
9.583767827, 9.584005823
9.593767824, 9.594005416
9.603767819, 9.604006699
9.613767822, 9.614003343
9.623767823, 9.624003678
9.633767827, 9.634005214
9.643767823, 9.644006029
9.653767831, 9.654006296
9.663767826, 9.664008081
9.673767824, 9.674008444
9.683767834, 9.684005769
9.693767824, 9.694005496
9.703767828, 9.704009789
9.713767823, 9.714009325
9.723767823, 9.724004675
9.733767820, 9.734005618
9.743767820, 9.744013503
9.753767844, 9.754008700
9.763767827, 9.764009264
9.773767823, 9.774004868
9.783767820, 9.784005207
9.793767819, 9.794005620
9.803767827, 9.804007269
9.813767823, 9.814008978
9.823767820, 9.824005178
9.833767820, 9.834005536
9.843767888, 9.844006379
9.853767826, 9.854007899
9.863767823, 9.864009518
9.873767823, 9.874004786
9.883767829, 9.884005351
9.893767826, 9.894005737
9.903767831, 9.904008352
9.913767831, 9.914008546
9.923767826, 9.924004906
9.933767820, 9.934007323
9.943767881, 9.944008967
9.953767819, 9.954009264
9.963767826, 9.964008408
9.973767829, 9.974004941
9.983767822, 9.984005489
9.993767822, 9.994006981
10.003767823, 10.004007453
10.013767822, 10.014008629
10.023767828, 10.024006613
10.033767827, 10.034006116
10.043767819, 10.044007851
10.053767820, 10.054008531
10.063767824, 10.064003816
10.073767826, 10.074006040
10.083767823, 10.084006338
10.093767822, 10.094007492
10.103767824, 10.104007842
10.113767820, 10.114004343
10.123767827, 10.124005579
10.133767841, 10.134008129
10.143767833, 10.144012665
10.153767824, 10.154009893
10.163767823, 10.164010335
10.173767820, 10.174006420
10.183767828, 10.184005976
10.193767828, 10.194008629
10.203767823, 10.204008983
10.213767823, 10.214004441
10.223767827, 10.224007097
10.233767823, 10.234007128
10.243767831, 10.244009095
10.253767820, 10.254008279
10.263767820, 10.264004819
10.273767824, 10.274005443
10.283767820, 10.284006010
10.293767829, 10.294009523
10.303767823, 10.304008974
10.313767823, 10.314005264
10.323767820, 10.324006049
10.333767827, 10.334006600
10.343767822, 10.344010301
10.353767823, 10.354008716
10.363767836, 10.364005050
10.373767827, 10.374005866
10.383767820, 10.384006789
10.393772316, 10.394009704
10.403767823, 10.404009677
10.413767823, 10.414005193
10.423767823, 10.424006288
10.433767824, 10.434006915
10.443767826, 10.444009603
10.453767829, 10.454015260
10.463767819, 10.464005208
10.473767819, 10.474005866
10.483767823, 10.484007393
10.493767822, 10.494007735
10.503767822, 10.504009451
10.513767824, 10.514004856
10.523767826, 10.524007555
10.533767822, 10.534010953
10.543767824, 10.544010425
10.553767820, 10.554010146
10.563767824, 10.564005232
10.573767824, 10.574005880
10.583767832, 10.584008293
10.593767832, 10.594009122
10.603767822, 10.604009116
10.613767827, 10.614006866
10.623767820, 10.624006388
10.633767829, 10.634007024
10.643767823, 10.644008776
10.653767826, 10.654009101
10.663767828, 10.664006566
10.673767824, 10.674006006
10.683767824, 10.684007700
10.693767823, 10.694009283
10.703767820, 10.704005465
10.713767823, 10.714005992
10.723767826, 10.724005338
10.733767820, 10.734007040
10.743767820, 10.744008769
10.753767826, 10.754005256
10.763767820, 10.764010877
10.773767842, 10.774007062
10.783767820, 10.784008919
10.793767826, 10.794008533
10.803767826, 10.804009927
10.813767841, 10.814006347
10.823767829, 10.824006779
10.833767824, 10.834009700
10.843767827, 10.844010630
10.853767823, 10.854005235
10.863767819, 10.864006435
10.873767826, 10.874006526
10.883767824, 10.884007868
10.893767820, 10.894008391
10.903767823, 10.904004855
10.913767824, 10.914006537
10.923767819, 10.924007967
10.933767820, 10.934007668
10.943767823, 10.944009077
10.953767823, 10.954010117
10.963767833, 10.964007834
10.973767823, 10.974007696
10.983767823, 10.984008119
10.993767822, 10.994008706
11.003767827, 11.004006213
11.013767827, 11.014005674
11.023767820, 11.024008251
11.033767822, 11.034007363
11.043767838, 11.044006015
11.053767827, 11.054004588
11.063767824, 11.064006095
11.073767823, 11.074007450
11.083767822, 11.084007575
11.093767827, 11.094008823
11.103767824, 11.104005517
11.113767819, 11.114005915
11.123767819, 11.124007412
11.133767826, 11.134008141
11.143767823, 11.144009185
11.153767823, 11.154010952
11.163767843, 11.164009317
11.173767824, 11.174008437
11.183767820, 11.184008355
11.193767831, 11.194008072
11.203767829, 11.204005398
11.213767819, 11.214005728
11.223767824, 11.224007531
11.233767824, 11.234007820
11.243767823, 11.244009246
11.253767828, 11.254005086
11.263767829, 11.264006961
11.273767823, 11.274007956
11.283767820, 11.284007753
11.293767823, 11.294006098
11.303767828, 11.304007047
11.313767829, 11.314007186
11.323767829, 11.324008629
11.333767824, 11.334006915
11.343767819, 11.344010674
11.353767832, 11.354013334
11.363767827, 11.364007636
11.373767822, 11.374009221
11.383767824, 11.384007773
11.393767826, 11.394004481
11.403767822, 11.404004687
11.413767829, 11.414006755
11.423767829, 11.424007744
11.433767820, 11.434008533
11.443767820, 11.444004834
11.453770394, 11.454012860
11.463779490, 11.464016323
11.473767824, 11.474007594
11.483767824, 11.484008180
11.493767836, 11.494010299
11.503767839, 11.504006852
11.513767819, 11.514008152
11.523767828, 11.524009545
11.533767828, 11.534011548
11.543767837, 11.544011136
11.553767820, 11.554005646
11.563767820, 11.564008094
11.573767827, 11.574007809
11.583767824, 11.584008100
11.593767819, 11.594005779
11.603767824, 11.604006150
11.613767824, 11.614006802
11.623767819, 11.624007119
11.633767823, 11.634010616
11.643767824, 11.644004076
11.653767822, 11.654004591
11.663767824, 11.664007186
11.673767824, 11.674007814
11.683767824, 11.684009756
11.693767819, 11.694004535
11.703767819, 11.704006072
11.713767820, 11.714006778
11.723767836, 11.724008144
11.733767838, 11.734013071
11.743767824, 11.744006126
11.753767820, 11.754008700
11.763767826, 11.764007520
11.773767819, 11.774001849
11.783767831, 11.784005410
11.793767823, 11.794005261
11.803767826, 11.804008607
11.813767820, 11.814007287
11.823767824, 11.824003508
11.833767832, 11.834009140
11.843767823, 11.844005370
11.853767820, 11.854008057
11.863767822, 11.864007556
11.873767824, 11.874007713
11.883767820, 11.884005321
11.893767827, 11.894005078
11.903767826, 11.904006645
11.913767827, 11.914006867
11.923767824, 11.924009416
11.933767822, 11.934009542
11.943767820, 11.944004692
11.953767843, 11.954008642
11.963767820, 11.964006978
11.973767826, 11.974010127
11.983767827, 11.984006185
11.993767824, 11.994005037
12.003767828, 12.004008830
12.013767827, 12.014008384
12.023767824, 12.024008002
12.033767827, 12.034004390
12.043767827, 12.044004736
12.053767829, 12.054007223
12.063767820, 12.064007218
12.073767822, 12.074009531
12.083767822, 12.084005095
12.093767823, 12.094006539
12.103767819, 12.104006636
12.113767824, 12.114009716
12.123767820, 12.124009041
12.133767824, 12.134005946
12.143767820, 12.144006316
12.153767820, 12.154006660
12.163767826, 12.164008016
12.173767841, 12.174009941
12.183767829, 12.184004758
12.193767822, 12.194006389
12.203767820, 12.204010306
12.213767822, 12.214008779
12.223767823, 12.224009340
12.233767823, 12.234005452
12.243767820, 12.244007057
12.253767826, 12.254007800
12.263767824, 12.264007140
12.273767826, 12.274010786
12.283767820, 12.284004977
12.293767820, 12.294005788
12.303767824, 12.304007274
12.313767819, 12.314010264
12.323767824, 12.324009472
12.333767827, 12.334004918
12.343767826, 12.344006346
12.353767823, 12.354006738
12.363767823, 12.364008550
12.373767820, 12.374003733
12.383767822, 12.384004309
12.393767823, 12.394006227
12.403767851, 12.404007550
12.413767823, 12.414007336
12.423767820, 12.424004965
12.433767826, 12.434006648
12.443767822, 12.444007006
12.453767823, 12.454007123
12.463767819, 12.464008376
12.473767820, 12.474003724
12.483767829, 12.484005531
12.493767822, 12.494008145
12.503767827, 12.504011969
12.513767829, 12.514009208
12.523767826, 12.524004680
12.533770669, 12.534004313
12.543767822, 12.544006608
12.553767822, 12.554008409
12.563767827, 12.564009238
12.573767824, 12.574004526
12.583767829, 12.584006203
12.593767823, 12.594019224
12.603767826, 12.604008874
12.613767824, 12.614009631
12.623767820, 12.624010988
12.633767837, 12.634006026
12.643767829, 12.644006947
12.653767822, 12.654008269
12.663767820, 12.664009865
12.673767822, 12.674004842
12.683767820, 12.684006884
12.693767822, 12.694013073
12.703767833, 12.704008701
12.713767833, 12.714008617
12.723767823, 12.724003799
12.733767820, 12.734005659
12.743767829, 12.744006990
12.753767826, 12.754007481
12.763767819, 12.764009141
12.773767822, 12.774004262
12.783767826, 12.784006072
12.793767824, 12.794006514
12.803767828, 12.804008109
12.813767822, 12.814004609
12.823767820, 12.824004089
12.833767819, 12.834005333
12.843767827, 12.844007295
12.853767837, 12.854008794
12.863767824, 12.864009388
12.873767823, 12.874005866
12.883767823, 12.884008594
12.893767823, 12.894010727
12.903767847, 12.904008835
12.913767828, 12.914005626
12.923767824, 12.924005353
12.933767827, 12.934006866
12.943767823, 12.944007402
12.953767824, 12.954008949
12.963767829, 12.964004185
12.973767822, 12.974005854
12.983767822, 12.984006308
12.993767824, 12.994006997
13.003767822, 13.004008849
13.013767820, 13.014005502
13.023767831, 13.024005425
13.033767823, 13.034007129
13.043767824, 13.044007581
13.053767824, 13.054009007
13.063767819, 13.064004266
13.073767826, 13.074005843
13.083767844, 13.084012037
13.093767828, 13.094008759
13.103767824, 13.104009813
13.113767820, 13.114005836
13.123767820, 13.124005614
13.133767826, 13.134007500
13.143767823, 13.144007764
13.153767823, 13.154008223
13.163767824, 13.164005786
13.173767819, 13.174005203
13.183767824, 13.184006732
13.193767820, 13.194007012
13.203767820, 13.204008721
13.213767822, 13.214004080
13.223767829, 13.224005747
13.233767823, 13.234008318
13.243767824, 13.244006435
13.253767827, 13.254008047
13.263767824, 13.264004680
13.273767896, 13.274006408
13.283767827, 13.284006723
13.293767826, 13.294008349
13.303767828, 13.304008688
13.313767829, 13.314006136
13.323767826, 13.324006916
13.333767820, 13.334007409
13.343767823, 13.344008295
13.353767824, 13.354008575
13.363767824, 13.364004895
13.373767823, 13.374005550
13.383767822, 13.384007638
13.393767823, 13.394008738
13.403767827, 13.404004069
13.413767826, 13.414007292
13.423767826, 13.424007001
13.433767831, 13.434006572
13.443767829, 13.444009088
13.453767823, 13.454004616
13.463767822, 13.464005445
13.473767820, 13.474005646
13.483767822, 13.484006931
13.493767827, 13.494008492
13.503767823, 13.504004263
13.513767820, 13.514007912
13.523767827, 13.524006515
13.533767831, 13.534006822
13.543767857, 13.544004318
13.553767827, 13.554003818
13.563767822, 13.564013977
13.573767823, 13.574007159
13.583767820, 13.584006457
13.593767831, 13.594008997
13.603770521, 13.604009606
13.613767823, 13.614005690
13.623767820, 13.624006389
13.633767824, 13.634008280
13.643767823, 13.644008878
13.653767823, 13.654005257
13.663767827, 13.664005252
13.673767823, 13.674005677
13.683767824, 13.684008546
13.693767822, 13.694008008
13.703767831, 13.704008320
13.713767829, 13.714005113
13.723767820, 13.724007589
13.733767820, 13.734007423
13.743767824, 13.744003553
13.753767826, 13.754004109
13.763767837, 13.764006452
13.773767823, 13.774007896
13.783767820, 13.784008790
13.793767819, 13.794009239
13.803767826, 13.804004768
13.813767820, 13.814006193
13.823767828, 13.824006675
13.833767828, 13.834008283
13.843767822, 13.844008878
13.853767819, 13.854006021
13.863767829, 13.864006551
13.873767826, 13.874007250
13.883767823, 13.884008884
13.893767820, 13.894010821
13.903767824, 13.904006288
13.913767824, 13.914006367
13.923767823, 13.924006908
13.933767828, 13.934008448
13.943767824, 13.944003901
13.953767822, 13.954005542
13.963767820, 13.964006173
13.973767828, 13.974006160
13.983767828, 13.984008216
13.993767839, 13.994004436
14.003767827, 14.004006324
14.013767826, 14.014006467
14.023767822, 14.024008041
14.033767826, 14.034008418
14.043767820, 14.044004164
14.053767827, 14.054004688
14.063767827, 14.064006134
14.073767820, 14.074006769
14.083767829, 14.084008872
14.093767819, 14.094007000
14.103767822, 14.104006314
14.113767824, 14.114005660
14.123767823, 14.124008437
14.133767827, 14.134003667
14.143767820, 14.144004269
14.153767826, 14.154005797
14.163767826, 14.164006323
14.173767822, 14.174009248
14.183767826, 14.184008591
14.193767828, 14.194003613
14.203767823, 14.204006581
14.213767847, 14.214006478
14.223767832, 14.224008188
14.233767831, 14.234009606
14.243767824, 14.244006664
14.253767829, 14.254007252
14.263767826, 14.264007239
14.273767824, 14.274007750
14.283767823, 14.284014710
14.293767839, 14.294009426
14.303767823, 14.304006505
14.313767817, 14.314007393
14.323767820, 14.324007487
14.333767823, 14.334008248
14.343767820, 14.344005502
14.353767826, 14.354005105
14.363767824, 14.364007639
14.373767820, 14.374008175
14.383767826, 14.384008864
14.393767824, 14.394005005
14.403767828, 14.404006685
14.413767826, 14.414007002
14.423767822, 14.424008942
14.433767827, 14.434009471
14.443767843, 14.444004534
14.453767829, 14.454006168
14.463767820, 14.464008972
14.473767824, 14.474012384
14.483767847, 14.484010649
14.493767820, 14.494005457
14.503767820, 14.504006788
14.513767823, 14.514007427
14.523767822, 14.524008775
14.533767823, 14.534004444
14.543767823, 14.544006986
14.553767823, 14.554006411
14.563767829, 14.564007996
14.573767820, 14.574008219
14.583767824, 14.584005180
14.593767819, 14.594005420
14.603767826, 14.604005976
14.613767829, 14.614007513
14.623767823, 14.624009114
14.633767828, 14.634004286
14.643767892, 14.644005506
14.653767822, 14.654006674
14.663767822, 14.664008467
14.673767836, 14.674014509
14.683767833, 14.684010719
14.693767824, 14.694006805
14.703767822, 14.704008491
14.713767824, 14.714009065
14.723767829, 14.724003410
14.733767823, 14.734008055
14.743767823, 14.744005276
14.753767826, 14.754005605
14.763767820, 14.764009411
14.773767829, 14.774009255
14.783767824, 14.784005999
14.793767804, 14.794006185
14.803767827, 14.804006502
14.813767826, 14.814007901
14.823767823, 14.824003482
14.833767826, 14.834005294
14.843767822, 14.844006660
14.853767809, 14.854007185
14.863767824, 14.864013230
14.873767846, 14.874009110
14.883767827, 14.884004604
14.893767843, 14.894006218
14.903767831, 14.904008541
14.913767823, 14.914010313
14.923767823, 14.924010106
14.933767823, 14.934006183
14.943767823, 14.944006784
14.953767824, 14.954007260
14.963767826, 14.964008428
14.973767826, 14.974003348
14.983767822, 14.984004799
14.993767824, 14.994005945
15.003767822, 15.004007767
15.013767820, 15.014008475
15.023767826, 15.024009332
15.033767823, 15.034005484
15.043767824, 15.044005734
15.053767819, 15.054007234
15.063767820, 15.064016667
15.073767826, 15.074010479
15.083767824, 15.084005174
15.093767827, 15.094005591
15.103767822, 15.104008303
15.113767826, 15.114007760
15.123767837, 15.124009250
15.133767823, 15.134005958
15.143767831, 15.144006252
15.153767824, 15.154009512
15.163767824, 15.164008305
15.173767826, 15.174005544
15.183767820, 15.184005099
15.193767823, 15.194005648
15.203767829, 15.204008387
15.213767820, 15.214008906
15.223767824, 15.224004851
15.233767820, 15.234004502
15.243767823, 15.244006359
15.253767829, 15.254013661
15.263767839, 15.264010305
15.273767819, 15.274004961
15.283767823, 15.284006490
15.293767819, 15.294006125
15.303767831, 15.304008470
15.313767831, 15.314009101
15.323767826, 15.324005698
15.333767820, 15.334005070
15.343767824, 15.344008548
15.353767839, 15.354007471
15.363767823, 15.364009021
15.373767826, 15.374005848
15.383767822, 15.384006727
15.393767824, 15.394007645
15.403767827, 15.404007917
15.413767826, 15.414008117
15.423767826, 15.424006696
15.433767819, 15.434005075
15.443767824, 15.444014639
15.453767844, 15.454008969
15.463767823, 15.464008715
15.473767827, 15.474005204
15.483767824, 15.484005720
15.493767827, 15.494008260
15.503767827, 15.504008809
15.513767826, 15.514004256
15.523767828, 15.524006923
15.533767820, 15.534004888
15.543767826, 15.544007879
15.553767822, 15.554008369
15.563767824, 15.564004946
15.573767837, 15.574005411
15.583767826, 15.584006527
15.593767820, 15.594008685
15.603767823, 15.604011240
15.613767823, 15.614008903
15.623767829, 15.624004976
15.633767829, 15.634005317
15.643767826, 15.644011854
15.653767837, 15.654011298
15.663767822, 15.664005019
15.673767826, 15.674005663
15.683767820, 15.684006019
15.693767824, 15.694007571
15.703767822, 15.704004073
15.713767827, 15.714004668
15.723767817, 15.724005990
15.733767831, 15.734007663
15.743767823, 15.744008231
15.753767824, 15.754008769
15.763767822, 15.764006328
15.773767827, 15.774005614
15.783767827, 15.784008343
15.793767828, 15.794019791
15.803767829, 15.804019527
15.813767827, 15.814005634
15.823767820, 15.824006396
15.833767826, 15.834011086
15.843767844, 15.844009141
15.853767824, 15.854011095
15.863767826, 15.864006143
15.873767822, 15.874006071
15.883767823, 15.884008333
15.893767827, 15.894009943
15.903767829, 15.904011831
15.913767822, 15.914005070
15.923767826, 15.924007153
15.933767826, 15.934007036
15.943767828, 15.944007611
15.953767822, 15.954008984
15.963767827, 15.964005520
15.973767829, 15.974006046
15.983767823, 15.984007718
15.993767822, 15.994008270
16.003767824, 16.004007366
16.013767823, 16.014004803
16.023767824, 16.024005608
16.033767831, 16.034007626
16.043767849, 16.044011398
16.053767826, 16.054011869
16.063767823, 16.064006754
16.073767827, 16.074006470
16.083767824, 16.084008768
16.093767826, 16.094008194
16.103767829, 16.104004629
16.113767827, 16.114005091
16.123767824, 16.124006654
16.133767827, 16.134007013
16.143767822, 16.144008211
16.153767824, 16.154005455
16.163767826, 16.164005846
16.173767827, 16.174006245
16.183767826, 16.184007117
16.193767824, 16.194001912
16.203767824, 16.204005005
16.213767827, 16.214005360
16.223767822, 16.224007006
16.233767823, 16.234007431
16.243767826, 16.244007793
16.253767838, 16.254009523
16.263767829, 16.264010511
16.273767837, 16.274007898
16.283767822, 16.284010042
16.293767820, 16.294006400
16.303767820, 16.304005121
16.313767826, 16.314005474
16.323767829, 16.324008066
16.333767824, 16.334007666
16.343767824, 16.344008163
16.353767822, 16.354005557
16.363767820, 16.364005229
16.373767820, 16.374006689
16.383767820, 16.384007062
16.393767820, 16.394008061
16.403767827, 16.404007325
16.413767824, 16.414005749
16.423767827, 16.424007163
16.433767827, 16.434006690
16.443767823, 16.444009804
16.453767824, 16.454010523
16.463767839, 16.464006069
16.473767824, 16.474006774
16.483767841, 16.484007347
16.493767832, 16.494008599
16.503767827, 16.504004351
16.513767822, 16.514007632
16.523767826, 16.524007497
16.533767820, 16.534008209
16.543767826, 16.544009603
16.553767827, 16.554004834
16.563767827, 16.564007759
16.573767823, 16.574008102
16.583767822, 16.584007480
16.593767824, 16.594004054
16.603767827, 16.604005332
16.613767819, 16.614006997
16.623767826, 16.624007556
16.633767824, 16.634008350
16.643767820, 16.644009903
16.653767841, 16.654010908
16.663767823, 16.664006664
16.673767823, 16.674008239
16.683767824, 16.684008552
16.693767829, 16.694004180
16.703767829, 16.704005745
16.713767838, 16.714008376
16.723767819, 16.724009052
16.733767822, 16.734009591
16.743767820, 16.744006666
16.753767823, 16.754006418
16.763767823, 16.764007995
16.773767827, 16.774008372
16.783767822, 16.784008860
16.793767824, 16.794004148
16.803767824, 16.804005851
16.813767819, 16.814007456
16.823767827, 16.824008067
16.833767827, 16.834013767
16.843767841, 16.844010835
16.853767823, 16.854005547
16.863767820, 16.864007208
16.873767827, 16.874007699
16.883767827, 16.884004976
16.893767828, 16.894005635
16.903767827, 16.904006005
16.913767826, 16.914007076
16.923767826, 16.924008584
16.933767823, 16.934008711
16.943767831, 16.944009957
16.953767827, 16.954004521
16.963767824, 16.964008662
16.973767819, 16.974007698
16.983767827, 16.984010264
16.993767822, 16.994004613
17.003767820, 17.004007268
17.013767827, 17.014006713
17.023767822, 17.024008110
17.033767824, 17.034015275
17.043767838, 17.044012126
17.053767826, 17.054007034
17.063767829, 17.064007423
17.073767828, 17.074008184
17.083767823, 17.084009469
17.093767826, 17.094004947
17.103767826, 17.104007394
17.113767823, 17.114007163
17.123767820, 17.124009481
17.133767820, 17.134011175
17.143767820, 17.144005319
17.153767826, 17.154005695
17.163767847, 17.164007520
17.173767829, 17.174009080
17.183767824, 17.184011320
17.193767828, 17.194005979
17.203767819, 17.204007324
17.213767826, 17.214006898
17.223767822, 17.224012366
17.233770829, 17.234018808
17.243767822, 17.244004598
17.253767822, 17.254006184
17.263767819, 17.264008693
17.273767824, 17.274008373
17.283767824, 17.284004579
17.293767828, 17.294005509
17.303767823, 17.304006836
17.313767824, 17.314007074
17.323767822, 17.324009953
17.333767829, 17.334004011
17.343767824, 17.344006744
17.353767824, 17.354006391
17.363767827, 17.364009929
17.373767820, 17.374009428
17.383767820, 17.384004649
17.393767834, 17.394004533
17.403767822, 17.404006685
17.413767822, 17.414008056
17.423767838, 17.424011696
17.433767822, 17.434004541
17.443767829, 17.444005981
17.453767824, 17.454006735
17.463767824, 17.464008075
17.473767824, 17.474003396
17.483767820, 17.484005039
17.493767832, 17.494007104
17.503767826, 17.504007141
17.513767824, 17.514006298
17.523767826, 17.524009041
17.533767822, 17.534006666
17.543767827, 17.544007292
17.553767826, 17.554006818
17.563767827, 17.564009436
17.573767823, 17.574008626
17.583767822, 17.584005218
17.593767823, 17.594006516
17.603767894, 17.604007125
17.613767827, 17.614009027
17.623767834, 17.624011374
17.633767826, 17.634004744
17.643767819, 17.644007438
17.653767820, 17.654007753
17.663767820, 17.664008473
17.673767824, 17.674004807
17.683767824, 17.684004434
17.693767823, 17.694005649
17.703767823, 17.704007356
17.713767826, 17.714007961
17.723767831, 17.724004445
17.733767826, 17.734005182
17.743767819, 17.744006584
17.753767819, 17.754006686
17.763767824, 17.764008622
17.773767826, 17.774004109
17.783767827, 17.784005586
17.793767826, 17.794007084
17.803767822, 17.804007483
17.813767829, 17.814011402
17.823767824, 17.824009822
17.833767824, 17.834006176
17.843767834, 17.844006724
17.853767826, 17.854008179
17.863767819, 17.864010654
17.873767824, 17.874005085
17.883767824, 17.884007085
17.893767820, 17.894007209
17.903767826, 17.904006857
17.913767823, 17.914008282
17.923767827, 17.924004935
17.933767823, 17.934006128
17.943767810, 17.944006644
17.953767826, 17.954007354
17.963767826, 17.964012173
17.973767812, 17.974004276
17.983767826, 17.984006727
17.993767824, 17.994006179
18.003767817, 18.004007992
18.013767829, 18.014024552
18.023767823, 18.024010456
18.033767824, 18.034006056
18.043767819, 18.044007308
18.053767824, 18.054007407
18.063767826, 18.064008894
18.073767842, 18.074009552
18.083767829, 18.084006024
18.093767826, 18.094007615
18.103767819, 18.104008464
18.113767822, 18.114003496
18.123767827, 18.124004544
18.133767826, 18.134006541
18.143767826, 18.144007275
18.153767826, 18.154008859
18.163767824, 18.164009982
18.173767823, 18.174004566
18.183767829, 18.184006417
18.193767823, 18.194006328
18.203767820, 18.204009225
18.213767826, 18.214010725
18.223767827, 18.224005187
18.233767822, 18.234005745
18.243767829, 18.244007105
18.253767829, 18.254008617
18.263767819, 18.264004120
18.273767827, 18.274004736
18.283767827, 18.284006181
18.293767817, 18.294006294
18.303767822, 18.304008120
18.313767815, 18.314003763
18.323767824, 18.324007295
18.333767824, 18.334007978
18.343767828, 18.344007343
18.353767829, 18.354008452
18.363767819, 18.364003085
18.373767822, 18.374004886
18.383767824, 18.384008452
18.393767822, 18.394007050
18.403767827, 18.404010721
18.413767820, 18.414010110
18.423767820, 18.424006978
18.433767826, 18.434006357
18.443767826, 18.444007498
18.453767827, 18.454002945
18.463767822, 18.464004308
18.473767820, 18.474005707
18.483767826, 18.484006510
18.493767820, 18.494007086
18.503767829, 18.504008720
18.513767827, 18.514004063
18.523767832, 18.524005431
18.533767837, 18.534005517
18.543767827, 18.544009656
18.553767823, 18.554009319
18.563767829, 18.564004675
18.573767826, 18.574006171
18.583767822, 18.584006441
18.593767824, 18.594011483
18.603767837, 18.604009031
18.613767820, 18.614005344
18.623767822, 18.624005665
18.633767823, 18.634006030
18.643767824, 18.644008735
18.653767819, 18.654008290
18.663767822, 18.664006822
18.673767826, 18.674006292
18.683767826, 18.684006805
18.693767820, 18.694007290
18.703767824, 18.704009229
18.713767826, 18.714004907
18.723767824, 18.724005935
18.733767829, 18.734006536
18.743767824, 18.744008561
18.753767838, 18.754008461
18.763767826, 18.764005690
18.773767827, 18.774008145
18.783767820, 18.784009387
18.793767826, 18.794010385
18.803767827, 18.804004065
18.813767822, 18.814004863
18.823767823, 18.824007060
18.833767827, 18.834006744
18.843767822, 18.844008158
18.853767822, 18.854003432
18.863767826, 18.864006183
18.873767823, 18.874006829
18.883767827, 18.884007046
18.893767822, 18.894008849
18.903767824, 18.904004013
18.913767823, 18.914005809
18.923767820, 18.924006278
18.933767829, 18.934008005
18.943767824, 18.944009203
18.953767826, 18.954004546
18.963767822, 18.964005195
18.973767824, 18.974011607
18.983767831, 18.984008178
18.993767826, 18.994009196
19.003767826, 19.004007287
19.013767820, 19.014007389
19.023767823, 19.024006312
19.033767831, 19.034007869
19.043767832, 19.044007545
19.053767820, 19.054005208
19.063767822, 19.064006953
19.073767820, 19.074006768
19.083767823, 19.084008774
19.093767831, 19.094008229
19.103767826, 19.104004630
19.113767828, 19.114006074
19.123767823, 19.124011437
19.133771518, 19.134008178
19.143767828, 19.144008823
19.153767822, 19.154005417
19.163767820, 19.164011670
19.173767852, 19.174007237
19.183767820, 19.184008690
19.193767824, 19.194004103
19.203767837, 19.204004397
19.213767828, 19.214008253
19.223767822, 19.224007128
19.233767823, 19.234010596
19.243767822, 19.244008909
19.253767826, 19.254005029
19.263767822, 19.264005714
19.273767819, 19.274006388
19.283767826, 19.284008812
19.293767824, 19.294004227
19.303767822, 19.304004778
19.313767828, 19.314004977
19.323767823, 19.324007938
19.333767826, 19.334007541
19.343767820, 19.344008921
19.353767822, 19.354010910
19.363767844, 19.364006785
19.373767823, 19.374008156
19.383767827, 19.384007921
19.393767824, 19.394002761
19.403767823, 19.404005858
19.413767826, 19.414005509
19.423767824, 19.424008109
19.433767838, 19.434007835
19.443767827, 19.444005030
19.453767822, 19.454004271
19.463767828, 19.464007970
19.473767827, 19.474006803
19.483767827, 19.484008188
19.493767824, 19.494004261
19.503767824, 19.504005172
19.513767823, 19.514005702
19.523767824, 19.524007421
19.533767823, 19.534007819
19.543767826, 19.544005044
19.553767824, 19.554011377
19.563767836, 19.564006983
19.573767827, 19.574009116
19.583767823, 19.584009447
19.593767823, 19.594004768
19.603767826, 19.604005249
19.613767822, 19.614007869
19.623767832, 19.624008426
19.633767824, 19.634002989
19.643767823, 19.644005220
19.653767820, 19.654005928
19.663767842, 19.664006371
19.673767824, 19.674007654
19.683767827, 19.684009850
19.693767823, 19.694006039
19.703767824, 19.704006618
19.713767827, 19.714008253
19.723767827, 19.724007944
19.733767820, 19.734008447
19.743767822, 19.744010783
19.753767856, 19.754006093
19.763767822, 19.764007669
19.773767822, 19.774008277
19.783767829, 19.784009835
19.793767822, 19.794005347
19.803767832, 19.804005596
19.813767827, 19.814007616
19.823767820, 19.824008333
19.833767822, 19.834009352
19.843767829, 19.844005616
19.853767829, 19.854006972
19.863767826, 19.864008724
19.873767823, 19.874007398
19.883767837, 19.884008888
19.893767826, 19.894007332
19.903767827, 19.904007120
19.913767827, 19.914009045
19.923767824, 19.924007694
19.933767826, 19.934007554
19.943767876, 19.944005700
19.953767820, 19.954006532
19.963767823, 19.964007013
19.973767824, 19.974007508
19.983767827, 19.984004811
19.993767831, 19.994005388
20.003767827, 20.004005809
20.013767823, 20.014007144
20.023767826, 20.024009369
20.033767827, 20.034004743
20.043767820, 20.044005994
20.053767820, 20.054007825
20.063767823, 20.064008391
20.073767823, 20.074008807
20.083767822, 20.084007287
20.093767823, 20.094005516
20.103767829, 20.104007229
20.113767839, 20.114009691
20.123767820, 20.124007975
20.133767826, 20.134003697
20.143767844, 20.144009609
20.153767822, 20.154006838
20.163767824, 20.164007189
20.173767824, 20.174008146
20.183767826, 20.184004447
20.193767819, 20.194006337
20.203767827, 20.204007736
20.213767828, 20.214009008
20.223767828, 20.224009471
20.233769396, 20.234006440
20.243767827, 20.244007013
20.253767823, 20.254007581
20.263767822, 20.264007815
20.273767827, 20.274009005
20.283767823, 20.284005630
20.293767822, 20.294006423
20.303767822, 20.304008264
20.313767820, 20.314008793
20.323767827, 20.324009743
20.333767822, 20.334006371
20.343767829, 20.344007770
20.353767823, 20.354007466
20.363767820, 20.364005319
20.373767819, 20.374010176
20.383767822, 20.384006605
20.393767823, 20.394006373
20.403767826, 20.404008180
20.413767826, 20.414008439
20.423767829, 20.424006869
20.433767823, 20.434005413
20.443767823, 20.444006953
20.453767823, 20.454009378
20.463767820, 20.464010140
20.473767832, 20.474005050
20.483767827, 20.484006108
20.493767820, 20.494006502
20.503767826, 20.504008837
20.513767820, 20.514008522
20.523767826, 20.524004942
20.533767820, 20.534008022
20.543767822, 20.544007216
20.553767828, 20.554007620
20.563767824, 20.564008125
20.573767827, 20.574010744
20.583767822, 20.584005996
20.593767826, 20.594009312
20.603767826, 20.604009971
20.613767822, 20.614009709
20.623767820, 20.624005228
20.633767831, 20.634005927
20.643767824, 20.644007561
20.653767823, 20.654009043
20.663767822, 20.664010531
20.673767822, 20.674004739
20.683767822, 20.684004989
20.693767831, 20.694007566
20.703767826, 20.704009220
20.713767826, 20.714008986
20.723767824, 20.724007408
20.733767826, 20.734005828
20.743767829, 20.744009639
20.753767827, 20.754008185
20.763767823, 20.764010097
20.773767827, 20.774006101
20.783767826, 20.784005679
20.793767842, 20.794006888
20.803767962, 20.804008476
20.813767827, 20.814004723
20.823767822, 20.824006173
20.833767823, 20.834007299
20.843767823, 20.844007646
20.853767829, 20.854009058
20.863767827, 20.864004848
20.873767822, 20.874005869
20.883767820, 20.884007981
20.893767824, 20.894007307
20.903767829, 20.904008734
20.913767826, 20.914007432
20.923767820, 20.924005801
20.933767823, 20.934006173
20.943767824, 20.944008869
20.953767827, 20.954003858
20.963767827, 20.964005747
20.973767820, 20.974005438
20.983767826, 20.984006937
20.993767827, 20.994007243
21.003767820, 21.004009002
21.013767829, 21.014010397
21.023767836, 21.024005131
21.033767820, 21.034007523
21.043767822, 21.044008840
21.053767822, 21.054009835
21.063767822, 21.064005569
21.073767822, 21.074005361
21.083767826, 21.084008154
21.093767824, 21.094007694
21.103767824, 21.104012417
21.113767846, 21.114005155
21.123767824, 21.124005963
21.133767827, 21.134007888
21.143767820, 21.144007287
21.153767820, 21.154007709
21.163767822, 21.164005136
21.173767826, 21.174006499
21.183767820, 21.184007143
21.193767826, 21.194007564
21.203767822, 21.204008233
21.213767819, 21.214004996
21.223767822, 21.224006273
21.233767827, 21.234006336
21.243767828, 21.244009533
21.253767829, 21.254008595
21.263767820, 21.264007040
21.273767820, 21.274009969
21.283767827, 21.284007540
21.293767826, 21.294008531
21.303767831, 21.304015385
21.313767836, 21.314010547
21.323767817, 21.324006507
21.333767824, 21.334007427
21.343767822, 21.344008746
21.353767820, 21.354009186
21.363767820, 21.364010978
21.373767822, 21.374005920
21.383767829, 21.384008012
21.393767827, 21.394008101
21.403767823, 21.404005723
21.413767827, 21.414004857
21.423767823, 21.424006587
21.433767820, 21.434007160
21.443767827, 21.444007609
21.453767820, 21.454009140
21.463767820, 21.464004382
21.473767843, 21.474006811
21.483767823, 21.484006816
21.493767828, 21.494009418
21.503767823, 21.504006458
21.513767820, 21.514005007
21.523767822, 21.524011083
21.533767847, 21.534008135
21.543767822, 21.544003652
21.553767824, 21.554004210
21.563767823, 21.564005793
21.573767820, 21.574007257
21.583767819, 21.584008228
21.593767822, 21.594008443
21.603767827, 21.604003768
21.613767824, 21.614005349
21.623767824, 21.624006774
21.633767827, 21.634006309
21.643767827, 21.644007947
21.653767826, 21.654004007
21.663767826, 21.664004782
21.673767824, 21.674006689
21.683767822, 21.684010354
21.693767820, 21.694007847
21.703767838, 21.704008510
21.713767831, 21.714005891
21.723767822, 21.724007782
21.733767836, 21.734009015
21.743767820, 21.744010243
21.753767809, 21.754004526
21.763767808, 21.764004979
21.773767823, 21.774006579
21.783767814, 21.784007978
21.793767823, 21.794004751
21.803767826, 21.804005386
21.813767828, 21.814006710
21.823767820, 21.824006222
21.833767826, 21.834006616
21.843767826, 21.844009368
21.853767823, 21.854004787
21.863767829, 21.864006278
21.873767824, 21.874007304
21.883767823, 21.884008016
21.893767819, 21.894008557
21.903767819, 21.904005537
21.913767823, 21.914005788
21.923767827, 21.924010476
21.933767833, 21.934007747
21.943767823, 21.944011102
21.953767824, 21.954006175
21.963767826, 21.964008480
21.973767829, 21.974007022
21.983767824, 21.984008518
21.993767820, 21.994003886
22.003767822, 22.004004442
22.013767827, 22.014005672
22.023767820, 22.024007825
22.033767823, 22.034007160
22.043767822, 22.044010727
22.053767824, 22.054004955
22.063767823, 22.064007827
22.073767826, 22.074006941
22.083767822, 22.084010650
22.093767823, 22.094005177
22.103767828, 22.104006688
22.113767822, 22.114009666
22.123767814, 22.124007824
22.133767831, 22.134008248
22.143767826, 22.144004738
22.153767836, 22.154005269
22.163767828, 22.164006519
22.173767827, 22.174008635
22.183767829, 22.184010435
22.193767828, 22.194005452
22.203767815, 22.204006032
22.213767822, 22.214006611
22.223767827, 22.224007109
22.233767831, 22.234008595
22.243767832, 22.244004901
22.253767819, 22.254006734
22.263767822, 22.264006952
22.273767823, 22.274007551
22.283767823, 22.284009892
22.293767828, 22.294004411
22.303767823, 22.304005684
22.313767820, 22.314008898
22.323767822, 22.324007333
22.333767824, 22.334008671
22.343767828, 22.344003999
22.353767820, 22.354006490
22.363767824, 22.364006005
22.373767827, 22.374007813
22.383767829, 22.384003734
22.393767820, 22.394003440
22.403767829, 22.404007193
22.413767826, 22.414008208
22.423767823, 22.424007429
22.433767826, 22.434008526
22.443767824, 22.444004461
22.453767827, 22.454006250
22.463767819, 22.464007668
22.473767824, 22.474007770
22.483767819, 22.484004803
22.493767823, 22.494004342
22.503767822, 22.504010989
22.513767828, 22.514007914
22.523767823, 22.524004469
22.533767824, 22.534008186
22.543767820, 22.544006397
22.553767831, 22.554005955
22.563767828, 22.564006431
22.573767827, 22.574009987
22.583767828, 22.584008609
22.593767820, 22.594005955
22.603767834, 22.604006625
22.613767831, 22.614006912
22.623767824, 22.624008735
22.633767824, 22.634004340
22.643767826, 22.644007324
22.653767822, 22.654006170
22.663767829, 22.664007239
22.673767823, 22.674007896
22.683767826, 22.684004500
22.693767822, 22.694008699
22.703767820, 22.704007649
22.713767820, 22.714007099
22.723767826, 22.724008776
22.733767823, 22.734004247
22.743767820, 22.744005605
22.753767824, 22.754006090
22.763767819, 22.764007859
22.773767828, 22.774008279
22.783767822, 22.784004991
22.793767822, 22.794005040
22.803767823, 22.804006926
22.813767820, 22.814007455
22.823767820, 22.824009973
22.833767842, 22.834004422
22.843767832, 22.844006077
22.853767823, 22.854006614
22.863767824, 22.864008485
22.873767823, 22.874008575
22.883767824, 22.884004076
22.893767822, 22.894011033
22.903767828, 22.904008647
22.913767827, 22.914009728
22.923767824, 22.924010076
22.933767828, 22.934004373
22.943767820, 22.944007071
22.953767828, 22.954006520
22.963767820, 22.964009239
22.973767827, 22.974004221
22.983767822, 22.984004913
22.993767824, 22.994005737
23.003767829, 23.004007294
23.013767822, 23.014008770
23.023767824, 23.024009591
23.033767822, 23.034004727
23.043767824, 23.044007136
23.053767826, 23.054007005
23.063767834, 23.064008198
23.073767826, 23.074010227
23.083767823, 23.084004127
23.093767822, 23.094010264
23.103767841, 23.104007690
23.113767820, 23.114009005
23.123767826, 23.124003272
23.133767823, 23.134004793
23.143767823, 23.144006307
23.153767826, 23.154007151
23.163767828, 23.164008718
23.173767824, 23.174003888
23.183767829, 23.184005452
23.193767823, 23.194005880
23.203767822, 23.204006834
23.213767820, 23.214007768
23.223767822, 23.224004558
23.233767823, 23.234005985
23.243767822, 23.244007482
23.253767827, 23.254007129
23.263767826, 23.264008344
23.273767827, 23.274003758
23.283767874, 23.284010976
23.293767837, 23.294006621
23.303767820, 23.304007252
23.313767824, 23.314010258
23.323767823, 23.324005113
23.333767824, 23.334007452
23.343767823, 23.344008724
23.353767823, 23.354009506
23.363767823, 23.364008822
23.373767820, 23.374005088
23.383767826, 23.384005682
23.393767822, 23.394005956
23.403767827, 23.404006759
23.413767817, 23.414007387
23.423767819, 23.424004669
23.433767819, 23.434005467
23.443767824, 23.444007120
23.453767820, 23.454011349
23.463767824, 23.464009164
23.473767831, 23.474005458
23.483767827, 23.484005951
23.493767826, 23.494006391
23.503767820, 23.504007641
23.513767833, 23.514011810
23.523767843, 23.524004893
23.533767828, 23.534005554
23.543767826, 23.544007447
23.553767828, 23.554008889
23.563767823, 23.564004436
23.573767826, 23.574006149
23.583767820, 23.584006115
23.593767826, 23.594006691
23.603767826, 23.604008142
23.613767826, 23.614003511
23.623767828, 23.624006356
23.633767819, 23.634005288
23.643767822, 23.644006140
23.653767827, 23.654009018
23.663767822, 23.664003150
23.673767820, 23.674005705
23.683767824, 23.684005922
23.693767824, 23.694008864
23.703767822, 23.704007488
23.713767824, 23.714008986
23.723767823, 23.724006341
23.733767828, 23.734006312
23.743767836, 23.744009300
23.753767826, 23.754009005
23.763767810, 23.764004352
23.773767820, 23.774007824
23.783767826, 23.784006473
23.793767823, 23.794006973
23.803767820, 23.804008601
23.813767819, 23.814003589
23.823767827, 23.824005456
23.833767823, 23.834006108
23.843767831, 23.844007728
23.853767829, 23.854010217
23.863767819, 23.864005363
23.873767820, 23.874005798
23.883767827, 23.884005535
23.893767820, 23.894009228
23.903767822, 23.904011014
23.913767822, 23.914009172
23.923767820, 23.924005306
23.933767819, 23.934006991
23.943767829, 23.944007750
23.953767824, 23.954009229
23.963767829, 23.964008566
23.973767829, 23.974005961
23.983767814, 23.984006909
23.993767814, 23.994008640
24.003767829, 24.004008830
24.013767826, 24.014005428
24.023767820, 24.024007884
24.033767823, 24.034006488
24.043767822, 24.044009096
24.053767827, 24.054008188
24.063767827, 24.064005006
24.073767826, 24.074006640
24.083767822, 24.084005903
24.093767820, 24.094009914
24.103767823, 24.104009187
24.113767829, 24.114006124
24.123767824, 24.124006046
24.133767823, 24.134006545
24.143767820, 24.144008101
24.153767819, 24.154004629
24.163770357, 24.164014713
24.173767829, 24.174006566
24.183767822, 24.184008173
24.193767899, 24.194008828
24.203767993, 24.204009156
24.213767827, 24.214005594
24.223767820, 24.224007310
24.233767823, 24.234008094
24.243767826, 24.244008027
24.253767823, 24.254004556
24.263767820, 24.264006065
24.273767828, 24.274005687
24.283767827, 24.284006814
24.293767826, 24.294005660
24.303767824, 24.304009513
24.313767819, 24.314004776
24.323767826, 24.324007092
24.333767826, 24.334007606
24.343767827, 24.344009338
24.353767819, 24.354005631
24.363767823, 24.364005239
24.373767824, 24.374006773
24.383767828, 24.384007254
24.393767824, 24.394008256
24.403767823, 24.404004316
24.413767823, 24.414005594
24.423767833, 24.424006203
24.433767834, 24.434007619
24.443767820, 24.444009424
24.453767824, 24.454006542
24.463767823, 24.464006401
24.473767831, 24.474005502
24.483767826, 24.484007547
24.493767822, 24.494007990
24.503767824, 24.504004648
24.513767822, 24.514010512
24.523767844, 24.524007347
24.533767827, 24.534006973
24.543767819, 24.544011610
24.553767817, 24.554003974
24.563767820, 24.564006619
24.573767823, 24.574008105
24.583767829, 24.584009766
24.593767826, 24.594008154
24.603767820, 24.604004970
24.613767824, 24.614006260
24.623767822, 24.624007685
24.633767820, 24.634007344
24.643767827, 24.644008625
24.653767831, 24.654005109
24.663767824, 24.664008490
24.673767820, 24.674008964
24.683767820, 24.684004276
24.693767828, 24.694009412
24.703767826, 24.704008126
24.713767832, 24.714007280
24.723767824, 24.724007757
24.733767820, 24.734008621
24.743767819, 24.744004895
24.753767826, 24.754005376
24.763767824, 24.764004803
24.773767828, 24.774007537
24.783767824, 24.784008974
24.793767820, 24.794004465
24.803767823, 24.804004861
24.813767827, 24.814005604
24.823767822, 24.824008105
24.833767822, 24.834007348
24.843767826, 24.844003935
24.853767831, 24.854005433
24.863767828, 24.864006197
24.873767847, 24.874006410
24.883767823, 24.884007641
24.893767822, 24.894004312
24.903767820, 24.904006658
24.913767836, 24.914006685
24.923767826, 24.924007206
24.933767823, 24.934003718
24.943767824, 24.944006336
24.953767823, 24.954005675
24.963767823, 24.964006158
24.973767827, 24.974007024
24.983767826, 24.984011502
24.993767822, 24.994004667
25.003767827, 25.004005232
25.013767820, 25.014006651
25.023767824, 25.024009390
25.033767824, 25.034007783
25.043767824, 25.044005438
25.053767826, 25.054005935
25.063767829, 25.064006314
25.073767827, 25.074006570
25.083767822, 25.084008397
25.093767823, 25.094004944
25.103767862, 25.104008743
25.113767820, 25.114006881
25.123767820, 25.124008333
25.133767820, 25.134010299
25.143767823, 25.144005545
25.153767823, 25.154005021
25.163767889, 25.164006631
25.173767824, 25.174007198
25.183767823, 25.184008641
25.193767824, 25.194004865
25.203767824, 25.204005630
25.213767826, 25.214007161
25.223767820, 25.224008090
25.233767824, 25.234004208
25.243767820, 25.244004962
25.253767820, 25.254005966
25.263767824, 25.264007688
25.273767824, 25.274007265
25.283767827, 25.284004783
25.293767820, 25.294007414
25.303767819, 25.304007819
25.313767826, 25.314007356
25.323767824, 25.324007641
25.333767831, 25.334009431
25.343767828, 25.344005677
25.353767823, 25.354007512
25.363767824, 25.364008872
25.373767823, 25.374008235
25.383767820, 25.384003890
25.393767823, 25.394005768
25.403767826, 25.404007398
25.413767826, 25.414008855
25.423767823, 25.424007586
25.433767824, 25.434003679
25.443767828, 25.444005943
25.453767822, 25.454006480
25.463767823, 25.464007094
25.473767817, 25.474007446
25.483767826, 25.484004754
25.493767822, 25.494006743
25.503767828, 25.504006968
25.513767826, 25.514007658
25.523767824, 25.524008146
25.533767819, 25.534004502
25.543767820, 25.544004954
25.553767842, 25.554008775
25.563767829, 25.564007044
25.573767827, 25.574008354
25.583767820, 25.584005215
25.593767826, 25.594006091
25.603767831, 25.604007546
25.613767823, 25.614007742
25.623767820, 25.624008263
25.633767824, 25.634004878
25.643767826, 25.644005351
25.653767827, 25.654006883
25.663767824, 25.664007120
25.673767827, 25.674007577
25.683767823, 25.684006437
25.693767823, 25.694005833
25.703767817, 25.704007383
25.713767815, 25.714008338
25.723767823, 25.724009398
25.733767823, 25.734005093
25.743767827, 25.744005326
25.753767828, 25.754008130
25.763767824, 25.764008792
25.773767827, 25.774010602
25.783767848, 25.784004829
25.793767822, 25.794012209
25.803767820, 25.804008270
25.813767827, 25.814009771
25.823767824, 25.824006363
25.833767827, 25.834005193
25.843767827, 25.844006234
25.853767824, 25.854006958
25.863767828, 25.864008611
25.873767822, 25.874011597
25.883767833, 25.884005641
25.893767822, 25.894007173
25.903767822, 25.904007739
25.913767819, 25.914007171
25.923767829, 25.924005086
25.933767828, 25.934005388
25.943767823, 25.944006908
25.953767822, 25.954008472
25.963767823, 25.964007938
25.973767826, 25.974004043
25.983767824, 25.984005058
25.993767813, 25.994006410
26.003767823, 26.004007695
26.013767842, 26.014007414
26.023767823, 26.024004413
26.033767826, 26.034004684
26.043767822, 26.044007646
26.053767826, 26.054007457
26.063767826, 26.064013145
26.073767837, 26.074011280
26.083767826, 26.084005005
26.093767826, 26.094006857
26.103767819, 26.104006917
26.113767820, 26.114008642
26.123767819, 26.124004002
26.133767827, 26.134005702
26.143767823, 26.144008323
26.153767820, 26.154006555
26.163767820, 26.164010260
26.173767826, 26.174004678
26.183767826, 26.184006584
26.193767824, 26.194007587
26.203767823, 26.204007555
26.213767827, 26.214008471
26.223767820, 26.224008042
26.233767831, 26.234005848
26.243767889, 26.244007421
26.253767827, 26.254008269
26.263767822, 26.264013257
26.273767847, 26.274010795
26.283767822, 26.284007416
26.293767820, 26.294007176
26.303767824, 26.304008466
26.313767827, 26.314005411
26.323767824, 26.324005337
26.333767822, 26.334005630
26.343767820, 26.344006467
26.353767822, 26.354007965
26.363767828, 26.364003272
26.373767822, 26.374003960
26.383767824, 26.384006425
26.393767820, 26.394006624
26.403767823, 26.404007549
26.413767829, 26.414004249
26.423767822, 26.424004682
26.433767823, 26.434006298
26.443767820, 26.444006331
26.453767827, 26.454008611
26.463767837, 26.464010434
26.473767833, 26.474005035
26.483767826, 26.484005547
26.493767826, 26.494008987
26.503767827, 26.504007669
26.513767827, 26.514004239
26.523767827, 26.524005806
26.533767823, 26.534006546
26.543767826, 26.544006783
26.553767824, 26.554008454
26.563767829, 26.564005037
26.573767829, 26.574003971
26.583767824, 26.584006698
26.593767823, 26.594006505
26.603767824, 26.604010008
26.613767819, 26.614003499
26.623767822, 26.624006808
26.633767827, 26.634007773
26.643767820, 26.644013384
26.653767844, 26.654010368
26.663767829, 26.664004812
26.673767823, 26.674006659
26.683767827, 26.684008020
26.693767834, 26.694006505
26.703767823, 26.704009060
26.713767831, 26.714005416
26.723767831, 26.724007393
26.733767822, 26.734006772
26.743767822, 26.744008132
26.753767822, 26.754010531
26.763767826, 26.764004164
26.773767819, 26.774007639
26.783767822, 26.784007277
26.793767820, 26.794006734
26.803767822, 26.804009140
26.813767824, 26.814003427
26.823767829, 26.824006384
26.833767827, 26.834006722
26.843767828, 26.844012633
26.853767831, 26.854009614
26.863767827, 26.864004356
26.873767829, 26.874007310
26.883767823, 26.884006739
26.893767822, 26.894008178
26.903767822, 26.904003396
26.913767822, 26.914005427
26.923767831, 26.924006691
26.933767820, 26.934006837
26.943767824, 26.944009170
26.953767826, 26.954006715
26.963767824, 26.964004589
26.973767826, 26.974006179
26.983767829, 26.984007863
26.993767823, 26.994009052
27.003767826, 27.004009887
27.013767826, 27.014004484
27.023767820, 27.024006911
27.033767831, 27.034011851
27.043767838, 27.044009624
27.053767823, 27.054009473
27.063767824, 27.064006057
27.073767820, 27.074007426
27.083767820, 27.084009570
27.093767822, 27.094008525
27.103767828, 27.104004870
27.113767826, 27.114005150
27.123767826, 27.124006826
27.133767823, 27.134006353
27.143767847, 27.144008979
27.153767839, 27.154004132
27.163767829, 27.164006208
27.173767826, 27.174007725
27.183767826, 27.184007272
27.193767831, 27.194008442
27.203767828, 27.204004090
27.213767826, 27.214005653
27.223767822, 27.224012304
27.233767832, 27.234008323
27.243767826, 27.244009050
27.253767831, 27.254004723
27.263767824, 27.264006780
27.273767820, 27.274005827
27.283767823, 27.284007282
27.293767823, 27.294009903
27.303767822, 27.304004198
27.313767828, 27.314007901
27.323767823, 27.324006403
27.333767822, 27.334007854
27.343767820, 27.344014726
27.353767822, 27.354004385
27.363767824, 27.364006243
27.373767846, 27.374006906
27.383767823, 27.384008731
27.393767819, 27.394008758
27.403767822, 27.404005095
27.413767828, 27.414006123
27.423767822, 27.424011113
27.433767843, 27.434009083
27.443767824, 27.444009775
27.453767826, 27.454006187
27.463767820, 27.464006505
27.473767823, 27.474007062
27.483767831, 27.484008527
27.493767827, 27.494004376
27.503767822, 27.504005613
27.513767823, 27.514007988
27.523767829, 27.524007671
27.533767827, 27.534007931
27.543767827, 27.544004891
27.553767819, 27.554006140
27.563767824, 27.564005839
27.573767877, 27.574007457
27.583767824, 27.584009543
27.593767820, 27.594008887
27.603767834, 27.604006493
27.613767823, 27.614007364
27.623767823, 27.624008343
27.633767837, 27.634010021
27.643767827, 27.644009963
27.653767823, 27.654005283
27.663767827, 27.664006837
27.673767822, 27.674006458
27.683767826, 27.684009013
27.693767826, 27.694004639
27.703767827, 27.704006002
27.713767823, 27.714006000
27.723767826, 27.724007997
27.733767831, 27.734008652
27.743767822, 27.744005036
27.753767822, 27.754006491
27.763767823, 27.764006190
27.773767826, 27.774007270
27.783767822, 27.784008080
27.793767826, 27.794004647
27.803767823, 27.804007042
27.813767827, 27.814007799
27.823767828, 27.824011276
27.833767822, 27.834010917
27.843767828, 27.844005158
27.853767820, 27.854009830
27.863767824, 27.864007590
27.873767823, 27.874009905
27.883767824, 27.884004223
27.893767831, 27.894005469
27.903767823, 27.904006763
27.913767824, 27.914006829
27.923767824, 27.924009458
27.933767823, 27.934003936
27.943767823, 27.944005332
27.953767823, 27.954007909
27.963767831, 27.964007696
27.973767831, 27.974008142
27.983767828, 27.984009786
27.993767823, 27.994005113
28.003767829, 28.004007483
28.013767824, 28.014010429
28.023767819, 28.024008743
28.033767823, 28.034003910
28.043767819, 28.044005648
28.053767838, 28.054005770
28.063767824, 28.064006224
28.073767820, 28.074009531
28.083767823, 28.084006569
28.093767823, 28.094006120
28.103767822, 28.104006719
28.113767826, 28.114007096
28.123767826, 28.124008937
28.133767822, 28.134003798
28.143767820, 28.144005725
28.153767823, 28.154007476
28.163767827, 28.164006788
28.173767826, 28.174009522
28.183767819, 28.184004426
28.193767815, 28.194005103
28.203767827, 28.204009348
28.213767829, 28.214007483
28.223767824, 28.224003647
28.233767824, 28.234005448
28.243767827, 28.244005685
28.253767827, 28.254006354
28.263767828, 28.264007679
28.273767824, 28.274010234
28.283767833, 28.284006710
28.293767822, 28.294007369
28.303767823, 28.304009248
28.313767824, 28.314009145
28.323767828, 28.324008754
28.333767822, 28.334005168
28.343767823, 28.344005928
28.353767824, 28.354006411
28.363767828, 28.364002523
28.373767828, 28.374008269
28.383767826, 28.384005767
28.393767826, 28.394008927
28.403767822, 28.404006953
28.413767822, 28.414009441
28.423767820, 28.424009040
28.433767827, 28.434005451
28.443767823, 28.444005812
28.453767820, 28.454005590
28.463767823, 28.464003995
28.473767822, 28.474010833
28.483767808, 28.484004920
28.493767826, 28.494005299
28.503767836, 28.504009313
28.513767827, 28.514008730
28.523767824, 28.524003757
28.533767832, 28.534007245
28.543767823, 28.544008852
28.553767823, 28.554005269
28.563767814, 28.564008114
28.573767822, 28.574003733
28.583767822, 28.584008498
28.593767834, 28.594005891
28.603767820, 28.604007382
28.613767823, 28.614007965
28.623767823, 28.624004073
28.633767824, 28.634005784
28.643767831, 28.644006388
28.653767822, 28.654008075
28.663767823, 28.664009545
28.673767820, 28.674004659
28.683767824, 28.684006184
28.693767820, 28.694005922
28.703767823, 28.704008749
28.713767824, 28.714009783
28.723767827, 28.724009685
28.733767844, 28.734004307
28.743767820, 28.744005169
28.753767829, 28.754007848
28.763767826, 28.764009621
28.773767826, 28.774005126
28.783767820, 28.784009568
28.793767847, 28.794007586
28.803767827, 28.804007632
28.813767824, 28.814004258
28.823767823, 28.824005532
28.833767820, 28.834005050
28.843767823, 28.844005526
28.853767831, 28.854008022
28.863767826, 28.864008734
28.873767827, 28.874005010
28.883767820, 28.884005717
28.893767823, 28.894006035
28.903767823, 28.904008689
28.913767827, 28.914008802
28.923767820, 28.924004767
28.933767820, 28.934005428
28.943767824, 28.944005029
28.953767838, 28.954008406
28.963767837, 28.964008537
28.973767820, 28.974011786
28.983767839, 28.984008054
28.993767824, 28.994007259
29.003767826, 29.004007993
29.013767829, 29.014003288
29.023767822, 29.024004697
29.033767824, 29.034006451
29.043767820, 29.044006876
29.053767822, 29.054007643
29.063767827, 29.064019203
29.073767829, 29.074005367
29.083767826, 29.084005346
29.093767827, 29.094008620
29.103767823, 29.104009270
29.113767822, 29.114005803
29.123767827, 29.124007149
29.133767823, 29.134005670
29.143767823, 29.144007843
29.153767826, 29.154008423
29.163767819, 29.164010819
29.173767838, 29.174010751
29.183767836, 29.184006108
29.193767832, 29.194006698
29.203767827, 29.204003120
29.213767823, 29.214006242
29.223767822, 29.224006415
29.233767831, 29.234005905
29.243767824, 29.244007404
29.253767826, 29.254007956
29.263767823, 29.264004252
29.273767826, 29.274004451
29.283767828, 29.284006490
29.293767822, 29.294007824
29.303767827, 29.304003590
29.313767823, 29.314004918
29.323767823, 29.324005391
29.333767831, 29.334005699
29.343767826, 29.344008541
29.353767824, 29.354008047
29.363767823, 29.364010971
29.373767846, 29.374006827
29.383767824, 29.384006572
29.393767819, 29.394008079
29.403767822, 29.404008562
29.413767836, 29.414010117
29.423767822, 29.424005664
29.433767831, 29.434008923
29.443767829, 29.444010212
29.453767822, 29.454008127
29.463767827, 29.464004621
29.473767824, 29.474006204
29.483767820, 29.484009155
29.493767822, 29.494008204
29.503767826, 29.504008864
29.513767820, 29.514004962
29.523767827, 29.524007882
29.533767820, 29.534007399
29.543767822, 29.544007909
29.553767820, 29.554004256
29.563767822, 29.564010344
29.573767837, 29.574007134
29.583767822, 29.584007858
29.593767827, 29.594007391
29.603767829, 29.604008959
29.613767820, 29.614004247
29.623767819, 29.624005078
29.633767903, 29.634006571
29.643767836, 29.644007740
29.653767828, 29.654004213
29.663767823, 29.664005537
29.673767824, 29.674007042
29.683767823, 29.684007998
29.693767827, 29.694007391
29.703767832, 29.704004011
29.713767827, 29.714004662
29.723767820, 29.724005952
29.733767827, 29.734006599
29.743767824, 29.744007947
29.753767826, 29.754015391
29.763767838, 29.764011967
29.773767822, 29.774006760
29.783767827, 29.784008204
29.793767827, 29.794002833
29.803767822, 29.804005346
29.813767828, 29.814004758
29.823767820, 29.824006243
29.833767820, 29.834006793
29.843767820, 29.844008244
29.853767822, 29.854005897
29.863767851, 29.864004192
29.873767834, 29.874006610
29.883767828, 29.884007934
29.893767827, 29.894009531
29.903767820, 29.904006877
29.913767822, 29.914006936
29.923767829, 29.924009187
29.933767824, 29.934007104
29.943767822, 29.944012898
29.953767846, 29.954011054
29.963767826, 29.964005460
29.973767827, 29.974007057
29.983767828, 29.984007714
29.993767822, 29.994008203
30.003767820, 30.004004461
30.013767820, 30.014006297
30.023767829, 30.024007348
30.033767823, 30.034006291
30.043767827, 30.044008810
30.053767828, 30.054004828
30.063767820, 30.064006497
30.073767820, 30.074007275
30.083767824, 30.084007749
30.093767833, 30.094009565
30.103767824, 30.104005431
30.113767826, 30.114005906
30.123767820, 30.124010171
30.133767829, 30.134011443
30.143767838, 30.144009545
30.153767823, 30.154005554
30.163767827, 30.164016074
30.173767826, 30.174007666
30.183767822, 30.184008803
30.193767826, 30.194004766
30.203767820, 30.204005203
30.213767824, 30.214007227
30.223767824, 30.224008246
30.233767831, 30.234008352
30.243767828, 30.244005920
30.253767822, 30.254005537
30.263767827, 30.264007242
30.273767822, 30.274008667
30.283767809, 30.284009291
30.293767826, 30.294004229
30.303767822, 30.304005863
30.313767827, 30.314006388
30.323767837, 30.324007863
30.333767846, 30.334010016
30.343767831, 30.344006287
30.353767823, 30.354006581
30.363767822, 30.364008130
30.373767827, 30.374008739
30.383767820, 30.384005230
30.393767831, 30.394005063
30.403767827, 30.404007515
30.413767824, 30.414006621
30.423767827, 30.424008572
30.433767820, 30.434008127
30.443767819, 30.444005852
30.453767827, 30.454005922
30.463767822, 30.464007431
30.473767826, 30.474007782
30.483767823, 30.484008350
30.493767820, 30.494004900
30.503767819, 30.504005583
30.513767824, 30.514007085
30.523767826, 30.524010674
30.533767822, 30.534009119
30.543767854, 30.544009656
30.553767827, 30.554005967
30.563767829, 30.564009456
30.573767826, 30.574010130
30.583767823, 30.584005732
30.593767827, 30.594005207
30.603767826, 30.604006483
30.613767829, 30.614007076
30.623767824, 30.624008580
30.633767823, 30.634005205
30.643767826, 30.644004697
30.653767823, 30.654006034
30.663767822, 30.664007696
30.673767826, 30.674008634
30.683767826, 30.684004704
30.693767822, 30.694005316
30.703767819, 30.704007755
30.713767820, 30.714007070
30.723767827, 30.724011741
30.733767822, 30.734010453
30.743767822, 30.744007188
30.753767824, 30.754009565
30.763767827, 30.764009021
30.773767834, 30.774009463
30.783767819, 30.784004639
30.793767820, 30.794005482
30.803767827, 30.804007941
30.813767824, 30.814007457
30.823767822, 30.824007944
30.833767823, 30.834003914
30.843767826, 30.844004806
30.853767827, 30.854006411
30.863767822, 30.864007081
30.873767826, 30.874007729
30.883767824, 30.884004639
30.893767826, 30.894005177
30.903767823, 30.904008142
30.913767822, 30.914008858
30.923767824, 30.924019244
30.933767819, 30.934004501
30.943767823, 30.944005646
30.953767826, 30.954006160
30.963767820, 30.964008297
30.973767822, 30.974008527
30.983767820, 30.984005054
30.993767824, 30.994005740
31.003767828, 31.004007338
31.013767822, 31.014007512
31.023767822, 31.024011620
31.033767822, 31.034006689
31.043767827, 31.044005747
31.053767820, 31.054006824
31.063767820, 31.064008551
31.073767824, 31.074009493
31.083767824, 31.084004058
31.093767822, 31.094006993
31.103767823, 31.104008721
31.113767824, 31.114007814
31.123767827, 31.124004356
31.133767824, 31.134005088
31.143767823, 31.144006397
31.153767827, 31.154008031
31.163767827, 31.164009558
31.173767823, 31.174009112
31.183767820, 31.184013495
31.193767820, 31.194007694
31.203767831, 31.204007501
31.213767823, 31.214007908
31.223767834, 31.224003838
31.233767834, 31.234004776
31.243767826, 31.244005309
31.253767827, 31.254010545
31.263767822, 31.264008879
31.273767822, 31.274004013
31.283767822, 31.284005762
31.293767828, 31.294006554
31.303767823, 31.304012448
31.313767837, 31.314007636
31.323767822, 31.324004679
31.333767824, 31.334004400
31.343767824, 31.344006901
31.353767831, 31.354007322
31.363767829, 31.364005167
31.373767824, 31.374004576
31.383767824, 31.384004678
31.393767822, 31.394005388
31.403767822, 31.404005887
31.413767826, 31.414008550
31.423767822, 31.424004040
31.433767826, 31.434006539
31.443767820, 31.444005375
31.453767834, 31.454006269
31.463767823, 31.464009002
31.473767826, 31.474004591
31.483767820, 31.484007244
31.493767820, 31.494010781
31.503767841, 31.504007718
31.513767822, 31.514009654
31.523767826, 31.524005089
31.533767827, 31.534006534
31.543767824, 31.544009182
31.553767822, 31.554006595
31.563767826, 31.564008140
31.573767827, 31.574003590
31.583767823, 31.584008203
31.593767823, 31.594006618
31.603767827, 31.604008523
31.613767826, 31.614008485
31.623767822, 31.624005042
31.633767822, 31.634005757
31.643767822, 31.644008609
31.653767820, 31.654007902
31.663767822, 31.664008163
31.673767819, 31.674003493
31.683767843, 31.684011760
31.693767838, 31.694008255
31.703767822, 31.704008328
31.713767819, 31.714010091
31.723767820, 31.724005832
31.733767831, 31.734006906
31.743767822, 31.744007502
31.753767822, 31.754008121
31.763767820, 31.764003306
31.773767822, 31.774004994
31.783767820, 31.784006532
31.793767824, 31.794007006
31.803767827, 31.804008022
31.813767827, 31.814004034
31.823767823, 31.824004705
31.833767822, 31.834007195
31.843767826, 31.844007511
31.853767824, 31.854010137
31.863767822, 31.864004469
31.873767819, 31.874004184
31.883767826, 31.884012241
31.893767848, 31.894008045
31.903767826, 31.904009670
31.913767831, 31.914009095
31.923767827, 31.924006675
31.933767826, 31.934008184
31.943767832, 31.944006807
31.953767829, 31.954008721
31.963767827, 31.964005937
31.973767820, 31.974005011
31.983767823, 31.984005804
31.993767820, 31.994007307
32.003767827, 32.004008892
32.013767822, 32.014005869
32.023767826, 32.024007185
32.033767822, 32.034006363
32.043767819, 32.044008911
32.053767829, 32.054008536
------------------------------
