------------------------------
test was performed using the following parameters: --mps=100 --burst=1 --reply-every=1 --msg-size=14 --time=10
------------------------------
sockperf: [Total Run] RunTime=10.100 sec; SentMessages=1011; ReceivedMessages=1010
sockperf: ========= Printing statistics for Server No: 0
sockperf: [Valid Duration] RunTime=9.990 sec; SentMessages=1000; ReceivedMessages=1000
sockperf: [2;35m====> avg-lat= 81.848 (std-dev=23.403)[0m
sockperf: # dropped messages = 0; # duplicated messages = 0; # out-of-order messages = 0
sockperf: [2;35mTotal 1000 observations[0m; each percentile contains 10.00 observations
sockperf: ---> <MAX> observation =  162.290
sockperf: ---> percentile 99.999 =  162.290
sockperf: ---> percentile 99.990 =  162.290
sockperf: ---> percentile 99.900 =  153.873
sockperf: ---> percentile 99.000 =  135.420
sockperf: ---> percentile 90.000 =  114.255
sockperf: ---> percentile 75.000 =   97.464
sockperf: ---> percentile 50.000 =   80.725
sockperf: ---> percentile 25.000 =   63.793
sockperf: ---> <MIN> observation =   33.305
------------------------------
txTime, rxTime
2.061581688, 2.061763182
2.071581684, 2.071776398
2.081581682, 2.081684189
2.091581680, 2.091690058
2.101581679, 2.101734859
2.111581685, 2.111767243
2.121597556, 2.121858803
2.131581684, 2.131787640
2.141581683, 2.141684899
2.151581678, 2.151682894
2.161585221, 2.161731159
2.171581680, 2.171826770
2.181581684, 2.181786936
2.191581684, 2.191751777
2.201581687, 2.201774677
2.211581687, 2.211825836
2.221581681, 2.221732583
2.231581685, 2.231728888
2.241581680, 2.241744356
2.251581687, 2.251797124
2.261581682, 2.261751702
2.271581687, 2.271730504
2.281581681, 2.281834421
2.291581680, 2.291830198
2.301581682, 2.301842218
2.311581689, 2.311708191
2.321581685, 2.321799136
2.331581685, 2.331737750
2.341581670, 2.341694589
2.351581685, 2.351769773
2.361581687, 2.361741060
2.371581684, 2.371786814
2.381581683, 2.381751953
2.391581685, 2.391683591
2.401581681, 2.401792649
2.411581677, 2.411839448
2.421581682, 2.421775066
2.431581689, 2.431771611
2.441581685, 2.441724998
2.451581677, 2.451821069
2.461581687, 2.461721829
2.471581681, 2.471747236
2.481581680, 2.481755092
2.491581670, 2.491748521
2.501581678, 2.501828598
2.511581668, 2.511689286
2.521581679, 2.521758159
2.531581682, 2.531734385
2.541581675, 2.541739257
2.551581682, 2.551777842
2.561581672, 2.561748315
2.571581679, 2.571717481
2.581581664, 2.581767125
2.591581672, 2.591738635
2.601581668, 2.601701565
2.611581665, 2.611656949
2.621581687, 2.621757131
2.631581687, 2.631781540
2.641581682, 2.641804953
2.651581685, 2.651720932
2.661581670, 2.661746935
2.671581676, 2.671756630
2.681581677, 2.681854929
2.691581688, 2.691782020
2.701581689, 2.701786758
2.711581688, 2.711810516
2.721581683, 2.721748299
2.731581682, 2.731663235
2.741581680, 2.741731700
2.751581675, 2.751733185
2.761590856, 2.761702621
2.771581681, 2.771835993
2.781581690, 2.781802475
2.791581679, 2.791707559
2.801581682, 2.801776165
2.811581678, 2.811832003
2.821581685, 2.821781501
2.831581682, 2.831715875
2.841581683, 2.841715486
2.851581681, 2.851711758
2.861581678, 2.861737347
2.871581678, 2.871708382
2.881581684, 2.881757896
2.891581667, 2.891751532
2.901581667, 2.901764801
2.911581664, 2.911689711
2.921581683, 2.921729389
2.931581687, 2.931712868
2.941581692, 2.941811755
2.951581678, 2.951707455
2.961581685, 2.961828279
2.971581684, 2.971711034
2.981581686, 2.981720901
2.991581663, 2.991818547
3.001581662, 3.001696275
3.011581688, 3.011695713
3.021581680, 3.021681878
3.031581687, 3.031809569
3.041581706, 3.041845584
3.051581687, 3.051729129
3.061581684, 3.061756670
3.071581682, 3.071800601
3.081581684, 3.081781107
3.091581681, 3.091750498
3.101581685, 3.101722070
3.111581683, 3.111745321
3.121581687, 3.121762678
3.131581685, 3.131734787
3.141581680, 3.141687884
3.151581686, 3.151685870
3.161581692, 3.161668480
3.171581685, 3.171699703
3.181581677, 3.181784158
3.191581685, 3.191727431
3.201581678, 3.201753117
3.211581680, 3.211825734
3.221581677, 3.221692839
3.231581688, 3.231779151
3.241581689, 3.241669446
3.251581685, 3.251816306
3.261581683, 3.261657063
3.271581682, 3.271722020
3.281581677, 3.281691132
3.291581693, 3.291754613
3.301581677, 3.301707963
3.311581678, 3.311687196
3.321581685, 3.321760844
3.331581664, 3.331687293
3.341581662, 3.341721356
3.351581665, 3.351765143
3.361581685, 3.361714710
3.371581682, 3.371745900
3.381581685, 3.381764418
3.391581684, 3.391771338
3.401581682, 3.401686857
3.411581680, 3.411711562
3.421581687, 3.421731305
3.431581685, 3.431754230
3.441581679, 3.441652178
3.451581682, 3.451743985
3.461581678, 3.461714253
3.471581685, 3.471747517
3.481581687, 3.481807385
3.491581686, 3.491796982
3.501581680, 3.501726207
3.511581677, 3.511693972
3.521581680, 3.521698725
3.531581669, 3.531753269
3.541581686, 3.541699346
3.551581682, 3.551759616
3.561581680, 3.561723717
3.571581679, 3.571756250
3.581581685, 3.581705233
3.591581683, 3.591723382
3.601581687, 3.601709186
3.611581690, 3.611761004
3.621581680, 3.621782735
3.631581686, 3.631712985
3.641581685, 3.641706524
3.651581680, 3.651775116
3.661581684, 3.661707216
3.671581690, 3.671678733
3.681581684, 3.681686955
3.691581684, 3.691727613
3.701581688, 3.701738633
3.711581687, 3.711717001
3.721581680, 3.721745397
3.731581682, 3.731707464
3.741581687, 3.741743138
3.751581685, 3.751778934
3.761581680, 3.761725713
3.771581684, 3.771728281
3.781581686, 3.781746080
3.791581688, 3.791682973
3.801581688, 3.801744031
3.811581677, 3.811695489
3.821581683, 3.821749868
3.831581689, 3.831659538
3.841581682, 3.841736401
3.851581680, 3.851734805
3.861581679, 3.861731541
3.871581676, 3.871810184
3.881581688, 3.881736378
3.891581682, 3.891719169
3.901581679, 3.901738716
3.911581683, 3.911733884
3.921586278, 3.921708691
3.931581682, 3.931787427
3.941581678, 3.941681902
3.951581678, 3.951765919
3.961581684, 3.961817438
3.971581677, 3.971773548
3.981581675, 3.981706080
3.991581684, 3.991698212
4.001581720, 4.001801826
4.011581684, 4.011710092
4.021581681, 4.021712791
4.031600872, 4.031809241
4.041581725, 4.041680808
4.051581686, 4.051751636
4.061581685, 4.061688627
4.071581669, 4.071780391
4.081581684, 4.081700318
4.091581685, 4.091722239
4.101581682, 4.101852857
4.111588197, 4.111843301
4.121581686, 4.121771406
4.131581687, 4.131667902
4.141581680, 4.141795880
4.151581682, 4.151783083
4.161581684, 4.161742712
4.171581687, 4.171667435
4.181581686, 4.181718841
4.191581678, 4.191683294
4.201581676, 4.201729515
4.211581686, 4.211825584
4.221581683, 4.221691485
4.231581681, 4.231673908
4.241581685, 4.241756026
4.251581679, 4.251797242
4.261581685, 4.261738965
4.271581683, 4.271797078
4.281581685, 4.281667472
4.291581682, 4.291704038
4.301581683, 4.301771138
4.311590908, 4.311745705
4.321581680, 4.321688648
4.331581681, 4.331727587
4.341581685, 4.341804374
4.351581677, 4.351713521
4.361581687, 4.361769519
4.371585681, 4.371825670
4.381582151, 4.381781954
4.391581681, 4.391776013
4.401581679, 4.401688385
4.411581733, 4.411704275
4.421581695, 4.421754903
4.431581677, 4.431836280
4.441581684, 4.441805548
4.451581685, 4.451753220
4.461581688, 4.461721112
4.471581677, 4.471662084
4.481581687, 4.481664382
4.491581688, 4.491698370
4.501581686, 4.501837341
4.511581686, 4.511679488
4.521581688, 4.521693970
4.531581682, 4.531730510
4.541581685, 4.541679100
4.551582348, 4.551796415
4.561581686, 4.561709490
4.571581683, 4.571692771
4.581581687, 4.581694339
4.591581682, 4.591754788
4.601581683, 4.601658130
4.611581677, 4.611767180
4.621581681, 4.621795056
4.631581686, 4.631679797
4.641581687, 4.641735615
4.651581686, 4.651708307
4.661581687, 4.661691573
4.671581678, 4.671708617
4.681581677, 4.681689463
4.691581682, 4.691695699
4.701581663, 4.701750374
4.711581687, 4.711746952
4.721581683, 4.721677963
4.731581680, 4.731732103
4.741581682, 4.741694643
4.751581678, 4.751807544
4.761581687, 4.761813288
4.771581679, 4.771735582
4.781581661, 4.781698378
4.791581752, 4.791778885
4.801581661, 4.801735510
4.811581670, 4.811837558
4.821581678, 4.821819140
4.831581692, 4.831740867
4.841581665, 4.841804700
4.851581664, 4.851859305
4.861581684, 4.861786957
4.871581677, 4.871695277
4.881581682, 4.881791364
4.891581676, 4.891783384
4.901581686, 4.901722091
4.911581680, 4.911678091
4.921581662, 4.921775147
4.931581666, 4.931721559
4.941581663, 4.941746962
4.951581679, 4.951778382
4.961581682, 4.961742970
4.971581687, 4.971771231
4.981581664, 4.981680891
4.991581661, 4.991760916
5.001581682, 5.001732385
5.011581687, 5.011746637
5.021581677, 5.021806272
5.031581685, 5.031760564
5.041581681, 5.041772027
5.051581683, 5.051766097
5.061581689, 5.061751745
5.071581687, 5.071720796
5.081581686, 5.081683088
5.091581668, 5.091704965
5.101581680, 5.101708220
5.111581683, 5.111746122
5.121581688, 5.121747267
5.131581685, 5.131738900
5.141581685, 5.141704909
5.151581687, 5.151797084
5.161581682, 5.161781179
5.171581683, 5.171684110
5.181581688, 5.181746928
5.191581687, 5.191731754
5.201581682, 5.201784039
5.211581685, 5.211762769
5.221581679, 5.221749334
5.231581680, 5.231719806
5.241581687, 5.241722810
5.251581685, 5.251731339
5.261581686, 5.261773733
5.271581684, 5.271697706
5.281581682, 5.281782392
5.291581688, 5.291703962
5.301581680, 5.301689098
5.311581681, 5.311796848
5.321581668, 5.321776595
5.331581680, 5.331767644
5.341581681, 5.341786907
5.351581681, 5.351688922
5.361581707, 5.361845793
5.371581681, 5.371799130
5.381581687, 5.381750851
5.391581689, 5.391740107
5.401581672, 5.401700136
5.411581667, 5.411728859
5.421581667, 5.421835735
5.431581783, 5.431776712
5.441581690, 5.441757838
5.451581669, 5.451771317
5.461581670, 5.461735067
5.471581665, 5.471739205
5.481581688, 5.481734795
5.491581684, 5.491716245
5.501581687, 5.501685898
5.511581667, 5.511659934
5.521581664, 5.521738390
5.531581683, 5.531768788
5.541584896, 5.541811178
5.551581682, 5.551752153
5.561581685, 5.561687566
5.571581685, 5.571739890
5.581581677, 5.581712519
5.591581678, 5.591755136
5.601581961, 5.601836357
5.611581685, 5.611797472
5.621581673, 5.621761243
5.631581682, 5.631682433
5.641581685, 5.641705031
5.651581686, 5.651728167
5.661581679, 5.661755699
5.671581681, 5.671681254
5.681581671, 5.681738323
5.691581680, 5.691824405
5.701581661, 5.701760310
5.711581683, 5.711768730
5.721581685, 5.721722586
5.731581685, 5.731676553
5.741581682, 5.741652815
5.751581679, 5.751760220
5.761581660, 5.761756218
5.771581678, 5.771738980
5.781581722, 5.781814809
5.791581684, 5.791808710
5.801581682, 5.801736009
5.811581677, 5.811765813
5.821581689, 5.821725984
5.831581681, 5.831680811
5.841581687, 5.841802437
5.851581687, 5.851758324
5.861581676, 5.861716115
5.871581680, 5.871796167
5.881581671, 5.881827969
5.891581683, 5.891814055
5.901581702, 5.901795975
5.911581681, 5.911778221
5.921581670, 5.921726005
5.931581678, 5.931689941
5.941581679, 5.941773552
5.951581678, 5.951685433
5.961581679, 5.961813741
5.971581671, 5.971713229
5.981581683, 5.981753349
5.991581679, 5.991772657
6.001581671, 6.001785040
6.011581702, 6.011724957
6.021581759, 6.021685546
6.031581680, 6.031744081
6.041581677, 6.041828347
6.051581685, 6.051769667
6.061581744, 6.061804266
6.071585031, 6.071772106
6.081581680, 6.081691197
6.091581680, 6.091740682
6.101581680, 6.101659243
6.111581687, 6.111718450
6.121581685, 6.121661881
6.131581686, 6.131778803
6.141581680, 6.141798990
6.151581684, 6.151720092
6.161581685, 6.161725932
6.171581684, 6.171689481
6.181581687, 6.181692494
6.191581677, 6.191820987
6.201581688, 6.201683595
6.211581681, 6.211793326
6.221581685, 6.221789034
6.231581680, 6.231709015
6.241581682, 6.241661343
6.251581685, 6.251733653
6.261581672, 6.261658895
6.271581684, 6.271699076
6.281581680, 6.281836842
6.291581688, 6.291749812
6.301581667, 6.301700967
6.311581687, 6.311769902
6.321581687, 6.321786358
6.331582659, 6.331783821
6.341581677, 6.341832065
6.351581670, 6.351718545
6.361581662, 6.361682900
6.371581672, 6.371736593
6.381581685, 6.381824032
6.391581685, 6.391727784
6.401581686, 6.401751357
6.411581665, 6.411709494
6.421581669, 6.421725168
6.431581683, 6.431682862
6.441581707, 6.441756204
6.451581771, 6.451733769
6.461581682, 6.461737626
6.471581660, 6.471769361
6.481581662, 6.481802670
6.491581698, 6.491734103
6.501581682, 6.501708926
6.511581681, 6.511765123
6.521581716, 6.521761996
6.531581670, 6.531733577
6.541581671, 6.541680028
6.551581692, 6.551709279
6.561581670, 6.561755314
6.571581680, 6.571792787
6.581581673, 6.581805867
6.591581680, 6.591685980
6.601581669, 6.601789291
6.611581662, 6.611743937
6.621581665, 6.621689004
6.631581671, 6.631779579
6.641581670, 6.641708071
6.651581670, 6.651703454
6.661581682, 6.661752861
6.671581662, 6.671724616
6.681581769, 6.681836870
6.691581681, 6.691843810
6.701582791, 6.701711123
6.711581687, 6.711778831
6.721581751, 6.721810247
6.731581673, 6.731822276
6.741581667, 6.741691326
6.751581666, 6.751696187
6.761581670, 6.761809021
6.771581684, 6.771817557
6.781582344, 6.781766729
6.791581673, 6.791687551
6.801581665, 6.801819359
6.811581684, 6.811778575
6.821581685, 6.821761424
6.831581665, 6.831723962
6.841581677, 6.841729171
6.851581665, 6.851749046
6.861581680, 6.861778017
6.871581682, 6.871772007
6.881581682, 6.881741519
6.891581665, 6.891755283
6.901581677, 6.901768126
6.911581695, 6.911816227
6.921581675, 6.921766329
6.931581670, 6.931726269
6.941581708, 6.941701190
6.951581688, 6.951728489
6.961581661, 6.961753064
6.971581692, 6.971697344
6.981581668, 6.981717881
6.991581684, 6.991732180
7.001581686, 7.001819244
7.011581667, 7.011769702
7.021581681, 7.021744892
7.031581678, 7.031817689
7.041581682, 7.041769949
7.051581687, 7.051724347
7.061581672, 7.061681751
7.071581672, 7.071686023
7.081581703, 7.081828684
7.091581701, 7.091717940
7.101581667, 7.101726806
7.111581681, 7.111659060
7.121581675, 7.121715234
7.131581688, 7.131776568
7.141581713, 7.141693247
7.151581665, 7.151722652
7.161581668, 7.161750796
7.171581671, 7.171708959
7.181581685, 7.181709200
7.191581670, 7.191735119
7.201581704, 7.201758307
7.211581682, 7.211792867
7.221581680, 7.221714558
7.231581671, 7.231658127
7.241581671, 7.241721929
7.251581753, 7.251772088
7.261581664, 7.261717124
7.271581682, 7.271808191
7.281581678, 7.281795072
7.291581684, 7.291764420
7.301581666, 7.301762841
7.311581682, 7.311796524
7.321581687, 7.321740644
7.331581688, 7.331804705
7.341581680, 7.341765818
7.351581681, 7.351811349
7.361581681, 7.361715356
7.371581684, 7.371704094
7.381581662, 7.381860864
7.391581685, 7.391811057
7.401581684, 7.401795894
7.411581682, 7.411804104
7.421581816, 7.421714369
7.431581670, 7.431731858
7.441581662, 7.441660973
7.451581685, 7.451817704
7.461581685, 7.461721340
7.471581677, 7.471772740
7.481581705, 7.481746028
7.491581667, 7.491732227
7.501581664, 7.501708527
7.511581683, 7.511775270
7.521581668, 7.521811130
7.531581684, 7.531803193
7.541581670, 7.541727847
7.551581665, 7.551684397
7.561581677, 7.561842388
7.571581663, 7.571658927
7.581581680, 7.581800763
7.591581666, 7.591696519
7.601581675, 7.601831693
7.611581668, 7.611758558
7.621581672, 7.621750966
7.631581682, 7.631746139
7.641581679, 7.641802684
7.651581681, 7.651802532
7.661581685, 7.661788142
7.671581679, 7.671738066
7.681581679, 7.681795916
7.691581677, 7.691750086
7.701581674, 7.701815047
7.711581703, 7.711852544
7.721581672, 7.721792532
7.731581685, 7.731703632
7.741581664, 7.741719474
7.751581677, 7.751801149
7.761581665, 7.761749340
7.771581685, 7.771774558
7.781581671, 7.781766280
7.791581679, 7.791801029
7.801586161, 7.801758289
7.811581665, 7.811783413
7.821581668, 7.821692713
7.831581809, 7.831768064
7.841581706, 7.841760283
7.851581707, 7.851706930
7.861581669, 7.861783960
7.871581667, 7.871784715
7.881581675, 7.881781235
7.891581674, 7.891788076
7.901581688, 7.901764527
7.911581685, 7.911782029
7.921581662, 7.921749745
7.931581685, 7.931710265
7.941581684, 7.941746977
7.951581679, 7.951813907
7.961581687, 7.961809546
7.971581675, 7.971837988
7.981581682, 7.981781764
7.991581681, 7.991737713
8.001581682, 8.001775903
8.011581691, 8.011768797
8.021581686, 8.021764494
8.031581670, 8.031798208
8.041581670, 8.041750000
8.051581682, 8.051767170
8.061581669, 8.061662224
8.071581666, 8.071733937
8.081581671, 8.081674024
8.091581660, 8.091691843
8.101581670, 8.101783686
8.111581682, 8.111806872
8.121581688, 8.121754712
8.131581691, 8.131699455
8.141581680, 8.141679142
8.151581677, 8.151701998
8.161581682, 8.161777548
8.171581686, 8.171770226
8.181581680, 8.181785301
8.191581682, 8.191735114
8.201581682, 8.201835606
8.211581689, 8.211734799
8.221581684, 8.221723651
8.231581693, 8.231795912
8.241581685, 8.241705103
8.251581671, 8.251729158
8.261581672, 8.261691973
8.271581689, 8.271769017
8.281581669, 8.281767289
8.291581662, 8.291696481
8.301581669, 8.301680528
8.311581666, 8.311769476
8.321581667, 8.321797409
8.331581668, 8.331714747
8.341581669, 8.341762175
8.351581663, 8.351719919
8.361581665, 8.361711075
8.371581670, 8.371756466
8.381581687, 8.381724690
8.391581677, 8.391752988
8.401581680, 8.401783004
8.411581683, 8.411768209
8.421581687, 8.421691876
8.431581687, 8.431734707
8.441581677, 8.441673649
8.451581687, 8.451688956
8.461581662, 8.461693942
8.471581673, 8.471776150
8.481581669, 8.481742949
8.491581669, 8.491691305
8.501581688, 8.501741431
8.511581679, 8.511680013
8.521581680, 8.521759027
8.531581663, 8.531733288
8.541581687, 8.541705793
8.551581681, 8.551776561
8.561581678, 8.561757247
8.571581687, 8.571772429
8.581581686, 8.581685130
8.591581687, 8.591702760
8.601581680, 8.601658036
8.611581682, 8.611854137
8.621581685, 8.621722926
8.631581685, 8.631769267
8.641581681, 8.641676792
8.651581677, 8.651702470
8.661581684, 8.661791182
8.671581682, 8.671763552
8.681581682, 8.681743776
8.691581680, 8.691744999
8.701581684, 8.701754137
8.711581685, 8.711726389
8.721581682, 8.721676758
8.731581681, 8.731724588
8.741581687, 8.741687497
8.751581683, 8.751760255
8.761581684, 8.761756496
8.771581677, 8.771706216
8.781581688, 8.781803820
8.791581685, 8.791728687
8.801581687, 8.801737720
8.811581678, 8.811772129
8.821581684, 8.821730755
8.831581681, 8.831789140
8.841581675, 8.841648286
8.851581685, 8.851680230
8.861581687, 8.861741047
8.871581685, 8.871674219
8.881581680, 8.881779650
8.891581681, 8.891760786
8.901581683, 8.901735315
8.911581679, 8.911700750
8.921581688, 8.921677394
8.931581678, 8.931746514
8.941581681, 8.941747422
8.951581682, 8.951708920
8.961581678, 8.961751027
8.971581681, 8.971728294
8.981581681, 8.981724899
8.991581688, 8.991704878
9.001581680, 9.001751085
9.011581685, 9.011732557
9.021581675, 9.021807385
9.031581681, 9.031695850
9.041588270, 9.041888571
9.051581687, 9.051787946
9.061581679, 9.061746888
9.071581681, 9.071738664
9.081581685, 9.081779135
9.091581687, 9.091786981
9.101581658, 9.101699196
9.111581678, 9.111726837
9.121581684, 9.121757656
9.131581683, 9.131802434
9.141581684, 9.141717887
9.151581687, 9.151743698
9.161584068, 9.161812578
9.171581688, 9.171714446
9.181581684, 9.181782802
9.191581682, 9.191766006
9.201581683, 9.201714361
9.211581689, 9.211755950
9.221581682, 9.221806397
9.231581678, 9.231770183
9.241581682, 9.241760744
9.251581687, 9.251723917
9.261581682, 9.261815601
9.271581687, 9.271724495
9.281581682, 9.281720168
9.291581685, 9.291765194
9.301581682, 9.301747191
9.311581681, 9.311823957
9.321581683, 9.321809974
9.331581682, 9.331806867
9.341581677, 9.341686760
9.351581685, 9.351760140
9.361581677, 9.361694003
9.371581685, 9.371807690
9.381581684, 9.381707466
9.391581686, 9.391657971
9.401581687, 9.401806267
9.411581687, 9.411712295
9.421581665, 9.421768692
9.431581685, 9.431724406
9.441581687, 9.441769672
9.451581687, 9.451684633
9.461581683, 9.461752353
9.471581685, 9.471726519
9.481581687, 9.481695040
9.491581687, 9.491757967
9.501581680, 9.501734473
9.511581670, 9.511714910
9.521581663, 9.521750659
9.531581688, 9.531710978
9.541581686, 9.541711817
9.551581683, 9.551719999
9.561581684, 9.561817845
9.571581682, 9.571686296
9.581581683, 9.581697458
9.591581668, 9.591692497
9.601581666, 9.601682464
9.611581682, 9.611880201
9.621581685, 9.621658621
9.631581680, 9.631714031
9.641581680, 9.641753888
9.651581677, 9.651793616
9.661581686, 9.661728773
9.671581687, 9.671751204
9.681581667, 9.681704855
9.691581684, 9.691743211
9.701581686, 9.701667536
9.711581687, 9.711648469
9.721581662, 9.721749201
9.731581662, 9.731755585
9.741581688, 9.741743887
9.751581686, 9.751733939
9.761581683, 9.761679493
9.771581677, 9.771790682
9.781581680, 9.781726761
9.791581686, 9.791680120
9.801581678, 9.801756931
9.811581685, 9.811698729
9.821581677, 9.821794660
9.831581680, 9.831719782
9.841581685, 9.841704289
9.851581682, 9.851677336
9.861581685, 9.861747272
9.871581670, 9.871732329
9.881581667, 9.881743479
9.891581679, 9.891650819
9.901581682, 9.901768198
9.911581681, 9.911687671
9.921581684, 9.921668058
9.931581671, 9.931739942
9.941581682, 9.941726061
9.951581687, 9.951844691
9.961581677, 9.961733378
9.971581682, 9.971736880
9.981581670, 9.981761421
9.991581669, 9.991825621
10.001581677, 10.001715739
10.011581668, 10.011814842
10.021581680, 10.021815602
10.031581685, 10.031757180
10.041581683, 10.041685675
10.051581684, 10.051828927
10.061581671, 10.061736744
10.071581685, 10.071762429
10.081581680, 10.081693427
10.091581681, 10.091683589
10.101581683, 10.101829176
10.111581686, 10.111727297
10.121581665, 10.121741743
10.131581672, 10.131766572
10.141585239, 10.141761281
10.151581680, 10.151830915
10.161581687, 10.161690559
10.171581670, 10.171730720
10.181581671, 10.181750050
10.191581668, 10.191735959
10.201581677, 10.201661674
10.211581681, 10.211800599
10.221581664, 10.221906246
10.231581666, 10.231710357
10.241581671, 10.241740872
10.251581657, 10.251760515
10.261581667, 10.261748373
10.271581668, 10.271735194
10.281581685, 10.281739044
10.291581684, 10.291734682
10.301581670, 10.301757799
10.311581669, 10.311752003
10.321581666, 10.321707067
10.331581686, 10.331825103
10.341581669, 10.341738143
10.351581682, 10.351734086
10.361581676, 10.361727540
10.371581669, 10.371834796
10.381581682, 10.381799962
10.391581686, 10.391719504
10.401581687, 10.401712053
10.411581666, 10.411738965
10.421581663, 10.421816761
10.431581670, 10.431662158
10.441581694, 10.441738592
10.451581662, 10.451748123
10.461581682, 10.461827378
10.471581685, 10.471722059
10.481581667, 10.481799395
10.491581660, 10.491810728
10.501581682, 10.501741844
10.511581673, 10.511749251
10.521581669, 10.521820912
10.531581665, 10.531700450
10.541581683, 10.541754171
10.551581679, 10.551738112
10.561581677, 10.561780390
10.571581680, 10.571684820
10.581581680, 10.581834539
10.591581679, 10.591704699
10.601581687, 10.601704649
10.611581680, 10.611709055
10.621581664, 10.621826521
10.631581685, 10.631671711
10.641581684, 10.641816653
10.651581682, 10.651722361
10.661581682, 10.661770730
10.671581685, 10.671680126
10.681581684, 10.681748123
10.691581683, 10.691804991
10.701581687, 10.701823925
10.711581685, 10.711752721
10.721581692, 10.721764913
10.731581700, 10.731757217
10.741581669, 10.741837990
10.751581680, 10.751757130
10.761581688, 10.761792869
10.771581685, 10.771811461
10.781581685, 10.781716591
10.791581684, 10.791696923
10.801590091, 10.801775935
10.811581685, 10.811757826
10.821581680, 10.821798885
10.831581684, 10.831889430
10.841581682, 10.841723522
10.851581685, 10.851768647
10.861581684, 10.861710681
10.871581680, 10.871708231
10.881581688, 10.881773353
10.891581684, 10.891739159
10.901581683, 10.901770439
10.911581687, 10.911681200
10.921581681, 10.921721770
10.931581680, 10.931733513
10.941581688, 10.941732521
10.951581686, 10.951722802
10.961581670, 10.961789065
10.971581665, 10.971684687
10.981581682, 10.981831542
10.991581680, 10.991650365
11.001581687, 11.001757825
11.011581682, 11.011784594
11.021581686, 11.021675962
11.031581687, 11.031781510
11.041581685, 11.041742921
11.051581678, 11.051690519
11.061581684, 11.061731898
11.071581689, 11.071748656
11.081581685, 11.081722802
11.091581677, 11.091770544
11.101581690, 11.101786986
11.111581680, 11.111657206
11.121581685, 11.121785657
11.131587563, 11.131757788
11.141581677, 11.141649027
11.151581677, 11.151734926
11.161581680, 11.161719448
11.171581698, 11.171816097
11.181581682, 11.181804201
11.191581666, 11.191682272
11.201581670, 11.201786198
11.211581670, 11.211713175
11.221581679, 11.221756009
11.231581678, 11.231752961
11.241581685, 11.241691193
11.251581686, 11.251745803
11.261581711, 11.261825012
11.271581670, 11.271734262
11.281581682, 11.281734478
11.291582243, 11.291827367
11.301581680, 11.301717956
11.311581670, 11.311827665
11.321581680, 11.321750440
11.331581678, 11.331752167
11.341581664, 11.341669634
11.351581662, 11.351768208
11.361581662, 11.361760650
11.371581661, 11.371739095
11.381581657, 11.381756590
11.391581675, 11.391691460
11.401581666, 11.401718704
11.411581656, 11.411682864
11.421581663, 11.421705599
11.431581661, 11.431723081
11.441581662, 11.441697393
11.451581668, 11.451682167
11.461581680, 11.461742024
11.471581662, 11.471775301
11.481581657, 11.481746789
11.491581682, 11.491719080
11.501581663, 11.501656728
11.511581663, 11.511717979
11.521581681, 11.521700675
11.531581657, 11.531769076
11.541581663, 11.541736380
11.551581664, 11.551825185
11.561581675, 11.561698069
11.571581667, 11.571689817
11.581581664, 11.581663948
11.591581661, 11.591681114
11.601581663, 11.601725163
11.611581660, 11.611763059
11.621581666, 11.621751301
11.631581664, 11.631789438
11.641581655, 11.641715705
11.651581662, 11.651796477
11.661581665, 11.661719430
11.671581662, 11.671820484
11.681581697, 11.681751382
11.691581663, 11.691734793
11.701591461, 11.701702676
11.711581663, 11.711781461
11.721590979, 11.721742485
11.731581679, 11.731693290
11.741581677, 11.741739609
11.751581662, 11.751769111
11.761581666, 11.761765674
11.771581666, 11.771735070
11.781581657, 11.781715327
11.791581666, 11.791790765
11.801581670, 11.801727476
11.811581667, 11.811681840
11.821581670, 11.821777975
11.831581662, 11.831763733
11.841581664, 11.841752191
11.851581667, 11.851704308
11.861581662, 11.861784653
11.871581664, 11.871724320
11.881581670, 11.881690939
11.891581666, 11.891755463
11.901581658, 11.901648739
11.911581657, 11.911710671
11.921581662, 11.921741330
11.931581660, 11.931674881
11.941581665, 11.941863599
11.951581665, 11.951801420
11.961581664, 11.961814354
11.971581661, 11.971786101
11.981581661, 11.981733166
11.991581668, 11.991703412
12.001581664, 12.001650305
12.011581677, 12.011745814
12.021581665, 12.021786629
12.031581675, 12.031751035
12.041581686, 12.041703036
12.051581678, 12.051677910
------------------------------
