------------------------------
test was performed using the following parameters: --mps=100 --burst=1 --reply-every=1 --msg-size=14 --time=10
------------------------------
sockperf: [Total Run] RunTime=10.100 sec; SentMessages=1011; ReceivedMessages=1010
sockperf: ========= Printing statistics for Server No: 0
sockperf: [Valid Duration] RunTime=9.990 sec; SentMessages=1000; ReceivedMessages=1000
sockperf: [2;35m====> avg-lat= 71.629 (std-dev=20.562)[0m
sockperf: # dropped messages = 0; # duplicated messages = 0; # out-of-order messages = 0
sockperf: [2;35mTotal 1000 observations[0m; each percentile contains 10.00 observations
sockperf: ---> <MAX> observation =  141.476
sockperf: ---> percentile 99.999 =  141.476
sockperf: ---> percentile 99.990 =  141.476
sockperf: ---> percentile 99.900 =  140.618
sockperf: ---> percentile 99.000 =  126.526
sockperf: ---> percentile 90.000 =  100.829
sockperf: ---> percentile 75.000 =   84.283
sockperf: ---> percentile 50.000 =   70.229
sockperf: ---> percentile 25.000 =   55.135
sockperf: ---> <MIN> observation =   32.606
------------------------------
txTime, rxTime
2.061663459, 2.061811631
2.071663443, 2.071794548
2.081663456, 2.081752681
2.091663453, 2.091815624
2.101663458, 2.101839110
2.111663479, 2.111778521
2.121663439, 2.121778801
2.131663457, 2.131835585
2.141663462, 2.141787477
2.151663453, 2.151811989
2.161663457, 2.161832400
2.171663451, 2.171790115
2.181663458, 2.181840726
2.191663462, 2.191830146
2.201663459, 2.201771428
2.211663460, 2.211815817
2.221663463, 2.221808540
2.231663459, 2.231739748
2.241663454, 2.241849857
2.251663458, 2.251798898
2.261663459, 2.261772671
2.271663458, 2.271821862
2.281663461, 2.281795486
2.291663454, 2.291819706
2.301663459, 2.301812716
2.311663442, 2.311796584
2.321663457, 2.321853311
2.331663459, 2.331880681
2.341663462, 2.341852457
2.351663440, 2.351866494
2.361663454, 2.361940979
2.371663462, 2.371791381
2.381663457, 2.381759033
2.391663458, 2.391795347
2.401663440, 2.401775650
2.411663456, 2.411803536
2.421663454, 2.421812519
2.431663458, 2.431811553
2.441663455, 2.441835929
2.451663459, 2.451838759
2.461663457, 2.461868655
2.471663461, 2.471854861
2.481663458, 2.481885028
2.491663455, 2.491791635
2.501663494, 2.501770900
2.511663457, 2.511809000
2.521663460, 2.521860601
2.531663457, 2.531829480
2.541663460, 2.541771087
2.551663456, 2.551743580
2.561663439, 2.561817687
2.571663462, 2.571761563
2.581663460, 2.581852204
2.591663454, 2.591807426
2.601663485, 2.601854643
2.611663455, 2.611784848
2.621663456, 2.621789743
2.631663452, 2.631899201
2.641663461, 2.641771588
2.651663462, 2.651853919
2.661663452, 2.661797788
2.671663492, 2.671831128
2.681663452, 2.681793352
2.691663450, 2.691799110
2.701663455, 2.701752822
2.711663460, 2.711867834
2.721663457, 2.721889256
2.731663455, 2.731864028
2.741663462, 2.741817926
2.751663478, 2.751738153
2.761663461, 2.761884340
2.771663461, 2.771820903
2.781663450, 2.781840656
2.791663458, 2.791849649
2.801663455, 2.801775367
2.811663455, 2.811767927
2.821663456, 2.821824127
2.831663488, 2.831894470
2.841663460, 2.841819055
2.851663455, 2.851766935
2.861663460, 2.861832026
2.871663457, 2.871796480
2.881663457, 2.881815591
2.891663491, 2.891827875
2.901663455, 2.901841955
2.911663443, 2.911783053
2.921663455, 2.921766507
2.931663455, 2.931830418
2.941663456, 2.941812635
2.951663459, 2.951828909
2.961663460, 2.961810374
2.971663457, 2.971735680
2.981663457, 2.981732795
2.991663452, 2.991839512
3.001663463, 3.001830251
3.011663455, 3.011758565
3.021663454, 3.021832722
3.031663457, 3.031800115
3.041663452, 3.041791755
3.051663457, 3.051816785
3.061663455, 3.061730517
3.071663444, 3.071841535
3.081663460, 3.081753856
3.091663456, 3.091825160
3.101663456, 3.101884145
3.111663452, 3.111819716
3.121663458, 3.121806054
3.131663457, 3.131750547
3.141663454, 3.141860629
3.151663458, 3.151782070
3.161663455, 3.161829967
3.171663455, 3.171799773
3.181663453, 3.181814204
3.191663451, 3.191816347
3.201663457, 3.201759163
3.211663462, 3.211827299
3.221663456, 3.221857683
3.231663457, 3.231845265
3.241663458, 3.241759076
3.251663462, 3.251811856
3.261663454, 3.261757669
3.271663456, 3.271872402
3.281663456, 3.281777888
3.291663458, 3.291804598
3.301663453, 3.301773253
3.311663462, 3.311761787
3.321663457, 3.321784563
3.331663457, 3.331804671
3.341663457, 3.341778621
3.351663458, 3.351782556
3.361663461, 3.361800427
3.371663460, 3.371891367
3.381663453, 3.381749169
3.391663456, 3.391842807
3.401663459, 3.401852730
3.411663458, 3.411788528
3.421663460, 3.421796197
3.431663459, 3.431753924
3.441663457, 3.441820392
3.451663455, 3.451801850
3.461663460, 3.461759024
3.471663454, 3.471795468
3.481663451, 3.481786242
3.491663460, 3.491762760
3.501663453, 3.501763272
3.511663463, 3.511840768
3.521663459, 3.521809786
3.531663457, 3.531880572
3.541663457, 3.541798881
3.551663460, 3.551809672
3.561663457, 3.561818084
3.571663455, 3.571831527
3.581663462, 3.581772703
3.591663439, 3.591765781
3.601663461, 3.601812739
3.611663456, 3.611872075
3.621663454, 3.621799957
3.631663456, 3.631801224
3.641663454, 3.641771448
3.651663455, 3.651733826
3.661663458, 3.661765118
3.671663452, 3.671805531
3.681663457, 3.681766150
3.691663463, 3.691773783
3.701663460, 3.701787888
3.711663454, 3.711786790
3.721663461, 3.721840578
3.731663460, 3.731832080
3.741663460, 3.741844304
3.751663461, 3.751848787
3.761663457, 3.761800300
3.771663488, 3.771855172
3.781663460, 3.781832845
3.791663460, 3.791821164
3.801663462, 3.801821039
3.811663456, 3.811872388
3.821663457, 3.821883449
3.831663459, 3.831870454
3.841663453, 3.841830630
3.851663454, 3.851827162
3.861663460, 3.861858850
3.871663453, 3.871781246
3.881663456, 3.881877591
3.891663458, 3.891828196
3.901663452, 3.901804226
3.911663457, 3.911835913
3.921663460, 3.921755651
3.931663462, 3.931741668
3.941663454, 3.941730156
3.951663458, 3.951840152
3.961663456, 3.961781827
3.971663452, 3.971794264
3.981663457, 3.981763781
3.991663456, 3.991826163
4.001663457, 4.001882171
4.011663447, 4.011887756
4.021663460, 4.021851544
4.031681957, 4.031841620
4.041663455, 4.041861628
4.051663456, 4.051796558
4.061663441, 4.061788267
4.071663469, 4.071827313
4.081663441, 4.081825561
4.091663441, 4.091866706
4.101663440, 4.101817698
4.111663462, 4.111911075
4.121663457, 4.121763591
4.131663455, 4.131760271
4.141663460, 4.141807173
4.151663460, 4.151759360
4.161663454, 4.161825090
4.171663453, 4.171800243
4.181663461, 4.181738776
4.191663455, 4.191830091
4.201663457, 4.201782437
4.211663459, 4.211772355
4.221663454, 4.221758338
4.231663458, 4.231832325
4.241663579, 4.241810864
4.251663462, 4.251782482
4.261663473, 4.261772144
4.271663462, 4.271827495
4.281663464, 4.281790510
4.291663615, 4.291836862
4.301663462, 4.301778483
4.311663477, 4.311775202
4.321663478, 4.321884198
4.331663460, 4.331813940
4.341663467, 4.341739937
4.351663477, 4.351828169
4.361663475, 4.361892858
4.371663462, 4.371869612
4.381663458, 4.381848929
4.391663464, 4.391807731
4.401663455, 4.401776184
4.411663470, 4.411776656
4.421663457, 4.421762525
4.431663463, 4.431750407
4.441663476, 4.441743561
4.451663456, 4.451775643
4.461663455, 4.461817151
4.471663461, 4.471774389
4.481663466, 4.481809445
4.491663464, 4.491805965
4.501663480, 4.501886775
4.511663470, 4.511819778
4.521663460, 4.521905556
4.531663460, 4.531792444
4.541663479, 4.541928507
4.551663457, 4.551881935
4.561663456, 4.561820015
4.571663465, 4.571805065
4.581663458, 4.581846534
4.591663457, 4.591834499
4.601663454, 4.601841603
4.611663465, 4.611820539
4.621663452, 4.621780193
4.631663471, 4.631847586
4.641663473, 4.641905655
4.651663455, 4.651805696
4.661663459, 4.661773693
4.671663452, 4.671804440
4.681663461, 4.681780208
4.691663456, 4.691824742
4.701663463, 4.701779254
4.711663461, 4.711810177
4.721663478, 4.721771959
4.731663469, 4.731832476
4.741663472, 4.741799688
4.751663462, 4.751772445
4.761663465, 4.761777495
4.771663475, 4.771858278
4.781663454, 4.781801739
4.791663459, 4.791796278
4.801663457, 4.801773965
4.811663461, 4.811783770
4.821663460, 4.821824743
4.831663457, 4.831826683
4.841663476, 4.841772137
4.851663455, 4.851862254
4.861663468, 4.861806639
4.871663466, 4.871835159
4.881663477, 4.881832519
4.891663546, 4.891794122
4.901663479, 4.901863441
4.911663469, 4.911876272
4.921663460, 4.921809169
4.931663471, 4.931840515
4.941663460, 4.941781811
4.951663460, 4.951789494
4.961663483, 4.961869777
4.971663460, 4.971795357
4.981663466, 4.981803106
4.991663480, 4.991804589
5.001663460, 5.001873521
5.011663457, 5.011881292
5.021663460, 5.021864378
5.031663475, 5.031831017
5.041663472, 5.041789664
5.051663457, 5.051804237
5.061663455, 5.061810763
5.071663463, 5.071847698
5.081663456, 5.081880708
5.091663458, 5.091887879
5.101663462, 5.101842035
5.111663459, 5.111776024
5.121663468, 5.121740468
5.131663462, 5.131777058
5.141663446, 5.141843600
5.151663438, 5.151814507
5.161663440, 5.161881984
5.171663445, 5.171819021
5.181663435, 5.181789935
5.191663447, 5.191944685
5.201663440, 5.201871175
5.211663445, 5.211815294
5.221663440, 5.221786146
5.231663440, 5.231792114
5.241663443, 5.241871814
5.251663447, 5.251803003
5.261663439, 5.261863134
5.271663439, 5.271788351
5.281663436, 5.281738000
5.291663460, 5.291755805
5.301663457, 5.301762072
5.311663462, 5.311837612
5.321663460, 5.321813666
5.331663453, 5.331728666
5.341663461, 5.341747145
5.351663454, 5.351845155
5.361663445, 5.361809184
5.371663455, 5.371834730
5.381663459, 5.381928316
5.391663477, 5.391816107
5.401663452, 5.401805774
5.411663454, 5.411780811
5.421663462, 5.421831709
5.431663456, 5.431800237
5.441663461, 5.441764468
5.451663452, 5.451819074
5.461663457, 5.461806031
5.471663454, 5.471805646
5.481663448, 5.481799197
5.491663458, 5.491766583
5.501663454, 5.501761915
5.511663449, 5.511737467
5.521663457, 5.521775981
5.531663459, 5.531817926
5.541663459, 5.541796302
5.551663456, 5.551848097
5.561663455, 5.561802491
5.571663457, 5.571735207
5.581663457, 5.581803380
5.591663452, 5.591816143
5.601663435, 5.601798818
5.611663436, 5.611732681
5.621663436, 5.621770061
5.631663438, 5.631762659
5.641663438, 5.641781930
5.651663442, 5.651743632
5.661663440, 5.661762411
5.671663436, 5.671810669
5.681663440, 5.681750334
5.691663438, 5.691804226
5.701663437, 5.701787731
5.711663437, 5.711774098
5.721663433, 5.721802161
5.731663437, 5.731836009
5.741663454, 5.741796667
5.751663458, 5.751762044
5.761663458, 5.761803139
5.771663432, 5.771808392
5.781663439, 5.781800135
5.791663443, 5.791788023
5.801663436, 5.801793013
5.811663432, 5.811764721
5.821663440, 5.821835802
5.831663441, 5.831830999
5.841663443, 5.841861383
5.851663441, 5.851803032
5.861663431, 5.861760856
5.871663435, 5.871865095
5.881663441, 5.881735736
5.891663439, 5.891817208
5.901663462, 5.901867715
5.911663502, 5.911878008
5.921663460, 5.921824992
5.931663454, 5.931803287
5.941663445, 5.941839635
5.951663459, 5.951801811
5.961663450, 5.961793625
5.971663453, 5.971775794
5.981663457, 5.981808160
5.991663457, 5.991855209
6.001663458, 6.001843443
6.011663452, 6.011866220
6.021663457, 6.021810735
6.031663452, 6.031874661
6.041663457, 6.041762076
6.051663448, 6.051818311
6.061663460, 6.061807872
6.071668126, 6.071775727
6.081663454, 6.081891744
6.091663462, 6.091834896
6.101663457, 6.101832274
6.111663445, 6.111794351
6.121663442, 6.121816741
6.131663440, 6.131779823
6.141663445, 6.141808090
6.151663452, 6.151782991
6.161663461, 6.161749581
6.171663457, 6.171756179
6.181663452, 6.181732438
6.191663459, 6.191760347
6.201663453, 6.201793078
6.211663458, 6.211757341
6.221663439, 6.221928312
6.231663458, 6.231766838
6.241663458, 6.241782084
6.251663460, 6.251792651
6.261663493, 6.261779944
6.271663450, 6.271826871
6.281663460, 6.281824794
6.291663452, 6.291833198
6.301663460, 6.301891446
6.311663459, 6.311778956
6.321663460, 6.321774819
6.331663451, 6.331761385
6.341663462, 6.341884732
6.351663453, 6.351863614
6.361663461, 6.361844005
6.371663489, 6.371860304
6.381663460, 6.381823669
6.391663451, 6.391822168
6.401663461, 6.401857348
6.411663457, 6.411795785
6.421663451, 6.421780814
6.431663459, 6.431803769
6.441663453, 6.441846726
6.451663455, 6.451759392
6.461663445, 6.461799604
6.471663457, 6.471798984
6.481663455, 6.481860423
6.491663450, 6.491814203
6.501663460, 6.501826610
6.511663456, 6.511766474
6.521663457, 6.521820984
6.531663457, 6.531750323
6.541663452, 6.541788408
6.551663459, 6.551798054
6.561663454, 6.561869279
6.571663457, 6.571838366
6.581663450, 6.581820797
6.591663460, 6.591813408
6.601663456, 6.601786213
6.611663462, 6.611758654
6.621663457, 6.621814544
6.631663453, 6.631808423
6.641663454, 6.641764238
6.651663460, 6.651763805
6.661663482, 6.661822847
6.671663456, 6.671827931
6.681663462, 6.681772887
6.691663455, 6.691804399
6.701663464, 6.701770025
6.711663458, 6.711821673
6.721663460, 6.721786065
6.731663461, 6.731764394
6.741663457, 6.741754378
6.751663483, 6.751829028
6.761663456, 6.761815534
6.771663450, 6.771857002
6.781663457, 6.781758070
6.791663464, 6.791787452
6.801663453, 6.801815061
6.811663453, 6.811762420
6.821663451, 6.821811544
6.831663460, 6.831764445
6.841663455, 6.841839284
6.851663451, 6.851838037
6.861663458, 6.861821657
6.871663485, 6.871877396
6.881663456, 6.881754425
6.891663454, 6.891821491
6.901663451, 6.901823179
6.911663461, 6.911733021
6.921663459, 6.921737618
6.931663455, 6.931844952
6.941663459, 6.941812242
6.951663453, 6.951752531
6.961663461, 6.961769259
6.971663457, 6.971781165
6.981663462, 6.981777925
6.991663460, 6.991823181
7.001663452, 7.001932781
7.011663462, 7.011889030
7.021663455, 7.021837608
7.031663451, 7.031758293
7.041663462, 7.041811580
7.051663456, 7.051795494
7.061663449, 7.061923480
7.071663453, 7.071879438
7.081663488, 7.081809296
7.091663461, 7.091811680
7.101663440, 7.101806887
7.111663437, 7.111872428
7.121663460, 7.121798986
7.131663440, 7.131800437
7.141663438, 7.141792640
7.151663460, 7.151776105
7.161663455, 7.161832281
7.171663462, 7.171729222
7.181663457, 7.181885794
7.191663462, 7.191828175
7.201663455, 7.201806272
7.211663462, 7.211763768
7.221663462, 7.221855155
7.231663453, 7.231768629
7.241663459, 7.241778180
7.251663453, 7.251770818
7.261663457, 7.261767340
7.271663461, 7.271787058
7.281663462, 7.281784751
7.291663442, 7.291773160
7.301663440, 7.301760198
7.311663443, 7.311892515
7.321663442, 7.321827455
7.331663464, 7.331778429
7.341663449, 7.341772747
7.351663451, 7.351770555
7.361663454, 7.361773055
7.371663463, 7.371757492
7.381663455, 7.381766009
7.391663456, 7.391780935
7.401663453, 7.401765173
7.411663461, 7.411865059
7.421663457, 7.421792496
7.431663463, 7.431808519
7.441663461, 7.441775150
7.451663454, 7.451769086
7.461663460, 7.461758280
7.471663453, 7.471783645
7.481663456, 7.481812765
7.491663437, 7.491817028
7.501663452, 7.501856937
7.511663457, 7.511805076
7.521663454, 7.521868689
7.531663456, 7.531779374
7.541663454, 7.541759305
7.551663448, 7.551729187
7.561663452, 7.561765086
7.571663449, 7.571812064
7.581663457, 7.581764842
7.591663462, 7.591764947
7.601663456, 7.601787073
7.611663458, 7.611837897
7.621663461, 7.621819463
7.631663459, 7.631822768
7.641663455, 7.641834753
7.651663457, 7.651801045
7.661663457, 7.661794020
7.671663458, 7.671798385
7.681663456, 7.681879003
7.691663451, 7.691798648
7.701663458, 7.701827083
7.711663453, 7.711867578
7.721663451, 7.721764209
7.731663454, 7.731766849
7.741663457, 7.741760134
7.751663449, 7.751776244
7.761663450, 7.761795562
7.771663455, 7.771760738
7.781663447, 7.781743606
7.791663457, 7.791794715
7.801663460, 7.801800166
7.811663457, 7.811786475
7.821663450, 7.821815817
7.831663482, 7.831786683
7.841663455, 7.841867497
7.851663449, 7.851791926
7.861663448, 7.861830619
7.871663459, 7.871829282
7.881663445, 7.881818927
7.891663473, 7.891760200
7.901663455, 7.901819681
7.911663459, 7.911773755
7.921663450, 7.921764675
7.931663452, 7.931754989
7.941663459, 7.941763120
7.951663460, 7.951771915
7.961666782, 7.961807664
7.971663455, 7.971806242
7.981663452, 7.981763889
7.991663459, 7.991793081
8.001663457, 8.001771226
8.011663457, 8.011760300
8.021663461, 8.021843039
8.031663453, 8.031815518
8.041663460, 8.041808420
8.051663456, 8.051792418
8.061663453, 8.061761438
8.071663441, 8.071755887
8.081663451, 8.081851582
8.091663459, 8.091849035
8.101663452, 8.101760394
8.111663452, 8.111849829
8.121663449, 8.121827675
8.131663442, 8.131774949
8.141663445, 8.141773716
8.151663447, 8.151842657
8.161663441, 8.161729902
8.171663437, 8.171799291
8.181663450, 8.181769585
8.191663461, 8.191768589
8.201663459, 8.201763675
8.211663452, 8.211819015
8.221663460, 8.221780792
8.231663461, 8.231732876
8.241663460, 8.241817579
8.251663458, 8.251769673
8.261663459, 8.261792330
8.271663458, 8.271766497
8.281663492, 8.281761189
8.291663460, 8.291759544
8.301663457, 8.301834125
8.311663462, 8.311816601
8.321663461, 8.321775707
8.331663463, 8.331824371
8.341663455, 8.341842320
8.351663454, 8.351832559
8.361663459, 8.361815432
8.371663456, 8.371790459
8.381663485, 8.381803945
8.391663460, 8.391784323
8.401663447, 8.401755971
8.411663452, 8.411770051
8.421663457, 8.421770718
8.431663452, 8.431765879
8.441663462, 8.441771585
8.451663452, 8.451734400
8.461663462, 8.461774424
8.471663456, 8.471762316
8.481663462, 8.481759760
8.491663460, 8.491815170
8.501663459, 8.501808152
8.511663462, 8.511762938
8.521663458, 8.521775286
8.531663454, 8.531763146
8.541663457, 8.541778516
8.551663453, 8.551740509
8.561663462, 8.561761324
8.571663485, 8.571757788
8.581663463, 8.581806574
8.591663455, 8.591833249
8.601663453, 8.601788386
8.611663461, 8.611803801
8.621663455, 8.621792407
8.631663460, 8.631810813
8.641663460, 8.641753999
8.651663456, 8.651808339
8.661663462, 8.661823539
8.671663486, 8.671819928
8.681663462, 8.681767494
8.691663454, 8.691781463
8.701663462, 8.701822716
8.711663444, 8.711849036
8.721663445, 8.721801410
8.731663453, 8.731771081
8.741663435, 8.741803878
8.751663459, 8.751789055
8.761663456, 8.761806822
8.771663446, 8.771765790
8.781663457, 8.781800176
8.791663461, 8.791897055
8.801663456, 8.801820890
8.811663457, 8.811885202
8.821663457, 8.821854030
8.831663464, 8.831865449
8.841663454, 8.841836775
8.851663451, 8.851839970
8.861663457, 8.861842462
8.871663457, 8.871821068
8.881663457, 8.881822522
8.891663459, 8.891789040
8.901663460, 8.901858652
8.911663433, 8.911826545
8.921663457, 8.921760066
8.931663452, 8.931774527
8.941663460, 8.941827352
8.951663457, 8.951809811
8.961663452, 8.961779705
8.971663462, 8.971800435
8.981663452, 8.981809028
8.991663459, 8.991757116
9.001663455, 9.001852585
9.011663459, 9.011767457
9.021663458, 9.021730142
9.031663457, 9.031820142
9.041663457, 9.041837685
9.051663438, 9.051778624
9.061663440, 9.061770530
9.071663441, 9.071780360
9.081663453, 9.081796914
9.091663456, 9.091744640
9.101663454, 9.101760269
9.111663458, 9.111776310
9.121663455, 9.121786413
9.131663459, 9.131843534
9.141663455, 9.141848728
9.151663452, 9.151844347
9.161663460, 9.161767606
9.171663457, 9.171749783
9.181663452, 9.181777300
9.191663456, 9.191838244
9.201663462, 9.201783600
9.211663458, 9.211811501
9.221663456, 9.221770614
9.231663457, 9.231756652
9.241663460, 9.241821390
9.251663454, 9.251810825
9.261663460, 9.261795292
9.271663452, 9.271817400
9.281663462, 9.281759916
9.291663453, 9.291784383
9.301663452, 9.301787101
9.311663460, 9.311733863
9.321663462, 9.321755703
9.331663456, 9.331756523
9.341663452, 9.341806751
9.351663460, 9.351794947
9.361663455, 9.361743373
9.371663462, 9.371760264
9.381663462, 9.381729739
9.391663453, 9.391760216
9.401663464, 9.401762479
9.411663452, 9.411796681
9.421663446, 9.421831012
9.431663461, 9.431787935
9.441663453, 9.441777847
9.451663463, 9.451769901
9.461663455, 9.461739729
9.471663462, 9.471747646
9.481663456, 9.481791067
9.491663452, 9.491808160
9.501663458, 9.501826298
9.511663462, 9.511775251
9.521663460, 9.521859412
9.531663453, 9.531770788
9.541663462, 9.541838345
9.551663456, 9.551752085
9.561663450, 9.561868878
9.571663457, 9.571890463
9.581663459, 9.581874566
9.591663462, 9.591783273
9.601663453, 9.601824518
9.611663461, 9.611815810
9.621663455, 9.621779173
9.631663455, 9.631818690
9.641663462, 9.641803500
9.651663453, 9.651776994
9.661663460, 9.661870337
9.671663460, 9.671848129
9.681663453, 9.681829442
9.691663440, 9.691828125
9.701663432, 9.701808085
9.711663435, 9.711868532
9.721663461, 9.721817869
9.731663456, 9.731848870
9.741663462, 9.741795884
9.751666556, 9.751823533
9.761663442, 9.761840796
9.771663434, 9.771844384
9.781663457, 9.781775595
9.791663467, 9.791792432
9.801663458, 9.801892020
9.811663456, 9.811799481
9.821663459, 9.821789907
9.831663460, 9.831800587
9.841663458, 9.841809454
9.851663454, 9.851889028
9.861663452, 9.861885643
9.871663457, 9.871838122
9.881663442, 9.881827669
9.891663442, 9.891847288
9.901663437, 9.901853331
9.911663447, 9.911805653
9.921663445, 9.921817703
9.931663442, 9.931818737
9.941663441, 9.941794951
9.951663457, 9.951851726
9.961663441, 9.961927063
9.971663460, 9.971842246
9.981663444, 9.981786632
9.991663457, 9.991778210
10.001663457, 10.001767580
10.011663442, 10.011766834
10.021663442, 10.021764017
10.031663440, 10.031839474
10.041663440, 10.041810378
10.051663443, 10.051782592
10.061663455, 10.061755671
10.071663438, 10.071740381
10.081663441, 10.081740194
10.091663450, 10.091825582
10.101663447, 10.101819940
10.111663441, 10.111805404
10.121663437, 10.121800825
10.131668142, 10.131774187
10.141663450, 10.141756752
10.151663442, 10.151783196
10.161663450, 10.161823960
10.171663442, 10.171839415
10.181663446, 10.181799291
10.191663437, 10.191779829
10.201663441, 10.201785614
10.211663450, 10.211757102
10.221663489, 10.221764016
10.231663445, 10.231829646
10.241663445, 10.241755655
10.251663440, 10.251820480
10.261663438, 10.261803431
10.271663441, 10.271768424
10.281663440, 10.281824985
10.291663442, 10.291831647
10.301663461, 10.301815311
10.311663438, 10.311766625
10.321663440, 10.321889061
10.331663442, 10.331877230
10.341663445, 10.341884488
10.351663461, 10.351826365
10.361663452, 10.361752947
10.371663449, 10.371801478
10.381663440, 10.381805685
10.391663460, 10.391845326
10.401663666, 10.401810824
10.411663442, 10.411738800
10.421663437, 10.421798975
10.431663445, 10.431764018
10.441663445, 10.441794192
10.451663456, 10.451835785
10.461663448, 10.461888589
10.471663451, 10.471766116
10.481663456, 10.481788515
10.491663462, 10.491759331
10.501663457, 10.501946410
10.511663450, 10.511847186
10.521663462, 10.521894823
10.531663460, 10.531801409
10.541663451, 10.541809982
10.551663450, 10.551760680
10.561663451, 10.561886671
10.571663462, 10.571787972
10.581663448, 10.581797675
10.591663463, 10.591790858
10.601663451, 10.601764904
10.611663452, 10.611767762
10.621663460, 10.621834643
10.631663452, 10.631791272
10.641663455, 10.641749461
10.651663453, 10.651922048
10.661663461, 10.661857264
10.671663460, 10.671832171
10.681663452, 10.681788939
10.691663456, 10.691909835
10.701663463, 10.701824003
10.711663487, 10.711916539
10.721663454, 10.721812547
10.731663462, 10.731825937
10.741663452, 10.741817129
10.751663449, 10.751804047
10.761663452, 10.761868721
10.771663451, 10.771803662
10.781663454, 10.781898574
10.791663450, 10.791808540
10.801663447, 10.801879162
10.811663452, 10.811821343
10.821663457, 10.821900643
10.831663460, 10.831771237
10.841663454, 10.841739061
10.851663452, 10.851761693
10.861663457, 10.861738182
10.871663451, 10.871781527
10.881663453, 10.881802265
10.891663456, 10.891886437
10.901663450, 10.901792740
10.911663455, 10.911799027
10.921663457, 10.921803016
10.931663459, 10.931800936
10.941663458, 10.941809009
10.951663451, 10.951773942
10.961663457, 10.961822751
10.971663457, 10.971845306
10.981663461, 10.981871177
10.991663451, 10.991807350
11.001663462, 11.001759274
11.011663683, 11.011789165
11.021663434, 11.021771075
11.031663440, 11.031825439
11.041663452, 11.041786265
11.051663454, 11.051770124
11.061663495, 11.061753041
11.071663463, 11.071837811
11.081663456, 11.081749867
11.091663453, 11.091731338
11.101663460, 11.101761769
11.111663455, 11.111858908
11.121663435, 11.121901207
11.131663456, 11.131864682
11.141663444, 11.141752213
11.151663447, 11.151809818
11.161663445, 11.161794304
11.171663460, 11.171758197
11.181663452, 11.181798377
11.191663456, 11.191752514
11.201663459, 11.201810814
11.211663457, 11.211826749
11.221663458, 11.221803773
11.231663462, 11.231785984
11.241663455, 11.241773816
11.251663457, 11.251788819
11.261663460, 11.261889924
11.271663452, 11.271828418
11.281663463, 11.281760324
11.291663456, 11.291816526
11.301663462, 11.301818233
11.311663456, 11.311777740
11.321663457, 11.321767555
11.331663450, 11.331819020
11.341663455, 11.341832187
11.351663461, 11.351835086
11.361663462, 11.361848337
11.371663456, 11.371809216
11.381663444, 11.381845442
11.391663437, 11.391840592
11.401663445, 11.401792432
11.411663442, 11.411866462
11.421663443, 11.421750974
11.431663456, 11.431774292
11.441663454, 11.441767136
11.451663464, 11.451778812
11.461663452, 11.461820150
11.471663456, 11.471766378
11.481663459, 11.481806367
11.491663440, 11.491780824
11.501663451, 11.501745635
11.511663455, 11.511768659
11.521663448, 11.521859721
11.531663464, 11.531850915
11.541663455, 11.541769931
11.551663460, 11.551866808
11.561663466, 11.561816873
11.571663468, 11.571742708
11.581663475, 11.581849141
11.591663464, 11.591869744
11.601663463, 11.601843616
11.611663455, 11.611858377
11.621663459, 11.621870464
11.631663468, 11.631849525
11.641663465, 11.641828346
11.651663461, 11.651785285
11.661663462, 11.661793739
11.671663461, 11.671815060
11.681663440, 11.681769614
11.691663443, 11.691832925
11.701663447, 11.701860074
11.711663442, 11.711812529
11.721663455, 11.721844133
11.731663453, 11.731735523
11.741663452, 11.741778476
11.751663455, 11.751732920
11.761663452, 11.761892582
11.771663450, 11.771775038
11.781663443, 11.781824199
11.791663441, 11.791838495
11.801663455, 11.801810552
11.811663444, 11.811771103
11.821663451, 11.821816897
11.831663447, 11.831768143
11.841663443, 11.841829726
11.851663456, 11.851854199
11.861663441, 11.861795425
11.871663433, 11.871866652
11.881663452, 11.881821529
11.891663459, 11.891811530
11.901663458, 11.901882570
11.911663448, 11.911821163
11.921663440, 11.921859194
11.931663437, 11.931760858
11.941663446, 11.941814465
11.951663454, 11.951777141
11.961663458, 11.961772493
11.971663455, 11.971760194
11.981663455, 11.981769156
11.991663458, 11.991826780
12.001663451, 12.001809272
12.011663455, 12.011760607
12.021663453, 12.021767056
12.031663465, 12.031755035
12.041663459, 12.041800681
12.051663450, 12.051795530
------------------------------
